[1.492s] Invoking command in '/home/robotdeveloper02/IsaacSim-ros_workspaces-main/humble_ws/src/cube_controller': PYTHONPATH=/home/robotdeveloper02/IsaacSim-ros_workspaces-main/humble_ws/build/cube_controller/prefix_override:/usr/lib/python3/dist-packages/colcon_core/task/python/colcon_distutils_commands:/home/robotdeveloper02/IsaacSim-ros_workspaces-main/humble_ws/install/cube_controller/lib/python3.10/site-packages:${PYTHONPATH} /usr/bin/python3 -W ignore:setup.py install is deprecated setup.py egg_info --egg-base ../../build/cube_controller build --build-base /home/robotdeveloper02/IsaacSim-ros_workspaces-main/humble_ws/build/cube_controller/build install --record /home/robotdeveloper02/IsaacSim-ros_workspaces-main/humble_ws/build/cube_controller/install.log --single-version-externally-managed install_data
[1.725s] running egg_info
[1.726s] writing ../../build/cube_controller/cube_controller.egg-info/PKG-INFO
[1.726s] writing dependency_links to ../../build/cube_controller/cube_controller.egg-info/dependency_links.txt
[1.726s] writing entry points to ../../build/cube_controller/cube_controller.egg-info/entry_points.txt
[1.726s] writing requirements to ../../build/cube_controller/cube_controller.egg-info/requires.txt
[1.726s] writing top-level names to ../../build/cube_controller/cube_controller.egg-info/top_level.txt
[1.728s] reading manifest file '../../build/cube_controller/cube_controller.egg-info/SOURCES.txt'
[1.729s] writing manifest file '../../build/cube_controller/cube_controller.egg-info/SOURCES.txt'
[1.729s] running build
[1.729s] running build_py
[1.729s] copying cube_controller/controller.py -> /home/robotdeveloper02/IsaacSim-ros_workspaces-main/humble_ws/build/cube_controller/build/lib/cube_controller
[1.730s] running install
[1.730s] running install_lib
[1.731s] copying /home/robotdeveloper02/IsaacSim-ros_workspaces-main/humble_ws/build/cube_controller/build/lib/cube_controller/controller.py -> /home/robotdeveloper02/IsaacSim-ros_workspaces-main/humble_ws/install/cube_controller/lib/python3.10/site-packages/cube_controller
[1.731s] byte-compiling /home/robotdeveloper02/IsaacSim-ros_workspaces-main/humble_ws/install/cube_controller/lib/python3.10/site-packages/cube_controller/controller.py to controller.cpython-310.pyc
[1.732s] running install_data
[1.732s] running install_egg_info
[1.734s] removing '/home/robotdeveloper02/IsaacSim-ros_workspaces-main/humble_ws/install/cube_controller/lib/python3.10/site-packages/cube_controller-0.0.0-py3.10.egg-info' (and everything under it)
[1.734s] Copying ../../build/cube_controller/cube_controller.egg-info to /home/robotdeveloper02/IsaacSim-ros_workspaces-main/humble_ws/install/cube_controller/lib/python3.10/site-packages/cube_controller-0.0.0-py3.10.egg-info
[1.735s] running install_scripts
[1.755s] Installing cube_controller script to /home/robotdeveloper02/IsaacSim-ros_workspaces-main/humble_ws/install/cube_controller/lib/cube_controller
[1.756s] writing list of installed files to '/home/robotdeveloper02/IsaacSim-ros_workspaces-main/humble_ws/build/cube_controller/install.log'
[1.786s] Invoked command in '/home/robotdeveloper02/IsaacSim-ros_workspaces-main/humble_ws/src/cube_controller' returned '0': PYTHONPATH=/home/robotdeveloper02/IsaacSim-ros_workspaces-main/humble_ws/build/cube_controller/prefix_override:/usr/lib/python3/dist-packages/colcon_core/task/python/colcon_distutils_commands:/home/robotdeveloper02/IsaacSim-ros_workspaces-main/humble_ws/install/cube_controller/lib/python3.10/site-packages:${PYTHONPATH} /usr/bin/python3 -W ignore:setup.py install is deprecated setup.py egg_info --egg-base ../../build/cube_controller build --build-base /home/robotdeveloper02/IsaacSim-ros_workspaces-main/humble_ws/build/cube_controller/build install --record /home/robotdeveloper02/IsaacSim-ros_workspaces-main/humble_ws/build/cube_controller/install.log --single-version-externally-managed install_data
