[0.182s] Invoking command in '/home/robotdeveloper02/IsaacSim-ros_workspaces-main/humble_ws/build/isaacsim': CMAKE_PREFIX_PATH=${CMAKE_PREFIX_PATH}:/opt/ros/humble CONDA_PROMPT_MODIFIER=(base) /usr/bin/cmake /home/robotdeveloper02/IsaacSim-ros_workspaces-main/humble_ws/src/isaacsim -DCMAKE_INSTALL_PREFIX=/home/robotdeveloper02/IsaacSim-ros_workspaces-main/humble_ws/install/isaacsim
[0.190s] -- Found ament_cmake: 1.3.9 (/opt/ros/humble/share/ament_cmake/cmake)
[0.275s] -- Found rclpy: 3.3.13 (/opt/ros/humble/share/rclpy/cmake)
[0.291s] Traceback (most recent call last):
[0.291s]   File "/opt/ros/humble/share/ament_cmake_core/cmake/core/package_xml_2_cmake.py", line 22, in <module>
[0.291s]     from catkin_pkg.package import parse_package_string
[0.291s] ModuleNotFoundError: No module named 'catkin_pkg'
[0.294s] [31mCMake Error at /opt/ros/humble/share/ament_cmake_core/cmake/core/ament_package_xml.cmake:95 (message):
[0.294s]   execute_process(/home/robotdeveloper02/anaconda3/bin/python3
[0.294s]   /opt/ros/humble/share/ament_cmake_core/cmake/core/package_xml_2_cmake.py
[0.294s]   /home/robotdeveloper02/IsaacSim-ros_workspaces-main/humble_ws/src/isaacsim/package.xml
[0.294s]   /home/robotdeveloper02/IsaacSim-ros_workspaces-main/humble_ws/build/isaacsim/ament_cmake_core/package.cmake)
[0.294s]   returned error code 1
[0.294s] Call Stack (most recent call first):
[0.294s]   /opt/ros/humble/share/ament_cmake_core/cmake/core/ament_package_xml.cmake:49 (_ament_package_xml)
[0.294s]   /opt/ros/humble/share/ament_cmake_core/cmake/core/ament_package.cmake:63 (ament_package_xml)
[0.294s]   CMakeLists.txt:18 (ament_package)
[0.294s] 
[0.294s] [0m
[0.294s] -- Configuring incomplete, errors occurred!
[0.294s] See also "/home/robotdeveloper02/IsaacSim-ros_workspaces-main/humble_ws/build/isaacsim/CMakeFiles/CMakeOutput.log".
