[0.532s] Invoking command in '/home/robotdeveloper02/IsaacSim-ros_workspaces-main/humble_ws/src/error_plotter': PYTHONPATH=/home/robotdeveloper02/IsaacSim-ros_workspaces-main/humble_ws/build/error_plotter/prefix_override:/usr/lib/python3/dist-packages/colcon_core/task/python/colcon_distutils_commands:/home/robotdeveloper02/IsaacSim-ros_workspaces-main/humble_ws/install/error_plotter/lib/python3.10/site-packages:${PYTHONPATH} /usr/bin/python3 -W ignore:setup.py install is deprecated setup.py egg_info --egg-base ../../build/error_plotter build --build-base /home/robotdeveloper02/IsaacSim-ros_workspaces-main/humble_ws/build/error_plotter/build install --record /home/robotdeveloper02/IsaacSim-ros_workspaces-main/humble_ws/build/error_plotter/install.log --single-version-externally-managed install_data
[0.723s] running egg_info
[0.723s] writing ../../build/error_plotter/error_plotter.egg-info/PKG-INFO
[0.723s] writing dependency_links to ../../build/error_plotter/error_plotter.egg-info/dependency_links.txt
[0.724s] writing entry points to ../../build/error_plotter/error_plotter.egg-info/entry_points.txt
[0.724s] writing requirements to ../../build/error_plotter/error_plotter.egg-info/requires.txt
[0.724s] writing top-level names to ../../build/error_plotter/error_plotter.egg-info/top_level.txt
[0.725s] reading manifest file '../../build/error_plotter/error_plotter.egg-info/SOURCES.txt'
[0.726s] writing manifest file '../../build/error_plotter/error_plotter.egg-info/SOURCES.txt'
[0.726s] running build
[0.726s] running build_py
[0.726s] running install
[0.726s] running install_lib
[0.728s] running install_data
[0.728s] running install_egg_info
[0.729s] removing '/home/robotdeveloper02/IsaacSim-ros_workspaces-main/humble_ws/install/error_plotter/lib/python3.10/site-packages/error_plotter-0.0.0-py3.10.egg-info' (and everything under it)
[0.729s] Copying ../../build/error_plotter/error_plotter.egg-info to /home/robotdeveloper02/IsaacSim-ros_workspaces-main/humble_ws/install/error_plotter/lib/python3.10/site-packages/error_plotter-0.0.0-py3.10.egg-info
[0.730s] running install_scripts
[0.745s] Installing error_subscriber script to /home/robotdeveloper02/IsaacSim-ros_workspaces-main/humble_ws/install/error_plotter/lib/error_plotter
[0.746s] writing list of installed files to '/home/robotdeveloper02/IsaacSim-ros_workspaces-main/humble_ws/build/error_plotter/install.log'
[0.764s] Invoked command in '/home/robotdeveloper02/IsaacSim-ros_workspaces-main/humble_ws/src/error_plotter' returned '0': PYTHONPATH=/home/robotdeveloper02/IsaacSim-ros_workspaces-main/humble_ws/build/error_plotter/prefix_override:/usr/lib/python3/dist-packages/colcon_core/task/python/colcon_distutils_commands:/home/robotdeveloper02/IsaacSim-ros_workspaces-main/humble_ws/install/error_plotter/lib/python3.10/site-packages:${PYTHONPATH} /usr/bin/python3 -W ignore:setup.py install is deprecated setup.py egg_info --egg-base ../../build/error_plotter build --build-base /home/robotdeveloper02/IsaacSim-ros_workspaces-main/humble_ws/build/error_plotter/build install --record /home/robotdeveloper02/IsaacSim-ros_workspaces-main/humble_ws/build/error_plotter/install.log --single-version-externally-managed install_data
