[0.179s] Invoking command in '/home/robotdeveloper02/IsaacSim-ros_workspaces-main/humble_ws/build/isaac_tutorials': CMAKE_PREFIX_PATH=${CMAKE_PREFIX_PATH}:/opt/ros/humble CONDA_PROMPT_MODIFIER=(base) /usr/bin/cmake /home/robotdeveloper02/IsaacSim-ros_workspaces-main/humble_ws/src/isaac_tutorials -DCMAKE_INSTALL_PREFIX=/home/robotdeveloper02/IsaacSim-ros_workspaces-main/humble_ws/install/isaac_tutorials
[0.186s] -- Found ament_cmake: 1.3.9 (/opt/ros/humble/share/ament_cmake/cmake)
[0.271s] -- Found rclpy: 3.3.13 (/opt/ros/humble/share/rclpy/cmake)
[0.286s] Traceback (most recent call last):
[0.286s]   File "/opt/ros/humble/share/ament_cmake_core/cmake/core/package_xml_2_cmake.py", line 22, in <module>
[0.286s]     from catkin_pkg.package import parse_package_string
[0.286s] ModuleNotFoundError: No module named 'catkin_pkg'
[0.288s] [31mCMake Error at /opt/ros/humble/share/ament_cmake_core/cmake/core/ament_package_xml.cmake:95 (message):
[0.288s]   execute_process(/home/robotdeveloper02/anaconda3/bin/python3
[0.289s]   /opt/ros/humble/share/ament_cmake_core/cmake/core/package_xml_2_cmake.py
[0.289s]   /home/robotdeveloper02/IsaacSim-ros_workspaces-main/humble_ws/src/isaac_tutorials/package.xml
[0.289s]   /home/robotdeveloper02/IsaacSim-ros_workspaces-main/humble_ws/build/isaac_tutorials/ament_cmake_core/package.cmake)
[0.289s]   returned error code 1
[0.289s] Call Stack (most recent call first):
[0.289s]   /opt/ros/humble/share/ament_cmake_core/cmake/core/ament_package_xml.cmake:49 (_ament_package_xml)
[0.289s]   /opt/ros/humble/share/ament_cmake_core/cmake/core/ament_package.cmake:63 (ament_package_xml)
[0.289s]   CMakeLists.txt:18 (ament_package)
[0.289s] 
[0.289s] [0m
[0.289s] -- Configuring incomplete, errors occurred!
[0.289s] See also "/home/robotdeveloper02/IsaacSim-ros_workspaces-main/humble_ws/build/isaac_tutorials/CMakeFiles/CMakeOutput.log".
