[1.443s] Invoking command in '/home/robotdeveloper02/IsaacSim-ros_workspaces-main/humble_ws/build/error_plotter': PYTHONPATH=/home/robotdeveloper02/IsaacSim-ros_workspaces-main/humble_ws/build/error_plotter/prefix_override:/usr/lib/python3/dist-packages/colcon_core/task/python/colcon_distutils_commands:/home/robotdeveloper02/IsaacSim-ros_workspaces-main/humble_ws/install/error_plotter/lib/python3.10/site-packages:${PYTHONPATH} /usr/bin/python3 -W ignore:setup.py install is deprecated setup.py develop --uninstall --editable --build-directory /home/robotdeveloper02/IsaacSim-ros_workspaces-main/humble_ws/build/error_plotter/build
[1.696s] running develop
[1.696s] /usr/lib/python3/dist-packages/setuptools/command/easy_install.py:158: EasyInstallDeprecationWarning: easy_install command is deprecated. Use build and pip and other standards-based tools.
[1.696s]   warnings.warn(
[1.857s] Removing /home/robotdeveloper02/IsaacSim-ros_workspaces-main/humble_ws/install/error_plotter/lib/python3.10/site-packages/error-plotter.egg-link (link to .)
[1.878s] Invoked command in '/home/robotdeveloper02/IsaacSim-ros_workspaces-main/humble_ws/build/error_plotter' returned '0': PYTHONPATH=/home/robotdeveloper02/IsaacSim-ros_workspaces-main/humble_ws/build/error_plotter/prefix_override:/usr/lib/python3/dist-packages/colcon_core/task/python/colcon_distutils_commands:/home/robotdeveloper02/IsaacSim-ros_workspaces-main/humble_ws/install/error_plotter/lib/python3.10/site-packages:${PYTHONPATH} /usr/bin/python3 -W ignore:setup.py install is deprecated setup.py develop --uninstall --editable --build-directory /home/robotdeveloper02/IsaacSim-ros_workspaces-main/humble_ws/build/error_plotter/build
[1.880s] Invoking command in '/home/robotdeveloper02/IsaacSim-ros_workspaces-main/humble_ws/src/error_plotter': PYTHONPATH=/home/robotdeveloper02/IsaacSim-ros_workspaces-main/humble_ws/build/error_plotter/prefix_override:/usr/lib/python3/dist-packages/colcon_core/task/python/colcon_distutils_commands:/home/robotdeveloper02/IsaacSim-ros_workspaces-main/humble_ws/install/error_plotter/lib/python3.10/site-packages:${PYTHONPATH} /usr/bin/python3 -W ignore:setup.py install is deprecated setup.py egg_info --egg-base ../../build/error_plotter build --build-base /home/robotdeveloper02/IsaacSim-ros_workspaces-main/humble_ws/build/error_plotter/build install --record /home/robotdeveloper02/IsaacSim-ros_workspaces-main/humble_ws/build/error_plotter/install.log --single-version-externally-managed install_data --force
[2.074s] running egg_info
[2.074s] writing ../../build/error_plotter/error_plotter.egg-info/PKG-INFO
[2.074s] writing dependency_links to ../../build/error_plotter/error_plotter.egg-info/dependency_links.txt
[2.075s] writing entry points to ../../build/error_plotter/error_plotter.egg-info/entry_points.txt
[2.075s] writing requirements to ../../build/error_plotter/error_plotter.egg-info/requires.txt
[2.075s] writing top-level names to ../../build/error_plotter/error_plotter.egg-info/top_level.txt
[2.076s] reading manifest file '../../build/error_plotter/error_plotter.egg-info/SOURCES.txt'
[2.077s] writing manifest file '../../build/error_plotter/error_plotter.egg-info/SOURCES.txt'
[2.077s] running build
[2.077s] running build_py
[2.077s] running install
[2.078s] running install_lib
[2.080s] creating /home/robotdeveloper02/IsaacSim-ros_workspaces-main/humble_ws/install/error_plotter/lib/python3.10/site-packages/error_plotter
[2.080s] copying /home/robotdeveloper02/IsaacSim-ros_workspaces-main/humble_ws/build/error_plotter/build/lib/error_plotter/__init__.py -> /home/robotdeveloper02/IsaacSim-ros_workspaces-main/humble_ws/install/error_plotter/lib/python3.10/site-packages/error_plotter
[2.080s] copying /home/robotdeveloper02/IsaacSim-ros_workspaces-main/humble_ws/build/error_plotter/build/lib/error_plotter/error plotter.py -> /home/robotdeveloper02/IsaacSim-ros_workspaces-main/humble_ws/install/error_plotter/lib/python3.10/site-packages/error_plotter
[2.080s] byte-compiling /home/robotdeveloper02/IsaacSim-ros_workspaces-main/humble_ws/install/error_plotter/lib/python3.10/site-packages/error_plotter/__init__.py to __init__.cpython-310.pyc
[2.081s] byte-compiling /home/robotdeveloper02/IsaacSim-ros_workspaces-main/humble_ws/install/error_plotter/lib/python3.10/site-packages/error_plotter/error plotter.py to error plotter.cpython-310.pyc
[2.081s] running install_data
[2.081s] copying resource/error_plotter -> /home/robotdeveloper02/IsaacSim-ros_workspaces-main/humble_ws/install/error_plotter/share/ament_index/resource_index/packages
[2.081s] copying package.xml -> /home/robotdeveloper02/IsaacSim-ros_workspaces-main/humble_ws/install/error_plotter/share/error_plotter
[2.081s] running install_egg_info
[2.083s] Copying ../../build/error_plotter/error_plotter.egg-info to /home/robotdeveloper02/IsaacSim-ros_workspaces-main/humble_ws/install/error_plotter/lib/python3.10/site-packages/error_plotter-0.0.0-py3.10.egg-info
[2.083s] running install_scripts
[2.098s] Installing error_plotter script to /home/robotdeveloper02/IsaacSim-ros_workspaces-main/humble_ws/install/error_plotter/lib/error_plotter
[2.098s] writing list of installed files to '/home/robotdeveloper02/IsaacSim-ros_workspaces-main/humble_ws/build/error_plotter/install.log'
[2.117s] Invoked command in '/home/robotdeveloper02/IsaacSim-ros_workspaces-main/humble_ws/src/error_plotter' returned '0': PYTHONPATH=/home/robotdeveloper02/IsaacSim-ros_workspaces-main/humble_ws/build/error_plotter/prefix_override:/usr/lib/python3/dist-packages/colcon_core/task/python/colcon_distutils_commands:/home/robotdeveloper02/IsaacSim-ros_workspaces-main/humble_ws/install/error_plotter/lib/python3.10/site-packages:${PYTHONPATH} /usr/bin/python3 -W ignore:setup.py install is deprecated setup.py egg_info --egg-base ../../build/error_plotter build --build-base /home/robotdeveloper02/IsaacSim-ros_workspaces-main/humble_ws/build/error_plotter/build install --record /home/robotdeveloper02/IsaacSim-ros_workspaces-main/humble_ws/build/error_plotter/install.log --single-version-externally-managed install_data --force
