[0.353s] Invoking command in '/home/robotdeveloper02/IsaacSim-ros_workspaces-main/humble_ws/build/isaac_ros2_messages': CMAKE_PREFIX_PATH=${CMAKE_PREFIX_PATH}:/home/robotdeveloper02/IsaacSim-ros_workspaces-main/humble_ws/install/isaac_ros_navigation_goal:/home/robotdeveloper02/IsaacSim-ros_workspaces-main/humble_ws/install/custom_message:/opt/ros/humble /usr/bin/cmake --build /home/robotdeveloper02/IsaacSim-ros_workspaces-main/humble_ws/build/isaac_ros2_messages -- -j16 -l16
[0.546s] [  1%] Built target isaac_ros2_messages__cpp
[0.546s] [ 12%] Built target isaac_ros2_messages__rosidl_generator_c
[0.546s] [ 12%] Built target ament_cmake_python_copy_isaac_ros2_messages
[0.546s] [ 23%] Built target isaac_ros2_messages__rosidl_typesupport_cpp
[0.546s] [ 34%] Built target isaac_ros2_messages__rosidl_typesupport_c
[0.546s] [ 46%] Built target isaac_ros2_messages__rosidl_typesupport_introspection_c
[0.546s] [ 57%] Built target isaac_ros2_messages__rosidl_typesupport_introspection_cpp
[0.546s] [ 71%] Built target isaac_ros2_messages__rosidl_typesupport_fastrtps_cpp
[0.546s] [ 79%] Built target isaac_ros2_messages__rosidl_typesupport_fastrtps_c
[0.546s] [ 79%] Built target isaac_ros2_messages
[0.546s] [ 80%] Built target isaac_ros2_messages__py
[0.547s] [ 90%] Built target isaac_ros2_messages__rosidl_generator_py
[0.547s] [ 96%] Built target isaac_ros2_messages__rosidl_typesupport_c__pyext
[0.547s] [ 96%] Built target isaac_ros2_messages__rosidl_typesupport_introspection_c__pyext
[0.547s] [100%] Built target isaac_ros2_messages__rosidl_typesupport_fastrtps_c__pyext
[0.559s] running egg_info
[0.560s] writing isaac_ros2_messages.egg-info/PKG-INFO
[0.560s] writing dependency_links to isaac_ros2_messages.egg-info/dependency_links.txt
[0.560s] writing top-level names to isaac_ros2_messages.egg-info/top_level.txt
[0.562s] reading manifest file 'isaac_ros2_messages.egg-info/SOURCES.txt'
[0.563s] writing manifest file 'isaac_ros2_messages.egg-info/SOURCES.txt'
[0.587s] [100%] Built target ament_cmake_python_build_isaac_ros2_messages_egg
