[0.030s] Invoking command in '/home/robotdeveloper02/IsaacSim-ros_workspaces-main/humble_ws/build/custom_message': CMAKE_PREFIX_PATH=${CMAKE_PREFIX_PATH}:/home/robotdeveloper02/IsaacSim-ros_workspaces-main/humble_ws/install/my_ros2_package:/home/robotdeveloper02/IsaacSim-ros_workspaces-main/humble_ws/install/jetbot_controller:/home/robotdeveloper02/IsaacSim-ros_workspaces-main/humble_ws/install/isaac_ros_navigation_goal:/home/robotdeveloper02/IsaacSim-ros_workspaces-main/humble_ws/install/error_plotter:/opt/ros/humble /usr/bin/cmake /home/robotdeveloper02/IsaacSim-ros_workspaces-main/humble_ws/src/custom_message -DCMAKE_INSTALL_PREFIX=/home/robotdeveloper02/IsaacSim-ros_workspaces-main/humble_ws/install/custom_message
[0.863s] -- The C compiler identification is GNU 12.3.0
[0.864s] -- The CXX compiler identification is GNU 11.4.0
[0.865s] -- Detecting C compiler ABI info
[0.865s] -- Detecting C compiler ABI info - done
[0.865s] -- Check for working C compiler: /usr/bin/cc - skipped
[0.865s] -- Detecting C compile features
[0.866s] -- Detecting C compile features - done
[0.866s] -- Detecting CXX compiler ABI info
[0.866s] -- Detecting CXX compiler ABI info - done
[0.866s] -- Check for working CXX compiler: /usr/bin/c++ - skipped
[0.866s] -- Detecting CXX compile features
[0.866s] -- Detecting CXX compile features - done
[0.866s] -- Found ament_cmake: 1.3.10 (/opt/ros/humble/share/ament_cmake/cmake)
[0.866s] -- Found Python3: /usr/bin/python3 (found version "3.10.12") found components: Interpreter 
[0.867s] -- Found std_msgs: 4.2.4 (/opt/ros/humble/share/std_msgs/cmake)
[0.867s] -- Found rosidl_generator_c: 3.1.5 (/opt/ros/humble/share/rosidl_generator_c/cmake)
[0.867s] -- Found rosidl_adapter: 3.1.5 (/opt/ros/humble/share/rosidl_adapter/cmake)
[0.867s] -- Found rosidl_generator_cpp: 3.1.5 (/opt/ros/humble/share/rosidl_generator_cpp/cmake)
[0.867s] -- Using all available rosidl_typesupport_c: rosidl_typesupport_fastrtps_c;rosidl_typesupport_introspection_c
[0.867s] -- Using all available rosidl_typesupport_cpp: rosidl_typesupport_fastrtps_cpp;rosidl_typesupport_introspection_cpp
[0.867s] -- Found rosidl_default_generators: 1.2.0 (/opt/ros/humble/share/rosidl_default_generators/cmake)
[0.867s] -- Found geometry_msgs: 4.2.4 (/opt/ros/humble/share/geometry_msgs/cmake)
[0.972s] -- Found ament_cmake_ros: 0.10.0 (/opt/ros/humble/share/ament_cmake_ros/cmake)
[1.420s] -- Using all available rosidl_typesupport_c: rosidl_typesupport_fastrtps_c;rosidl_typesupport_introspection_c
[1.592s] -- Using all available rosidl_typesupport_cpp: rosidl_typesupport_fastrtps_cpp;rosidl_typesupport_introspection_cpp
[1.614s] -- Found PythonInterp: /usr/bin/python3 (found suitable version "3.10.12", minimum required is "3.6") 
[1.616s] -- Found python_cmake_module: 0.10.0 (/opt/ros/humble/share/python_cmake_module/cmake)
[1.645s] -- Found PythonLibs: /usr/lib/x86_64-linux-gnu/libpython3.10.so (found suitable version "3.10.12", minimum required is "3.5") 
[1.645s] -- Using PYTHON_EXECUTABLE: /usr/bin/python3
[1.645s] -- Using PYTHON_INCLUDE_DIRS: /usr/include/python3.10
[1.645s] -- Using PYTHON_LIBRARIES: /usr/lib/x86_64-linux-gnu/libpython3.10.so
[1.670s] -- Found PythonExtra: .so  
[1.734s] -- Found ament_lint_auto: 0.12.11 (/opt/ros/humble/share/ament_lint_auto/cmake)
[1.755s] -- Added test 'copyright' to check source files copyright and LICENSE
[1.756s] -- Added test 'lint_cmake' to check CMake code style
[1.757s] -- Added test 'xmllint' to check XML markup files
[1.761s] -- Configuring done
[1.792s] -- Generating done
[1.794s] -- Build files have been written to: /home/robotdeveloper02/IsaacSim-ros_workspaces-main/humble_ws/build/custom_message
[1.802s] Invoked command in '/home/robotdeveloper02/IsaacSim-ros_workspaces-main/humble_ws/build/custom_message' returned '0': CMAKE_PREFIX_PATH=${CMAKE_PREFIX_PATH}:/home/robotdeveloper02/IsaacSim-ros_workspaces-main/humble_ws/install/my_ros2_package:/home/robotdeveloper02/IsaacSim-ros_workspaces-main/humble_ws/install/jetbot_controller:/home/robotdeveloper02/IsaacSim-ros_workspaces-main/humble_ws/install/isaac_ros_navigation_goal:/home/robotdeveloper02/IsaacSim-ros_workspaces-main/humble_ws/install/error_plotter:/opt/ros/humble /usr/bin/cmake /home/robotdeveloper02/IsaacSim-ros_workspaces-main/humble_ws/src/custom_message -DCMAKE_INSTALL_PREFIX=/home/robotdeveloper02/IsaacSim-ros_workspaces-main/humble_ws/install/custom_message
[1.804s] Invoking command in '/home/robotdeveloper02/IsaacSim-ros_workspaces-main/humble_ws/build/custom_message': CMAKE_PREFIX_PATH=${CMAKE_PREFIX_PATH}:/home/robotdeveloper02/IsaacSim-ros_workspaces-main/humble_ws/install/my_ros2_package:/home/robotdeveloper02/IsaacSim-ros_workspaces-main/humble_ws/install/jetbot_controller:/home/robotdeveloper02/IsaacSim-ros_workspaces-main/humble_ws/install/isaac_ros_navigation_goal:/home/robotdeveloper02/IsaacSim-ros_workspaces-main/humble_ws/install/error_plotter:/opt/ros/humble /usr/bin/cmake --build /home/robotdeveloper02/IsaacSim-ros_workspaces-main/humble_ws/build/custom_message -- -j16 -l16
[1.836s] [  1%] [34m[1mGenerating C code for ROS interfaces[0m
[1.844s] [  3%] [34m[1mGenerating C++ code for ROS interfaces[0m
[1.851s] [  3%] Built target ament_cmake_python_copy_custom_message
[2.103s] running egg_info
[2.104s] creating custom_message.egg-info
[2.104s] writing custom_message.egg-info/PKG-INFO
[2.104s] writing dependency_links to custom_message.egg-info/dependency_links.txt
[2.104s] writing top-level names to custom_message.egg-info/top_level.txt
[2.104s] writing manifest file 'custom_message.egg-info/SOURCES.txt'
[2.106s] reading manifest file 'custom_message.egg-info/SOURCES.txt'
[2.107s] writing manifest file 'custom_message.egg-info/SOURCES.txt'
[2.133s] [  3%] Built target ament_cmake_python_build_custom_message_egg
[2.240s] [  3%] Built target custom_message__cpp
[2.252s] [  5%] [34m[1mGenerating C++ type support for eProsima Fast-RTPS[0m
[2.252s] [  7%] [34m[1mGenerating C++ type support dispatch for ROS interfaces[0m
[2.253s] [  9%] [34m[1mGenerating C++ introspection for ROS interfaces[0m
[2.278s] [ 14%] [32mBuilding C object CMakeFiles/custom_message__rosidl_generator_c.dir/rosidl_generator_c/custom_message/msg/detail/sample_msg__functions.c.o[0m
[2.278s] [ 14%] [32mBuilding C object CMakeFiles/custom_message__rosidl_generator_c.dir/rosidl_generator_c/custom_message/msg/detail/pose_stamped__functions.c.o[0m
[2.278s] [ 14%] [32mBuilding C object CMakeFiles/custom_message__rosidl_generator_c.dir/rosidl_generator_c/custom_message/msg/detail/imu_msg__functions.c.o[0m
[2.278s] [ 16%] [32mBuilding C object CMakeFiles/custom_message__rosidl_generator_c.dir/rosidl_generator_c/custom_message/msg/detail/string__functions.c.o[0m
[2.352s] [ 18%] [32m[1mLinking C shared library libcustom_message__rosidl_generator_c.so[0m
[2.396s] [ 18%] Built target custom_message__rosidl_generator_c
[2.407s] [ 20%] [34m[1mGenerating C type support dispatch for ROS interfaces[0m
[2.409s] [ 23%] [34m[1mGenerating C introspection for ROS interfaces[0m
[2.409s] [ 23%] [34m[1mGenerating C type support for eProsima Fast-RTPS[0m
[2.602s] [ 27%] [32mBuilding CXX object CMakeFiles/custom_message__rosidl_typesupport_cpp.dir/rosidl_typesupport_cpp/custom_message/msg/pose_stamped__type_support.cpp.o[0m
[2.603s] [ 27%] [32mBuilding CXX object CMakeFiles/custom_message__rosidl_typesupport_cpp.dir/rosidl_typesupport_cpp/custom_message/msg/sample_msg__type_support.cpp.o[0m
[2.604s] [ 29%] [32mBuilding CXX object CMakeFiles/custom_message__rosidl_typesupport_cpp.dir/rosidl_typesupport_cpp/custom_message/msg/imu_msg__type_support.cpp.o[0m
[2.607s] [ 30%] [32mBuilding CXX object CMakeFiles/custom_message__rosidl_typesupport_cpp.dir/rosidl_typesupport_cpp/custom_message/msg/string__type_support.cpp.o[0m
[2.653s] [ 32%] [32mBuilding CXX object CMakeFiles/custom_message__rosidl_typesupport_introspection_cpp.dir/rosidl_typesupport_introspection_cpp/custom_message/msg/detail/imu_msg__type_support.cpp.o[0m
[2.654s] [ 36%] [32mBuilding CXX object CMakeFiles/custom_message__rosidl_typesupport_introspection_cpp.dir/rosidl_typesupport_introspection_cpp/custom_message/msg/detail/sample_msg__type_support.cpp.o[0m
[2.654s] [ 36%] [32mBuilding CXX object CMakeFiles/custom_message__rosidl_typesupport_introspection_cpp.dir/rosidl_typesupport_introspection_cpp/custom_message/msg/detail/pose_stamped__type_support.cpp.o[0m
[2.662s] [ 38%] [32mBuilding CXX object CMakeFiles/custom_message__rosidl_typesupport_introspection_cpp.dir/rosidl_typesupport_introspection_cpp/custom_message/msg/detail/string__type_support.cpp.o[0m
[2.681s] [ 40%] [32mBuilding CXX object CMakeFiles/custom_message__rosidl_typesupport_fastrtps_cpp.dir/rosidl_typesupport_fastrtps_cpp/custom_message/msg/detail/dds_fastrtps/string__type_support.cpp.o[0m
[2.689s] [ 41%] [32mBuilding CXX object CMakeFiles/custom_message__rosidl_typesupport_fastrtps_cpp.dir/rosidl_typesupport_fastrtps_cpp/custom_message/msg/detail/dds_fastrtps/imu_msg__type_support.cpp.o[0m
[2.690s] [ 43%] [32mBuilding CXX object CMakeFiles/custom_message__rosidl_typesupport_fastrtps_cpp.dir/rosidl_typesupport_fastrtps_cpp/custom_message/msg/detail/dds_fastrtps/pose_stamped__type_support.cpp.o[0m
[2.697s] [ 45%] [32mBuilding CXX object CMakeFiles/custom_message__rosidl_typesupport_fastrtps_cpp.dir/rosidl_typesupport_fastrtps_cpp/custom_message/msg/detail/dds_fastrtps/sample_msg__type_support.cpp.o[0m
[2.824s] [ 47%] [32mBuilding CXX object CMakeFiles/custom_message__rosidl_typesupport_c.dir/rosidl_typesupport_c/custom_message/msg/pose_stamped__type_support.cpp.o[0m
[2.828s] [ 49%] [32mBuilding CXX object CMakeFiles/custom_message__rosidl_typesupport_c.dir/rosidl_typesupport_c/custom_message/msg/sample_msg__type_support.cpp.o[0m
[2.907s] [ 50%] [32mBuilding CXX object CMakeFiles/custom_message__rosidl_typesupport_c.dir/rosidl_typesupport_c/custom_message/msg/imu_msg__type_support.cpp.o[0m
[2.933s] [ 52%] [32mBuilding CXX object CMakeFiles/custom_message__rosidl_typesupport_c.dir/rosidl_typesupport_c/custom_message/msg/string__type_support.cpp.o[0m
[3.017s] [ 54%] [32m[1mLinking CXX shared library libcustom_message__rosidl_typesupport_c.so[0m
[3.098s] [ 56%] [32mBuilding C object CMakeFiles/custom_message__rosidl_typesupport_introspection_c.dir/rosidl_typesupport_introspection_c/custom_message/msg/detail/pose_stamped__type_support.c.o[0m
[3.105s] [ 58%] [32mBuilding C object CMakeFiles/custom_message__rosidl_typesupport_introspection_c.dir/rosidl_typesupport_introspection_c/custom_message/msg/detail/sample_msg__type_support.c.o[0m
[3.118s] [ 60%] [32mBuilding C object CMakeFiles/custom_message__rosidl_typesupport_introspection_c.dir/rosidl_typesupport_introspection_c/custom_message/msg/detail/imu_msg__type_support.c.o[0m
[3.121s] [ 61%] [32mBuilding C object CMakeFiles/custom_message__rosidl_typesupport_introspection_c.dir/rosidl_typesupport_introspection_c/custom_message/msg/detail/string__type_support.c.o[0m
[3.127s] [ 61%] Built target custom_message__rosidl_typesupport_c
[3.139s] [ 63%] [32m[1mLinking CXX shared library libcustom_message__rosidl_typesupport_cpp.so[0m
[3.182s] [ 65%] [32mBuilding CXX object CMakeFiles/custom_message__rosidl_typesupport_fastrtps_c.dir/rosidl_typesupport_fastrtps_c/custom_message/msg/detail/pose_stamped__type_support_c.cpp.o[0m
[3.191s] [ 67%] [32mBuilding CXX object CMakeFiles/custom_message__rosidl_typesupport_fastrtps_c.dir/rosidl_typesupport_fastrtps_c/custom_message/msg/detail/sample_msg__type_support_c.cpp.o[0m
[3.192s] [ 69%] [32mBuilding CXX object CMakeFiles/custom_message__rosidl_typesupport_fastrtps_c.dir/rosidl_typesupport_fastrtps_c/custom_message/msg/detail/imu_msg__type_support_c.cpp.o[0m
[3.196s] [ 70%] [32mBuilding CXX object CMakeFiles/custom_message__rosidl_typesupport_fastrtps_c.dir/rosidl_typesupport_fastrtps_c/custom_message/msg/detail/string__type_support_c.cpp.o[0m
[3.211s] [ 72%] [32m[1mLinking C shared library libcustom_message__rosidl_typesupport_introspection_c.so[0m
[3.252s] [ 72%] Built target custom_message__rosidl_typesupport_cpp
[3.304s] [ 72%] Built target custom_message__rosidl_typesupport_introspection_c
[3.507s] [ 74%] [32m[1mLinking CXX shared library libcustom_message__rosidl_typesupport_fastrtps_cpp.so[0m
[3.554s] [ 76%] [32m[1mLinking CXX shared library libcustom_message__rosidl_typesupport_introspection_cpp.so[0m
[3.642s] [ 76%] Built target custom_message__rosidl_typesupport_fastrtps_cpp
[3.667s] [ 76%] Built target custom_message__rosidl_typesupport_introspection_cpp
[3.802s] [ 78%] [32m[1mLinking CXX shared library libcustom_message__rosidl_typesupport_fastrtps_c.so[0m
[3.879s] [ 78%] Built target custom_message__rosidl_typesupport_fastrtps_c
[3.906s] [ 78%] Built target custom_message
[3.934s] [ 80%] [34m[1mGenerating Python code for ROS interfaces[0m
[4.794s] [ 80%] Built target custom_message__py
[4.841s] [ 81%] [32mBuilding C object CMakeFiles/custom_message__rosidl_generator_py.dir/rosidl_generator_py/custom_message/msg/_pose_stamped_s.c.o[0m
[4.843s] [ 83%] [32mBuilding C object CMakeFiles/custom_message__rosidl_generator_py.dir/rosidl_generator_py/custom_message/msg/_string_s.c.o[0m
[4.848s] [ 85%] [32mBuilding C object CMakeFiles/custom_message__rosidl_generator_py.dir/rosidl_generator_py/custom_message/msg/_sample_msg_s.c.o[0m
[4.848s] [ 87%] [32mBuilding C object CMakeFiles/custom_message__rosidl_generator_py.dir/rosidl_generator_py/custom_message/msg/_imu_msg_s.c.o[0m
[5.175s] [ 89%] [32m[1mLinking C shared library rosidl_generator_py/custom_message/libcustom_message__rosidl_generator_py.so[0m
[5.311s] [ 89%] Built target custom_message__rosidl_generator_py
[5.362s] [ 90%] [32mBuilding C object CMakeFiles/custom_message__rosidl_typesupport_introspection_c__pyext.dir/rosidl_generator_py/custom_message/_custom_message_s.ep.rosidl_typesupport_introspection_c.c.o[0m
[5.366s] [ 92%] [32mBuilding C object CMakeFiles/custom_message__rosidl_typesupport_fastrtps_c__pyext.dir/rosidl_generator_py/custom_message/_custom_message_s.ep.rosidl_typesupport_fastrtps_c.c.o[0m
[5.372s] [ 94%] [32mBuilding C object CMakeFiles/custom_message__rosidl_typesupport_c__pyext.dir/rosidl_generator_py/custom_message/_custom_message_s.ep.rosidl_typesupport_c.c.o[0m
[5.571s] [ 96%] [32m[1mLinking C shared library rosidl_generator_py/custom_message/custom_message_s__rosidl_typesupport_c.cpython-310-x86_64-linux-gnu.so[0m
[5.580s] [ 98%] [32m[1mLinking C shared library rosidl_generator_py/custom_message/custom_message_s__rosidl_typesupport_fastrtps_c.cpython-310-x86_64-linux-gnu.so[0m
[5.588s] [100%] [32m[1mLinking C shared library rosidl_generator_py/custom_message/custom_message_s__rosidl_typesupport_introspection_c.cpython-310-x86_64-linux-gnu.so[0m
[5.633s] [100%] Built target custom_message__rosidl_typesupport_c__pyext
[5.634s] [100%] Built target custom_message__rosidl_typesupport_fastrtps_c__pyext
[5.643s] [100%] Built target custom_message__rosidl_typesupport_introspection_c__pyext
[5.654s] Invoked command in '/home/robotdeveloper02/IsaacSim-ros_workspaces-main/humble_ws/build/custom_message' returned '0': CMAKE_PREFIX_PATH=${CMAKE_PREFIX_PATH}:/home/robotdeveloper02/IsaacSim-ros_workspaces-main/humble_ws/install/my_ros2_package:/home/robotdeveloper02/IsaacSim-ros_workspaces-main/humble_ws/install/jetbot_controller:/home/robotdeveloper02/IsaacSim-ros_workspaces-main/humble_ws/install/isaac_ros_navigation_goal:/home/robotdeveloper02/IsaacSim-ros_workspaces-main/humble_ws/install/error_plotter:/opt/ros/humble /usr/bin/cmake --build /home/robotdeveloper02/IsaacSim-ros_workspaces-main/humble_ws/build/custom_message -- -j16 -l16
[5.758s] Invoking command in '/home/robotdeveloper02/IsaacSim-ros_workspaces-main/humble_ws/build/custom_message': CMAKE_PREFIX_PATH=${CMAKE_PREFIX_PATH}:/home/robotdeveloper02/IsaacSim-ros_workspaces-main/humble_ws/install/my_ros2_package:/home/robotdeveloper02/IsaacSim-ros_workspaces-main/humble_ws/install/jetbot_controller:/home/robotdeveloper02/IsaacSim-ros_workspaces-main/humble_ws/install/isaac_ros_navigation_goal:/home/robotdeveloper02/IsaacSim-ros_workspaces-main/humble_ws/install/error_plotter:/opt/ros/humble /usr/bin/cmake --install /home/robotdeveloper02/IsaacSim-ros_workspaces-main/humble_ws/build/custom_message
[5.765s] -- Install configuration: ""
[5.765s] -- Installing: /home/robotdeveloper02/IsaacSim-ros_workspaces-main/humble_ws/install/custom_message/share/ament_index/resource_index/rosidl_interfaces/custom_message
[5.765s] -- Installing: /home/robotdeveloper02/IsaacSim-ros_workspaces-main/humble_ws/install/custom_message/include/custom_message/custom_message
[5.765s] -- Installing: /home/robotdeveloper02/IsaacSim-ros_workspaces-main/humble_ws/install/custom_message/include/custom_message/custom_message/msg
[5.765s] -- Installing: /home/robotdeveloper02/IsaacSim-ros_workspaces-main/humble_ws/install/custom_message/include/custom_message/custom_message/msg/string.h
[5.765s] -- Installing: /home/robotdeveloper02/IsaacSim-ros_workspaces-main/humble_ws/install/custom_message/include/custom_message/custom_message/msg/detail
[5.765s] -- Installing: /home/robotdeveloper02/IsaacSim-ros_workspaces-main/humble_ws/install/custom_message/include/custom_message/custom_message/msg/detail/sample_msg__struct.h
[5.765s] -- Installing: /home/robotdeveloper02/IsaacSim-ros_workspaces-main/humble_ws/install/custom_message/include/custom_message/custom_message/msg/detail/imu_msg__type_support.h
[5.765s] -- Installing: /home/robotdeveloper02/IsaacSim-ros_workspaces-main/humble_ws/install/custom_message/include/custom_message/custom_message/msg/detail/sample_msg__functions.h
[5.766s] -- Installing: /home/robotdeveloper02/IsaacSim-ros_workspaces-main/humble_ws/install/custom_message/include/custom_message/custom_message/msg/detail/pose_stamped__type_support.h
[5.766s] -- Installing: /home/robotdeveloper02/IsaacSim-ros_workspaces-main/humble_ws/install/custom_message/include/custom_message/custom_message/msg/detail/sample_msg__type_support.h
[5.766s] -- Installing: /home/robotdeveloper02/IsaacSim-ros_workspaces-main/humble_ws/install/custom_message/include/custom_message/custom_message/msg/detail/imu_msg__functions.c
[5.766s] -- Installing: /home/robotdeveloper02/IsaacSim-ros_workspaces-main/humble_ws/install/custom_message/include/custom_message/custom_message/msg/detail/pose_stamped__functions.c
[5.766s] -- Installing: /home/robotdeveloper02/IsaacSim-ros_workspaces-main/humble_ws/install/custom_message/include/custom_message/custom_message/msg/detail/string__functions.h
[5.766s] -- Installing: /home/robotdeveloper02/IsaacSim-ros_workspaces-main/humble_ws/install/custom_message/include/custom_message/custom_message/msg/detail/string__functions.c
[5.766s] -- Installing: /home/robotdeveloper02/IsaacSim-ros_workspaces-main/humble_ws/install/custom_message/include/custom_message/custom_message/msg/detail/sample_msg__functions.c
[5.766s] -- Installing: /home/robotdeveloper02/IsaacSim-ros_workspaces-main/humble_ws/install/custom_message/include/custom_message/custom_message/msg/detail/imu_msg__struct.h
[5.766s] -- Installing: /home/robotdeveloper02/IsaacSim-ros_workspaces-main/humble_ws/install/custom_message/include/custom_message/custom_message/msg/detail/pose_stamped__struct.h
[5.766s] -- Installing: /home/robotdeveloper02/IsaacSim-ros_workspaces-main/humble_ws/install/custom_message/include/custom_message/custom_message/msg/detail/string__struct.h
[5.766s] -- Installing: /home/robotdeveloper02/IsaacSim-ros_workspaces-main/humble_ws/install/custom_message/include/custom_message/custom_message/msg/detail/string__type_support.h
[5.766s] -- Installing: /home/robotdeveloper02/IsaacSim-ros_workspaces-main/humble_ws/install/custom_message/include/custom_message/custom_message/msg/detail/imu_msg__functions.h
[5.766s] -- Installing: /home/robotdeveloper02/IsaacSim-ros_workspaces-main/humble_ws/install/custom_message/include/custom_message/custom_message/msg/detail/pose_stamped__functions.h
[5.766s] -- Installing: /home/robotdeveloper02/IsaacSim-ros_workspaces-main/humble_ws/install/custom_message/include/custom_message/custom_message/msg/sample_msg.h
[5.766s] -- Installing: /home/robotdeveloper02/IsaacSim-ros_workspaces-main/humble_ws/install/custom_message/include/custom_message/custom_message/msg/rosidl_generator_c__visibility_control.h
[5.766s] -- Installing: /home/robotdeveloper02/IsaacSim-ros_workspaces-main/humble_ws/install/custom_message/include/custom_message/custom_message/msg/imu_msg.h
[5.767s] -- Installing: /home/robotdeveloper02/IsaacSim-ros_workspaces-main/humble_ws/install/custom_message/include/custom_message/custom_message/msg/pose_stamped.h
[5.767s] -- Installing: /home/robotdeveloper02/IsaacSim-ros_workspaces-main/humble_ws/install/custom_message/share/custom_message/environment/library_path.sh
[5.767s] -- Installing: /home/robotdeveloper02/IsaacSim-ros_workspaces-main/humble_ws/install/custom_message/share/custom_message/environment/library_path.dsv
[5.767s] -- Installing: /home/robotdeveloper02/IsaacSim-ros_workspaces-main/humble_ws/install/custom_message/lib/libcustom_message__rosidl_generator_c.so
[5.767s] -- Set runtime path of "/home/robotdeveloper02/IsaacSim-ros_workspaces-main/humble_ws/install/custom_message/lib/libcustom_message__rosidl_generator_c.so" to ""
[5.767s] -- Up-to-date: /home/robotdeveloper02/IsaacSim-ros_workspaces-main/humble_ws/install/custom_message/include/custom_message/custom_message
[5.767s] -- Up-to-date: /home/robotdeveloper02/IsaacSim-ros_workspaces-main/humble_ws/install/custom_message/include/custom_message/custom_message/msg
[5.767s] -- Up-to-date: /home/robotdeveloper02/IsaacSim-ros_workspaces-main/humble_ws/install/custom_message/include/custom_message/custom_message/msg/detail
[5.767s] -- Installing: /home/robotdeveloper02/IsaacSim-ros_workspaces-main/humble_ws/install/custom_message/include/custom_message/custom_message/msg/detail/imu_msg__rosidl_typesupport_fastrtps_c.h
[5.767s] -- Installing: /home/robotdeveloper02/IsaacSim-ros_workspaces-main/humble_ws/install/custom_message/include/custom_message/custom_message/msg/detail/sample_msg__rosidl_typesupport_fastrtps_c.h
[5.767s] -- Installing: /home/robotdeveloper02/IsaacSim-ros_workspaces-main/humble_ws/install/custom_message/include/custom_message/custom_message/msg/detail/pose_stamped__rosidl_typesupport_fastrtps_c.h
[5.767s] -- Installing: /home/robotdeveloper02/IsaacSim-ros_workspaces-main/humble_ws/install/custom_message/include/custom_message/custom_message/msg/detail/string__rosidl_typesupport_fastrtps_c.h
[5.768s] -- Installing: /home/robotdeveloper02/IsaacSim-ros_workspaces-main/humble_ws/install/custom_message/include/custom_message/custom_message/msg/rosidl_typesupport_fastrtps_c__visibility_control.h
[5.768s] -- Installing: /home/robotdeveloper02/IsaacSim-ros_workspaces-main/humble_ws/install/custom_message/lib/libcustom_message__rosidl_typesupport_fastrtps_c.so
[5.768s] -- Set runtime path of "/home/robotdeveloper02/IsaacSim-ros_workspaces-main/humble_ws/install/custom_message/lib/libcustom_message__rosidl_typesupport_fastrtps_c.so" to ""
[5.768s] -- Up-to-date: /home/robotdeveloper02/IsaacSim-ros_workspaces-main/humble_ws/install/custom_message/include/custom_message/custom_message
[5.768s] -- Up-to-date: /home/robotdeveloper02/IsaacSim-ros_workspaces-main/humble_ws/install/custom_message/include/custom_message/custom_message/msg
[5.768s] -- Up-to-date: /home/robotdeveloper02/IsaacSim-ros_workspaces-main/humble_ws/install/custom_message/include/custom_message/custom_message/msg/detail
[5.768s] -- Installing: /home/robotdeveloper02/IsaacSim-ros_workspaces-main/humble_ws/install/custom_message/include/custom_message/custom_message/msg/detail/imu_msg__builder.hpp
[5.768s] -- Installing: /home/robotdeveloper02/IsaacSim-ros_workspaces-main/humble_ws/install/custom_message/include/custom_message/custom_message/msg/detail/string__traits.hpp
[5.768s] -- Installing: /home/robotdeveloper02/IsaacSim-ros_workspaces-main/humble_ws/install/custom_message/include/custom_message/custom_message/msg/detail/sample_msg__struct.hpp
[5.768s] -- Installing: /home/robotdeveloper02/IsaacSim-ros_workspaces-main/humble_ws/install/custom_message/include/custom_message/custom_message/msg/detail/imu_msg__struct.hpp
[5.768s] -- Installing: /home/robotdeveloper02/IsaacSim-ros_workspaces-main/humble_ws/install/custom_message/include/custom_message/custom_message/msg/detail/string__builder.hpp
[5.768s] -- Installing: /home/robotdeveloper02/IsaacSim-ros_workspaces-main/humble_ws/install/custom_message/include/custom_message/custom_message/msg/detail/sample_msg__traits.hpp
[5.768s] -- Installing: /home/robotdeveloper02/IsaacSim-ros_workspaces-main/humble_ws/install/custom_message/include/custom_message/custom_message/msg/detail/string__struct.hpp
[5.768s] -- Installing: /home/robotdeveloper02/IsaacSim-ros_workspaces-main/humble_ws/install/custom_message/include/custom_message/custom_message/msg/detail/pose_stamped__builder.hpp
[5.768s] -- Installing: /home/robotdeveloper02/IsaacSim-ros_workspaces-main/humble_ws/install/custom_message/include/custom_message/custom_message/msg/detail/pose_stamped__traits.hpp
[5.769s] -- Installing: /home/robotdeveloper02/IsaacSim-ros_workspaces-main/humble_ws/install/custom_message/include/custom_message/custom_message/msg/detail/imu_msg__traits.hpp
[5.769s] -- Installing: /home/robotdeveloper02/IsaacSim-ros_workspaces-main/humble_ws/install/custom_message/include/custom_message/custom_message/msg/detail/sample_msg__builder.hpp
[5.769s] -- Installing: /home/robotdeveloper02/IsaacSim-ros_workspaces-main/humble_ws/install/custom_message/include/custom_message/custom_message/msg/detail/pose_stamped__struct.hpp
[5.769s] -- Installing: /home/robotdeveloper02/IsaacSim-ros_workspaces-main/humble_ws/install/custom_message/include/custom_message/custom_message/msg/imu_msg.hpp
[5.769s] -- Installing: /home/robotdeveloper02/IsaacSim-ros_workspaces-main/humble_ws/install/custom_message/include/custom_message/custom_message/msg/string.hpp
[5.769s] -- Installing: /home/robotdeveloper02/IsaacSim-ros_workspaces-main/humble_ws/install/custom_message/include/custom_message/custom_message/msg/sample_msg.hpp
[5.769s] -- Installing: /home/robotdeveloper02/IsaacSim-ros_workspaces-main/humble_ws/install/custom_message/include/custom_message/custom_message/msg/pose_stamped.hpp
[5.769s] -- Up-to-date: /home/robotdeveloper02/IsaacSim-ros_workspaces-main/humble_ws/install/custom_message/include/custom_message/custom_message
[5.769s] -- Up-to-date: /home/robotdeveloper02/IsaacSim-ros_workspaces-main/humble_ws/install/custom_message/include/custom_message/custom_message/msg
[5.769s] -- Up-to-date: /home/robotdeveloper02/IsaacSim-ros_workspaces-main/humble_ws/install/custom_message/include/custom_message/custom_message/msg/detail
[5.769s] -- Installing: /home/robotdeveloper02/IsaacSim-ros_workspaces-main/humble_ws/install/custom_message/include/custom_message/custom_message/msg/detail/imu_msg__rosidl_typesupport_fastrtps_cpp.hpp
[5.769s] -- Installing: /home/robotdeveloper02/IsaacSim-ros_workspaces-main/humble_ws/install/custom_message/include/custom_message/custom_message/msg/detail/dds_fastrtps
[5.769s] -- Installing: /home/robotdeveloper02/IsaacSim-ros_workspaces-main/humble_ws/install/custom_message/include/custom_message/custom_message/msg/detail/pose_stamped__rosidl_typesupport_fastrtps_cpp.hpp
[5.770s] -- Installing: /home/robotdeveloper02/IsaacSim-ros_workspaces-main/humble_ws/install/custom_message/include/custom_message/custom_message/msg/detail/string__rosidl_typesupport_fastrtps_cpp.hpp
[5.770s] -- Installing: /home/robotdeveloper02/IsaacSim-ros_workspaces-main/humble_ws/install/custom_message/include/custom_message/custom_message/msg/detail/sample_msg__rosidl_typesupport_fastrtps_cpp.hpp
[5.770s] -- Installing: /home/robotdeveloper02/IsaacSim-ros_workspaces-main/humble_ws/install/custom_message/include/custom_message/custom_message/msg/rosidl_typesupport_fastrtps_cpp__visibility_control.h
[5.770s] -- Installing: /home/robotdeveloper02/IsaacSim-ros_workspaces-main/humble_ws/install/custom_message/lib/libcustom_message__rosidl_typesupport_fastrtps_cpp.so
[5.770s] -- Set runtime path of "/home/robotdeveloper02/IsaacSim-ros_workspaces-main/humble_ws/install/custom_message/lib/libcustom_message__rosidl_typesupport_fastrtps_cpp.so" to ""
[5.770s] -- Up-to-date: /home/robotdeveloper02/IsaacSim-ros_workspaces-main/humble_ws/install/custom_message/include/custom_message/custom_message
[5.770s] -- Up-to-date: /home/robotdeveloper02/IsaacSim-ros_workspaces-main/humble_ws/install/custom_message/include/custom_message/custom_message/msg
[5.770s] -- Up-to-date: /home/robotdeveloper02/IsaacSim-ros_workspaces-main/humble_ws/install/custom_message/include/custom_message/custom_message/msg/detail
[5.770s] -- Installing: /home/robotdeveloper02/IsaacSim-ros_workspaces-main/humble_ws/install/custom_message/include/custom_message/custom_message/msg/detail/sample_msg__type_support.c
[5.770s] -- Installing: /home/robotdeveloper02/IsaacSim-ros_workspaces-main/humble_ws/install/custom_message/include/custom_message/custom_message/msg/detail/pose_stamped__rosidl_typesupport_introspection_c.h
[5.770s] -- Installing: /home/robotdeveloper02/IsaacSim-ros_workspaces-main/humble_ws/install/custom_message/include/custom_message/custom_message/msg/detail/imu_msg__type_support.c
[5.770s] -- Installing: /home/robotdeveloper02/IsaacSim-ros_workspaces-main/humble_ws/install/custom_message/include/custom_message/custom_message/msg/detail/imu_msg__rosidl_typesupport_introspection_c.h
[5.770s] -- Installing: /home/robotdeveloper02/IsaacSim-ros_workspaces-main/humble_ws/install/custom_message/include/custom_message/custom_message/msg/detail/pose_stamped__type_support.c
[5.771s] -- Installing: /home/robotdeveloper02/IsaacSim-ros_workspaces-main/humble_ws/install/custom_message/include/custom_message/custom_message/msg/detail/string__rosidl_typesupport_introspection_c.h
[5.771s] -- Installing: /home/robotdeveloper02/IsaacSim-ros_workspaces-main/humble_ws/install/custom_message/include/custom_message/custom_message/msg/detail/sample_msg__rosidl_typesupport_introspection_c.h
[5.771s] -- Installing: /home/robotdeveloper02/IsaacSim-ros_workspaces-main/humble_ws/install/custom_message/include/custom_message/custom_message/msg/detail/string__type_support.c
[5.771s] -- Installing: /home/robotdeveloper02/IsaacSim-ros_workspaces-main/humble_ws/install/custom_message/include/custom_message/custom_message/msg/rosidl_typesupport_introspection_c__visibility_control.h
[5.771s] -- Installing: /home/robotdeveloper02/IsaacSim-ros_workspaces-main/humble_ws/install/custom_message/lib/libcustom_message__rosidl_typesupport_introspection_c.so
[5.771s] -- Set runtime path of "/home/robotdeveloper02/IsaacSim-ros_workspaces-main/humble_ws/install/custom_message/lib/libcustom_message__rosidl_typesupport_introspection_c.so" to ""
[5.771s] -- Installing: /home/robotdeveloper02/IsaacSim-ros_workspaces-main/humble_ws/install/custom_message/lib/libcustom_message__rosidl_typesupport_c.so
[5.771s] -- Set runtime path of "/home/robotdeveloper02/IsaacSim-ros_workspaces-main/humble_ws/install/custom_message/lib/libcustom_message__rosidl_typesupport_c.so" to ""
[5.771s] -- Up-to-date: /home/robotdeveloper02/IsaacSim-ros_workspaces-main/humble_ws/install/custom_message/include/custom_message/custom_message
[5.771s] -- Up-to-date: /home/robotdeveloper02/IsaacSim-ros_workspaces-main/humble_ws/install/custom_message/include/custom_message/custom_message/msg
[5.771s] -- Up-to-date: /home/robotdeveloper02/IsaacSim-ros_workspaces-main/humble_ws/install/custom_message/include/custom_message/custom_message/msg/detail
[5.771s] -- Installing: /home/robotdeveloper02/IsaacSim-ros_workspaces-main/humble_ws/install/custom_message/include/custom_message/custom_message/msg/detail/sample_msg__type_support.cpp
[5.771s] -- Installing: /home/robotdeveloper02/IsaacSim-ros_workspaces-main/humble_ws/install/custom_message/include/custom_message/custom_message/msg/detail/string__type_support.cpp
[5.771s] -- Installing: /home/robotdeveloper02/IsaacSim-ros_workspaces-main/humble_ws/install/custom_message/include/custom_message/custom_message/msg/detail/imu_msg__rosidl_typesupport_introspection_cpp.hpp
[5.772s] -- Installing: /home/robotdeveloper02/IsaacSim-ros_workspaces-main/humble_ws/install/custom_message/include/custom_message/custom_message/msg/detail/string__rosidl_typesupport_introspection_cpp.hpp
[5.772s] -- Installing: /home/robotdeveloper02/IsaacSim-ros_workspaces-main/humble_ws/install/custom_message/include/custom_message/custom_message/msg/detail/pose_stamped__type_support.cpp
[5.772s] -- Installing: /home/robotdeveloper02/IsaacSim-ros_workspaces-main/humble_ws/install/custom_message/include/custom_message/custom_message/msg/detail/imu_msg__type_support.cpp
[5.772s] -- Installing: /home/robotdeveloper02/IsaacSim-ros_workspaces-main/humble_ws/install/custom_message/include/custom_message/custom_message/msg/detail/pose_stamped__rosidl_typesupport_introspection_cpp.hpp
[5.772s] -- Installing: /home/robotdeveloper02/IsaacSim-ros_workspaces-main/humble_ws/install/custom_message/include/custom_message/custom_message/msg/detail/sample_msg__rosidl_typesupport_introspection_cpp.hpp
[5.772s] -- Installing: /home/robotdeveloper02/IsaacSim-ros_workspaces-main/humble_ws/install/custom_message/lib/libcustom_message__rosidl_typesupport_introspection_cpp.so
[5.772s] -- Set runtime path of "/home/robotdeveloper02/IsaacSim-ros_workspaces-main/humble_ws/install/custom_message/lib/libcustom_message__rosidl_typesupport_introspection_cpp.so" to ""
[5.772s] -- Installing: /home/robotdeveloper02/IsaacSim-ros_workspaces-main/humble_ws/install/custom_message/lib/libcustom_message__rosidl_typesupport_cpp.so
[5.772s] -- Set runtime path of "/home/robotdeveloper02/IsaacSim-ros_workspaces-main/humble_ws/install/custom_message/lib/libcustom_message__rosidl_typesupport_cpp.so" to ""
[5.772s] -- Installing: /home/robotdeveloper02/IsaacSim-ros_workspaces-main/humble_ws/install/custom_message/share/custom_message/environment/pythonpath.sh
[5.772s] -- Installing: /home/robotdeveloper02/IsaacSim-ros_workspaces-main/humble_ws/install/custom_message/share/custom_message/environment/pythonpath.dsv
[5.772s] -- Installing: /home/robotdeveloper02/IsaacSim-ros_workspaces-main/humble_ws/install/custom_message/local/lib/python3.10/dist-packages/custom_message-0.0.0-py3.10.egg-info
[5.773s] -- Installing: /home/robotdeveloper02/IsaacSim-ros_workspaces-main/humble_ws/install/custom_message/local/lib/python3.10/dist-packages/custom_message-0.0.0-py3.10.egg-info/PKG-INFO
[5.773s] -- Installing: /home/robotdeveloper02/IsaacSim-ros_workspaces-main/humble_ws/install/custom_message/local/lib/python3.10/dist-packages/custom_message-0.0.0-py3.10.egg-info/dependency_links.txt
[5.773s] -- Installing: /home/robotdeveloper02/IsaacSim-ros_workspaces-main/humble_ws/install/custom_message/local/lib/python3.10/dist-packages/custom_message-0.0.0-py3.10.egg-info/top_level.txt
[5.773s] -- Installing: /home/robotdeveloper02/IsaacSim-ros_workspaces-main/humble_ws/install/custom_message/local/lib/python3.10/dist-packages/custom_message-0.0.0-py3.10.egg-info/SOURCES.txt
[5.773s] -- Installing: /home/robotdeveloper02/IsaacSim-ros_workspaces-main/humble_ws/install/custom_message/local/lib/python3.10/dist-packages/custom_message
[5.773s] -- Installing: /home/robotdeveloper02/IsaacSim-ros_workspaces-main/humble_ws/install/custom_message/local/lib/python3.10/dist-packages/custom_message/_custom_message_s.ep.rosidl_typesupport_introspection_c.c
[5.773s] -- Installing: /home/robotdeveloper02/IsaacSim-ros_workspaces-main/humble_ws/install/custom_message/local/lib/python3.10/dist-packages/custom_message/_custom_message_s.ep.rosidl_typesupport_fastrtps_c.c
[5.773s] -- Installing: /home/robotdeveloper02/IsaacSim-ros_workspaces-main/humble_ws/install/custom_message/local/lib/python3.10/dist-packages/custom_message/__init__.py
[5.773s] -- Installing: /home/robotdeveloper02/IsaacSim-ros_workspaces-main/humble_ws/install/custom_message/local/lib/python3.10/dist-packages/custom_message/_custom_message_s.ep.rosidl_typesupport_c.c
[5.774s] -- Installing: /home/robotdeveloper02/IsaacSim-ros_workspaces-main/humble_ws/install/custom_message/local/lib/python3.10/dist-packages/custom_message/custom_message_s__rosidl_typesupport_fastrtps_c.cpython-310-x86_64-linux-gnu.so
[5.774s] -- Installing: /home/robotdeveloper02/IsaacSim-ros_workspaces-main/humble_ws/install/custom_message/local/lib/python3.10/dist-packages/custom_message/msg
[5.774s] -- Installing: /home/robotdeveloper02/IsaacSim-ros_workspaces-main/humble_ws/install/custom_message/local/lib/python3.10/dist-packages/custom_message/msg/_sample_msg_s.c
[5.774s] -- Installing: /home/robotdeveloper02/IsaacSim-ros_workspaces-main/humble_ws/install/custom_message/local/lib/python3.10/dist-packages/custom_message/msg/_imu_msg.py
[5.774s] -- Installing: /home/robotdeveloper02/IsaacSim-ros_workspaces-main/humble_ws/install/custom_message/local/lib/python3.10/dist-packages/custom_message/msg/_pose_stamped_s.c
[5.774s] -- Installing: /home/robotdeveloper02/IsaacSim-ros_workspaces-main/humble_ws/install/custom_message/local/lib/python3.10/dist-packages/custom_message/msg/_string.py
[5.774s] -- Installing: /home/robotdeveloper02/IsaacSim-ros_workspaces-main/humble_ws/install/custom_message/local/lib/python3.10/dist-packages/custom_message/msg/_pose_stamped.py
[5.774s] -- Installing: /home/robotdeveloper02/IsaacSim-ros_workspaces-main/humble_ws/install/custom_message/local/lib/python3.10/dist-packages/custom_message/msg/__init__.py
[5.774s] -- Installing: /home/robotdeveloper02/IsaacSim-ros_workspaces-main/humble_ws/install/custom_message/local/lib/python3.10/dist-packages/custom_message/msg/_sample_msg.py
[5.774s] -- Installing: /home/robotdeveloper02/IsaacSim-ros_workspaces-main/humble_ws/install/custom_message/local/lib/python3.10/dist-packages/custom_message/msg/_string_s.c
[5.775s] -- Installing: /home/robotdeveloper02/IsaacSim-ros_workspaces-main/humble_ws/install/custom_message/local/lib/python3.10/dist-packages/custom_message/msg/_imu_msg_s.c
[5.775s] -- Installing: /home/robotdeveloper02/IsaacSim-ros_workspaces-main/humble_ws/install/custom_message/local/lib/python3.10/dist-packages/custom_message/custom_message_s__rosidl_typesupport_c.cpython-310-x86_64-linux-gnu.so
[5.775s] -- Installing: /home/robotdeveloper02/IsaacSim-ros_workspaces-main/humble_ws/install/custom_message/local/lib/python3.10/dist-packages/custom_message/custom_message_s__rosidl_typesupport_introspection_c.cpython-310-x86_64-linux-gnu.so
[5.775s] -- Installing: /home/robotdeveloper02/IsaacSim-ros_workspaces-main/humble_ws/install/custom_message/local/lib/python3.10/dist-packages/custom_message/libcustom_message__rosidl_generator_py.so
[5.810s] Listing '/home/robotdeveloper02/IsaacSim-ros_workspaces-main/humble_ws/install/custom_message/local/lib/python3.10/dist-packages/custom_message'...
[5.810s] Compiling '/home/robotdeveloper02/IsaacSim-ros_workspaces-main/humble_ws/install/custom_message/local/lib/python3.10/dist-packages/custom_message/__init__.py'...
[5.810s] Listing '/home/robotdeveloper02/IsaacSim-ros_workspaces-main/humble_ws/install/custom_message/local/lib/python3.10/dist-packages/custom_message/msg'...
[5.810s] Compiling '/home/robotdeveloper02/IsaacSim-ros_workspaces-main/humble_ws/install/custom_message/local/lib/python3.10/dist-packages/custom_message/msg/__init__.py'...
[5.810s] Compiling '/home/robotdeveloper02/IsaacSim-ros_workspaces-main/humble_ws/install/custom_message/local/lib/python3.10/dist-packages/custom_message/msg/_imu_msg.py'...
[5.810s] Compiling '/home/robotdeveloper02/IsaacSim-ros_workspaces-main/humble_ws/install/custom_message/local/lib/python3.10/dist-packages/custom_message/msg/_pose_stamped.py'...
[5.810s] Compiling '/home/robotdeveloper02/IsaacSim-ros_workspaces-main/humble_ws/install/custom_message/local/lib/python3.10/dist-packages/custom_message/msg/_sample_msg.py'...
[5.810s] Compiling '/home/robotdeveloper02/IsaacSim-ros_workspaces-main/humble_ws/install/custom_message/local/lib/python3.10/dist-packages/custom_message/msg/_string.py'...
[5.814s] -- Installing: /home/robotdeveloper02/IsaacSim-ros_workspaces-main/humble_ws/install/custom_message/local/lib/python3.10/dist-packages/custom_message/custom_message_s__rosidl_typesupport_fastrtps_c.cpython-310-x86_64-linux-gnu.so
[5.815s] -- Set runtime path of "/home/robotdeveloper02/IsaacSim-ros_workspaces-main/humble_ws/install/custom_message/local/lib/python3.10/dist-packages/custom_message/custom_message_s__rosidl_typesupport_fastrtps_c.cpython-310-x86_64-linux-gnu.so" to ""
[5.815s] -- Installing: /home/robotdeveloper02/IsaacSim-ros_workspaces-main/humble_ws/install/custom_message/local/lib/python3.10/dist-packages/custom_message/custom_message_s__rosidl_typesupport_introspection_c.cpython-310-x86_64-linux-gnu.so
[5.815s] -- Set runtime path of "/home/robotdeveloper02/IsaacSim-ros_workspaces-main/humble_ws/install/custom_message/local/lib/python3.10/dist-packages/custom_message/custom_message_s__rosidl_typesupport_introspection_c.cpython-310-x86_64-linux-gnu.so" to ""
[5.815s] -- Installing: /home/robotdeveloper02/IsaacSim-ros_workspaces-main/humble_ws/install/custom_message/local/lib/python3.10/dist-packages/custom_message/custom_message_s__rosidl_typesupport_c.cpython-310-x86_64-linux-gnu.so
[5.815s] -- Set runtime path of "/home/robotdeveloper02/IsaacSim-ros_workspaces-main/humble_ws/install/custom_message/local/lib/python3.10/dist-packages/custom_message/custom_message_s__rosidl_typesupport_c.cpython-310-x86_64-linux-gnu.so" to ""
[5.815s] -- Installing: /home/robotdeveloper02/IsaacSim-ros_workspaces-main/humble_ws/install/custom_message/lib/libcustom_message__rosidl_generator_py.so
[5.816s] -- Set runtime path of "/home/robotdeveloper02/IsaacSim-ros_workspaces-main/humble_ws/install/custom_message/lib/libcustom_message__rosidl_generator_py.so" to ""
[5.816s] -- Installing: /home/robotdeveloper02/IsaacSim-ros_workspaces-main/humble_ws/install/custom_message/share/custom_message/msg/PoseStamped.idl
[5.816s] -- Installing: /home/robotdeveloper02/IsaacSim-ros_workspaces-main/humble_ws/install/custom_message/share/custom_message/msg/SampleMsg.idl
[5.816s] -- Installing: /home/robotdeveloper02/IsaacSim-ros_workspaces-main/humble_ws/install/custom_message/share/custom_message/msg/ImuMsg.idl
[5.816s] -- Installing: /home/robotdeveloper02/IsaacSim-ros_workspaces-main/humble_ws/install/custom_message/share/custom_message/msg/String.idl
[5.816s] -- Installing: /home/robotdeveloper02/IsaacSim-ros_workspaces-main/humble_ws/install/custom_message/share/custom_message/msg/PoseStamped.msg
[5.816s] -- Installing: /home/robotdeveloper02/IsaacSim-ros_workspaces-main/humble_ws/install/custom_message/share/custom_message/msg/SampleMsg.msg
[5.816s] -- Installing: /home/robotdeveloper02/IsaacSim-ros_workspaces-main/humble_ws/install/custom_message/share/custom_message/msg/ImuMsg.msg
[5.816s] -- Installing: /home/robotdeveloper02/IsaacSim-ros_workspaces-main/humble_ws/install/custom_message/share/custom_message/msg/String.msg
[5.816s] -- Installing: /home/robotdeveloper02/IsaacSim-ros_workspaces-main/humble_ws/install/custom_message/share/ament_index/resource_index/package_run_dependencies/custom_message
[5.817s] -- Installing: /home/robotdeveloper02/IsaacSim-ros_workspaces-main/humble_ws/install/custom_message/share/ament_index/resource_index/parent_prefix_path/custom_message
[5.817s] -- Installing: /home/robotdeveloper02/IsaacSim-ros_workspaces-main/humble_ws/install/custom_message/share/custom_message/environment/ament_prefix_path.sh
[5.817s] -- Installing: /home/robotdeveloper02/IsaacSim-ros_workspaces-main/humble_ws/install/custom_message/share/custom_message/environment/ament_prefix_path.dsv
[5.817s] -- Installing: /home/robotdeveloper02/IsaacSim-ros_workspaces-main/humble_ws/install/custom_message/share/custom_message/environment/path.sh
[5.817s] -- Installing: /home/robotdeveloper02/IsaacSim-ros_workspaces-main/humble_ws/install/custom_message/share/custom_message/environment/path.dsv
[5.817s] -- Installing: /home/robotdeveloper02/IsaacSim-ros_workspaces-main/humble_ws/install/custom_message/share/custom_message/local_setup.bash
[5.817s] -- Installing: /home/robotdeveloper02/IsaacSim-ros_workspaces-main/humble_ws/install/custom_message/share/custom_message/local_setup.sh
[5.817s] -- Installing: /home/robotdeveloper02/IsaacSim-ros_workspaces-main/humble_ws/install/custom_message/share/custom_message/local_setup.zsh
[5.818s] -- Installing: /home/robotdeveloper02/IsaacSim-ros_workspaces-main/humble_ws/install/custom_message/share/custom_message/local_setup.dsv
[5.818s] -- Installing: /home/robotdeveloper02/IsaacSim-ros_workspaces-main/humble_ws/install/custom_message/share/custom_message/package.dsv
[5.818s] -- Installing: /home/robotdeveloper02/IsaacSim-ros_workspaces-main/humble_ws/install/custom_message/share/ament_index/resource_index/packages/custom_message
[5.818s] -- Installing: /home/robotdeveloper02/IsaacSim-ros_workspaces-main/humble_ws/install/custom_message/share/custom_message/cmake/export_custom_message__rosidl_generator_cExport.cmake
[5.818s] -- Installing: /home/robotdeveloper02/IsaacSim-ros_workspaces-main/humble_ws/install/custom_message/share/custom_message/cmake/export_custom_message__rosidl_generator_cExport-noconfig.cmake
[5.818s] -- Installing: /home/robotdeveloper02/IsaacSim-ros_workspaces-main/humble_ws/install/custom_message/share/custom_message/cmake/export_custom_message__rosidl_typesupport_fastrtps_cExport.cmake
[5.818s] -- Installing: /home/robotdeveloper02/IsaacSim-ros_workspaces-main/humble_ws/install/custom_message/share/custom_message/cmake/export_custom_message__rosidl_typesupport_fastrtps_cExport-noconfig.cmake
[5.818s] -- Installing: /home/robotdeveloper02/IsaacSim-ros_workspaces-main/humble_ws/install/custom_message/share/custom_message/cmake/export_custom_message__rosidl_generator_cppExport.cmake
[5.818s] -- Installing: /home/robotdeveloper02/IsaacSim-ros_workspaces-main/humble_ws/install/custom_message/share/custom_message/cmake/export_custom_message__rosidl_typesupport_fastrtps_cppExport.cmake
[5.819s] -- Installing: /home/robotdeveloper02/IsaacSim-ros_workspaces-main/humble_ws/install/custom_message/share/custom_message/cmake/export_custom_message__rosidl_typesupport_fastrtps_cppExport-noconfig.cmake
[5.819s] -- Installing: /home/robotdeveloper02/IsaacSim-ros_workspaces-main/humble_ws/install/custom_message/share/custom_message/cmake/custom_message__rosidl_typesupport_introspection_cExport.cmake
[5.819s] -- Installing: /home/robotdeveloper02/IsaacSim-ros_workspaces-main/humble_ws/install/custom_message/share/custom_message/cmake/custom_message__rosidl_typesupport_introspection_cExport-noconfig.cmake
[5.819s] -- Installing: /home/robotdeveloper02/IsaacSim-ros_workspaces-main/humble_ws/install/custom_message/share/custom_message/cmake/custom_message__rosidl_typesupport_cExport.cmake
[5.819s] -- Installing: /home/robotdeveloper02/IsaacSim-ros_workspaces-main/humble_ws/install/custom_message/share/custom_message/cmake/custom_message__rosidl_typesupport_cExport-noconfig.cmake
[5.819s] -- Installing: /home/robotdeveloper02/IsaacSim-ros_workspaces-main/humble_ws/install/custom_message/share/custom_message/cmake/custom_message__rosidl_typesupport_introspection_cppExport.cmake
[5.819s] -- Installing: /home/robotdeveloper02/IsaacSim-ros_workspaces-main/humble_ws/install/custom_message/share/custom_message/cmake/custom_message__rosidl_typesupport_introspection_cppExport-noconfig.cmake
[5.819s] -- Installing: /home/robotdeveloper02/IsaacSim-ros_workspaces-main/humble_ws/install/custom_message/share/custom_message/cmake/custom_message__rosidl_typesupport_cppExport.cmake
[5.819s] -- Installing: /home/robotdeveloper02/IsaacSim-ros_workspaces-main/humble_ws/install/custom_message/share/custom_message/cmake/custom_message__rosidl_typesupport_cppExport-noconfig.cmake
[5.819s] -- Installing: /home/robotdeveloper02/IsaacSim-ros_workspaces-main/humble_ws/install/custom_message/share/custom_message/cmake/export_custom_message__rosidl_generator_pyExport.cmake
[5.820s] -- Installing: /home/robotdeveloper02/IsaacSim-ros_workspaces-main/humble_ws/install/custom_message/share/custom_message/cmake/export_custom_message__rosidl_generator_pyExport-noconfig.cmake
[5.820s] -- Installing: /home/robotdeveloper02/IsaacSim-ros_workspaces-main/humble_ws/install/custom_message/share/custom_message/cmake/rosidl_cmake-extras.cmake
[5.820s] -- Installing: /home/robotdeveloper02/IsaacSim-ros_workspaces-main/humble_ws/install/custom_message/share/custom_message/cmake/ament_cmake_export_dependencies-extras.cmake
[5.820s] -- Installing: /home/robotdeveloper02/IsaacSim-ros_workspaces-main/humble_ws/install/custom_message/share/custom_message/cmake/ament_cmake_export_include_directories-extras.cmake
[5.820s] -- Installing: /home/robotdeveloper02/IsaacSim-ros_workspaces-main/humble_ws/install/custom_message/share/custom_message/cmake/ament_cmake_export_libraries-extras.cmake
[5.820s] -- Installing: /home/robotdeveloper02/IsaacSim-ros_workspaces-main/humble_ws/install/custom_message/share/custom_message/cmake/ament_cmake_export_targets-extras.cmake
[5.820s] -- Installing: /home/robotdeveloper02/IsaacSim-ros_workspaces-main/humble_ws/install/custom_message/share/custom_message/cmake/rosidl_cmake_export_typesupport_targets-extras.cmake
[5.820s] -- Installing: /home/robotdeveloper02/IsaacSim-ros_workspaces-main/humble_ws/install/custom_message/share/custom_message/cmake/rosidl_cmake_export_typesupport_libraries-extras.cmake
[5.820s] -- Installing: /home/robotdeveloper02/IsaacSim-ros_workspaces-main/humble_ws/install/custom_message/share/custom_message/cmake/custom_messageConfig.cmake
[5.820s] -- Installing: /home/robotdeveloper02/IsaacSim-ros_workspaces-main/humble_ws/install/custom_message/share/custom_message/cmake/custom_messageConfig-version.cmake
[5.820s] -- Installing: /home/robotdeveloper02/IsaacSim-ros_workspaces-main/humble_ws/install/custom_message/share/custom_message/package.xml
[5.823s] Invoked command in '/home/robotdeveloper02/IsaacSim-ros_workspaces-main/humble_ws/build/custom_message' returned '0': CMAKE_PREFIX_PATH=${CMAKE_PREFIX_PATH}:/home/robotdeveloper02/IsaacSim-ros_workspaces-main/humble_ws/install/my_ros2_package:/home/robotdeveloper02/IsaacSim-ros_workspaces-main/humble_ws/install/jetbot_controller:/home/robotdeveloper02/IsaacSim-ros_workspaces-main/humble_ws/install/isaac_ros_navigation_goal:/home/robotdeveloper02/IsaacSim-ros_workspaces-main/humble_ws/install/error_plotter:/opt/ros/humble /usr/bin/cmake --install /home/robotdeveloper02/IsaacSim-ros_workspaces-main/humble_ws/build/custom_message
