[0.521s] Invoking command in '/home/robotdeveloper02/IsaacSim-ros_workspaces-main/humble_ws/src/jetbot_controller': PYTHONPATH=/home/robotdeveloper02/IsaacSim-ros_workspaces-main/humble_ws/src/build/jetbot_controller/prefix_override:/usr/lib/python3/dist-packages/colcon_core/task/python/colcon_distutils_commands:/home/robotdeveloper02/IsaacSim-ros_workspaces-main/humble_ws/src/install/jetbot_controller/lib/python3.10/site-packages:${PYTHONPATH} /usr/bin/python3 -W ignore:setup.py install is deprecated setup.py egg_info --egg-base ../build/jetbot_controller build --build-base /home/robotdeveloper02/IsaacSim-ros_workspaces-main/humble_ws/src/build/jetbot_controller/build install --record /home/robotdeveloper02/IsaacSim-ros_workspaces-main/humble_ws/src/build/jetbot_controller/install.log --single-version-externally-managed install_data
[0.702s] running egg_info
[0.702s] creating ../build/jetbot_controller/jetbot_controller.egg-info
[0.702s] writing ../build/jetbot_controller/jetbot_controller.egg-info/PKG-INFO
[0.703s] writing dependency_links to ../build/jetbot_controller/jetbot_controller.egg-info/dependency_links.txt
[0.703s] writing entry points to ../build/jetbot_controller/jetbot_controller.egg-info/entry_points.txt
[0.703s] writing requirements to ../build/jetbot_controller/jetbot_controller.egg-info/requires.txt
[0.703s] writing top-level names to ../build/jetbot_controller/jetbot_controller.egg-info/top_level.txt
[0.703s] writing manifest file '../build/jetbot_controller/jetbot_controller.egg-info/SOURCES.txt'
[0.704s] reading manifest file '../build/jetbot_controller/jetbot_controller.egg-info/SOURCES.txt'
[0.705s] writing manifest file '../build/jetbot_controller/jetbot_controller.egg-info/SOURCES.txt'
[0.705s] running build
[0.705s] running build_py
[0.705s] creating /home/robotdeveloper02/IsaacSim-ros_workspaces-main/humble_ws/src/build/jetbot_controller/build
[0.705s] creating /home/robotdeveloper02/IsaacSim-ros_workspaces-main/humble_ws/src/build/jetbot_controller/build/lib
[0.705s] creating /home/robotdeveloper02/IsaacSim-ros_workspaces-main/humble_ws/src/build/jetbot_controller/build/lib/jetbot_controller
[0.705s] copying jetbot_controller/__init__.py -> /home/robotdeveloper02/IsaacSim-ros_workspaces-main/humble_ws/src/build/jetbot_controller/build/lib/jetbot_controller
[0.705s] copying jetbot_controller/controller.py -> /home/robotdeveloper02/IsaacSim-ros_workspaces-main/humble_ws/src/build/jetbot_controller/build/lib/jetbot_controller
[0.705s] running install
[0.705s] running install_lib
[0.706s] creating /home/robotdeveloper02/IsaacSim-ros_workspaces-main/humble_ws/src/install/jetbot_controller/lib/python3.10/site-packages/jetbot_controller
[0.707s] copying /home/robotdeveloper02/IsaacSim-ros_workspaces-main/humble_ws/src/build/jetbot_controller/build/lib/jetbot_controller/__init__.py -> /home/robotdeveloper02/IsaacSim-ros_workspaces-main/humble_ws/src/install/jetbot_controller/lib/python3.10/site-packages/jetbot_controller
[0.707s] copying /home/robotdeveloper02/IsaacSim-ros_workspaces-main/humble_ws/src/build/jetbot_controller/build/lib/jetbot_controller/controller.py -> /home/robotdeveloper02/IsaacSim-ros_workspaces-main/humble_ws/src/install/jetbot_controller/lib/python3.10/site-packages/jetbot_controller
[0.707s] byte-compiling /home/robotdeveloper02/IsaacSim-ros_workspaces-main/humble_ws/src/install/jetbot_controller/lib/python3.10/site-packages/jetbot_controller/__init__.py to __init__.cpython-310.pyc
[0.707s] byte-compiling /home/robotdeveloper02/IsaacSim-ros_workspaces-main/humble_ws/src/install/jetbot_controller/lib/python3.10/site-packages/jetbot_controller/controller.py to controller.cpython-310.pyc
[0.708s] running install_data
[0.708s] creating /home/robotdeveloper02/IsaacSim-ros_workspaces-main/humble_ws/src/install/jetbot_controller/share/ament_index
[0.708s] creating /home/robotdeveloper02/IsaacSim-ros_workspaces-main/humble_ws/src/install/jetbot_controller/share/ament_index/resource_index
[0.708s] creating /home/robotdeveloper02/IsaacSim-ros_workspaces-main/humble_ws/src/install/jetbot_controller/share/ament_index/resource_index/packages
[0.708s] copying resource/jetbot_controller -> /home/robotdeveloper02/IsaacSim-ros_workspaces-main/humble_ws/src/install/jetbot_controller/share/ament_index/resource_index/packages
[0.708s] copying package.xml -> /home/robotdeveloper02/IsaacSim-ros_workspaces-main/humble_ws/src/install/jetbot_controller/share/jetbot_controller
[0.708s] running install_egg_info
[0.709s] Copying ../build/jetbot_controller/jetbot_controller.egg-info to /home/robotdeveloper02/IsaacSim-ros_workspaces-main/humble_ws/src/install/jetbot_controller/lib/python3.10/site-packages/jetbot_controller-0.0.0-py3.10.egg-info
[0.710s] running install_scripts
[0.725s] Installing jetbot_controller script to /home/robotdeveloper02/IsaacSim-ros_workspaces-main/humble_ws/src/install/jetbot_controller/lib/jetbot_controller
[0.725s] writing list of installed files to '/home/robotdeveloper02/IsaacSim-ros_workspaces-main/humble_ws/src/build/jetbot_controller/install.log'
[0.743s] Invoked command in '/home/robotdeveloper02/IsaacSim-ros_workspaces-main/humble_ws/src/jetbot_controller' returned '0': PYTHONPATH=/home/robotdeveloper02/IsaacSim-ros_workspaces-main/humble_ws/src/build/jetbot_controller/prefix_override:/usr/lib/python3/dist-packages/colcon_core/task/python/colcon_distutils_commands:/home/robotdeveloper02/IsaacSim-ros_workspaces-main/humble_ws/src/install/jetbot_controller/lib/python3.10/site-packages:${PYTHONPATH} /usr/bin/python3 -W ignore:setup.py install is deprecated setup.py egg_info --egg-base ../build/jetbot_controller build --build-base /home/robotdeveloper02/IsaacSim-ros_workspaces-main/humble_ws/src/build/jetbot_controller/build install --record /home/robotdeveloper02/IsaacSim-ros_workspaces-main/humble_ws/src/build/jetbot_controller/install.log --single-version-externally-managed install_data
