[0.016s] Invoking command in '/home/robotdeveloper02/IsaacSim-ros_workspaces-main/humble_ws/build/custom_message': CMAKE_PREFIX_PATH=${CMAKE_PREFIX_PATH}:/opt/ros/humble CONDA_PROMPT_MODIFIER=(base) /usr/bin/cmake /home/robotdeveloper02/IsaacSim-ros_workspaces-main/humble_ws/src/custom_message -DCMAKE_INSTALL_PREFIX=/home/robotdeveloper02/IsaacSim-ros_workspaces-main/humble_ws/install/custom_message
[0.189s] -- Found ament_cmake: 1.3.9 (/opt/ros/humble/share/ament_cmake/cmake)
[0.190s] -- Found std_msgs: 4.2.4 (/opt/ros/humble/share/std_msgs/cmake)
[0.190s] -- Found rosidl_generator_c: 3.1.5 (/opt/ros/humble/share/rosidl_generator_c/cmake)
[0.190s] -- Found rosidl_adapter: 3.1.5 (/opt/ros/humble/share/rosidl_adapter/cmake)
[0.190s] -- Found rosidl_generator_cpp: 3.1.5 (/opt/ros/humble/share/rosidl_generator_cpp/cmake)
[0.190s] -- Using all available rosidl_typesupport_c: rosidl_typesupport_fastrtps_c;rosidl_typesupport_introspection_c
[0.190s] -- Using all available rosidl_typesupport_cpp: rosidl_typesupport_fastrtps_cpp;rosidl_typesupport_introspection_cpp
[0.190s] -- Found rosidl_default_generators: 1.2.0 (/opt/ros/humble/share/rosidl_default_generators/cmake)
[0.252s] [31mCMake Error at /opt/ros/humble/share/rosidl_adapter/cmake/rosidl_adapt_interfaces.cmake:59 (message):
[0.252s]   execute_process(/home/robotdeveloper02/anaconda3/bin/python3 -m
[0.252s]   rosidl_adapter --package-name custom_message --arguments-file
[0.252s]   /home/robotdeveloper02/IsaacSim-ros_workspaces-main/humble_ws/build/custom_message/rosidl_adapter__arguments__custom_message.json
[0.252s]   --output-dir
[0.252s]   /home/robotdeveloper02/IsaacSim-ros_workspaces-main/humble_ws/build/custom_message/rosidl_adapter/custom_message
[0.252s]   --output-file
[0.252s]   /home/robotdeveloper02/IsaacSim-ros_workspaces-main/humble_ws/build/custom_message/rosidl_adapter/custom_message.idls)
[0.252s]   returned error code 1:
[0.252s] 
[0.252s]   Traceback (most recent call last):
[0.252s] 
[0.252s]     File "<frozen runpy>", line 198, in _run_module_as_main
[0.252s]     File "<frozen runpy>", line 88, in _run_code
[0.252s]     File "/opt/ros/humble/local/lib/python3.10/dist-packages/rosidl_adapter/__main__.py", line 19, in <module>
[0.252s]       sys.exit(main())
[0.252s]                ^^^^^^
[0.252s]     File "/opt/ros/humble/local/lib/python3.10/dist-packages/rosidl_adapter/main.py", line 53, in main
[0.252s]       abs_idl_file = convert_to_idl(
[0.252s]                      ^^^^^^^^^^^^^^^
[0.253s]     File "/opt/ros/humble/local/lib/python3.10/dist-packages/rosidl_adapter/__init__.py", line 18, in convert_to_idl
[0.253s]       from rosidl_adapter.msg import convert_msg_to_idl
[0.253s]     File "/opt/ros/humble/local/lib/python3.10/dist-packages/rosidl_adapter/msg/__init__.py", line 16, in <module>
[0.253s]       from rosidl_adapter.resource import expand_template
[0.253s]     File "/opt/ros/humble/local/lib/python3.10/dist-packages/rosidl_adapter/resource/__init__.py", line 19, in <module>
[0.253s]       import em
[0.253s] 
[0.253s]   ModuleNotFoundError: No module named 'em'
[0.253s] 
[0.253s] Call Stack (most recent call first):
[0.253s]   /opt/ros/humble/share/rosidl_cmake/cmake/rosidl_generate_interfaces.cmake:130 (rosidl_adapt_interfaces)
[0.253s]   CMakeLists.txt:23 (rosidl_generate_interfaces)
[0.253s] 
[0.253s] [0m
[0.253s] -- Configuring incomplete, errors occurred!
[0.253s] See also "/home/robotdeveloper02/IsaacSim-ros_workspaces-main/humble_ws/build/custom_message/CMakeFiles/CMakeOutput.log".
