[1.407s] Invoking command in '/home/robotdeveloper02/IsaacSim-ros_workspaces-main/humble_ws/src/error_plotter': PYTHONPATH=/home/robotdeveloper02/IsaacSim-ros_workspaces-main/humble_ws/build/error_plotter/prefix_override:/usr/lib/python3/dist-packages/colcon_core/task/python/colcon_distutils_commands:/home/robotdeveloper02/IsaacSim-ros_workspaces-main/humble_ws/install/error_plotter/lib/python3.10/site-packages:${PYTHONPATH} /usr/bin/python3 -W ignore:setup.py install is deprecated setup.py egg_info --egg-base ../../build/error_plotter build --build-base /home/robotdeveloper02/IsaacSim-ros_workspaces-main/humble_ws/build/error_plotter/build install --record /home/robotdeveloper02/IsaacSim-ros_workspaces-main/humble_ws/build/error_plotter/install.log --single-version-externally-managed install_data
[1.632s] running egg_info
[1.633s] writing ../../build/error_plotter/error_plotter.egg-info/PKG-INFO
[1.633s] writing dependency_links to ../../build/error_plotter/error_plotter.egg-info/dependency_links.txt
[1.634s] writing entry points to ../../build/error_plotter/error_plotter.egg-info/entry_points.txt
[1.634s] writing requirements to ../../build/error_plotter/error_plotter.egg-info/requires.txt
[1.634s] writing top-level names to ../../build/error_plotter/error_plotter.egg-info/top_level.txt
[1.635s] reading manifest file '../../build/error_plotter/error_plotter.egg-info/SOURCES.txt'
[1.636s] writing manifest file '../../build/error_plotter/error_plotter.egg-info/SOURCES.txt'
[1.636s] running build
[1.636s] running build_py
[1.637s] running install
[1.637s] running install_lib
[1.639s] running install_data
[1.639s] running install_egg_info
[1.641s] removing '/home/robotdeveloper02/IsaacSim-ros_workspaces-main/humble_ws/install/error_plotter/lib/python3.10/site-packages/error_plotter-0.0.0-py3.10.egg-info' (and everything under it)
[1.641s] Copying ../../build/error_plotter/error_plotter.egg-info to /home/robotdeveloper02/IsaacSim-ros_workspaces-main/humble_ws/install/error_plotter/lib/python3.10/site-packages/error_plotter-0.0.0-py3.10.egg-info
[1.642s] running install_scripts
[1.661s] Installing error_plotter script to /home/robotdeveloper02/IsaacSim-ros_workspaces-main/humble_ws/install/error_plotter/lib/error_plotter
[1.661s] writing list of installed files to '/home/robotdeveloper02/IsaacSim-ros_workspaces-main/humble_ws/build/error_plotter/install.log'
[1.689s] Invoked command in '/home/robotdeveloper02/IsaacSim-ros_workspaces-main/humble_ws/src/error_plotter' returned '0': PYTHONPATH=/home/robotdeveloper02/IsaacSim-ros_workspaces-main/humble_ws/build/error_plotter/prefix_override:/usr/lib/python3/dist-packages/colcon_core/task/python/colcon_distutils_commands:/home/robotdeveloper02/IsaacSim-ros_workspaces-main/humble_ws/install/error_plotter/lib/python3.10/site-packages:${PYTHONPATH} /usr/bin/python3 -W ignore:setup.py install is deprecated setup.py egg_info --egg-base ../../build/error_plotter build --build-base /home/robotdeveloper02/IsaacSim-ros_workspaces-main/humble_ws/build/error_plotter/build install --record /home/robotdeveloper02/IsaacSim-ros_workspaces-main/humble_ws/build/error_plotter/install.log --single-version-externally-managed install_data
