[  1%] Built target isaac_ros2_messages__cpp
[ 12%] Built target isaac_ros2_messages__rosidl_generator_c
[ 12%] Built target ament_cmake_python_copy_isaac_ros2_messages
[ 23%] Built target isaac_ros2_messages__rosidl_typesupport_c
[ 44%] Built target isaac_ros2_messages__rosidl_typesupport_fastrtps_cpp
[ 57%] Built target isaac_ros2_messages__rosidl_typesupport_introspection_c
[ 57%] Built target isaac_ros2_messages__rosidl_typesupport_introspection_cpp
[ 68%] Built target isaac_ros2_messages__rosidl_typesupport_cpp
[ 79%] Built target isaac_ros2_messages__rosidl_typesupport_fastrtps_c
[ 79%] Built target isaac_ros2_messages
[ 80%] Built target isaac_ros2_messages__py
[ 90%] Built target isaac_ros2_messages__rosidl_generator_py
[ 93%] Built target isaac_ros2_messages__rosidl_typesupport_c__pyext
[100%] Built target isaac_ros2_messages__rosidl_typesupport_fastrtps_c__pyext
[100%] Built target isaac_ros2_messages__rosidl_typesupport_introspection_c__pyext
running egg_info
writing isaac_ros2_messages.egg-info/PKG-INFO
writing dependency_links to isaac_ros2_messages.egg-info/dependency_links.txt
writing top-level names to isaac_ros2_messages.egg-info/top_level.txt
reading manifest file 'isaac_ros2_messages.egg-info/SOURCES.txt'
writing manifest file 'isaac_ros2_messages.egg-info/SOURCES.txt'
[100%] Built target ament_cmake_python_build_isaac_ros2_messages_egg
