running egg_info
creating ../../build/error_plotter/error_plotter.egg-info
writing ../../build/error_plotter/error_plotter.egg-info/PKG-INFO
writing dependency_links to ../../build/error_plotter/error_plotter.egg-info/dependency_links.txt
writing entry points to ../../build/error_plotter/error_plotter.egg-info/entry_points.txt
writing requirements to ../../build/error_plotter/error_plotter.egg-info/requires.txt
writing top-level names to ../../build/error_plotter/error_plotter.egg-info/top_level.txt
writing manifest file '../../build/error_plotter/error_plotter.egg-info/SOURCES.txt'
reading manifest file '../../build/error_plotter/error_plotter.egg-info/SOURCES.txt'
writing manifest file '../../build/error_plotter/error_plotter.egg-info/SOURCES.txt'
running build
running build_py
creating /home/robotdeveloper02/IsaacSim-ros_workspaces-main/humble_ws/build/error_plotter/build
creating /home/robotdeveloper02/IsaacSim-ros_workspaces-main/humble_ws/build/error_plotter/build/lib
creating /home/robotdeveloper02/IsaacSim-ros_workspaces-main/humble_ws/build/error_plotter/build/lib/error_plotter
copying error_plotter/__init__.py -> /home/robotdeveloper02/IsaacSim-ros_workspaces-main/humble_ws/build/error_plotter/build/lib/error_plotter
copying error_plotter/error plotter.py -> /home/robotdeveloper02/IsaacSim-ros_workspaces-main/humble_ws/build/error_plotter/build/lib/error_plotter
running install
running install_lib
creating /home/robotdeveloper02/IsaacSim-ros_workspaces-main/humble_ws/install/error_plotter/lib/python3.10/site-packages/error_plotter
copying /home/robotdeveloper02/IsaacSim-ros_workspaces-main/humble_ws/build/error_plotter/build/lib/error_plotter/__init__.py -> /home/robotdeveloper02/IsaacSim-ros_workspaces-main/humble_ws/install/error_plotter/lib/python3.10/site-packages/error_plotter
copying /home/robotdeveloper02/IsaacSim-ros_workspaces-main/humble_ws/build/error_plotter/build/lib/error_plotter/error plotter.py -> /home/robotdeveloper02/IsaacSim-ros_workspaces-main/humble_ws/install/error_plotter/lib/python3.10/site-packages/error_plotter
byte-compiling /home/robotdeveloper02/IsaacSim-ros_workspaces-main/humble_ws/install/error_plotter/lib/python3.10/site-packages/error_plotter/__init__.py to __init__.cpython-310.pyc
byte-compiling /home/robotdeveloper02/IsaacSim-ros_workspaces-main/humble_ws/install/error_plotter/lib/python3.10/site-packages/error_plotter/error plotter.py to error plotter.cpython-310.pyc
running install_data
creating /home/robotdeveloper02/IsaacSim-ros_workspaces-main/humble_ws/install/error_plotter/share/ament_index
creating /home/robotdeveloper02/IsaacSim-ros_workspaces-main/humble_ws/install/error_plotter/share/ament_index/resource_index
creating /home/robotdeveloper02/IsaacSim-ros_workspaces-main/humble_ws/install/error_plotter/share/ament_index/resource_index/packages
copying resource/error_plotter -> /home/robotdeveloper02/IsaacSim-ros_workspaces-main/humble_ws/install/error_plotter/share/ament_index/resource_index/packages
copying package.xml -> /home/robotdeveloper02/IsaacSim-ros_workspaces-main/humble_ws/install/error_plotter/share/error_plotter
running install_egg_info
Copying ../../build/error_plotter/error_plotter.egg-info to /home/robotdeveloper02/IsaacSim-ros_workspaces-main/humble_ws/install/error_plotter/lib/python3.10/site-packages/error_plotter-0.0.0-py3.10.egg-info
running install_scripts
Installing error_subscriber script to /home/robotdeveloper02/IsaacSim-ros_workspaces-main/humble_ws/install/error_plotter/lib/error_plotter
writing list of installed files to '/home/robotdeveloper02/IsaacSim-ros_workspaces-main/humble_ws/build/error_plotter/install.log'
