[1.515s] Invoking command in '/home/robotdeveloper02/IsaacSim-ros_workspaces-main/humble_ws/src/error_plotter': PYTHONPATH=/home/robotdeveloper02/IsaacSim-ros_workspaces-main/humble_ws/build/error_plotter/prefix_override:/usr/lib/python3/dist-packages/colcon_core/task/python/colcon_distutils_commands:/home/robotdeveloper02/IsaacSim-ros_workspaces-main/humble_ws/install/error_plotter/lib/python3.10/site-packages:${PYTHONPATH} /usr/bin/python3 -W ignore:setup.py install is deprecated setup.py egg_info --egg-base ../../build/error_plotter build --build-base /home/robotdeveloper02/IsaacSim-ros_workspaces-main/humble_ws/build/error_plotter/build install --record /home/robotdeveloper02/IsaacSim-ros_workspaces-main/humble_ws/build/error_plotter/install.log --single-version-externally-managed install_data
[1.760s] running egg_info
[1.761s] creating ../../build/error_plotter/error_plotter.egg-info
[1.761s] writing ../../build/error_plotter/error_plotter.egg-info/PKG-INFO
[1.761s] writing dependency_links to ../../build/error_plotter/error_plotter.egg-info/dependency_links.txt
[1.762s] writing entry points to ../../build/error_plotter/error_plotter.egg-info/entry_points.txt
[1.762s] writing requirements to ../../build/error_plotter/error_plotter.egg-info/requires.txt
[1.762s] writing top-level names to ../../build/error_plotter/error_plotter.egg-info/top_level.txt
[1.762s] writing manifest file '../../build/error_plotter/error_plotter.egg-info/SOURCES.txt'
[1.763s] reading manifest file '../../build/error_plotter/error_plotter.egg-info/SOURCES.txt'
[1.764s] writing manifest file '../../build/error_plotter/error_plotter.egg-info/SOURCES.txt'
[1.764s] running build
[1.765s] running build_py
[1.765s] creating /home/robotdeveloper02/IsaacSim-ros_workspaces-main/humble_ws/build/error_plotter/build
[1.765s] creating /home/robotdeveloper02/IsaacSim-ros_workspaces-main/humble_ws/build/error_plotter/build/lib
[1.765s] creating /home/robotdeveloper02/IsaacSim-ros_workspaces-main/humble_ws/build/error_plotter/build/lib/error_plotter
[1.765s] copying error_plotter/__init__.py -> /home/robotdeveloper02/IsaacSim-ros_workspaces-main/humble_ws/build/error_plotter/build/lib/error_plotter
[1.765s] copying error_plotter/error plotter.py -> /home/robotdeveloper02/IsaacSim-ros_workspaces-main/humble_ws/build/error_plotter/build/lib/error_plotter
[1.765s] running install
[1.765s] running install_lib
[1.767s] creating /home/robotdeveloper02/IsaacSim-ros_workspaces-main/humble_ws/install/error_plotter/lib/python3.10/site-packages/error_plotter
[1.767s] copying /home/robotdeveloper02/IsaacSim-ros_workspaces-main/humble_ws/build/error_plotter/build/lib/error_plotter/__init__.py -> /home/robotdeveloper02/IsaacSim-ros_workspaces-main/humble_ws/install/error_plotter/lib/python3.10/site-packages/error_plotter
[1.767s] copying /home/robotdeveloper02/IsaacSim-ros_workspaces-main/humble_ws/build/error_plotter/build/lib/error_plotter/error plotter.py -> /home/robotdeveloper02/IsaacSim-ros_workspaces-main/humble_ws/install/error_plotter/lib/python3.10/site-packages/error_plotter
[1.768s] byte-compiling /home/robotdeveloper02/IsaacSim-ros_workspaces-main/humble_ws/install/error_plotter/lib/python3.10/site-packages/error_plotter/__init__.py to __init__.cpython-310.pyc
[1.768s] byte-compiling /home/robotdeveloper02/IsaacSim-ros_workspaces-main/humble_ws/install/error_plotter/lib/python3.10/site-packages/error_plotter/error plotter.py to error plotter.cpython-310.pyc
[1.769s] running install_data
[1.769s] creating /home/robotdeveloper02/IsaacSim-ros_workspaces-main/humble_ws/install/error_plotter/share/ament_index
[1.769s] creating /home/robotdeveloper02/IsaacSim-ros_workspaces-main/humble_ws/install/error_plotter/share/ament_index/resource_index
[1.769s] creating /home/robotdeveloper02/IsaacSim-ros_workspaces-main/humble_ws/install/error_plotter/share/ament_index/resource_index/packages
[1.769s] copying resource/error_plotter -> /home/robotdeveloper02/IsaacSim-ros_workspaces-main/humble_ws/install/error_plotter/share/ament_index/resource_index/packages
[1.769s] copying package.xml -> /home/robotdeveloper02/IsaacSim-ros_workspaces-main/humble_ws/install/error_plotter/share/error_plotter
[1.769s] running install_egg_info
[1.771s] Copying ../../build/error_plotter/error_plotter.egg-info to /home/robotdeveloper02/IsaacSim-ros_workspaces-main/humble_ws/install/error_plotter/lib/python3.10/site-packages/error_plotter-0.0.0-py3.10.egg-info
[1.772s] running install_scripts
[1.792s] Installing error_subscriber script to /home/robotdeveloper02/IsaacSim-ros_workspaces-main/humble_ws/install/error_plotter/lib/error_plotter
[1.792s] writing list of installed files to '/home/robotdeveloper02/IsaacSim-ros_workspaces-main/humble_ws/build/error_plotter/install.log'
[1.823s] Invoked command in '/home/robotdeveloper02/IsaacSim-ros_workspaces-main/humble_ws/src/error_plotter' returned '0': PYTHONPATH=/home/robotdeveloper02/IsaacSim-ros_workspaces-main/humble_ws/build/error_plotter/prefix_override:/usr/lib/python3/dist-packages/colcon_core/task/python/colcon_distutils_commands:/home/robotdeveloper02/IsaacSim-ros_workspaces-main/humble_ws/install/error_plotter/lib/python3.10/site-packages:${PYTHONPATH} /usr/bin/python3 -W ignore:setup.py install is deprecated setup.py egg_info --egg-base ../../build/error_plotter build --build-base /home/robotdeveloper02/IsaacSim-ros_workspaces-main/humble_ws/build/error_plotter/build install --record /home/robotdeveloper02/IsaacSim-ros_workspaces-main/humble_ws/build/error_plotter/install.log --single-version-externally-managed install_data
