[0.221s] Invoking command in '/home/robotdeveloper02/IsaacSim-ros_workspaces-main/humble_ws/build/isaacsim': CMAKE_PREFIX_PATH=/opt/ros/humble /usr/bin/cmake --build /home/robotdeveloper02/IsaacSim-ros_workspaces-main/humble_ws/build/isaacsim -- -j16 -l16
[0.400s] Invoked command in '/home/robotdeveloper02/IsaacSim-ros_workspaces-main/humble_ws/build/isaacsim' returned '0': CMAKE_PREFIX_PATH=/opt/ros/humble /usr/bin/cmake --build /home/robotdeveloper02/IsaacSim-ros_workspaces-main/humble_ws/build/isaacsim -- -j16 -l16
[0.587s] Invoking command in '/home/robotdeveloper02/IsaacSim-ros_workspaces-main/humble_ws/build/isaacsim': CMAKE_PREFIX_PATH=/opt/ros/humble /usr/bin/cmake --install /home/robotdeveloper02/IsaacSim-ros_workspaces-main/humble_ws/build/isaacsim
[0.594s] -- Install configuration: ""
[0.594s] -- Execute custom install script
[0.594s] -- Up-to-date symlink: /home/robotdeveloper02/IsaacSim-ros_workspaces-main/humble_ws/install/isaacsim/share/isaacsim/scripts/open_isaacsim_stage.py
[0.595s] -- Up-to-date symlink: /home/robotdeveloper02/IsaacSim-ros_workspaces-main/humble_ws/install/isaacsim/share/isaacsim/scripts/run_isaacsim.py
[0.595s] -- Up-to-date symlink: /home/robotdeveloper02/IsaacSim-ros_workspaces-main/humble_ws/install/isaacsim/share/isaacsim/launch/run_isaacsim.launch.py
[0.595s] -- Up-to-date symlink: /home/robotdeveloper02/IsaacSim-ros_workspaces-main/humble_ws/install/isaacsim/lib/isaacsim/run_isaacsim.py
[0.595s] -- Up-to-date symlink: /home/robotdeveloper02/IsaacSim-ros_workspaces-main/humble_ws/install/isaacsim/lib/isaacsim/open_isaacsim_stage.py
[0.595s] -- Up-to-date symlink: /home/robotdeveloper02/IsaacSim-ros_workspaces-main/humble_ws/install/isaacsim/share/ament_index/resource_index/package_run_dependencies/isaacsim
[0.595s] -- Up-to-date symlink: /home/robotdeveloper02/IsaacSim-ros_workspaces-main/humble_ws/install/isaacsim/share/ament_index/resource_index/parent_prefix_path/isaacsim
[0.595s] -- Up-to-date symlink: /home/robotdeveloper02/IsaacSim-ros_workspaces-main/humble_ws/install/isaacsim/share/isaacsim/environment/ament_prefix_path.sh
[0.595s] -- Up-to-date symlink: /home/robotdeveloper02/IsaacSim-ros_workspaces-main/humble_ws/install/isaacsim/share/isaacsim/environment/ament_prefix_path.dsv
[0.596s] -- Up-to-date symlink: /home/robotdeveloper02/IsaacSim-ros_workspaces-main/humble_ws/install/isaacsim/share/isaacsim/environment/path.sh
[0.596s] -- Up-to-date symlink: /home/robotdeveloper02/IsaacSim-ros_workspaces-main/humble_ws/install/isaacsim/share/isaacsim/environment/path.dsv
[0.597s] -- Up-to-date symlink: /home/robotdeveloper02/IsaacSim-ros_workspaces-main/humble_ws/install/isaacsim/share/isaacsim/local_setup.bash
[0.597s] -- Up-to-date symlink: /home/robotdeveloper02/IsaacSim-ros_workspaces-main/humble_ws/install/isaacsim/share/isaacsim/local_setup.sh
[0.597s] -- Up-to-date symlink: /home/robotdeveloper02/IsaacSim-ros_workspaces-main/humble_ws/install/isaacsim/share/isaacsim/local_setup.zsh
[0.597s] -- Up-to-date symlink: /home/robotdeveloper02/IsaacSim-ros_workspaces-main/humble_ws/install/isaacsim/share/isaacsim/local_setup.dsv
[0.597s] -- Symlinking: /home/robotdeveloper02/IsaacSim-ros_workspaces-main/humble_ws/install/isaacsim/share/isaacsim/package.dsv
[0.605s] -- Up-to-date symlink: /home/robotdeveloper02/IsaacSim-ros_workspaces-main/humble_ws/install/isaacsim/share/ament_index/resource_index/packages/isaacsim
[0.605s] -- Up-to-date symlink: /home/robotdeveloper02/IsaacSim-ros_workspaces-main/humble_ws/install/isaacsim/share/isaacsim/cmake/isaacsimConfig.cmake
[0.605s] -- Up-to-date symlink: /home/robotdeveloper02/IsaacSim-ros_workspaces-main/humble_ws/install/isaacsim/share/isaacsim/cmake/isaacsimConfig-version.cmake
[0.605s] -- Up-to-date symlink: /home/robotdeveloper02/IsaacSim-ros_workspaces-main/humble_ws/install/isaacsim/share/isaacsim/package.xml
[0.608s] Invoked command in '/home/robotdeveloper02/IsaacSim-ros_workspaces-main/humble_ws/build/isaacsim' returned '0': CMAKE_PREFIX_PATH=/opt/ros/humble /usr/bin/cmake --install /home/robotdeveloper02/IsaacSim-ros_workspaces-main/humble_ws/build/isaacsim
