[1.849s] Invoking command in '/home/robotdeveloper02/IsaacSim-ros_workspaces-main/humble_ws/src/calc_py': PYTHONPATH=/home/robotdeveloper02/IsaacSim-ros_workspaces-main/humble_ws/build/my_ros2_package/prefix_override:/usr/lib/python3/dist-packages/colcon_core/task/python/colcon_distutils_commands:/home/robotdeveloper02/IsaacSim-ros_workspaces-main/humble_ws/install/my_ros2_package/lib/python3.10/site-packages:${PYTHONPATH} /usr/bin/python3 -W ignore:setup.py install is deprecated setup.py egg_info --egg-base ../../build/my_ros2_package build --build-base /home/robotdeveloper02/IsaacSim-ros_workspaces-main/humble_ws/build/my_ros2_package/build install --record /home/robotdeveloper02/IsaacSim-ros_workspaces-main/humble_ws/build/my_ros2_package/install.log --single-version-externally-managed install_data
[2.138s] running egg_info
[2.139s] writing ../../build/my_ros2_package/my_ros2_package.egg-info/PKG-INFO
[2.139s] writing dependency_links to ../../build/my_ros2_package/my_ros2_package.egg-info/dependency_links.txt
[2.140s] writing entry points to ../../build/my_ros2_package/my_ros2_package.egg-info/entry_points.txt
[2.140s] writing requirements to ../../build/my_ros2_package/my_ros2_package.egg-info/requires.txt
[2.140s] writing top-level names to ../../build/my_ros2_package/my_ros2_package.egg-info/top_level.txt
[2.142s] reading manifest file '../../build/my_ros2_package/my_ros2_package.egg-info/SOURCES.txt'
[2.143s] writing manifest file '../../build/my_ros2_package/my_ros2_package.egg-info/SOURCES.txt'
[2.144s] running build
[2.144s] running build_py
[2.144s] running install
[2.144s] running install_lib
[2.146s] running install_data
[2.146s] running install_egg_info
[2.148s] removing '/home/robotdeveloper02/IsaacSim-ros_workspaces-main/humble_ws/install/my_ros2_package/lib/python3.10/site-packages/my_ros2_package-0.0.0-py3.10.egg-info' (and everything under it)
[2.148s] Copying ../../build/my_ros2_package/my_ros2_package.egg-info to /home/robotdeveloper02/IsaacSim-ros_workspaces-main/humble_ws/install/my_ros2_package/lib/python3.10/site-packages/my_ros2_package-0.0.0-py3.10.egg-info
[2.148s] running install_scripts
[2.172s] Installing listener script to /home/robotdeveloper02/IsaacSim-ros_workspaces-main/humble_ws/install/my_ros2_package/lib/my_ros2_package
[2.172s] writing list of installed files to '/home/robotdeveloper02/IsaacSim-ros_workspaces-main/humble_ws/build/my_ros2_package/install.log'
[2.200s] Invoked command in '/home/robotdeveloper02/IsaacSim-ros_workspaces-main/humble_ws/src/calc_py' returned '0': PYTHONPATH=/home/robotdeveloper02/IsaacSim-ros_workspaces-main/humble_ws/build/my_ros2_package/prefix_override:/usr/lib/python3/dist-packages/colcon_core/task/python/colcon_distutils_commands:/home/robotdeveloper02/IsaacSim-ros_workspaces-main/humble_ws/install/my_ros2_package/lib/python3.10/site-packages:${PYTHONPATH} /usr/bin/python3 -W ignore:setup.py install is deprecated setup.py egg_info --egg-base ../../build/my_ros2_package build --build-base /home/robotdeveloper02/IsaacSim-ros_workspaces-main/humble_ws/build/my_ros2_package/build install --record /home/robotdeveloper02/IsaacSim-ros_workspaces-main/humble_ws/build/my_ros2_package/install.log --single-version-externally-managed install_data
