[0.026s] Invoking command in '/home/robotdeveloper02/IsaacSim-ros_workspaces-main/humble_ws/src/build/carter_navigation': CMAKE_PREFIX_PATH=/opt/ros/humble /usr/bin/cmake /home/robotdeveloper02/IsaacSim-ros_workspaces-main/humble_ws/src/navigation/carter_navigation -DCMAKE_INSTALL_PREFIX=/home/robotdeveloper02/IsaacSim-ros_workspaces-main/humble_ws/src/install/carter_navigation
[0.457s] -- The C compiler identification is GNU 12.3.0
[0.457s] -- The CXX compiler identification is GNU 11.4.0
[0.458s] -- Detecting C compiler ABI info
[0.458s] -- Detecting C compiler ABI info - done
[0.459s] -- Check for working C compiler: /usr/bin/cc - skipped
[0.459s] -- Detecting C compile features
[0.459s] -- Detecting C compile features - done
[0.459s] -- Detecting CXX compiler ABI info
[0.459s] -- Detecting CXX compiler ABI info - done
[0.459s] -- Check for working CXX compiler: /usr/bin/c++ - skipped
[0.459s] -- Detecting CXX compile features
[0.459s] -- Detecting CXX compile features - done
[0.459s] -- Found ament_cmake: 1.3.10 (/opt/ros/humble/share/ament_cmake/cmake)
[0.459s] -- Found Python3: /usr/bin/python3 (found version "3.10.12") found components: Interpreter 
[0.496s] -- Configuring done
[0.498s] -- Generating done
[0.499s] -- Build files have been written to: /home/robotdeveloper02/IsaacSim-ros_workspaces-main/humble_ws/src/build/carter_navigation
[0.677s] Invoked command in '/home/robotdeveloper02/IsaacSim-ros_workspaces-main/humble_ws/src/build/carter_navigation' returned '0': CMAKE_PREFIX_PATH=/opt/ros/humble /usr/bin/cmake /home/robotdeveloper02/IsaacSim-ros_workspaces-main/humble_ws/src/navigation/carter_navigation -DCMAKE_INSTALL_PREFIX=/home/robotdeveloper02/IsaacSim-ros_workspaces-main/humble_ws/src/install/carter_navigation
[0.679s] Invoking command in '/home/robotdeveloper02/IsaacSim-ros_workspaces-main/humble_ws/src/build/carter_navigation': CMAKE_PREFIX_PATH=/opt/ros/humble /usr/bin/cmake --build /home/robotdeveloper02/IsaacSim-ros_workspaces-main/humble_ws/src/build/carter_navigation -- -j16 -l16
[0.730s] Invoked command in '/home/robotdeveloper02/IsaacSim-ros_workspaces-main/humble_ws/src/build/carter_navigation' returned '0': CMAKE_PREFIX_PATH=/opt/ros/humble /usr/bin/cmake --build /home/robotdeveloper02/IsaacSim-ros_workspaces-main/humble_ws/src/build/carter_navigation -- -j16 -l16
[0.761s] Invoking command in '/home/robotdeveloper02/IsaacSim-ros_workspaces-main/humble_ws/src/build/carter_navigation': CMAKE_PREFIX_PATH=/opt/ros/humble /usr/bin/cmake --install /home/robotdeveloper02/IsaacSim-ros_workspaces-main/humble_ws/src/build/carter_navigation
[0.770s] -- Install configuration: ""
[0.771s] -- Installing: /home/robotdeveloper02/IsaacSim-ros_workspaces-main/humble_ws/src/install/carter_navigation/share/carter_navigation/launch
[0.771s] -- Installing: /home/robotdeveloper02/IsaacSim-ros_workspaces-main/humble_ws/src/install/carter_navigation/share/carter_navigation/launch/carter_navigation.launch.py
[0.771s] -- Installing: /home/robotdeveloper02/IsaacSim-ros_workspaces-main/humble_ws/src/install/carter_navigation/share/carter_navigation/launch/carter_navigation_individual.launch.py
[0.771s] -- Installing: /home/robotdeveloper02/IsaacSim-ros_workspaces-main/humble_ws/src/install/carter_navigation/share/carter_navigation/launch/multiple_robot_carter_navigation_office.launch.py
[0.771s] -- Installing: /home/robotdeveloper02/IsaacSim-ros_workspaces-main/humble_ws/src/install/carter_navigation/share/carter_navigation/launch/carter_navigation_isaacsim.launch.py
[0.771s] -- Installing: /home/robotdeveloper02/IsaacSim-ros_workspaces-main/humble_ws/src/install/carter_navigation/share/carter_navigation/launch/multiple_robot_carter_navigation_hospital.launch.py
[0.771s] -- Installing: /home/robotdeveloper02/IsaacSim-ros_workspaces-main/humble_ws/src/install/carter_navigation/share/carter_navigation/params
[0.771s] -- Installing: /home/robotdeveloper02/IsaacSim-ros_workspaces-main/humble_ws/src/install/carter_navigation/share/carter_navigation/params/hospital
[0.772s] -- Installing: /home/robotdeveloper02/IsaacSim-ros_workspaces-main/humble_ws/src/install/carter_navigation/share/carter_navigation/params/hospital/multi_robot_carter_navigation_params_2.yaml
[0.772s] -- Installing: /home/robotdeveloper02/IsaacSim-ros_workspaces-main/humble_ws/src/install/carter_navigation/share/carter_navigation/params/hospital/multi_robot_carter_navigation_params_1.yaml
[0.772s] -- Installing: /home/robotdeveloper02/IsaacSim-ros_workspaces-main/humble_ws/src/install/carter_navigation/share/carter_navigation/params/hospital/multi_robot_carter_navigation_params_3.yaml
[0.772s] -- Installing: /home/robotdeveloper02/IsaacSim-ros_workspaces-main/humble_ws/src/install/carter_navigation/share/carter_navigation/params/office
[0.772s] -- Installing: /home/robotdeveloper02/IsaacSim-ros_workspaces-main/humble_ws/src/install/carter_navigation/share/carter_navigation/params/office/multi_robot_carter_navigation_params_2.yaml
[0.772s] -- Installing: /home/robotdeveloper02/IsaacSim-ros_workspaces-main/humble_ws/src/install/carter_navigation/share/carter_navigation/params/office/multi_robot_carter_navigation_params_1.yaml
[0.772s] -- Installing: /home/robotdeveloper02/IsaacSim-ros_workspaces-main/humble_ws/src/install/carter_navigation/share/carter_navigation/params/office/multi_robot_carter_navigation_params_3.yaml
[0.773s] -- Installing: /home/robotdeveloper02/IsaacSim-ros_workspaces-main/humble_ws/src/install/carter_navigation/share/carter_navigation/params/carter_navigation_params.yaml
[0.773s] -- Installing: /home/robotdeveloper02/IsaacSim-ros_workspaces-main/humble_ws/src/install/carter_navigation/share/carter_navigation/maps
[0.773s] -- Installing: /home/robotdeveloper02/IsaacSim-ros_workspaces-main/humble_ws/src/install/carter_navigation/share/carter_navigation/maps/carter_hospital_navigation.yaml
[0.773s] -- Installing: /home/robotdeveloper02/IsaacSim-ros_workspaces-main/humble_ws/src/install/carter_navigation/share/carter_navigation/maps/carter_hospital_navigation.png
[0.773s] -- Installing: /home/robotdeveloper02/IsaacSim-ros_workspaces-main/humble_ws/src/install/carter_navigation/share/carter_navigation/maps/carter_warehouse_navigation.png
[0.774s] -- Installing: /home/robotdeveloper02/IsaacSim-ros_workspaces-main/humble_ws/src/install/carter_navigation/share/carter_navigation/maps/carter_office_navigation.png
[0.774s] -- Installing: /home/robotdeveloper02/IsaacSim-ros_workspaces-main/humble_ws/src/install/carter_navigation/share/carter_navigation/maps/carter_warehouse_navigation.yaml
[0.775s] -- Installing: /home/robotdeveloper02/IsaacSim-ros_workspaces-main/humble_ws/src/install/carter_navigation/share/carter_navigation/maps/carter_office_navigation.yaml
[0.775s] -- Installing: /home/robotdeveloper02/IsaacSim-ros_workspaces-main/humble_ws/src/install/carter_navigation/share/carter_navigation/rviz2
[0.775s] -- Installing: /home/robotdeveloper02/IsaacSim-ros_workspaces-main/humble_ws/src/install/carter_navigation/share/carter_navigation/rviz2/carter_navigation_namespaced.rviz
[0.775s] -- Installing: /home/robotdeveloper02/IsaacSim-ros_workspaces-main/humble_ws/src/install/carter_navigation/share/carter_navigation/rviz2/carter_navigation.rviz
[0.776s] -- Installing: /home/robotdeveloper02/IsaacSim-ros_workspaces-main/humble_ws/src/install/carter_navigation/share/ament_index/resource_index/package_run_dependencies/carter_navigation
[0.777s] -- Installing: /home/robotdeveloper02/IsaacSim-ros_workspaces-main/humble_ws/src/install/carter_navigation/share/ament_index/resource_index/parent_prefix_path/carter_navigation
[0.777s] -- Installing: /home/robotdeveloper02/IsaacSim-ros_workspaces-main/humble_ws/src/install/carter_navigation/share/carter_navigation/environment/ament_prefix_path.sh
[0.777s] -- Installing: /home/robotdeveloper02/IsaacSim-ros_workspaces-main/humble_ws/src/install/carter_navigation/share/carter_navigation/environment/ament_prefix_path.dsv
[0.777s] -- Installing: /home/robotdeveloper02/IsaacSim-ros_workspaces-main/humble_ws/src/install/carter_navigation/share/carter_navigation/environment/path.sh
[0.777s] -- Installing: /home/robotdeveloper02/IsaacSim-ros_workspaces-main/humble_ws/src/install/carter_navigation/share/carter_navigation/environment/path.dsv
[0.777s] -- Installing: /home/robotdeveloper02/IsaacSim-ros_workspaces-main/humble_ws/src/install/carter_navigation/share/carter_navigation/local_setup.bash
[0.777s] -- Installing: /home/robotdeveloper02/IsaacSim-ros_workspaces-main/humble_ws/src/install/carter_navigation/share/carter_navigation/local_setup.sh
[0.777s] -- Installing: /home/robotdeveloper02/IsaacSim-ros_workspaces-main/humble_ws/src/install/carter_navigation/share/carter_navigation/local_setup.zsh
[0.777s] -- Installing: /home/robotdeveloper02/IsaacSim-ros_workspaces-main/humble_ws/src/install/carter_navigation/share/carter_navigation/local_setup.dsv
[0.777s] -- Installing: /home/robotdeveloper02/IsaacSim-ros_workspaces-main/humble_ws/src/install/carter_navigation/share/carter_navigation/package.dsv
[0.778s] -- Installing: /home/robotdeveloper02/IsaacSim-ros_workspaces-main/humble_ws/src/install/carter_navigation/share/ament_index/resource_index/packages/carter_navigation
[0.778s] -- Installing: /home/robotdeveloper02/IsaacSim-ros_workspaces-main/humble_ws/src/install/carter_navigation/share/carter_navigation/cmake/carter_navigationConfig.cmake
[0.778s] -- Installing: /home/robotdeveloper02/IsaacSim-ros_workspaces-main/humble_ws/src/install/carter_navigation/share/carter_navigation/cmake/carter_navigationConfig-version.cmake
[0.778s] -- Installing: /home/robotdeveloper02/IsaacSim-ros_workspaces-main/humble_ws/src/install/carter_navigation/share/carter_navigation/package.xml
[0.784s] Invoked command in '/home/robotdeveloper02/IsaacSim-ros_workspaces-main/humble_ws/src/build/carter_navigation' returned '0': CMAKE_PREFIX_PATH=/opt/ros/humble /usr/bin/cmake --install /home/robotdeveloper02/IsaacSim-ros_workspaces-main/humble_ws/src/build/carter_navigation
