running develop
Removing /home/robotdeveloper02/IsaacSim-ros_workspaces-main/humble_ws/install/my_ros2_package/lib/python3.10/site-packages/error-plotter.egg-link (link to .)
running egg_info
writing ../../build/my_ros2_package/error_plotter.egg-info/PKG-INFO
writing dependency_links to ../../build/my_ros2_package/error_plotter.egg-info/dependency_links.txt
writing entry points to ../../build/my_ros2_package/error_plotter.egg-info/entry_points.txt
writing requirements to ../../build/my_ros2_package/error_plotter.egg-info/requires.txt
writing top-level names to ../../build/my_ros2_package/error_plotter.egg-info/top_level.txt
reading manifest file '../../build/my_ros2_package/error_plotter.egg-info/SOURCES.txt'
writing manifest file '../../build/my_ros2_package/error_plotter.egg-info/SOURCES.txt'
running build
running build_py
running install
running install_lib
creating /home/robotdeveloper02/IsaacSim-ros_workspaces-main/humble_ws/install/my_ros2_package/lib/python3.10/site-packages/my_ros2_package
copying /home/robotdeveloper02/IsaacSim-ros_workspaces-main/humble_ws/build/my_ros2_package/build/lib/my_ros2_package/__init__.py -> /home/robotdeveloper02/IsaacSim-ros_workspaces-main/humble_ws/install/my_ros2_package/lib/python3.10/site-packages/my_ros2_package
copying /home/robotdeveloper02/IsaacSim-ros_workspaces-main/humble_ws/build/my_ros2_package/build/lib/my_ros2_package/pose_subscriber.py -> /home/robotdeveloper02/IsaacSim-ros_workspaces-main/humble_ws/install/my_ros2_package/lib/python3.10/site-packages/my_ros2_package
byte-compiling /home/robotdeveloper02/IsaacSim-ros_workspaces-main/humble_ws/install/my_ros2_package/lib/python3.10/site-packages/my_ros2_package/__init__.py to __init__.cpython-310.pyc
byte-compiling /home/robotdeveloper02/IsaacSim-ros_workspaces-main/humble_ws/install/my_ros2_package/lib/python3.10/site-packages/my_ros2_package/pose_subscriber.py to pose_subscriber.cpython-310.pyc
running install_data
