-- Found ament_cmake: 1.3.10 (/opt/ros/humble/share/ament_cmake/cmake)
-- Override CMake install command with custom implementation using symlinks instead of copying resources
-- Found std_msgs: 4.2.4 (/opt/ros/humble/share/std_msgs/cmake)
-- Found rosidl_generator_c: 3.1.5 (/opt/ros/humble/share/rosidl_generator_c/cmake)
-- Found rosidl_adapter: 3.1.5 (/opt/ros/humble/share/rosidl_adapter/cmake)
-- Found rosidl_generator_cpp: 3.1.5 (/opt/ros/humble/share/rosidl_generator_cpp/cmake)
-- Using all available rosidl_typesupport_c: rosidl_typesupport_fastrtps_c;rosidl_typesupport_introspection_c
-- Using all available rosidl_typesupport_cpp: rosidl_typesupport_fastrtps_cpp;rosidl_typesupport_introspection_cpp
-- Found rosidl_default_generators: 1.2.0 (/opt/ros/humble/share/rosidl_default_generators/cmake)
-- Found geometry_msgs: 4.2.4 (/opt/ros/humble/share/geometry_msgs/cmake)
-- Found ament_cmake_ros: 0.10.0 (/opt/ros/humble/share/ament_cmake_ros/cmake)
-- Using all available rosidl_typesupport_c: rosidl_typesupport_fastrtps_c;rosidl_typesupport_introspection_c
-- Using all available rosidl_typesupport_cpp: rosidl_typesupport_fastrtps_cpp;rosidl_typesupport_introspection_cpp
-- Found python_cmake_module: 0.10.0 (/opt/ros/humble/share/python_cmake_module/cmake)
-- Using PYTHON_EXECUTABLE: /usr/bin/python3
-- Using PYTHON_INCLUDE_DIRS: /usr/include/python3.10
-- Using PYTHON_LIBRARIES: /usr/lib/x86_64-linux-gnu/libpython3.10.so
-- Found ament_lint_auto: 0.12.11 (/opt/ros/humble/share/ament_lint_auto/cmake)
-- Added test 'copyright' to check source files copyright and LICENSE
-- Added test 'lint_cmake' to check CMake code style
-- Added test 'xmllint' to check XML markup files
-- Configuring done
-- Generating done
-- Build files have been written to: /home/robotdeveloper02/IsaacSim-ros_workspaces-main/humble_ws/build/custom_message
[35m[1mConsolidate compiler generated dependencies of target custom_message__rosidl_generator_c[0m
[  2%] Built target custom_message__cpp
[ 12%] Built target custom_message__rosidl_generator_c
[ 12%] Built target ament_cmake_python_symlink_custom_message
[35m[1mConsolidate compiler generated dependencies of target custom_message__rosidl_typesupport_cpp[0m
[35m[1mConsolidate compiler generated dependencies of target custom_message__rosidl_typesupport_introspection_c[0m
[35m[1mConsolidate compiler generated dependencies of target custom_message__rosidl_typesupport_introspection_cpp[0m
[35m[1mConsolidate compiler generated dependencies of target custom_message__rosidl_typesupport_fastrtps_cpp[0m
[35m[1mConsolidate compiler generated dependencies of target custom_message__rosidl_typesupport_c[0m
[35m[1mConsolidate compiler generated dependencies of target custom_message__rosidl_typesupport_fastrtps_c[0m
[ 23%] Built target custom_message__rosidl_typesupport_c
[ 34%] Built target custom_message__rosidl_typesupport_introspection_c
[ 44%] Built target custom_message__rosidl_typesupport_cpp
[ 65%] Built target custom_message__rosidl_typesupport_introspection_cpp
[ 65%] Built target custom_message__rosidl_typesupport_fastrtps_cpp
[ 76%] Built target custom_message__rosidl_typesupport_fastrtps_c
[ 76%] Built target custom_message
[ 78%] Built target custom_message__py
[35m[1mConsolidate compiler generated dependencies of target custom_message__rosidl_generator_py[0m
[ 87%] Built target custom_message__rosidl_generator_py
[35m[1mConsolidate compiler generated dependencies of target custom_message__rosidl_typesupport_c__pyext[0m
[35m[1mConsolidate compiler generated dependencies of target custom_message__rosidl_typesupport_fastrtps_c__pyext[0m
[35m[1mConsolidate compiler generated dependencies of target custom_message__rosidl_typesupport_introspection_c__pyext[0m
[ 91%] [32m[1mLinking C shared library rosidl_generator_py/custom_message/custom_message_s__rosidl_typesupport_fastrtps_c.cpython-310-x86_64-linux-gnu.so[0m
[ 91%] [32m[1mLinking C shared library rosidl_generator_py/custom_message/custom_message_s__rosidl_typesupport_c.cpython-310-x86_64-linux-gnu.so[0m
[ 93%] [32m[1mLinking C shared library rosidl_generator_py/custom_message/custom_message_s__rosidl_typesupport_introspection_c.cpython-310-x86_64-linux-gnu.so[0m
[100%] Built target custom_message__rosidl_typesupport_introspection_c__pyext
[100%] Built target custom_message__rosidl_typesupport_fastrtps_c__pyext
[100%] Built target custom_message__rosidl_typesupport_c__pyext
running egg_info
creating custom_message.egg-info
writing custom_message.egg-info/PKG-INFO
writing dependency_links to custom_message.egg-info/dependency_links.txt
writing top-level names to custom_message.egg-info/top_level.txt
writing manifest file 'custom_message.egg-info/SOURCES.txt'
reading manifest file 'custom_message.egg-info/SOURCES.txt'
writing manifest file 'custom_message.egg-info/SOURCES.txt'
[100%] Built target ament_cmake_python_build_custom_message_egg
