[0.031s] Invoking command in '/home/robotdeveloper02/IsaacSim-ros_workspaces-main/humble_ws/build/custom_message': CMAKE_PREFIX_PATH=${CMAKE_PREFIX_PATH}:/home/robotdeveloper02/IsaacSim-ros_workspaces-main/humble_ws/install/my_ros2_package:/home/robotdeveloper02/IsaacSim-ros_workspaces-main/humble_ws/install/jetbot_controller:/home/robotdeveloper02/IsaacSim-ros_workspaces-main/humble_ws/install/isaac_ros_navigation_goal:/opt/ros/humble /usr/bin/cmake --build /home/robotdeveloper02/IsaacSim-ros_workspaces-main/humble_ws/build/custom_message -- -j16 -l16
[0.502s] -- Found ament_cmake: 1.3.10 (/opt/ros/humble/share/ament_cmake/cmake)
[0.502s] -- Override CMake install command with custom implementation using symlinks instead of copying resources
[0.502s] -- Found std_msgs: 4.2.4 (/opt/ros/humble/share/std_msgs/cmake)
[0.503s] -- Found rosidl_generator_c: 3.1.5 (/opt/ros/humble/share/rosidl_generator_c/cmake)
[0.503s] -- Found rosidl_adapter: 3.1.5 (/opt/ros/humble/share/rosidl_adapter/cmake)
[0.503s] -- Found rosidl_generator_cpp: 3.1.5 (/opt/ros/humble/share/rosidl_generator_cpp/cmake)
[0.503s] -- Using all available rosidl_typesupport_c: rosidl_typesupport_fastrtps_c;rosidl_typesupport_introspection_c
[0.503s] -- Using all available rosidl_typesupport_cpp: rosidl_typesupport_fastrtps_cpp;rosidl_typesupport_introspection_cpp
[0.503s] -- Found rosidl_default_generators: 1.2.0 (/opt/ros/humble/share/rosidl_default_generators/cmake)
[0.503s] -- Found geometry_msgs: 4.2.4 (/opt/ros/humble/share/geometry_msgs/cmake)
[0.503s] -- Found ament_cmake_ros: 0.10.0 (/opt/ros/humble/share/ament_cmake_ros/cmake)
[0.857s] -- Using all available rosidl_typesupport_c: rosidl_typesupport_fastrtps_c;rosidl_typesupport_introspection_c
[1.018s] -- Using all available rosidl_typesupport_cpp: rosidl_typesupport_fastrtps_cpp;rosidl_typesupport_introspection_cpp
[1.039s] -- Found python_cmake_module: 0.10.0 (/opt/ros/humble/share/python_cmake_module/cmake)
[1.064s] -- Using PYTHON_EXECUTABLE: /usr/bin/python3
[1.064s] -- Using PYTHON_INCLUDE_DIRS: /usr/include/python3.10
[1.064s] -- Using PYTHON_LIBRARIES: /usr/lib/x86_64-linux-gnu/libpython3.10.so
[1.104s] -- Found ament_lint_auto: 0.12.11 (/opt/ros/humble/share/ament_lint_auto/cmake)
[1.113s] -- Added test 'copyright' to check source files copyright and LICENSE
[1.114s] -- Added test 'lint_cmake' to check CMake code style
[1.114s] -- Added test 'xmllint' to check XML markup files
[1.117s] -- Configuring done
[1.153s] -- Generating done
[1.159s] -- Build files have been written to: /home/robotdeveloper02/IsaacSim-ros_workspaces-main/humble_ws/build/custom_message
[1.184s] [35m[1mConsolidate compiler generated dependencies of target custom_message__rosidl_generator_c[0m
[1.191s] [  2%] Built target custom_message__cpp
[1.192s] [ 12%] Built target custom_message__rosidl_generator_c
[1.199s] [ 12%] Built target ament_cmake_python_symlink_custom_message
[1.202s] [35m[1mConsolidate compiler generated dependencies of target custom_message__rosidl_typesupport_cpp[0m
[1.202s] [35m[1mConsolidate compiler generated dependencies of target custom_message__rosidl_typesupport_introspection_c[0m
[1.202s] [35m[1mConsolidate compiler generated dependencies of target custom_message__rosidl_typesupport_introspection_cpp[0m
[1.202s] [35m[1mConsolidate compiler generated dependencies of target custom_message__rosidl_typesupport_fastrtps_cpp[0m
[1.203s] [35m[1mConsolidate compiler generated dependencies of target custom_message__rosidl_typesupport_c[0m
[1.204s] [35m[1mConsolidate compiler generated dependencies of target custom_message__rosidl_typesupport_fastrtps_c[0m
[1.212s] [ 23%] Built target custom_message__rosidl_typesupport_c
[1.213s] [ 34%] Built target custom_message__rosidl_typesupport_introspection_c
[1.213s] [ 44%] Built target custom_message__rosidl_typesupport_cpp
[1.215s] [ 65%] Built target custom_message__rosidl_typesupport_introspection_cpp
[1.215s] [ 65%] Built target custom_message__rosidl_typesupport_fastrtps_cpp
[1.215s] [ 76%] Built target custom_message__rosidl_typesupport_fastrtps_c
[1.232s] [ 76%] Built target custom_message
[1.249s] [ 78%] Built target custom_message__py
[1.260s] [35m[1mConsolidate compiler generated dependencies of target custom_message__rosidl_generator_py[0m
[1.270s] [ 87%] Built target custom_message__rosidl_generator_py
[1.279s] [35m[1mConsolidate compiler generated dependencies of target custom_message__rosidl_typesupport_c__pyext[0m
[1.279s] [35m[1mConsolidate compiler generated dependencies of target custom_message__rosidl_typesupport_fastrtps_c__pyext[0m
[1.279s] [35m[1mConsolidate compiler generated dependencies of target custom_message__rosidl_typesupport_introspection_c__pyext[0m
[1.289s] [ 91%] [32m[1mLinking C shared library rosidl_generator_py/custom_message/custom_message_s__rosidl_typesupport_fastrtps_c.cpython-310-x86_64-linux-gnu.so[0m
[1.289s] [ 91%] [32m[1mLinking C shared library rosidl_generator_py/custom_message/custom_message_s__rosidl_typesupport_c.cpython-310-x86_64-linux-gnu.so[0m
[1.289s] [ 93%] [32m[1mLinking C shared library rosidl_generator_py/custom_message/custom_message_s__rosidl_typesupport_introspection_c.cpython-310-x86_64-linux-gnu.so[0m
[1.324s] [100%] Built target custom_message__rosidl_typesupport_introspection_c__pyext
[1.324s] [100%] Built target custom_message__rosidl_typesupport_fastrtps_c__pyext
[1.324s] [100%] Built target custom_message__rosidl_typesupport_c__pyext
[1.420s] running egg_info
[1.420s] creating custom_message.egg-info
[1.420s] writing custom_message.egg-info/PKG-INFO
[1.420s] writing dependency_links to custom_message.egg-info/dependency_links.txt
[1.421s] writing top-level names to custom_message.egg-info/top_level.txt
[1.421s] writing manifest file 'custom_message.egg-info/SOURCES.txt'
[1.423s] reading manifest file 'custom_message.egg-info/SOURCES.txt'
[1.423s] writing manifest file 'custom_message.egg-info/SOURCES.txt'
[1.442s] [100%] Built target ament_cmake_python_build_custom_message_egg
