[0.014s] Invoking command in '/home/robotdeveloper02/IsaacSim-ros_workspaces-main/humble_ws/build/isaac_ros2_messages': CMAKE_PREFIX_PATH=/opt/ros/humble /usr/bin/cmake --build /home/robotdeveloper02/IsaacSim-ros_workspaces-main/humble_ws/build/isaac_ros2_messages -- -j16 -l16
[0.191s] [  1%] Built target isaac_ros2_messages__cpp
[0.191s] [ 12%] Built target isaac_ros2_messages__rosidl_generator_c
[0.191s] [ 12%] Built target ament_cmake_python_copy_isaac_ros2_messages
[0.191s] [ 34%] Built target isaac_ros2_messages__rosidl_typesupport_c
[0.191s] [ 46%] Built target isaac_ros2_messages__rosidl_typesupport_cpp
[0.191s] [ 46%] Built target isaac_ros2_messages__rosidl_typesupport_introspection_c
[0.191s] [ 58%] Built target isaac_ros2_messages__rosidl_typesupport_introspection_cpp
[0.191s] [ 68%] Built target isaac_ros2_messages__rosidl_typesupport_fastrtps_cpp
[0.191s] [ 79%] Built target isaac_ros2_messages__rosidl_typesupport_fastrtps_c
[0.191s] [ 79%] Built target isaac_ros2_messages
[0.192s] [ 80%] Built target isaac_ros2_messages__py
[0.192s] [ 90%] Built target isaac_ros2_messages__rosidl_generator_py
[0.192s] [100%] Built target isaac_ros2_messages__rosidl_typesupport_introspection_c__pyext
[0.192s] [100%] Built target isaac_ros2_messages__rosidl_typesupport_c__pyext
[0.192s] [100%] Built target isaac_ros2_messages__rosidl_typesupport_fastrtps_c__pyext
[0.209s] running egg_info
[0.210s] writing isaac_ros2_messages.egg-info/PKG-INFO
[0.210s] writing dependency_links to isaac_ros2_messages.egg-info/dependency_links.txt
[0.210s] writing top-level names to isaac_ros2_messages.egg-info/top_level.txt
[0.212s] reading manifest file 'isaac_ros2_messages.egg-info/SOURCES.txt'
[0.213s] writing manifest file 'isaac_ros2_messages.egg-info/SOURCES.txt'
[0.232s] [100%] Built target ament_cmake_python_build_isaac_ros2_messages_egg
[0.245s] Invoked command in '/home/robotdeveloper02/IsaacSim-ros_workspaces-main/humble_ws/build/isaac_ros2_messages' returned '0': CMAKE_PREFIX_PATH=/opt/ros/humble /usr/bin/cmake --build /home/robotdeveloper02/IsaacSim-ros_workspaces-main/humble_ws/build/isaac_ros2_messages -- -j16 -l16
