[0.038s] Invoking command in '/home/robotdeveloper02/IsaacSim-ros_workspaces-main/humble_ws/build/custom_message': CMAKE_PREFIX_PATH=${CMAKE_PREFIX_PATH}:/home/robotdeveloper02/IsaacSim-ros_workspaces-main/humble_ws/install/my_ros2_package:/home/robotdeveloper02/IsaacSim-ros_workspaces-main/humble_ws/install/jetbot_controller:/home/robotdeveloper02/IsaacSim-ros_workspaces-main/humble_ws/install/isaac_ros_navigation_goal:/home/robotdeveloper02/IsaacSim-ros_workspaces-main/humble_ws/install/error_plotter:/opt/ros/humble /usr/bin/cmake --build /home/robotdeveloper02/IsaacSim-ros_workspaces-main/humble_ws/build/custom_message -- -j16 -l16
[0.786s] [  3%] Built target custom_message__cpp
[0.786s] [ 12%] Built target custom_message__rosidl_generator_c
[0.786s] [ 12%] Built target ament_cmake_python_symlink_custom_message
[0.786s] [ 23%] Built target custom_message__rosidl_typesupport_c
[0.786s] [ 36%] Built target custom_message__rosidl_typesupport_introspection_cpp
[0.786s] [ 52%] Built target custom_message__rosidl_typesupport_fastrtps_cpp
[0.786s] [ 56%] Built target custom_message__rosidl_typesupport_introspection_c
[0.786s] [ 67%] Built target custom_message__rosidl_typesupport_cpp
[0.786s] [ 78%] Built target custom_message__rosidl_typesupport_fastrtps_c
[0.786s] [ 78%] Built target custom_message
[0.786s] [ 80%] Built target custom_message__py
[0.786s] [ 89%] Built target custom_message__rosidl_generator_py
[0.786s] [100%] Built target custom_message__rosidl_typesupport_fastrtps_c__pyext
[0.786s] [100%] Built target custom_message__rosidl_typesupport_c__pyext
[0.786s] [100%] Built target custom_message__rosidl_typesupport_introspection_c__pyext
[0.786s] running egg_info
[0.786s] writing custom_message.egg-info/PKG-INFO
[0.786s] writing dependency_links to custom_message.egg-info/dependency_links.txt
[0.786s] writing top-level names to custom_message.egg-info/top_level.txt
[0.786s] reading manifest file 'custom_message.egg-info/SOURCES.txt'
[0.786s] writing manifest file 'custom_message.egg-info/SOURCES.txt'
[0.787s] [100%] Built target ament_cmake_python_build_custom_message_egg
