[0.015s] Invoking command in '/home/robotdeveloper02/IsaacSim-ros_workspaces-main/humble_ws/build/custom_message': CMAKE_PREFIX_PATH=/opt/ros/humble /usr/bin/cmake --build /home/robotdeveloper02/IsaacSim-ros_workspaces-main/humble_ws/build/custom_message -- -j16 -l16
[0.194s] -- Found ament_cmake: 1.3.9 (/opt/ros/humble/share/ament_cmake/cmake)
[0.194s] -- Found std_msgs: 4.2.4 (/opt/ros/humble/share/std_msgs/cmake)
[0.194s] -- Found rosidl_generator_c: 3.1.5 (/opt/ros/humble/share/rosidl_generator_c/cmake)
[0.194s] -- Found rosidl_adapter: 3.1.5 (/opt/ros/humble/share/rosidl_adapter/cmake)
[0.194s] -- Found rosidl_generator_cpp: 3.1.5 (/opt/ros/humble/share/rosidl_generator_cpp/cmake)
[0.194s] -- Using all available rosidl_typesupport_c: rosidl_typesupport_fastrtps_c;rosidl_typesupport_introspection_c
[0.194s] -- Using all available rosidl_typesupport_cpp: rosidl_typesupport_fastrtps_cpp;rosidl_typesupport_introspection_cpp
[0.194s] -- Found rosidl_default_generators: 1.2.0 (/opt/ros/humble/share/rosidl_default_generators/cmake)
[0.194s] -- Found geometry_msgs: 4.2.4 (/opt/ros/humble/share/geometry_msgs/cmake)
[0.390s] -- Found ament_cmake_ros: 0.10.0 (/opt/ros/humble/share/ament_cmake_ros/cmake)
[0.634s] -- Using all available rosidl_typesupport_c: rosidl_typesupport_fastrtps_c;rosidl_typesupport_introspection_c
[0.727s] -- Using all available rosidl_typesupport_cpp: rosidl_typesupport_fastrtps_cpp;rosidl_typesupport_introspection_cpp
[0.741s] -- Found python_cmake_module: 0.10.0 (/opt/ros/humble/share/python_cmake_module/cmake)
[0.755s] -- Using PYTHON_EXECUTABLE: /usr/bin/python3
[0.755s] -- Using PYTHON_INCLUDE_DIRS: /usr/include/python3.10
[0.755s] -- Using PYTHON_LIBRARIES: /usr/lib/x86_64-linux-gnu/libpython3.10.so
[0.776s] -- Found ament_lint_auto: 0.12.11 (/opt/ros/humble/share/ament_lint_auto/cmake)
[0.781s] -- Added test 'copyright' to check source files copyright and LICENSE
[0.782s] -- Added test 'lint_cmake' to check CMake code style
[0.782s] -- Added test 'xmllint' to check XML markup files
[0.783s] -- Configuring done
[0.802s] -- Generating done
[0.804s] -- Build files have been written to: /home/robotdeveloper02/IsaacSim-ros_workspaces-main/humble_ws/build/custom_message
[0.818s] [35m[1mConsolidate compiler generated dependencies of target custom_message__rosidl_generator_c[0m
[0.824s] [  2%] Built target custom_message__cpp
[0.825s] [  5%] [32mBuilding C object CMakeFiles/custom_message__rosidl_generator_c.dir/rosidl_generator_c/custom_message/msg/detail/sample_msg__functions.c.o[0m
[0.825s] [  7%] [32mBuilding C object CMakeFiles/custom_message__rosidl_generator_c.dir/rosidl_generator_c/custom_message/msg/detail/pose_stamped__functions.c.o[0m
[0.830s] [  7%] Built target ament_cmake_python_copy_custom_message
[0.830s] [35m[1mConsolidate compiler generated dependencies of target custom_message__rosidl_typesupport_cpp[0m
[0.830s] [35m[1mConsolidate compiler generated dependencies of target custom_message__rosidl_typesupport_introspection_cpp[0m
[0.830s] [35m[1mConsolidate compiler generated dependencies of target custom_message__rosidl_typesupport_fastrtps_cpp[0m
[0.838s] [ 17%] [32mBuilding CXX object CMakeFiles/custom_message__rosidl_typesupport_introspection_cpp.dir/rosidl_typesupport_introspection_cpp/custom_message/msg/detail/sample_msg__type_support.cpp.o[0m
[0.838s] [ 17%] [32mBuilding CXX object CMakeFiles/custom_message__rosidl_typesupport_introspection_cpp.dir/rosidl_typesupport_introspection_cpp/custom_message/msg/detail/pose_stamped__type_support.cpp.o[0m
[0.838s] [ 17%] [32mBuilding CXX object CMakeFiles/custom_message__rosidl_typesupport_cpp.dir/rosidl_typesupport_cpp/custom_message/msg/pose_stamped__type_support.cpp.o[0m
[0.839s] [ 17%] [32mBuilding CXX object CMakeFiles/custom_message__rosidl_typesupport_cpp.dir/rosidl_typesupport_cpp/custom_message/msg/sample_msg__type_support.cpp.o[0m
[0.840s] [ 20%] [32mBuilding CXX object CMakeFiles/custom_message__rosidl_typesupport_fastrtps_cpp.dir/rosidl_typesupport_fastrtps_cpp/custom_message/msg/detail/dds_fastrtps/sample_msg__type_support.cpp.o[0m
[0.840s] [ 23%] [32mBuilding CXX object CMakeFiles/custom_message__rosidl_typesupport_fastrtps_cpp.dir/rosidl_typesupport_fastrtps_cpp/custom_message/msg/detail/dds_fastrtps/pose_stamped__type_support.cpp.o[0m
[0.860s] [ 25%] [32m[1mLinking C shared library libcustom_message__rosidl_generator_c.so[0m
[0.900s] [ 28%] Built target custom_message__rosidl_generator_c
[0.907s] [ 30%] [34m[1mGenerating C type support for eProsima Fast-RTPS[0m
[0.910s] [ 35%] [34m[1mGenerating C introspection for ROS interfaces[0m
[0.910s] [ 35%] [34m[1mGenerating C type support dispatch for ROS interfaces[0m
[1.006s] running egg_info
[1.006s] writing custom_message.egg-info/PKG-INFO
[1.007s] writing dependency_links to custom_message.egg-info/dependency_links.txt
[1.007s] writing top-level names to custom_message.egg-info/top_level.txt
[1.008s] reading manifest file 'custom_message.egg-info/SOURCES.txt'
[1.009s] writing manifest file 'custom_message.egg-info/SOURCES.txt'
[1.014s] [ 38%] [32m[1mLinking CXX shared library libcustom_message__rosidl_typesupport_cpp.so[0m
[1.031s] [ 38%] Built target ament_cmake_python_build_custom_message_egg
[1.056s] [ 41%] Built target custom_message__rosidl_typesupport_cpp
[1.097s] [ 43%] [32m[1mLinking CXX shared library libcustom_message__rosidl_typesupport_introspection_cpp.so[0m
[1.112s] [35m[1mConsolidate compiler generated dependencies of target custom_message__rosidl_typesupport_c[0m
[1.120s] [ 48%] [32mBuilding CXX object CMakeFiles/custom_message__rosidl_typesupport_c.dir/rosidl_typesupport_c/custom_message/msg/sample_msg__type_support.cpp.o[0m
[1.120s] [ 48%] [32mBuilding CXX object CMakeFiles/custom_message__rosidl_typesupport_c.dir/rosidl_typesupport_c/custom_message/msg/pose_stamped__type_support.cpp.o[0m
[1.136s] [35m[1mConsolidate compiler generated dependencies of target custom_message__rosidl_typesupport_fastrtps_c[0m
[1.141s] [ 53%] [32m[1mLinking CXX shared library libcustom_message__rosidl_typesupport_c.so[0m
[1.141s] [ 53%] [32m[1mLinking CXX shared library libcustom_message__rosidl_typesupport_fastrtps_cpp.so[0m
[1.144s] [ 56%] Built target custom_message__rosidl_typesupport_introspection_cpp
[1.144s] [ 61%] [32mBuilding CXX object CMakeFiles/custom_message__rosidl_typesupport_fastrtps_c.dir/rosidl_typesupport_fastrtps_c/custom_message/msg/detail/sample_msg__type_support_c.cpp.o[0m
[1.144s] [ 61%] [32mBuilding CXX object CMakeFiles/custom_message__rosidl_typesupport_fastrtps_c.dir/rosidl_typesupport_fastrtps_c/custom_message/msg/detail/pose_stamped__type_support_c.cpp.o[0m
[1.147s] [35m[1mConsolidate compiler generated dependencies of target custom_message__rosidl_typesupport_introspection_c[0m
[1.154s] [ 66%] [32mBuilding C object CMakeFiles/custom_message__rosidl_typesupport_introspection_c.dir/rosidl_typesupport_introspection_c/custom_message/msg/detail/pose_stamped__type_support.c.o[0m
[1.154s] [ 66%] [32mBuilding C object CMakeFiles/custom_message__rosidl_typesupport_introspection_c.dir/rosidl_typesupport_introspection_c/custom_message/msg/detail/sample_msg__type_support.c.o[0m
[1.168s] [ 66%] Built target custom_message__rosidl_typesupport_c
[1.180s] [ 69%] [32m[1mLinking C shared library libcustom_message__rosidl_typesupport_introspection_c.so[0m
[1.190s] [ 71%] Built target custom_message__rosidl_typesupport_fastrtps_cpp
[1.199s] [ 71%] Built target custom_message__rosidl_typesupport_introspection_c
[1.336s] [ 74%] [32m[1mLinking CXX shared library libcustom_message__rosidl_typesupport_fastrtps_c.so[0m
[1.376s] [ 74%] Built target custom_message__rosidl_typesupport_fastrtps_c
[1.386s] [ 74%] Built target custom_message
[1.408s] [ 76%] [34m[1mGenerating Python code for ROS interfaces[0m
[1.638s] [ 76%] Built target custom_message__py
[1.643s] [35m[1mConsolidate compiler generated dependencies of target custom_message__rosidl_generator_py[0m
[1.650s] [ 82%] [32mBuilding C object CMakeFiles/custom_message__rosidl_generator_py.dir/rosidl_generator_py/custom_message/msg/_sample_msg_s.c.o[0m
[1.650s] [ 82%] [32mBuilding C object CMakeFiles/custom_message__rosidl_generator_py.dir/rosidl_generator_py/custom_message/msg/_pose_stamped_s.c.o[0m
[1.747s] [ 84%] [32m[1mLinking C shared library rosidl_generator_py/custom_message/libcustom_message__rosidl_generator_py.so[0m
[1.778s] [ 84%] Built target custom_message__rosidl_generator_py
[1.785s] [35m[1mConsolidate compiler generated dependencies of target custom_message__rosidl_typesupport_fastrtps_c__pyext[0m
[1.785s] [35m[1mConsolidate compiler generated dependencies of target custom_message__rosidl_typesupport_c__pyext[0m
[1.785s] [35m[1mConsolidate compiler generated dependencies of target custom_message__rosidl_typesupport_introspection_c__pyext[0m
[1.794s] [ 92%] [32mBuilding C object CMakeFiles/custom_message__rosidl_typesupport_c__pyext.dir/rosidl_generator_py/custom_message/_custom_message_s.ep.rosidl_typesupport_c.c.o[0m
[1.794s] [ 92%] [32mBuilding C object CMakeFiles/custom_message__rosidl_typesupport_introspection_c__pyext.dir/rosidl_generator_py/custom_message/_custom_message_s.ep.rosidl_typesupport_introspection_c.c.o[0m
[1.794s] [ 92%] [32mBuilding C object CMakeFiles/custom_message__rosidl_typesupport_fastrtps_c__pyext.dir/rosidl_generator_py/custom_message/_custom_message_s.ep.rosidl_typesupport_fastrtps_c.c.o[0m
[1.859s] [100%] [32m[1mLinking C shared library rosidl_generator_py/custom_message/custom_message_s__rosidl_typesupport_c.cpython-310-x86_64-linux-gnu.so[0m
[1.859s] [100%] [32m[1mLinking C shared library rosidl_generator_py/custom_message/custom_message_s__rosidl_typesupport_fastrtps_c.cpython-310-x86_64-linux-gnu.so[0m
[1.859s] [100%] [32m[1mLinking C shared library rosidl_generator_py/custom_message/custom_message_s__rosidl_typesupport_introspection_c.cpython-310-x86_64-linux-gnu.so[0m
[1.883s] [100%] Built target custom_message__rosidl_typesupport_c__pyext
[1.883s] [100%] Built target custom_message__rosidl_typesupport_fastrtps_c__pyext
[1.883s] [100%] Built target custom_message__rosidl_typesupport_introspection_c__pyext
[1.890s] Invoked command in '/home/robotdeveloper02/IsaacSim-ros_workspaces-main/humble_ws/build/custom_message' returned '0': CMAKE_PREFIX_PATH=/opt/ros/humble /usr/bin/cmake --build /home/robotdeveloper02/IsaacSim-ros_workspaces-main/humble_ws/build/custom_message -- -j16 -l16
[1.933s] Invoking command in '/home/robotdeveloper02/IsaacSim-ros_workspaces-main/humble_ws/build/custom_message': CMAKE_PREFIX_PATH=/opt/ros/humble /usr/bin/cmake --install /home/robotdeveloper02/IsaacSim-ros_workspaces-main/humble_ws/build/custom_message
[1.937s] -- Install configuration: ""
[1.938s] -- Installing: /home/robotdeveloper02/IsaacSim-ros_workspaces-main/humble_ws/install/custom_message/share/ament_index/resource_index/rosidl_interfaces/custom_message
[1.938s] -- Up-to-date: /home/robotdeveloper02/IsaacSim-ros_workspaces-main/humble_ws/install/custom_message/include/custom_message/custom_message
[1.938s] -- Up-to-date: /home/robotdeveloper02/IsaacSim-ros_workspaces-main/humble_ws/install/custom_message/include/custom_message/custom_message/msg
[1.938s] -- Up-to-date: /home/robotdeveloper02/IsaacSim-ros_workspaces-main/humble_ws/install/custom_message/include/custom_message/custom_message/msg/detail
[1.938s] -- Installing: /home/robotdeveloper02/IsaacSim-ros_workspaces-main/humble_ws/install/custom_message/include/custom_message/custom_message/msg/detail/sample_msg__struct.h
[1.938s] -- Installing: /home/robotdeveloper02/IsaacSim-ros_workspaces-main/humble_ws/install/custom_message/include/custom_message/custom_message/msg/detail/sample_msg__functions.h
[1.938s] -- Installing: /home/robotdeveloper02/IsaacSim-ros_workspaces-main/humble_ws/install/custom_message/include/custom_message/custom_message/msg/detail/pose_stamped__type_support.h
[1.938s] -- Installing: /home/robotdeveloper02/IsaacSim-ros_workspaces-main/humble_ws/install/custom_message/include/custom_message/custom_message/msg/detail/sample_msg__type_support.h
[1.938s] -- Installing: /home/robotdeveloper02/IsaacSim-ros_workspaces-main/humble_ws/install/custom_message/include/custom_message/custom_message/msg/detail/PoseStamped__struct.h
[1.938s] -- Installing: /home/robotdeveloper02/IsaacSim-ros_workspaces-main/humble_ws/install/custom_message/include/custom_message/custom_message/msg/detail/pose_stamped__functions.c
[1.938s] -- Installing: /home/robotdeveloper02/IsaacSim-ros_workspaces-main/humble_ws/install/custom_message/include/custom_message/custom_message/msg/detail/PoseStamped__functions.h
[1.938s] -- Installing: /home/robotdeveloper02/IsaacSim-ros_workspaces-main/humble_ws/install/custom_message/include/custom_message/custom_message/msg/detail/PoseStamped__type_support.h
[1.938s] -- Installing: /home/robotdeveloper02/IsaacSim-ros_workspaces-main/humble_ws/install/custom_message/include/custom_message/custom_message/msg/detail/sample_msg__functions.c
[1.938s] -- Installing: /home/robotdeveloper02/IsaacSim-ros_workspaces-main/humble_ws/install/custom_message/include/custom_message/custom_message/msg/detail/PoseStamped__functions.c
[1.938s] -- Installing: /home/robotdeveloper02/IsaacSim-ros_workspaces-main/humble_ws/install/custom_message/include/custom_message/custom_message/msg/detail/pose_stamped__struct.h
[1.938s] -- Installing: /home/robotdeveloper02/IsaacSim-ros_workspaces-main/humble_ws/install/custom_message/include/custom_message/custom_message/msg/detail/pose_stamped__functions.h
[1.938s] -- Installing: /home/robotdeveloper02/IsaacSim-ros_workspaces-main/humble_ws/install/custom_message/include/custom_message/custom_message/msg/sample_msg.h
[1.938s] -- Up-to-date: /home/robotdeveloper02/IsaacSim-ros_workspaces-main/humble_ws/install/custom_message/include/custom_message/custom_message/msg/rosidl_generator_c__visibility_control.h
[1.938s] -- Installing: /home/robotdeveloper02/IsaacSim-ros_workspaces-main/humble_ws/install/custom_message/include/custom_message/custom_message/msg/pose_stamped.h
[1.938s] -- Installing: /home/robotdeveloper02/IsaacSim-ros_workspaces-main/humble_ws/install/custom_message/include/custom_message/custom_message/msg/PoseStamped.h
[1.939s] -- Up-to-date: /home/robotdeveloper02/IsaacSim-ros_workspaces-main/humble_ws/install/custom_message/share/custom_message/environment/library_path.sh
[1.939s] -- Installing: /home/robotdeveloper02/IsaacSim-ros_workspaces-main/humble_ws/install/custom_message/share/custom_message/environment/library_path.dsv
[1.939s] -- Installing: /home/robotdeveloper02/IsaacSim-ros_workspaces-main/humble_ws/install/custom_message/lib/libcustom_message__rosidl_generator_c.so
[1.939s] -- Set runtime path of "/home/robotdeveloper02/IsaacSim-ros_workspaces-main/humble_ws/install/custom_message/lib/libcustom_message__rosidl_generator_c.so" to ""
[1.939s] -- Up-to-date: /home/robotdeveloper02/IsaacSim-ros_workspaces-main/humble_ws/install/custom_message/include/custom_message/custom_message
[1.939s] -- Up-to-date: /home/robotdeveloper02/IsaacSim-ros_workspaces-main/humble_ws/install/custom_message/include/custom_message/custom_message/msg
[1.939s] -- Up-to-date: /home/robotdeveloper02/IsaacSim-ros_workspaces-main/humble_ws/install/custom_message/include/custom_message/custom_message/msg/detail
[1.939s] -- Installing: /home/robotdeveloper02/IsaacSim-ros_workspaces-main/humble_ws/install/custom_message/include/custom_message/custom_message/msg/detail/sample_msg__rosidl_typesupport_fastrtps_c.h
[1.939s] -- Installing: /home/robotdeveloper02/IsaacSim-ros_workspaces-main/humble_ws/install/custom_message/include/custom_message/custom_message/msg/detail/pose_stamped__rosidl_typesupport_fastrtps_c.h
[1.939s] -- Up-to-date: /home/robotdeveloper02/IsaacSim-ros_workspaces-main/humble_ws/install/custom_message/include/custom_message/custom_message/msg/rosidl_typesupport_fastrtps_c__visibility_control.h
[1.939s] -- Installing: /home/robotdeveloper02/IsaacSim-ros_workspaces-main/humble_ws/install/custom_message/lib/libcustom_message__rosidl_typesupport_fastrtps_c.so
[1.939s] -- Set runtime path of "/home/robotdeveloper02/IsaacSim-ros_workspaces-main/humble_ws/install/custom_message/lib/libcustom_message__rosidl_typesupport_fastrtps_c.so" to ""
[1.939s] -- Up-to-date: /home/robotdeveloper02/IsaacSim-ros_workspaces-main/humble_ws/install/custom_message/include/custom_message/custom_message
[1.939s] -- Up-to-date: /home/robotdeveloper02/IsaacSim-ros_workspaces-main/humble_ws/install/custom_message/include/custom_message/custom_message/msg
[1.939s] -- Up-to-date: /home/robotdeveloper02/IsaacSim-ros_workspaces-main/humble_ws/install/custom_message/include/custom_message/custom_message/msg/detail
[1.939s] -- Installing: /home/robotdeveloper02/IsaacSim-ros_workspaces-main/humble_ws/install/custom_message/include/custom_message/custom_message/msg/detail/sample_msg__struct.hpp
[1.939s] -- Installing: /home/robotdeveloper02/IsaacSim-ros_workspaces-main/humble_ws/install/custom_message/include/custom_message/custom_message/msg/detail/sample_msg__traits.hpp
[1.940s] -- Installing: /home/robotdeveloper02/IsaacSim-ros_workspaces-main/humble_ws/install/custom_message/include/custom_message/custom_message/msg/detail/pose_stamped__builder.hpp
[1.940s] -- Installing: /home/robotdeveloper02/IsaacSim-ros_workspaces-main/humble_ws/install/custom_message/include/custom_message/custom_message/msg/detail/pose_stamped__traits.hpp
[1.940s] -- Installing: /home/robotdeveloper02/IsaacSim-ros_workspaces-main/humble_ws/install/custom_message/include/custom_message/custom_message/msg/detail/sample_msg__builder.hpp
[1.940s] -- Installing: /home/robotdeveloper02/IsaacSim-ros_workspaces-main/humble_ws/install/custom_message/include/custom_message/custom_message/msg/detail/pose_stamped__struct.hpp
[1.940s] -- Installing: /home/robotdeveloper02/IsaacSim-ros_workspaces-main/humble_ws/install/custom_message/include/custom_message/custom_message/msg/sample_msg.hpp
[1.940s] -- Installing: /home/robotdeveloper02/IsaacSim-ros_workspaces-main/humble_ws/install/custom_message/include/custom_message/custom_message/msg/pose_stamped.hpp
[1.940s] -- Up-to-date: /home/robotdeveloper02/IsaacSim-ros_workspaces-main/humble_ws/install/custom_message/include/custom_message/custom_message
[1.940s] -- Up-to-date: /home/robotdeveloper02/IsaacSim-ros_workspaces-main/humble_ws/install/custom_message/include/custom_message/custom_message/msg
[1.940s] -- Up-to-date: /home/robotdeveloper02/IsaacSim-ros_workspaces-main/humble_ws/install/custom_message/include/custom_message/custom_message/msg/detail
[1.940s] -- Up-to-date: /home/robotdeveloper02/IsaacSim-ros_workspaces-main/humble_ws/install/custom_message/include/custom_message/custom_message/msg/detail/dds_fastrtps
[1.940s] -- Installing: /home/robotdeveloper02/IsaacSim-ros_workspaces-main/humble_ws/install/custom_message/include/custom_message/custom_message/msg/detail/pose_stamped__rosidl_typesupport_fastrtps_cpp.hpp
[1.940s] -- Installing: /home/robotdeveloper02/IsaacSim-ros_workspaces-main/humble_ws/install/custom_message/include/custom_message/custom_message/msg/detail/PoseStamped__rosidl_typesupport_fastrtps_cpp.hpp
[1.940s] -- Installing: /home/robotdeveloper02/IsaacSim-ros_workspaces-main/humble_ws/install/custom_message/include/custom_message/custom_message/msg/detail/sample_msg__rosidl_typesupport_fastrtps_cpp.hpp
[1.940s] -- Up-to-date: /home/robotdeveloper02/IsaacSim-ros_workspaces-main/humble_ws/install/custom_message/include/custom_message/custom_message/msg/rosidl_typesupport_fastrtps_cpp__visibility_control.h
[1.940s] -- Installing: /home/robotdeveloper02/IsaacSim-ros_workspaces-main/humble_ws/install/custom_message/lib/libcustom_message__rosidl_typesupport_fastrtps_cpp.so
[1.940s] -- Set runtime path of "/home/robotdeveloper02/IsaacSim-ros_workspaces-main/humble_ws/install/custom_message/lib/libcustom_message__rosidl_typesupport_fastrtps_cpp.so" to ""
[1.940s] -- Up-to-date: /home/robotdeveloper02/IsaacSim-ros_workspaces-main/humble_ws/install/custom_message/include/custom_message/custom_message
[1.940s] -- Up-to-date: /home/robotdeveloper02/IsaacSim-ros_workspaces-main/humble_ws/install/custom_message/include/custom_message/custom_message/msg
[1.940s] -- Up-to-date: /home/robotdeveloper02/IsaacSim-ros_workspaces-main/humble_ws/install/custom_message/include/custom_message/custom_message/msg/detail
[1.940s] -- Installing: /home/robotdeveloper02/IsaacSim-ros_workspaces-main/humble_ws/install/custom_message/include/custom_message/custom_message/msg/detail/sample_msg__type_support.c
[1.940s] -- Installing: /home/robotdeveloper02/IsaacSim-ros_workspaces-main/humble_ws/install/custom_message/include/custom_message/custom_message/msg/detail/pose_stamped__rosidl_typesupport_introspection_c.h
[1.940s] -- Installing: /home/robotdeveloper02/IsaacSim-ros_workspaces-main/humble_ws/install/custom_message/include/custom_message/custom_message/msg/detail/pose_stamped__type_support.c
[1.941s] -- Installing: /home/robotdeveloper02/IsaacSim-ros_workspaces-main/humble_ws/install/custom_message/include/custom_message/custom_message/msg/detail/sample_msg__rosidl_typesupport_introspection_c.h
[1.941s] -- Up-to-date: /home/robotdeveloper02/IsaacSim-ros_workspaces-main/humble_ws/install/custom_message/include/custom_message/custom_message/msg/rosidl_typesupport_introspection_c__visibility_control.h
[1.941s] -- Installing: /home/robotdeveloper02/IsaacSim-ros_workspaces-main/humble_ws/install/custom_message/lib/libcustom_message__rosidl_typesupport_introspection_c.so
[1.941s] -- Set runtime path of "/home/robotdeveloper02/IsaacSim-ros_workspaces-main/humble_ws/install/custom_message/lib/libcustom_message__rosidl_typesupport_introspection_c.so" to ""
[1.941s] -- Installing: /home/robotdeveloper02/IsaacSim-ros_workspaces-main/humble_ws/install/custom_message/lib/libcustom_message__rosidl_typesupport_c.so
[1.941s] -- Set runtime path of "/home/robotdeveloper02/IsaacSim-ros_workspaces-main/humble_ws/install/custom_message/lib/libcustom_message__rosidl_typesupport_c.so" to ""
[1.941s] -- Up-to-date: /home/robotdeveloper02/IsaacSim-ros_workspaces-main/humble_ws/install/custom_message/include/custom_message/custom_message
[1.941s] -- Up-to-date: /home/robotdeveloper02/IsaacSim-ros_workspaces-main/humble_ws/install/custom_message/include/custom_message/custom_message/msg
[1.941s] -- Up-to-date: /home/robotdeveloper02/IsaacSim-ros_workspaces-main/humble_ws/install/custom_message/include/custom_message/custom_message/msg/detail
[1.941s] -- Installing: /home/robotdeveloper02/IsaacSim-ros_workspaces-main/humble_ws/install/custom_message/include/custom_message/custom_message/msg/detail/sample_msg__type_support.cpp
[1.941s] -- Installing: /home/robotdeveloper02/IsaacSim-ros_workspaces-main/humble_ws/install/custom_message/include/custom_message/custom_message/msg/detail/pose_stamped__type_support.cpp
[1.941s] -- Installing: /home/robotdeveloper02/IsaacSim-ros_workspaces-main/humble_ws/install/custom_message/include/custom_message/custom_message/msg/detail/pose_stamped__rosidl_typesupport_introspection_cpp.hpp
[1.941s] -- Installing: /home/robotdeveloper02/IsaacSim-ros_workspaces-main/humble_ws/install/custom_message/include/custom_message/custom_message/msg/detail/sample_msg__rosidl_typesupport_introspection_cpp.hpp
[1.941s] -- Installing: /home/robotdeveloper02/IsaacSim-ros_workspaces-main/humble_ws/install/custom_message/lib/libcustom_message__rosidl_typesupport_introspection_cpp.so
[1.941s] -- Set runtime path of "/home/robotdeveloper02/IsaacSim-ros_workspaces-main/humble_ws/install/custom_message/lib/libcustom_message__rosidl_typesupport_introspection_cpp.so" to ""
[1.941s] -- Installing: /home/robotdeveloper02/IsaacSim-ros_workspaces-main/humble_ws/install/custom_message/lib/libcustom_message__rosidl_typesupport_cpp.so
[1.942s] -- Set runtime path of "/home/robotdeveloper02/IsaacSim-ros_workspaces-main/humble_ws/install/custom_message/lib/libcustom_message__rosidl_typesupport_cpp.so" to ""
[1.942s] -- Up-to-date: /home/robotdeveloper02/IsaacSim-ros_workspaces-main/humble_ws/install/custom_message/share/custom_message/environment/pythonpath.sh
[1.942s] -- Installing: /home/robotdeveloper02/IsaacSim-ros_workspaces-main/humble_ws/install/custom_message/share/custom_message/environment/pythonpath.dsv
[1.942s] -- Up-to-date: /home/robotdeveloper02/IsaacSim-ros_workspaces-main/humble_ws/install/custom_message/local/lib/python3.10/dist-packages/custom_message-0.0.0-py3.10.egg-info
[1.942s] -- Installing: /home/robotdeveloper02/IsaacSim-ros_workspaces-main/humble_ws/install/custom_message/local/lib/python3.10/dist-packages/custom_message-0.0.0-py3.10.egg-info/PKG-INFO
[1.942s] -- Installing: /home/robotdeveloper02/IsaacSim-ros_workspaces-main/humble_ws/install/custom_message/local/lib/python3.10/dist-packages/custom_message-0.0.0-py3.10.egg-info/dependency_links.txt
[1.942s] -- Installing: /home/robotdeveloper02/IsaacSim-ros_workspaces-main/humble_ws/install/custom_message/local/lib/python3.10/dist-packages/custom_message-0.0.0-py3.10.egg-info/top_level.txt
[1.942s] -- Installing: /home/robotdeveloper02/IsaacSim-ros_workspaces-main/humble_ws/install/custom_message/local/lib/python3.10/dist-packages/custom_message-0.0.0-py3.10.egg-info/SOURCES.txt
[1.942s] -- Up-to-date: /home/robotdeveloper02/IsaacSim-ros_workspaces-main/humble_ws/install/custom_message/local/lib/python3.10/dist-packages/custom_message
[1.942s] -- Installing: /home/robotdeveloper02/IsaacSim-ros_workspaces-main/humble_ws/install/custom_message/local/lib/python3.10/dist-packages/custom_message/_custom_message_s.ep.rosidl_typesupport_introspection_c.c
[1.942s] -- Installing: /home/robotdeveloper02/IsaacSim-ros_workspaces-main/humble_ws/install/custom_message/local/lib/python3.10/dist-packages/custom_message/_custom_message_s.ep.rosidl_typesupport_fastrtps_c.c
[1.942s] -- Installing: /home/robotdeveloper02/IsaacSim-ros_workspaces-main/humble_ws/install/custom_message/local/lib/python3.10/dist-packages/custom_message/__init__.py
[1.942s] -- Installing: /home/robotdeveloper02/IsaacSim-ros_workspaces-main/humble_ws/install/custom_message/local/lib/python3.10/dist-packages/custom_message/_custom_message_s.ep.rosidl_typesupport_c.c
[1.942s] -- Installing: /home/robotdeveloper02/IsaacSim-ros_workspaces-main/humble_ws/install/custom_message/local/lib/python3.10/dist-packages/custom_message/custom_message_s__rosidl_typesupport_fastrtps_c.cpython-310-x86_64-linux-gnu.so
[1.942s] -- Up-to-date: /home/robotdeveloper02/IsaacSim-ros_workspaces-main/humble_ws/install/custom_message/local/lib/python3.10/dist-packages/custom_message/msg
[1.942s] -- Installing: /home/robotdeveloper02/IsaacSim-ros_workspaces-main/humble_ws/install/custom_message/local/lib/python3.10/dist-packages/custom_message/msg/_sample_msg_s.c
[1.942s] -- Installing: /home/robotdeveloper02/IsaacSim-ros_workspaces-main/humble_ws/install/custom_message/local/lib/python3.10/dist-packages/custom_message/msg/_pose_stamped_s.c
[1.942s] -- Installing: /home/robotdeveloper02/IsaacSim-ros_workspaces-main/humble_ws/install/custom_message/local/lib/python3.10/dist-packages/custom_message/msg/_pose_stamped.py
[1.942s] -- Installing: /home/robotdeveloper02/IsaacSim-ros_workspaces-main/humble_ws/install/custom_message/local/lib/python3.10/dist-packages/custom_message/msg/__init__.py
[1.943s] -- Installing: /home/robotdeveloper02/IsaacSim-ros_workspaces-main/humble_ws/install/custom_message/local/lib/python3.10/dist-packages/custom_message/msg/_sample_msg.py
[1.943s] -- Installing: /home/robotdeveloper02/IsaacSim-ros_workspaces-main/humble_ws/install/custom_message/local/lib/python3.10/dist-packages/custom_message/custom_message_s__rosidl_typesupport_c.cpython-310-x86_64-linux-gnu.so
[1.943s] -- Installing: /home/robotdeveloper02/IsaacSim-ros_workspaces-main/humble_ws/install/custom_message/local/lib/python3.10/dist-packages/custom_message/custom_message_s__rosidl_typesupport_introspection_c.cpython-310-x86_64-linux-gnu.so
[1.943s] -- Installing: /home/robotdeveloper02/IsaacSim-ros_workspaces-main/humble_ws/install/custom_message/local/lib/python3.10/dist-packages/custom_message/libcustom_message__rosidl_generator_py.so
[1.963s] Listing '/home/robotdeveloper02/IsaacSim-ros_workspaces-main/humble_ws/install/custom_message/local/lib/python3.10/dist-packages/custom_message'...
[1.963s] Compiling '/home/robotdeveloper02/IsaacSim-ros_workspaces-main/humble_ws/install/custom_message/local/lib/python3.10/dist-packages/custom_message/__init__.py'...
[1.963s] Listing '/home/robotdeveloper02/IsaacSim-ros_workspaces-main/humble_ws/install/custom_message/local/lib/python3.10/dist-packages/custom_message/msg'...
[1.963s] Compiling '/home/robotdeveloper02/IsaacSim-ros_workspaces-main/humble_ws/install/custom_message/local/lib/python3.10/dist-packages/custom_message/msg/__init__.py'...
[1.963s] Compiling '/home/robotdeveloper02/IsaacSim-ros_workspaces-main/humble_ws/install/custom_message/local/lib/python3.10/dist-packages/custom_message/msg/_pose_stamped.py'...
[1.963s] Compiling '/home/robotdeveloper02/IsaacSim-ros_workspaces-main/humble_ws/install/custom_message/local/lib/python3.10/dist-packages/custom_message/msg/_sample_msg.py'...
[1.965s] -- Installing: /home/robotdeveloper02/IsaacSim-ros_workspaces-main/humble_ws/install/custom_message/local/lib/python3.10/dist-packages/custom_message/custom_message_s__rosidl_typesupport_fastrtps_c.cpython-310-x86_64-linux-gnu.so
[1.965s] -- Set runtime path of "/home/robotdeveloper02/IsaacSim-ros_workspaces-main/humble_ws/install/custom_message/local/lib/python3.10/dist-packages/custom_message/custom_message_s__rosidl_typesupport_fastrtps_c.cpython-310-x86_64-linux-gnu.so" to ""
[1.966s] -- Installing: /home/robotdeveloper02/IsaacSim-ros_workspaces-main/humble_ws/install/custom_message/local/lib/python3.10/dist-packages/custom_message/custom_message_s__rosidl_typesupport_introspection_c.cpython-310-x86_64-linux-gnu.so
[1.966s] -- Set runtime path of "/home/robotdeveloper02/IsaacSim-ros_workspaces-main/humble_ws/install/custom_message/local/lib/python3.10/dist-packages/custom_message/custom_message_s__rosidl_typesupport_introspection_c.cpython-310-x86_64-linux-gnu.so" to ""
[1.966s] -- Installing: /home/robotdeveloper02/IsaacSim-ros_workspaces-main/humble_ws/install/custom_message/local/lib/python3.10/dist-packages/custom_message/custom_message_s__rosidl_typesupport_c.cpython-310-x86_64-linux-gnu.so
[1.966s] -- Set runtime path of "/home/robotdeveloper02/IsaacSim-ros_workspaces-main/humble_ws/install/custom_message/local/lib/python3.10/dist-packages/custom_message/custom_message_s__rosidl_typesupport_c.cpython-310-x86_64-linux-gnu.so" to ""
[1.966s] -- Installing: /home/robotdeveloper02/IsaacSim-ros_workspaces-main/humble_ws/install/custom_message/lib/libcustom_message__rosidl_generator_py.so
[1.966s] -- Set runtime path of "/home/robotdeveloper02/IsaacSim-ros_workspaces-main/humble_ws/install/custom_message/lib/libcustom_message__rosidl_generator_py.so" to ""
[1.966s] -- Up-to-date: /home/robotdeveloper02/IsaacSim-ros_workspaces-main/humble_ws/install/custom_message/share/custom_message/msg/SampleMsg.idl
[1.966s] -- Installing: /home/robotdeveloper02/IsaacSim-ros_workspaces-main/humble_ws/install/custom_message/share/custom_message/msg/PoseStamped.idl
[1.966s] -- Up-to-date: /home/robotdeveloper02/IsaacSim-ros_workspaces-main/humble_ws/install/custom_message/share/custom_message/msg/SampleMsg.msg
[1.966s] -- Installing: /home/robotdeveloper02/IsaacSim-ros_workspaces-main/humble_ws/install/custom_message/share/custom_message/msg/PoseStamped.msg
[1.966s] -- Installing: /home/robotdeveloper02/IsaacSim-ros_workspaces-main/humble_ws/install/custom_message/share/ament_index/resource_index/package_run_dependencies/custom_message
[1.967s] -- Up-to-date: /home/robotdeveloper02/IsaacSim-ros_workspaces-main/humble_ws/install/custom_message/share/ament_index/resource_index/parent_prefix_path/custom_message
[1.967s] -- Up-to-date: /home/robotdeveloper02/IsaacSim-ros_workspaces-main/humble_ws/install/custom_message/share/custom_message/environment/ament_prefix_path.sh
[1.967s] -- Installing: /home/robotdeveloper02/IsaacSim-ros_workspaces-main/humble_ws/install/custom_message/share/custom_message/environment/ament_prefix_path.dsv
[1.967s] -- Up-to-date: /home/robotdeveloper02/IsaacSim-ros_workspaces-main/humble_ws/install/custom_message/share/custom_message/environment/path.sh
[1.967s] -- Installing: /home/robotdeveloper02/IsaacSim-ros_workspaces-main/humble_ws/install/custom_message/share/custom_message/environment/path.dsv
[1.967s] -- Up-to-date: /home/robotdeveloper02/IsaacSim-ros_workspaces-main/humble_ws/install/custom_message/share/custom_message/local_setup.bash
[1.967s] -- Up-to-date: /home/robotdeveloper02/IsaacSim-ros_workspaces-main/humble_ws/install/custom_message/share/custom_message/local_setup.sh
[1.967s] -- Up-to-date: /home/robotdeveloper02/IsaacSim-ros_workspaces-main/humble_ws/install/custom_message/share/custom_message/local_setup.zsh
[1.967s] -- Installing: /home/robotdeveloper02/IsaacSim-ros_workspaces-main/humble_ws/install/custom_message/share/custom_message/local_setup.dsv
[1.967s] -- Installing: /home/robotdeveloper02/IsaacSim-ros_workspaces-main/humble_ws/install/custom_message/share/custom_message/package.dsv
[1.967s] -- Up-to-date: /home/robotdeveloper02/IsaacSim-ros_workspaces-main/humble_ws/install/custom_message/share/ament_index/resource_index/packages/custom_message
[1.967s] -- Old export file "/home/robotdeveloper02/IsaacSim-ros_workspaces-main/humble_ws/install/custom_message/share/custom_message/cmake/export_custom_message__rosidl_generator_cExport.cmake" will be replaced.  Removing files [/home/robotdeveloper02/IsaacSim-ros_workspaces-main/humble_ws/install/custom_message/share/custom_message/cmake/export_custom_message__rosidl_generator_cExport-noconfig.cmake].
[1.967s] -- Installing: /home/robotdeveloper02/IsaacSim-ros_workspaces-main/humble_ws/install/custom_message/share/custom_message/cmake/export_custom_message__rosidl_generator_cExport.cmake
[1.967s] -- Installing: /home/robotdeveloper02/IsaacSim-ros_workspaces-main/humble_ws/install/custom_message/share/custom_message/cmake/export_custom_message__rosidl_generator_cExport-noconfig.cmake
[1.967s] -- Old export file "/home/robotdeveloper02/IsaacSim-ros_workspaces-main/humble_ws/install/custom_message/share/custom_message/cmake/export_custom_message__rosidl_typesupport_fastrtps_cExport.cmake" will be replaced.  Removing files [/home/robotdeveloper02/IsaacSim-ros_workspaces-main/humble_ws/install/custom_message/share/custom_message/cmake/export_custom_message__rosidl_typesupport_fastrtps_cExport-noconfig.cmake].
[1.967s] -- Installing: /home/robotdeveloper02/IsaacSim-ros_workspaces-main/humble_ws/install/custom_message/share/custom_message/cmake/export_custom_message__rosidl_typesupport_fastrtps_cExport.cmake
[1.967s] -- Installing: /home/robotdeveloper02/IsaacSim-ros_workspaces-main/humble_ws/install/custom_message/share/custom_message/cmake/export_custom_message__rosidl_typesupport_fastrtps_cExport-noconfig.cmake
[1.967s] -- Installing: /home/robotdeveloper02/IsaacSim-ros_workspaces-main/humble_ws/install/custom_message/share/custom_message/cmake/export_custom_message__rosidl_generator_cppExport.cmake
[1.968s] -- Old export file "/home/robotdeveloper02/IsaacSim-ros_workspaces-main/humble_ws/install/custom_message/share/custom_message/cmake/export_custom_message__rosidl_typesupport_fastrtps_cppExport.cmake" will be replaced.  Removing files [/home/robotdeveloper02/IsaacSim-ros_workspaces-main/humble_ws/install/custom_message/share/custom_message/cmake/export_custom_message__rosidl_typesupport_fastrtps_cppExport-noconfig.cmake].
[1.968s] -- Installing: /home/robotdeveloper02/IsaacSim-ros_workspaces-main/humble_ws/install/custom_message/share/custom_message/cmake/export_custom_message__rosidl_typesupport_fastrtps_cppExport.cmake
[1.968s] -- Installing: /home/robotdeveloper02/IsaacSim-ros_workspaces-main/humble_ws/install/custom_message/share/custom_message/cmake/export_custom_message__rosidl_typesupport_fastrtps_cppExport-noconfig.cmake
[1.968s] -- Old export file "/home/robotdeveloper02/IsaacSim-ros_workspaces-main/humble_ws/install/custom_message/share/custom_message/cmake/custom_message__rosidl_typesupport_introspection_cExport.cmake" will be replaced.  Removing files [/home/robotdeveloper02/IsaacSim-ros_workspaces-main/humble_ws/install/custom_message/share/custom_message/cmake/custom_message__rosidl_typesupport_introspection_cExport-noconfig.cmake].
[1.968s] -- Installing: /home/robotdeveloper02/IsaacSim-ros_workspaces-main/humble_ws/install/custom_message/share/custom_message/cmake/custom_message__rosidl_typesupport_introspection_cExport.cmake
[1.968s] -- Installing: /home/robotdeveloper02/IsaacSim-ros_workspaces-main/humble_ws/install/custom_message/share/custom_message/cmake/custom_message__rosidl_typesupport_introspection_cExport-noconfig.cmake
[1.968s] -- Old export file "/home/robotdeveloper02/IsaacSim-ros_workspaces-main/humble_ws/install/custom_message/share/custom_message/cmake/custom_message__rosidl_typesupport_cExport.cmake" will be replaced.  Removing files [/home/robotdeveloper02/IsaacSim-ros_workspaces-main/humble_ws/install/custom_message/share/custom_message/cmake/custom_message__rosidl_typesupport_cExport-noconfig.cmake].
[1.968s] -- Installing: /home/robotdeveloper02/IsaacSim-ros_workspaces-main/humble_ws/install/custom_message/share/custom_message/cmake/custom_message__rosidl_typesupport_cExport.cmake
[1.968s] -- Installing: /home/robotdeveloper02/IsaacSim-ros_workspaces-main/humble_ws/install/custom_message/share/custom_message/cmake/custom_message__rosidl_typesupport_cExport-noconfig.cmake
[1.968s] -- Old export file "/home/robotdeveloper02/IsaacSim-ros_workspaces-main/humble_ws/install/custom_message/share/custom_message/cmake/custom_message__rosidl_typesupport_introspection_cppExport.cmake" will be replaced.  Removing files [/home/robotdeveloper02/IsaacSim-ros_workspaces-main/humble_ws/install/custom_message/share/custom_message/cmake/custom_message__rosidl_typesupport_introspection_cppExport-noconfig.cmake].
[1.968s] -- Installing: /home/robotdeveloper02/IsaacSim-ros_workspaces-main/humble_ws/install/custom_message/share/custom_message/cmake/custom_message__rosidl_typesupport_introspection_cppExport.cmake
[1.968s] -- Installing: /home/robotdeveloper02/IsaacSim-ros_workspaces-main/humble_ws/install/custom_message/share/custom_message/cmake/custom_message__rosidl_typesupport_introspection_cppExport-noconfig.cmake
[1.968s] -- Old export file "/home/robotdeveloper02/IsaacSim-ros_workspaces-main/humble_ws/install/custom_message/share/custom_message/cmake/custom_message__rosidl_typesupport_cppExport.cmake" will be replaced.  Removing files [/home/robotdeveloper02/IsaacSim-ros_workspaces-main/humble_ws/install/custom_message/share/custom_message/cmake/custom_message__rosidl_typesupport_cppExport-noconfig.cmake].
[1.968s] -- Installing: /home/robotdeveloper02/IsaacSim-ros_workspaces-main/humble_ws/install/custom_message/share/custom_message/cmake/custom_message__rosidl_typesupport_cppExport.cmake
[1.969s] -- Installing: /home/robotdeveloper02/IsaacSim-ros_workspaces-main/humble_ws/install/custom_message/share/custom_message/cmake/custom_message__rosidl_typesupport_cppExport-noconfig.cmake
[1.969s] -- Old export file "/home/robotdeveloper02/IsaacSim-ros_workspaces-main/humble_ws/install/custom_message/share/custom_message/cmake/export_custom_message__rosidl_generator_pyExport.cmake" will be replaced.  Removing files [/home/robotdeveloper02/IsaacSim-ros_workspaces-main/humble_ws/install/custom_message/share/custom_message/cmake/export_custom_message__rosidl_generator_pyExport-noconfig.cmake].
[1.969s] -- Installing: /home/robotdeveloper02/IsaacSim-ros_workspaces-main/humble_ws/install/custom_message/share/custom_message/cmake/export_custom_message__rosidl_generator_pyExport.cmake
[1.969s] -- Installing: /home/robotdeveloper02/IsaacSim-ros_workspaces-main/humble_ws/install/custom_message/share/custom_message/cmake/export_custom_message__rosidl_generator_pyExport-noconfig.cmake
[1.969s] -- Installing: /home/robotdeveloper02/IsaacSim-ros_workspaces-main/humble_ws/install/custom_message/share/custom_message/cmake/rosidl_cmake-extras.cmake
[1.969s] -- Installing: /home/robotdeveloper02/IsaacSim-ros_workspaces-main/humble_ws/install/custom_message/share/custom_message/cmake/ament_cmake_export_dependencies-extras.cmake
[1.969s] -- Up-to-date: /home/robotdeveloper02/IsaacSim-ros_workspaces-main/humble_ws/install/custom_message/share/custom_message/cmake/ament_cmake_export_include_directories-extras.cmake
[1.969s] -- Up-to-date: /home/robotdeveloper02/IsaacSim-ros_workspaces-main/humble_ws/install/custom_message/share/custom_message/cmake/ament_cmake_export_libraries-extras.cmake
[1.969s] -- Up-to-date: /home/robotdeveloper02/IsaacSim-ros_workspaces-main/humble_ws/install/custom_message/share/custom_message/cmake/ament_cmake_export_targets-extras.cmake
[1.969s] -- Up-to-date: /home/robotdeveloper02/IsaacSim-ros_workspaces-main/humble_ws/install/custom_message/share/custom_message/cmake/rosidl_cmake_export_typesupport_targets-extras.cmake
[1.969s] -- Up-to-date: /home/robotdeveloper02/IsaacSim-ros_workspaces-main/humble_ws/install/custom_message/share/custom_message/cmake/rosidl_cmake_export_typesupport_libraries-extras.cmake
[1.969s] -- Up-to-date: /home/robotdeveloper02/IsaacSim-ros_workspaces-main/humble_ws/install/custom_message/share/custom_message/cmake/custom_messageConfig.cmake
[1.969s] -- Up-to-date: /home/robotdeveloper02/IsaacSim-ros_workspaces-main/humble_ws/install/custom_message/share/custom_message/cmake/custom_messageConfig-version.cmake
[1.969s] -- Installing: /home/robotdeveloper02/IsaacSim-ros_workspaces-main/humble_ws/install/custom_message/share/custom_message/package.xml
[1.971s] Invoked command in '/home/robotdeveloper02/IsaacSim-ros_workspaces-main/humble_ws/build/custom_message' returned '0': CMAKE_PREFIX_PATH=/opt/ros/humble /usr/bin/cmake --install /home/robotdeveloper02/IsaacSim-ros_workspaces-main/humble_ws/build/custom_message
