[35m[1mConsolidate compiler generated dependencies of target custom_message__rosidl_generator_c[0m
[  1%] Built target custom_message__cpp
[ 12%] Built target custom_message__rosidl_generator_c
[ 12%] Built target ament_cmake_python_copy_custom_message
[35m[1mConsolidate compiler generated dependencies of target custom_message__rosidl_typesupport_cpp[0m
[35m[1mConsolidate compiler generated dependencies of target custom_message__rosidl_typesupport_fastrtps_cpp[0m
[35m[1mConsolidate compiler generated dependencies of target custom_message__rosidl_typesupport_introspection_cpp[0m
[35m[1mConsolidate compiler generated dependencies of target custom_message__rosidl_typesupport_introspection_c[0m
[35m[1mConsolidate compiler generated dependencies of target custom_message__rosidl_typesupport_fastrtps_c[0m
[35m[1mConsolidate compiler generated dependencies of target custom_message__rosidl_typesupport_c[0m
[ 34%] Built target custom_message__rosidl_typesupport_introspection_cpp
[ 34%] Built target custom_message__rosidl_typesupport_cpp
[ 45%] Built target custom_message__rosidl_typesupport_introspection_c
[ 56%] Built target custom_message__rosidl_typesupport_fastrtps_cpp
[ 67%] Built target custom_message__rosidl_typesupport_fastrtps_c
[ 78%] Built target custom_message__rosidl_typesupport_c
[ 78%] Built target custom_message
[ 80%] Built target custom_message__py
[35m[1mConsolidate compiler generated dependencies of target custom_message__rosidl_generator_py[0m
[ 89%] Built target custom_message__rosidl_generator_py
[35m[1mConsolidate compiler generated dependencies of target custom_message__rosidl_typesupport_fastrtps_c__pyext[0m
[35m[1mConsolidate compiler generated dependencies of target custom_message__rosidl_typesupport_introspection_c__pyext[0m
[35m[1mConsolidate compiler generated dependencies of target custom_message__rosidl_typesupport_c__pyext[0m
[ 98%] Built target custom_message__rosidl_typesupport_c__pyext
[ 98%] Built target custom_message__rosidl_typesupport_fastrtps_c__pyext
[100%] Built target custom_message__rosidl_typesupport_introspection_c__pyext
running egg_info
writing custom_message.egg-info/PKG-INFO
writing dependency_links to custom_message.egg-info/dependency_links.txt
writing top-level names to custom_message.egg-info/top_level.txt
reading manifest file 'custom_message.egg-info/SOURCES.txt'
writing manifest file 'custom_message.egg-info/SOURCES.txt'
[100%] Built target ament_cmake_python_build_custom_message_egg
