[0.037s] Invoking command in '/home/robotdeveloper02/IsaacSim-ros_workspaces-main/humble_ws/build/custom_message': CMAKE_PREFIX_PATH=${CMAKE_PREFIX_PATH}:/home/robotdeveloper02/IsaacSim-ros_workspaces-main/humble_ws/install/my_ros2_package:/home/robotdeveloper02/IsaacSim-ros_workspaces-main/humble_ws/install/jetbot_controller:/home/robotdeveloper02/IsaacSim-ros_workspaces-main/humble_ws/install/isaac_ros_navigation_goal:/home/robotdeveloper02/IsaacSim-ros_workspaces-main/humble_ws/install/error_plotter:/opt/ros/humble /usr/bin/cmake --build /home/robotdeveloper02/IsaacSim-ros_workspaces-main/humble_ws/build/custom_message -- -j16 -l16
[0.779s] [35m[1mConsolidate compiler generated dependencies of target custom_message__rosidl_generator_c[0m
[0.779s] [  1%] Built target custom_message__cpp
[0.779s] [ 12%] Built target custom_message__rosidl_generator_c
[0.779s] [ 12%] Built target ament_cmake_python_copy_custom_message
[0.779s] [35m[1mConsolidate compiler generated dependencies of target custom_message__rosidl_typesupport_cpp[0m
[0.780s] [35m[1mConsolidate compiler generated dependencies of target custom_message__rosidl_typesupport_fastrtps_cpp[0m
[0.780s] [35m[1mConsolidate compiler generated dependencies of target custom_message__rosidl_typesupport_introspection_cpp[0m
[0.780s] [35m[1mConsolidate compiler generated dependencies of target custom_message__rosidl_typesupport_introspection_c[0m
[0.780s] [35m[1mConsolidate compiler generated dependencies of target custom_message__rosidl_typesupport_fastrtps_c[0m
[0.780s] [35m[1mConsolidate compiler generated dependencies of target custom_message__rosidl_typesupport_c[0m
[0.780s] [ 34%] Built target custom_message__rosidl_typesupport_introspection_cpp
[0.780s] [ 34%] Built target custom_message__rosidl_typesupport_cpp
[0.780s] [ 45%] Built target custom_message__rosidl_typesupport_introspection_c
[0.780s] [ 56%] Built target custom_message__rosidl_typesupport_fastrtps_cpp
[0.780s] [ 67%] Built target custom_message__rosidl_typesupport_fastrtps_c
[0.781s] [ 78%] Built target custom_message__rosidl_typesupport_c
[0.781s] [ 78%] Built target custom_message
[0.781s] [ 80%] Built target custom_message__py
[0.781s] [35m[1mConsolidate compiler generated dependencies of target custom_message__rosidl_generator_py[0m
[0.781s] [ 89%] Built target custom_message__rosidl_generator_py
[0.781s] [35m[1mConsolidate compiler generated dependencies of target custom_message__rosidl_typesupport_fastrtps_c__pyext[0m
[0.781s] [35m[1mConsolidate compiler generated dependencies of target custom_message__rosidl_typesupport_introspection_c__pyext[0m
[0.781s] [35m[1mConsolidate compiler generated dependencies of target custom_message__rosidl_typesupport_c__pyext[0m
[0.781s] [ 98%] Built target custom_message__rosidl_typesupport_c__pyext
[0.781s] [ 98%] Built target custom_message__rosidl_typesupport_fastrtps_c__pyext
[0.781s] [100%] Built target custom_message__rosidl_typesupport_introspection_c__pyext
[0.781s] running egg_info
[0.781s] writing custom_message.egg-info/PKG-INFO
[0.781s] writing dependency_links to custom_message.egg-info/dependency_links.txt
[0.781s] writing top-level names to custom_message.egg-info/top_level.txt
[0.781s] reading manifest file 'custom_message.egg-info/SOURCES.txt'
[0.782s] writing manifest file 'custom_message.egg-info/SOURCES.txt'
[0.782s] [100%] Built target ament_cmake_python_build_custom_message_egg
