[0.039s] Invoking command in '/home/robotdeveloper02/IsaacSim-ros_workspaces-main/humble_ws/build/turtlebot3_node': CMAKE_PREFIX_PATH=${CMAKE_PREFIX_PATH}:/opt/ros/humble /usr/bin/cmake /home/robotdeveloper02/IsaacSim-ros_workspaces-main/humble_ws/turtlebot3/turtlebot3_node -DCMAKE_INSTALL_PREFIX=/home/robotdeveloper02/IsaacSim-ros_workspaces-main/humble_ws/install/turtlebot3_node
[0.636s] -- The C compiler identification is GNU 12.3.0
[0.636s] -- The CXX compiler identification is GNU 11.4.0
[0.637s] -- Detecting C compiler ABI info
[0.637s] -- Detecting C compiler ABI info - done
[0.637s] -- Check for working C compiler: /usr/bin/cc - skipped
[0.637s] -- Detecting C compile features
[0.638s] -- Detecting C compile features - done
[0.638s] -- Detecting CXX compiler ABI info
[0.638s] -- Detecting CXX compiler ABI info - done
[0.638s] -- Check for working CXX compiler: /usr/bin/c++ - skipped
[0.638s] -- Detecting CXX compile features
[0.638s] -- Detecting CXX compile features - done
[0.638s] -- Found ament_cmake: 1.3.9 (/opt/ros/humble/share/ament_cmake/cmake)
[0.708s] -- Found Python3: /usr/bin/python3 (found version "3.10.12") found components: Interpreter 
[0.811s] [31mCMake Error at CMakeLists.txt:19 (find_package):
[0.811s]   By not providing "Finddynamixel_sdk.cmake" in CMAKE_MODULE_PATH this
[0.811s]   project has asked CMake to find a package configuration file provided by
[0.811s]   "dynamixel_sdk", but CMake did not find one.
[0.811s] 
[0.811s]   Could not find a package configuration file provided by "dynamixel_sdk"
[0.812s]   with any of the following names:
[0.812s] 
[0.812s]     dynamixel_sdkConfig.cmake
[0.812s]     dynamixel_sdk-config.cmake
[0.812s] 
[0.812s]   Add the installation prefix of "dynamixel_sdk" to CMAKE_PREFIX_PATH or set
[0.812s]   "dynamixel_sdk_DIR" to a directory containing one of the above files.  If
[0.812s]   "dynamixel_sdk" provides a separate development package or SDK, be sure it
[0.812s]   has been installed.
[0.812s] 
[0.812s] [0m
[0.812s] -- Configuring incomplete, errors occurred!
[0.813s] See also "/home/robotdeveloper02/IsaacSim-ros_workspaces-main/humble_ws/build/turtlebot3_node/CMakeFiles/CMakeOutput.log".
[0.814s] Invoked command in '/home/robotdeveloper02/IsaacSim-ros_workspaces-main/humble_ws/build/turtlebot3_node' returned '1': CMAKE_PREFIX_PATH=${CMAKE_PREFIX_PATH}:/opt/ros/humble /usr/bin/cmake /home/robotdeveloper02/IsaacSim-ros_workspaces-main/humble_ws/turtlebot3/turtlebot3_node -DCMAKE_INSTALL_PREFIX=/home/robotdeveloper02/IsaacSim-ros_workspaces-main/humble_ws/install/turtlebot3_node
