running egg_info
writing ../../build/error_plotter/error_plotter.egg-info/PKG-INFO
writing dependency_links to ../../build/error_plotter/error_plotter.egg-info/dependency_links.txt
writing entry points to ../../build/error_plotter/error_plotter.egg-info/entry_points.txt
writing requirements to ../../build/error_plotter/error_plotter.egg-info/requires.txt
writing top-level names to ../../build/error_plotter/error_plotter.egg-info/top_level.txt
reading manifest file '../../build/error_plotter/error_plotter.egg-info/SOURCES.txt'
writing manifest file '../../build/error_plotter/error_plotter.egg-info/SOURCES.txt'
running build
running build_py
copying error_plotter/error plotter.py -> /home/robotdeveloper02/IsaacSim-ros_workspaces-main/humble_ws/build/error_plotter/build/lib/error_plotter
running install
running install_lib
copying /home/robotdeveloper02/IsaacSim-ros_workspaces-main/humble_ws/build/error_plotter/build/lib/error_plotter/error plotter.py -> /home/robotdeveloper02/IsaacSim-ros_workspaces-main/humble_ws/install/error_plotter/lib/python3.10/site-packages/error_plotter
byte-compiling /home/robotdeveloper02/IsaacSim-ros_workspaces-main/humble_ws/install/error_plotter/lib/python3.10/site-packages/error_plotter/error plotter.py to error plotter.cpython-310.pyc
running install_data
running install_egg_info
removing '/home/robotdeveloper02/IsaacSim-ros_workspaces-main/humble_ws/install/error_plotter/lib/python3.10/site-packages/error_plotter-0.0.0-py3.10.egg-info' (and everything under it)
Copying ../../build/error_plotter/error_plotter.egg-info to /home/robotdeveloper02/IsaacSim-ros_workspaces-main/humble_ws/install/error_plotter/lib/python3.10/site-packages/error_plotter-0.0.0-py3.10.egg-info
running install_scripts
Installing error_plotter script to /home/robotdeveloper02/IsaacSim-ros_workspaces-main/humble_ws/install/error_plotter/lib/error_plotter
writing list of installed files to '/home/robotdeveloper02/IsaacSim-ros_workspaces-main/humble_ws/build/error_plotter/install.log'
