[0.394s] Invoking command in '/home/robotdeveloper02/IsaacSim-ros_workspaces-main/humble_ws/build/isaac_ros2_messages': CMAKE_PREFIX_PATH=${CMAKE_PREFIX_PATH}:/opt/ros/humble /usr/bin/cmake --build /home/robotdeveloper02/IsaacSim-ros_workspaces-main/humble_ws/build/isaac_ros2_messages -- -j16 -l16
[0.602s] [ 11%] Built target isaac_ros2_messages__rosidl_generator_c
[0.602s] [ 12%] Built target isaac_ros2_messages__cpp
[0.602s] [ 12%] Built target ament_cmake_python_copy_isaac_ros2_messages
[0.602s] [ 33%] Built target isaac_ros2_messages__rosidl_typesupport_introspection_c
[0.602s] [ 34%] Built target isaac_ros2_messages__rosidl_typesupport_cpp
[0.602s] [ 55%] Built target isaac_ros2_messages__rosidl_typesupport_fastrtps_cpp
[0.602s] [ 57%] Built target isaac_ros2_messages__rosidl_typesupport_c
[0.602s] [ 68%] Built target isaac_ros2_messages__rosidl_typesupport_introspection_cpp
[0.602s] [ 79%] Built target isaac_ros2_messages__rosidl_typesupport_fastrtps_c
[0.602s] [ 79%] Built target isaac_ros2_messages
[0.602s] [ 80%] Built target isaac_ros2_messages__py
[0.603s] [ 90%] Built target isaac_ros2_messages__rosidl_generator_py
[0.603s] [ 93%] Built target isaac_ros2_messages__rosidl_typesupport_introspection_c__pyext
[0.603s] [ 96%] Built target isaac_ros2_messages__rosidl_typesupport_c__pyext
[0.603s] [100%] Built target isaac_ros2_messages__rosidl_typesupport_fastrtps_c__pyext
[0.621s] running egg_info
[0.622s] writing isaac_ros2_messages.egg-info/PKG-INFO
[0.622s] writing dependency_links to isaac_ros2_messages.egg-info/dependency_links.txt
[0.622s] writing top-level names to isaac_ros2_messages.egg-info/top_level.txt
[0.625s] reading manifest file 'isaac_ros2_messages.egg-info/SOURCES.txt'
[0.627s] writing manifest file 'isaac_ros2_messages.egg-info/SOURCES.txt'
[0.652s] [100%] Built target ament_cmake_python_build_isaac_ros2_messages_egg
