[0.375s] Invoking command in '/home/robotdeveloper02/IsaacSim-ros_workspaces-main/humble_ws/build/custom_message': CMAKE_PREFIX_PATH=${CMAKE_PREFIX_PATH}:/opt/ros/humble /usr/bin/cmake --build /home/robotdeveloper02/IsaacSim-ros_workspaces-main/humble_ws/build/custom_message -- -j16 -l16
[0.568s] [  3%] Built target custom_message__cpp
[0.569s] [ 12%] Built target custom_message__rosidl_generator_c
[0.569s] [ 12%] Built target ament_cmake_python_copy_custom_message
[0.569s] [ 22%] Built target custom_message__rosidl_typesupport_introspection_c
[0.569s] [ 38%] Built target custom_message__rosidl_typesupport_c
[0.569s] [ 41%] Built target custom_message__rosidl_typesupport_cpp
[0.569s] [ 51%] Built target custom_message__rosidl_typesupport_fastrtps_cpp
[0.569s] [ 61%] Built target custom_message__rosidl_typesupport_introspection_cpp
[0.569s] [ 70%] Built target custom_message__rosidl_typesupport_fastrtps_c
[0.569s] [ 70%] Built target custom_message
[0.569s] [ 74%] Built target custom_message__py
[0.569s] [ 80%] Built target custom_message__rosidl_generator_py
[0.569s] [ 90%] Built target custom_message__rosidl_typesupport_fastrtps_c__pyext
[0.569s] [ 96%] Built target custom_message__rosidl_typesupport_introspection_c__pyext
[0.569s] [100%] Built target custom_message__rosidl_typesupport_c__pyext
[0.585s] running egg_info
[0.586s] writing custom_message.egg-info/PKG-INFO
[0.586s] writing dependency_links to custom_message.egg-info/dependency_links.txt
[0.586s] writing top-level names to custom_message.egg-info/top_level.txt
[0.588s] reading manifest file 'custom_message.egg-info/SOURCES.txt'
[0.588s] writing manifest file 'custom_message.egg-info/SOURCES.txt'
[0.610s] [100%] Built target ament_cmake_python_build_custom_message_egg
