[0.033s] Invoking command in '/home/robotdeveloper02/IsaacSim-ros_workspaces-main/humble_ws/build/turtlebot3_node': CMAKE_PREFIX_PATH=${CMAKE_PREFIX_PATH}:/home/robotdeveloper02/IsaacSim-ros_workspaces-main/humble_ws/install/isaac_ros_navigation_goal:/home/robotdeveloper02/IsaacSim-ros_workspaces-main/humble_ws/install/custom_message:/opt/ros/humble /usr/bin/cmake /home/robotdeveloper02/IsaacSim-ros_workspaces-main/humble_ws/turtlebot3/turtlebot3_node -DCMAKE_INSTALL_PREFIX=/home/robotdeveloper02/IsaacSim-ros_workspaces-main/humble_ws/install/turtlebot3_node
[0.554s] -- Found ament_cmake: 1.3.9 (/opt/ros/humble/share/ament_cmake/cmake)
[0.554s] -- Configuring incomplete, errors occurred!
[0.555s] See also "/home/robotdeveloper02/IsaacSim-ros_workspaces-main/humble_ws/build/turtlebot3_node/CMakeFiles/CMakeOutput.log".
[0.555s] [31mCMake Error at CMakeLists.txt:19 (find_package):
[0.555s]   By not providing "Finddynamixel_sdk.cmake" in CMAKE_MODULE_PATH this
[0.555s]   project has asked CMake to find a package configuration file provided by
[0.555s]   "dynamixel_sdk", but CMake did not find one.
[0.555s] 
[0.555s]   Could not find a package configuration file provided by "dynamixel_sdk"
[0.555s]   with any of the following names:
[0.555s] 
[0.555s]     dynamixel_sdkConfig.cmake
[0.555s]     dynamixel_sdk-config.cmake
[0.555s] 
[0.555s]   Add the installation prefix of "dynamixel_sdk" to CMAKE_PREFIX_PATH or set
[0.555s]   "dynamixel_sdk_DIR" to a directory containing one of the above files.  If
[0.556s]   "dynamixel_sdk" provides a separate development package or SDK, be sure it
[0.556s]   has been installed.
[0.556s] 
[0.556s] [0m
[0.560s] Invoked command in '/home/robotdeveloper02/IsaacSim-ros_workspaces-main/humble_ws/build/turtlebot3_node' returned '1': CMAKE_PREFIX_PATH=${CMAKE_PREFIX_PATH}:/home/robotdeveloper02/IsaacSim-ros_workspaces-main/humble_ws/install/isaac_ros_navigation_goal:/home/robotdeveloper02/IsaacSim-ros_workspaces-main/humble_ws/install/custom_message:/opt/ros/humble /usr/bin/cmake /home/robotdeveloper02/IsaacSim-ros_workspaces-main/humble_ws/turtlebot3/turtlebot3_node -DCMAKE_INSTALL_PREFIX=/home/robotdeveloper02/IsaacSim-ros_workspaces-main/humble_ws/install/turtlebot3_node
