[1.680s] Invoking command in '/home/robotdeveloper02/IsaacSim-ros_workspaces-main/humble_ws/build/error_plotter': PYTHONPATH=/home/robotdeveloper02/IsaacSim-ros_workspaces-main/humble_ws/build/error_plotter/prefix_override:/usr/lib/python3/dist-packages/colcon_core/task/python/colcon_distutils_commands:/home/robotdeveloper02/IsaacSim-ros_workspaces-main/humble_ws/install/error_plotter/lib/python3.10/site-packages:${PYTHONPATH} /usr/bin/python3 -W ignore:setup.py install is deprecated setup.py develop --editable --build-directory /home/robotdeveloper02/IsaacSim-ros_workspaces-main/humble_ws/build/error_plotter/build --no-deps symlink_data --force
[1.994s] running develop
[1.994s] /usr/lib/python3/dist-packages/setuptools/command/easy_install.py:158: EasyInstallDeprecationWarning: easy_install command is deprecated. Use build and pip and other standards-based tools.
[1.994s]   warnings.warn(
[2.182s] running egg_info
[2.182s] writing error_plotter.egg-info/PKG-INFO
[2.182s] writing dependency_links to error_plotter.egg-info/dependency_links.txt
[2.182s] writing entry points to error_plotter.egg-info/entry_points.txt
[2.182s] writing requirements to error_plotter.egg-info/requires.txt
[2.182s] writing top-level names to error_plotter.egg-info/top_level.txt
[2.184s] reading manifest file 'error_plotter.egg-info/SOURCES.txt'
[2.185s] writing manifest file 'error_plotter.egg-info/SOURCES.txt'
[2.237s] running build_ext
[2.237s] Creating /home/robotdeveloper02/IsaacSim-ros_workspaces-main/humble_ws/install/error_plotter/lib/python3.10/site-packages/error-plotter.egg-link (link to .)
[2.238s] Installing error_plotter script to /home/robotdeveloper02/IsaacSim-ros_workspaces-main/humble_ws/install/error_plotter/lib/error_plotter
[2.239s] 
[2.239s] Installed /home/robotdeveloper02/IsaacSim-ros_workspaces-main/humble_ws/build/error_plotter
[2.239s] running symlink_data
[2.239s] symbolically linking /home/robotdeveloper02/IsaacSim-ros_workspaces-main/humble_ws/build/error_plotter/resource/error_plotter -> /home/robotdeveloper02/IsaacSim-ros_workspaces-main/humble_ws/install/error_plotter/share/ament_index/resource_index/packages
[2.239s] symbolically linking /home/robotdeveloper02/IsaacSim-ros_workspaces-main/humble_ws/build/error_plotter/package.xml -> /home/robotdeveloper02/IsaacSim-ros_workspaces-main/humble_ws/install/error_plotter/share/error_plotter
[2.288s] Invoked command in '/home/robotdeveloper02/IsaacSim-ros_workspaces-main/humble_ws/build/error_plotter' returned '0': PYTHONPATH=/home/robotdeveloper02/IsaacSim-ros_workspaces-main/humble_ws/build/error_plotter/prefix_override:/usr/lib/python3/dist-packages/colcon_core/task/python/colcon_distutils_commands:/home/robotdeveloper02/IsaacSim-ros_workspaces-main/humble_ws/install/error_plotter/lib/python3.10/site-packages:${PYTHONPATH} /usr/bin/python3 -W ignore:setup.py install is deprecated setup.py develop --editable --build-directory /home/robotdeveloper02/IsaacSim-ros_workspaces-main/humble_ws/build/error_plotter/build --no-deps symlink_data --force
