[0.026s] Invoking command in '/home/robotdeveloper02/IsaacSim-ros_workspaces-main/humble_ws/build/custom_message': CMAKE_PREFIX_PATH=/opt/ros/humble /usr/bin/cmake --build /home/robotdeveloper02/IsaacSim-ros_workspaces-main/humble_ws/build/custom_message -- -j16 -l16
[0.438s] [ 10%] Built target custom_message__rosidl_generator_c
[0.439s] [ 12%] Built target custom_message__cpp
[0.439s] [ 12%] Built target ament_cmake_python_symlink_custom_message
[0.439s] [ 23%] Built target custom_message__rosidl_typesupport_fastrtps_c
[0.439s] [ 34%] Built target custom_message__rosidl_typesupport_c
[0.439s] [ 45%] Built target custom_message__rosidl_typesupport_introspection_c
[0.439s] [ 56%] Built target custom_message__rosidl_typesupport_introspection_cpp
[0.439s] [ 67%] Built target custom_message__rosidl_typesupport_fastrtps_cpp
[0.439s] [ 78%] Built target custom_message__rosidl_typesupport_cpp
[0.439s] [ 78%] Built target custom_message
[0.440s] [ 80%] Built target custom_message__py
[0.440s] [ 89%] Built target custom_message__rosidl_generator_py
[0.440s] [ 94%] Built target custom_message__rosidl_typesupport_fastrtps_c__pyext
[0.440s] [ 96%] Built target custom_message__rosidl_typesupport_c__pyext
[0.440s] [100%] Built target custom_message__rosidl_typesupport_introspection_c__pyext
[0.440s] running egg_info
[0.440s] writing custom_message.egg-info/PKG-INFO
[0.440s] writing dependency_links to custom_message.egg-info/dependency_links.txt
[0.440s] writing top-level names to custom_message.egg-info/top_level.txt
[0.440s] reading manifest file 'custom_message.egg-info/SOURCES.txt'
[0.440s] writing manifest file 'custom_message.egg-info/SOURCES.txt'
[0.440s] [100%] Built target ament_cmake_python_build_custom_message_egg
[0.630s] Invoked command in '/home/robotdeveloper02/IsaacSim-ros_workspaces-main/humble_ws/build/custom_message' returned '0': CMAKE_PREFIX_PATH=/opt/ros/humble /usr/bin/cmake --build /home/robotdeveloper02/IsaacSim-ros_workspaces-main/humble_ws/build/custom_message -- -j16 -l16
