In file included from [01m[K/home/robotdeveloper02/IsaacSim-ros_workspaces-main/humble_ws/build/custom_message/rosidl_generator_c/custom_message/msg/detail/imu_msg__functions.h:19[m[K,
                 from [01m[K/home/robotdeveloper02/IsaacSim-ros_workspaces-main/humble_ws/build/custom_message/rosidl_generator_c/custom_message/msg/detail/imu_msg__functions.c:4[m[K:
[01m[K/home/robotdeveloper02/IsaacSim-ros_workspaces-main/humble_ws/build/custom_message/rosidl_generator_c/custom_message/msg/detail/imu_msg__struct.h:25:10:[m[K [01;31m[Kfatal error: [m[Kcustom_message/msg/detail/string__struct.h: No such file or directory
   25 | #include [01;31m[K"custom_message/msg/detail/string__struct.h"[m[K
      |          [01;31m[K^~~~~~~~~~~~~~~~~~~~~~~~~~~~~~~~~~~~~~~~~~~~[m[K
compilation terminated.
gmake[2]: *** [CMakeFiles/custom_message__rosidl_generator_c.dir/build.make:227: CMakeFiles/custom_message__rosidl_generator_c.dir/rosidl_generator_c/custom_message/msg/detail/imu_msg__functions.c.o] Error 1
gmake[2]: *** Waiting for unfinished jobs....
gmake[1]: *** [CMakeFiles/Makefile2:213: CMakeFiles/custom_message__rosidl_generator_c.dir/all] Error 2
gmake[1]: *** Waiting for unfinished jobs....
In file included from [01m[K/home/robotdeveloper02/IsaacSim-ros_workspaces-main/humble_ws/build/custom_message/rosidl_typesupport_cpp/custom_message/msg/imu_msg__type_support.cpp:7[m[K:
[01m[K/home/robotdeveloper02/IsaacSim-ros_workspaces-main/humble_ws/build/custom_message/rosidl_generator_cpp/custom_message/msg/detail/imu_msg__struct.hpp:23:10:[m[K [01;31m[Kfatal error: [m[Kcustom_message/msg/detail/string__struct.hpp: No such file or directory
   23 | #include [01;31m[K"custom_message/msg/detail/string__struct.hpp"[m[K
      |          [01;31m[K^~~~~~~~~~~~~~~~~~~~~~~~~~~~~~~~~~~~~~~~~~~~~~[m[K
compilation terminated.
gmake[2]: *** [CMakeFiles/custom_message__rosidl_typesupport_cpp.dir/build.make:184: CMakeFiles/custom_message__rosidl_typesupport_cpp.dir/rosidl_typesupport_cpp/custom_message/msg/imu_msg__type_support.cpp.o] Error 1
gmake[2]: *** Waiting for unfinished jobs....
In file included from [01m[K/home/robotdeveloper02/IsaacSim-ros_workspaces-main/humble_ws/build/custom_message/rosidl_typesupport_introspection_cpp/custom_message/msg/detail/imu_msg__type_support.cpp:12[m[K:
[01m[K/home/robotdeveloper02/IsaacSim-ros_workspaces-main/humble_ws/build/custom_message/rosidl_generator_cpp/custom_message/msg/detail/imu_msg__struct.hpp:23:10:[m[K [01;31m[Kfatal error: [m[Kcustom_message/msg/detail/string__struct.hpp: No such file or directory
   23 | #include [01;31m[K"custom_message/msg/detail/string__struct.hpp"[m[K
      |          [01;31m[K^~~~~~~~~~~~~~~~~~~~~~~~~~~~~~~~~~~~~~~~~~~~~~[m[K
compilation terminated.
gmake[2]: *** [CMakeFiles/custom_message__rosidl_typesupport_introspection_cpp.dir/build.make:195: CMakeFiles/custom_message__rosidl_typesupport_introspection_cpp.dir/rosidl_typesupport_introspection_cpp/custom_message/msg/detail/imu_msg__type_support.cpp.o] Error 1
gmake[2]: *** Waiting for unfinished jobs....
In file included from [01m[K/home/robotdeveloper02/IsaacSim-ros_workspaces-main/humble_ws/build/custom_message/rosidl_typesupport_fastrtps_cpp/custom_message/msg/detail/imu_msg__rosidl_typesupport_fastrtps_cpp.hpp:11[m[K,
                 from [01m[K/home/robotdeveloper02/IsaacSim-ros_workspaces-main/humble_ws/build/custom_message/rosidl_typesupport_fastrtps_cpp/custom_message/msg/detail/dds_fastrtps/imu_msg__type_support.cpp:4[m[K:
[01m[K/home/robotdeveloper02/IsaacSim-ros_workspaces-main/humble_ws/build/custom_message/rosidl_generator_cpp/custom_message/msg/detail/imu_msg__struct.hpp:23:10:[m[K [01;31m[Kfatal error: [m[Kcustom_message/msg/detail/string__struct.hpp: No such file or directory
   23 | #include [01;31m[K"custom_message/msg/detail/string__struct.hpp"[m[K
      |          [01;31m[K^~~~~~~~~~~~~~~~~~~~~~~~~~~~~~~~~~~~~~~~~~~~~~[m[K
compilation terminated.
gmake[2]: *** [CMakeFiles/custom_message__rosidl_typesupport_fastrtps_cpp.dir/build.make:195: CMakeFiles/custom_message__rosidl_typesupport_fastrtps_cpp.dir/rosidl_typesupport_fastrtps_cpp/custom_message/msg/detail/dds_fastrtps/imu_msg__type_support.cpp.o] Error 1
gmake[2]: *** Waiting for unfinished jobs....
gmake[1]: *** [CMakeFiles/Makefile2:395: CMakeFiles/custom_message__rosidl_typesupport_cpp.dir/all] Error 2
gmake[1]: *** [CMakeFiles/Makefile2:369: CMakeFiles/custom_message__rosidl_typesupport_introspection_cpp.dir/all] Error 2
gmake[1]: *** [CMakeFiles/Makefile2:291: CMakeFiles/custom_message__rosidl_typesupport_fastrtps_cpp.dir/all] Error 2
gmake: *** [Makefile:146: all] Error 2
