[0.020s] Invoking command in '/home/robotdeveloper02/IsaacSim-ros_workspaces-main/humble_ws/build/custom_message': CMAKE_PREFIX_PATH=/opt/ros/humble /usr/bin/cmake --build /home/robotdeveloper02/IsaacSim-ros_workspaces-main/humble_ws/build/custom_message -- -j16 -l16
[0.219s] -- Found ament_cmake: 1.3.10 (/opt/ros/humble/share/ament_cmake/cmake)
[0.219s] -- Found std_msgs: 4.2.4 (/opt/ros/humble/share/std_msgs/cmake)
[0.219s] -- Found rosidl_generator_c: 3.1.5 (/opt/ros/humble/share/rosidl_generator_c/cmake)
[0.219s] -- Found rosidl_adapter: 3.1.5 (/opt/ros/humble/share/rosidl_adapter/cmake)
[0.219s] -- Found rosidl_generator_cpp: 3.1.5 (/opt/ros/humble/share/rosidl_generator_cpp/cmake)
[0.220s] -- Using all available rosidl_typesupport_c: rosidl_typesupport_fastrtps_c;rosidl_typesupport_introspection_c
[0.220s] -- Using all available rosidl_typesupport_cpp: rosidl_typesupport_fastrtps_cpp;rosidl_typesupport_introspection_cpp
[0.220s] -- Found rosidl_default_generators: 1.2.0 (/opt/ros/humble/share/rosidl_default_generators/cmake)
[0.220s] -- Found geometry_msgs: 4.2.4 (/opt/ros/humble/share/geometry_msgs/cmake)
[0.380s] -- Found ament_cmake_ros: 0.10.0 (/opt/ros/humble/share/ament_cmake_ros/cmake)
[0.669s] -- Using all available rosidl_typesupport_c: rosidl_typesupport_fastrtps_c;rosidl_typesupport_introspection_c
[0.781s] -- Using all available rosidl_typesupport_cpp: rosidl_typesupport_fastrtps_cpp;rosidl_typesupport_introspection_cpp
[0.795s] -- Found python_cmake_module: 0.10.0 (/opt/ros/humble/share/python_cmake_module/cmake)
[0.810s] -- Using PYTHON_EXECUTABLE: /usr/bin/python3
[0.810s] -- Using PYTHON_INCLUDE_DIRS: /usr/include/python3.10
[0.810s] -- Using PYTHON_LIBRARIES: /usr/lib/x86_64-linux-gnu/libpython3.10.so
[0.832s] -- Found ament_lint_auto: 0.12.11 (/opt/ros/humble/share/ament_lint_auto/cmake)
[0.836s] -- Added test 'copyright' to check source files copyright and LICENSE
[0.837s] -- Added test 'lint_cmake' to check CMake code style
[0.838s] -- Added test 'xmllint' to check XML markup files
[0.838s] -- Configuring done
[0.860s] -- Generating done
[0.862s] -- Build files have been written to: /home/robotdeveloper02/IsaacSim-ros_workspaces-main/humble_ws/build/custom_message
[0.884s] [  2%] [34m[1mGenerating C code for ROS interfaces[0m
[0.894s] [  4%] [34m[1mGenerating C++ code for ROS interfaces[0m
[0.902s] [  4%] Built target ament_cmake_python_copy_custom_message
[1.064s] running egg_info
[1.064s] writing custom_message.egg-info/PKG-INFO
[1.064s] writing dependency_links to custom_message.egg-info/dependency_links.txt
[1.065s] writing top-level names to custom_message.egg-info/top_level.txt
[1.066s] reading manifest file 'custom_message.egg-info/SOURCES.txt'
[1.066s] writing manifest file 'custom_message.egg-info/SOURCES.txt'
[1.085s] [  4%] Built target ament_cmake_python_build_custom_message_egg
[1.117s] [35m[1mConsolidate compiler generated dependencies of target custom_message__rosidl_generator_c[0m
[1.119s] [  4%] Built target custom_message__cpp
[1.128s] [  6%] [32mBuilding C object CMakeFiles/custom_message__rosidl_generator_c.dir/rosidl_generator_c/custom_message/msg/detail/imu_msg__functions.c.o[0m
[1.129s] [  8%] [32mBuilding C object CMakeFiles/custom_message__rosidl_generator_c.dir/rosidl_generator_c/custom_message/msg/detail/pose_stamped__functions.c.o[0m
[1.129s] [ 10%] [32mBuilding C object CMakeFiles/custom_message__rosidl_generator_c.dir/rosidl_generator_c/custom_message/msg/detail/sample_msg__functions.c.o[0m
[1.129s] [ 12%] [34m[1mGenerating C++ type support for eProsima Fast-RTPS[0m
[1.129s] [ 14%] [34m[1mGenerating C++ type support dispatch for ROS interfaces[0m
[1.129s] [ 17%] [34m[1mGenerating C++ introspection for ROS interfaces[0m
[1.140s] In file included from [01m[K/home/robotdeveloper02/IsaacSim-ros_workspaces-main/humble_ws/build/custom_message/rosidl_generator_c/custom_message/msg/detail/imu_msg__functions.h:19[m[K,
[1.141s]                  from [01m[K/home/robotdeveloper02/IsaacSim-ros_workspaces-main/humble_ws/build/custom_message/rosidl_generator_c/custom_message/msg/detail/imu_msg__functions.c:4[m[K:
[1.141s] [01m[K/home/robotdeveloper02/IsaacSim-ros_workspaces-main/humble_ws/build/custom_message/rosidl_generator_c/custom_message/msg/detail/imu_msg__struct.h:25:10:[m[K [01;31m[Kfatal error: [m[Kcustom_message/msg/detail/string__struct.h: No such file or directory
[1.141s]    25 | #include [01;31m[K"custom_message/msg/detail/string__struct.h"[m[K
[1.141s]       |          [01;31m[K^~~~~~~~~~~~~~~~~~~~~~~~~~~~~~~~~~~~~~~~~~~~[m[K
[1.141s] compilation terminated.
[1.141s] gmake[2]: *** [CMakeFiles/custom_message__rosidl_generator_c.dir/build.make:227: CMakeFiles/custom_message__rosidl_generator_c.dir/rosidl_generator_c/custom_message/msg/detail/imu_msg__functions.c.o] Error 1
[1.141s] gmake[2]: *** Waiting for unfinished jobs....
[1.160s] gmake[1]: *** [CMakeFiles/Makefile2:213: CMakeFiles/custom_message__rosidl_generator_c.dir/all] Error 2
[1.160s] gmake[1]: *** Waiting for unfinished jobs....
[1.290s] [35m[1mConsolidate compiler generated dependencies of target custom_message__rosidl_typesupport_cpp[0m
[1.303s] [ 19%] [32mBuilding CXX object CMakeFiles/custom_message__rosidl_typesupport_cpp.dir/rosidl_typesupport_cpp/custom_message/msg/sample_msg__type_support.cpp.o[0m
[1.303s] [ 21%] [32mBuilding CXX object CMakeFiles/custom_message__rosidl_typesupport_cpp.dir/rosidl_typesupport_cpp/custom_message/msg/imu_msg__type_support.cpp.o[0m
[1.305s] [ 23%] [32mBuilding CXX object CMakeFiles/custom_message__rosidl_typesupport_cpp.dir/rosidl_typesupport_cpp/custom_message/msg/pose_stamped__type_support.cpp.o[0m
[1.312s] [35m[1mConsolidate compiler generated dependencies of target custom_message__rosidl_typesupport_introspection_cpp[0m
[1.327s] [ 25%] [32mBuilding CXX object CMakeFiles/custom_message__rosidl_typesupport_introspection_cpp.dir/rosidl_typesupport_introspection_cpp/custom_message/msg/detail/pose_stamped__type_support.cpp.o[0m
[1.327s] [ 27%] [32mBuilding CXX object CMakeFiles/custom_message__rosidl_typesupport_introspection_cpp.dir/rosidl_typesupport_introspection_cpp/custom_message/msg/detail/sample_msg__type_support.cpp.o[0m
[1.327s] [ 29%] [32mBuilding CXX object CMakeFiles/custom_message__rosidl_typesupport_introspection_cpp.dir/rosidl_typesupport_introspection_cpp/custom_message/msg/detail/imu_msg__type_support.cpp.o[0m
[1.337s] [35m[1mConsolidate compiler generated dependencies of target custom_message__rosidl_typesupport_fastrtps_cpp[0m
[1.339s] In file included from [01m[K/home/robotdeveloper02/IsaacSim-ros_workspaces-main/humble_ws/build/custom_message/rosidl_typesupport_cpp/custom_message/msg/imu_msg__type_support.cpp:7[m[K:
[1.339s] [01m[K/home/robotdeveloper02/IsaacSim-ros_workspaces-main/humble_ws/build/custom_message/rosidl_generator_cpp/custom_message/msg/detail/imu_msg__struct.hpp:23:10:[m[K [01;31m[Kfatal error: [m[Kcustom_message/msg/detail/string__struct.hpp: No such file or directory
[1.339s]    23 | #include [01;31m[K"custom_message/msg/detail/string__struct.hpp"[m[K
[1.339s]       |          [01;31m[K^~~~~~~~~~~~~~~~~~~~~~~~~~~~~~~~~~~~~~~~~~~~~~[m[K
[1.339s] compilation terminated.
[1.340s] gmake[2]: *** [CMakeFiles/custom_message__rosidl_typesupport_cpp.dir/build.make:184: CMakeFiles/custom_message__rosidl_typesupport_cpp.dir/rosidl_typesupport_cpp/custom_message/msg/imu_msg__type_support.cpp.o] Error 1
[1.340s] gmake[2]: *** Waiting for unfinished jobs....
[1.351s] [ 36%] [32mBuilding CXX object CMakeFiles/custom_message__rosidl_typesupport_fastrtps_cpp.dir/rosidl_typesupport_fastrtps_cpp/custom_message/msg/detail/dds_fastrtps/sample_msg__type_support.cpp.o[0m
[1.352s] [ 36%] [32mBuilding CXX object CMakeFiles/custom_message__rosidl_typesupport_fastrtps_cpp.dir/rosidl_typesupport_fastrtps_cpp/custom_message/msg/detail/dds_fastrtps/imu_msg__type_support.cpp.o[0m
[1.352s] [ 36%] [32mBuilding CXX object CMakeFiles/custom_message__rosidl_typesupport_fastrtps_cpp.dir/rosidl_typesupport_fastrtps_cpp/custom_message/msg/detail/dds_fastrtps/pose_stamped__type_support.cpp.o[0m
[1.367s] In file included from [01m[K/home/robotdeveloper02/IsaacSim-ros_workspaces-main/humble_ws/build/custom_message/rosidl_typesupport_introspection_cpp/custom_message/msg/detail/imu_msg__type_support.cpp:12[m[K:
[1.367s] [01m[K/home/robotdeveloper02/IsaacSim-ros_workspaces-main/humble_ws/build/custom_message/rosidl_generator_cpp/custom_message/msg/detail/imu_msg__struct.hpp:23:10:[m[K [01;31m[Kfatal error: [m[Kcustom_message/msg/detail/string__struct.hpp: No such file or directory
[1.367s]    23 | #include [01;31m[K"custom_message/msg/detail/string__struct.hpp"[m[K
[1.368s]       |          [01;31m[K^~~~~~~~~~~~~~~~~~~~~~~~~~~~~~~~~~~~~~~~~~~~~~[m[K
[1.368s] compilation terminated.
[1.368s] gmake[2]: *** [CMakeFiles/custom_message__rosidl_typesupport_introspection_cpp.dir/build.make:195: CMakeFiles/custom_message__rosidl_typesupport_introspection_cpp.dir/rosidl_typesupport_introspection_cpp/custom_message/msg/detail/imu_msg__type_support.cpp.o] Error 1
[1.369s] gmake[2]: *** Waiting for unfinished jobs....
[1.388s] In file included from [01m[K/home/robotdeveloper02/IsaacSim-ros_workspaces-main/humble_ws/build/custom_message/rosidl_typesupport_fastrtps_cpp/custom_message/msg/detail/imu_msg__rosidl_typesupport_fastrtps_cpp.hpp:11[m[K,
[1.388s]                  from [01m[K/home/robotdeveloper02/IsaacSim-ros_workspaces-main/humble_ws/build/custom_message/rosidl_typesupport_fastrtps_cpp/custom_message/msg/detail/dds_fastrtps/imu_msg__type_support.cpp:4[m[K:
[1.388s] [01m[K/home/robotdeveloper02/IsaacSim-ros_workspaces-main/humble_ws/build/custom_message/rosidl_generator_cpp/custom_message/msg/detail/imu_msg__struct.hpp:23:10:[m[K [01;31m[Kfatal error: [m[Kcustom_message/msg/detail/string__struct.hpp: No such file or directory
[1.389s]    23 | #include [01;31m[K"custom_message/msg/detail/string__struct.hpp"[m[K
[1.389s]       |          [01;31m[K^~~~~~~~~~~~~~~~~~~~~~~~~~~~~~~~~~~~~~~~~~~~~~[m[K
[1.389s] compilation terminated.
[1.389s] gmake[2]: *** [CMakeFiles/custom_message__rosidl_typesupport_fastrtps_cpp.dir/build.make:195: CMakeFiles/custom_message__rosidl_typesupport_fastrtps_cpp.dir/rosidl_typesupport_fastrtps_cpp/custom_message/msg/detail/dds_fastrtps/imu_msg__type_support.cpp.o] Error 1
[1.389s] gmake[2]: *** Waiting for unfinished jobs....
[1.478s] gmake[1]: *** [CMakeFiles/Makefile2:395: CMakeFiles/custom_message__rosidl_typesupport_cpp.dir/all] Error 2
[1.569s] gmake[1]: *** [CMakeFiles/Makefile2:369: CMakeFiles/custom_message__rosidl_typesupport_introspection_cpp.dir/all] Error 2
[1.596s] gmake[1]: *** [CMakeFiles/Makefile2:291: CMakeFiles/custom_message__rosidl_typesupport_fastrtps_cpp.dir/all] Error 2
[1.596s] gmake: *** [Makefile:146: all] Error 2
[1.598s] Invoked command in '/home/robotdeveloper02/IsaacSim-ros_workspaces-main/humble_ws/build/custom_message' returned '2': CMAKE_PREFIX_PATH=/opt/ros/humble /usr/bin/cmake --build /home/robotdeveloper02/IsaacSim-ros_workspaces-main/humble_ws/build/custom_message -- -j16 -l16
