[0.014s] Invoking command in '/home/robotdeveloper02/IsaacSim-ros_workspaces-main/humble_ws/build/isaac_ros2_messages': CMAKE_PREFIX_PATH=${CMAKE_PREFIX_PATH}:/opt/ros/humble /usr/bin/cmake /home/robotdeveloper02/IsaacSim-ros_workspaces-main/humble_ws/src/isaac_ros2_messages -DCMAKE_INSTALL_PREFIX=/home/robotdeveloper02/IsaacSim-ros_workspaces-main/humble_ws/install/isaac_ros2_messages
[0.226s] -- The C compiler identification is GNU 12.3.0
[0.349s] -- The CXX compiler identification is GNU 11.4.0
[0.354s] -- Detecting C compiler ABI info
[0.404s] -- Detecting C compiler ABI info - done
[0.408s] -- Check for working C compiler: /usr/bin/cc - skipped
[0.409s] -- Detecting C compile features
[0.409s] -- Detecting C compile features - done
[0.411s] -- Detecting CXX compiler ABI info
[0.467s] -- Detecting CXX compiler ABI info - done
[0.472s] -- Check for working CXX compiler: /usr/bin/c++ - skipped
[0.473s] -- Detecting CXX compile features
[0.473s] -- Detecting CXX compile features - done
[0.475s] -- Found ament_cmake: 1.3.9 (/opt/ros/humble/share/ament_cmake/cmake)
[0.576s] -- Found Python3: /usr/bin/python3 (found version "3.10.12") found components: Interpreter 
[0.635s] -- Found ament_lint_auto: 0.12.11 (/opt/ros/humble/share/ament_lint_auto/cmake)
[0.696s] -- Found builtin_interfaces: 1.2.1 (/opt/ros/humble/share/builtin_interfaces/cmake)
[0.716s] -- Found rosidl_generator_c: 3.1.5 (/opt/ros/humble/share/rosidl_generator_c/cmake)
[0.719s] -- Found rosidl_adapter: 3.1.5 (/opt/ros/humble/share/rosidl_adapter/cmake)
[0.724s] -- Found rosidl_generator_cpp: 3.1.5 (/opt/ros/humble/share/rosidl_generator_cpp/cmake)
[0.733s] -- Using all available rosidl_typesupport_c: rosidl_typesupport_fastrtps_c;rosidl_typesupport_introspection_c
[0.745s] -- Using all available rosidl_typesupport_cpp: rosidl_typesupport_fastrtps_cpp;rosidl_typesupport_introspection_cpp
[0.757s] -- Found rosidl_default_generators: 1.2.0 (/opt/ros/humble/share/rosidl_default_generators/cmake)
[0.805s] -- Found OpenSSL: /usr/lib/x86_64-linux-gnu/libcrypto.so (found version "3.0.2")  
[0.808s] -- Found std_msgs: 4.2.4 (/opt/ros/humble/share/std_msgs/cmake)
[0.830s] -- Found geometry_msgs: 4.2.4 (/opt/ros/humble/share/geometry_msgs/cmake)
[1.025s] -- Found ament_cmake_ros: 0.10.0 (/opt/ros/humble/share/ament_cmake_ros/cmake)
[1.273s] -- Using all available rosidl_typesupport_c: rosidl_typesupport_fastrtps_c;rosidl_typesupport_introspection_c
[1.373s] -- Using all available rosidl_typesupport_cpp: rosidl_typesupport_fastrtps_cpp;rosidl_typesupport_introspection_cpp
[1.387s] -- Found PythonInterp: /usr/bin/python3 (found suitable version "3.10.12", minimum required is "3.6") 
[1.388s] -- Found python_cmake_module: 0.10.0 (/opt/ros/humble/share/python_cmake_module/cmake)
[1.404s] -- Found PythonLibs: /usr/lib/x86_64-linux-gnu/libpython3.10.so (found suitable version "3.10.12", minimum required is "3.5") 
[1.404s] -- Using PYTHON_EXECUTABLE: /usr/bin/python3
[1.404s] -- Using PYTHON_INCLUDE_DIRS: /usr/include/python3.10
[1.404s] -- Using PYTHON_LIBRARIES: /usr/lib/x86_64-linux-gnu/libpython3.10.so
[1.417s] -- Found PythonExtra: .so  
[1.456s] -- Added test 'copyright' to check source files copyright and LICENSE
[1.456s] -- Added test 'lint_cmake' to check CMake code style
[1.457s] -- Added test 'xmllint' to check XML markup files
[1.459s] -- Configuring done
[1.484s] -- Generating done
[1.485s] -- Build files have been written to: /home/robotdeveloper02/IsaacSim-ros_workspaces-main/humble_ws/build/isaac_ros2_messages
[1.492s] Invoked command in '/home/robotdeveloper02/IsaacSim-ros_workspaces-main/humble_ws/build/isaac_ros2_messages' returned '0': CMAKE_PREFIX_PATH=${CMAKE_PREFIX_PATH}:/opt/ros/humble /usr/bin/cmake /home/robotdeveloper02/IsaacSim-ros_workspaces-main/humble_ws/src/isaac_ros2_messages -DCMAKE_INSTALL_PREFIX=/home/robotdeveloper02/IsaacSim-ros_workspaces-main/humble_ws/install/isaac_ros2_messages
[1.493s] Invoking command in '/home/robotdeveloper02/IsaacSim-ros_workspaces-main/humble_ws/build/isaac_ros2_messages': CMAKE_PREFIX_PATH=${CMAKE_PREFIX_PATH}:/opt/ros/humble /usr/bin/cmake --build /home/robotdeveloper02/IsaacSim-ros_workspaces-main/humble_ws/build/isaac_ros2_messages -- -j16 -l16
[1.520s] [  1%] [34m[1mGenerating C code for ROS interfaces[0m
[1.527s] [  3%] [34m[1mGenerating C++ code for ROS interfaces[0m
[1.533s] [  3%] Built target ament_cmake_python_copy_isaac_ros2_messages
[1.696s] running egg_info
[1.696s] creating isaac_ros2_messages.egg-info
[1.696s] writing isaac_ros2_messages.egg-info/PKG-INFO
[1.697s] writing dependency_links to isaac_ros2_messages.egg-info/dependency_links.txt
[1.697s] writing top-level names to isaac_ros2_messages.egg-info/top_level.txt
[1.697s] writing manifest file 'isaac_ros2_messages.egg-info/SOURCES.txt'
[1.698s] reading manifest file 'isaac_ros2_messages.egg-info/SOURCES.txt'
[1.698s] writing manifest file 'isaac_ros2_messages.egg-info/SOURCES.txt'
[1.717s] [  3%] Built target ament_cmake_python_build_isaac_ros2_messages_egg
[2.054s] [  3%] Built target isaac_ros2_messages__cpp
[2.060s] [  7%] [34m[1mGenerating C++ type support dispatch for ROS interfaces[0m
[2.060s] [  7%] [34m[1mGenerating C++ type support for eProsima Fast-RTPS[0m
[2.060s] [  7%] [34m[1mGenerating C++ introspection for ROS interfaces[0m
[2.125s] [ 12%] [32mBuilding C object CMakeFiles/isaac_ros2_messages__rosidl_generator_c.dir/rosidl_generator_c/isaac_ros2_messages/srv/detail/isaac_pose__functions.c.o[0m
[2.125s] [ 12%] [32mBuilding C object CMakeFiles/isaac_ros2_messages__rosidl_generator_c.dir/rosidl_generator_c/isaac_ros2_messages/srv/detail/get_prim_attribute__functions.c.o[0m
[2.126s] [ 12%] [32mBuilding C object CMakeFiles/isaac_ros2_messages__rosidl_generator_c.dir/rosidl_generator_c/isaac_ros2_messages/srv/detail/set_prim_attribute__functions.c.o[0m
[2.126s] [ 14%] [32mBuilding C object CMakeFiles/isaac_ros2_messages__rosidl_generator_c.dir/rosidl_generator_c/isaac_ros2_messages/srv/detail/get_prims__functions.c.o[0m
[2.127s] [ 15%] [32mBuilding C object CMakeFiles/isaac_ros2_messages__rosidl_generator_c.dir/rosidl_generator_c/isaac_ros2_messages/srv/detail/get_prim_attributes__functions.c.o[0m
[2.185s] [ 17%] [32m[1mLinking C shared library libisaac_ros2_messages__rosidl_generator_c.so[0m
[2.209s] [ 17%] Built target isaac_ros2_messages__rosidl_generator_c
[2.215s] [ 22%] [34m[1mGenerating C type support for eProsima Fast-RTPS[0m
[2.215s] [ 22%] [34m[1mGenerating C type support dispatch for ROS interfaces[0m
[2.215s] [ 22%] [34m[1mGenerating C introspection for ROS interfaces[0m
[2.451s] [ 26%] [32mBuilding CXX object CMakeFiles/isaac_ros2_messages__rosidl_typesupport_cpp.dir/rosidl_typesupport_cpp/isaac_ros2_messages/srv/get_prim_attribute__type_support.cpp.o[0m
[2.452s] [ 26%] [32mBuilding CXX object CMakeFiles/isaac_ros2_messages__rosidl_typesupport_cpp.dir/rosidl_typesupport_cpp/isaac_ros2_messages/srv/isaac_pose__type_support.cpp.o[0m
[2.452s] [ 28%] [32mBuilding CXX object CMakeFiles/isaac_ros2_messages__rosidl_typesupport_cpp.dir/rosidl_typesupport_cpp/isaac_ros2_messages/srv/get_prim_attributes__type_support.cpp.o[0m
[2.452s] [ 28%] [32mBuilding CXX object CMakeFiles/isaac_ros2_messages__rosidl_typesupport_cpp.dir/rosidl_typesupport_cpp/isaac_ros2_messages/srv/get_prims__type_support.cpp.o[0m
[2.452s] [ 30%] [32mBuilding CXX object CMakeFiles/isaac_ros2_messages__rosidl_typesupport_cpp.dir/rosidl_typesupport_cpp/isaac_ros2_messages/srv/set_prim_attribute__type_support.cpp.o[0m
[2.527s] [ 33%] [32mBuilding CXX object CMakeFiles/isaac_ros2_messages__rosidl_typesupport_introspection_cpp.dir/rosidl_typesupport_introspection_cpp/isaac_ros2_messages/srv/detail/isaac_pose__type_support.cpp.o[0m
[2.527s] [ 33%] [32mBuilding CXX object CMakeFiles/isaac_ros2_messages__rosidl_typesupport_introspection_cpp.dir/rosidl_typesupport_introspection_cpp/isaac_ros2_messages/srv/detail/get_prims__type_support.cpp.o[0m
[2.527s] [ 34%] [32mBuilding CXX object CMakeFiles/isaac_ros2_messages__rosidl_typesupport_introspection_cpp.dir/rosidl_typesupport_introspection_cpp/isaac_ros2_messages/srv/detail/get_prim_attributes__type_support.cpp.o[0m
[2.527s] [ 36%] [32mBuilding CXX object CMakeFiles/isaac_ros2_messages__rosidl_typesupport_introspection_cpp.dir/rosidl_typesupport_introspection_cpp/isaac_ros2_messages/srv/detail/get_prim_attribute__type_support.cpp.o[0m
[2.534s] [ 38%] [32mBuilding CXX object CMakeFiles/isaac_ros2_messages__rosidl_typesupport_introspection_cpp.dir/rosidl_typesupport_introspection_cpp/isaac_ros2_messages/srv/detail/set_prim_attribute__type_support.cpp.o[0m
[2.603s] [ 41%] [32mBuilding CXX object CMakeFiles/isaac_ros2_messages__rosidl_typesupport_fastrtps_cpp.dir/rosidl_typesupport_fastrtps_cpp/isaac_ros2_messages/srv/detail/dds_fastrtps/isaac_pose__type_support.cpp.o[0m
[2.603s] [ 41%] [32mBuilding CXX object CMakeFiles/isaac_ros2_messages__rosidl_typesupport_fastrtps_cpp.dir/rosidl_typesupport_fastrtps_cpp/isaac_ros2_messages/srv/detail/dds_fastrtps/get_prim_attributes__type_support.cpp.o[0m
[2.604s] [ 42%] [32mBuilding CXX object CMakeFiles/isaac_ros2_messages__rosidl_typesupport_fastrtps_cpp.dir/rosidl_typesupport_fastrtps_cpp/isaac_ros2_messages/srv/detail/dds_fastrtps/get_prims__type_support.cpp.o[0m
[2.726s] [ 44%] [32mBuilding CXX object CMakeFiles/isaac_ros2_messages__rosidl_typesupport_fastrtps_cpp.dir/rosidl_typesupport_fastrtps_cpp/isaac_ros2_messages/srv/detail/dds_fastrtps/get_prim_attribute__type_support.cpp.o[0m
[2.742s] [ 46%] [32mBuilding CXX object CMakeFiles/isaac_ros2_messages__rosidl_typesupport_fastrtps_cpp.dir/rosidl_typesupport_fastrtps_cpp/isaac_ros2_messages/srv/detail/dds_fastrtps/set_prim_attribute__type_support.cpp.o[0m
[2.751s] [ 47%] [32m[1mLinking CXX shared library libisaac_ros2_messages__rosidl_typesupport_cpp.so[0m
[2.764s] [ 49%] [32mBuilding CXX object CMakeFiles/isaac_ros2_messages__rosidl_typesupport_c.dir/rosidl_typesupport_c/isaac_ros2_messages/srv/isaac_pose__type_support.cpp.o[0m
[2.764s] [ 50%] [32mBuilding CXX object CMakeFiles/isaac_ros2_messages__rosidl_typesupport_c.dir/rosidl_typesupport_c/isaac_ros2_messages/srv/get_prim_attributes__type_support.cpp.o[0m
[2.770s] [ 52%] [32mBuilding CXX object CMakeFiles/isaac_ros2_messages__rosidl_typesupport_c.dir/rosidl_typesupport_c/isaac_ros2_messages/srv/get_prims__type_support.cpp.o[0m
[2.798s] [ 53%] [32mBuilding CXX object CMakeFiles/isaac_ros2_messages__rosidl_typesupport_c.dir/rosidl_typesupport_c/isaac_ros2_messages/srv/get_prim_attribute__type_support.cpp.o[0m
[2.806s] [ 55%] [32mBuilding CXX object CMakeFiles/isaac_ros2_messages__rosidl_typesupport_c.dir/rosidl_typesupport_c/isaac_ros2_messages/srv/set_prim_attribute__type_support.cpp.o[0m
[2.820s] [ 55%] Built target isaac_ros2_messages__rosidl_typesupport_cpp
[2.844s] [ 57%] [32m[1mLinking CXX shared library libisaac_ros2_messages__rosidl_typesupport_c.so[0m
[2.876s] [ 60%] [32mBuilding C object CMakeFiles/isaac_ros2_messages__rosidl_typesupport_introspection_c.dir/rosidl_typesupport_introspection_c/isaac_ros2_messages/srv/detail/get_prims__type_support.c.o[0m
[2.877s] [ 60%] [32mBuilding C object CMakeFiles/isaac_ros2_messages__rosidl_typesupport_introspection_c.dir/rosidl_typesupport_introspection_c/isaac_ros2_messages/srv/detail/isaac_pose__type_support.c.o[0m
[2.879s] [ 61%] [32mBuilding C object CMakeFiles/isaac_ros2_messages__rosidl_typesupport_introspection_c.dir/rosidl_typesupport_introspection_c/isaac_ros2_messages/srv/detail/get_prim_attributes__type_support.c.o[0m
[2.881s] [ 63%] [32mBuilding C object CMakeFiles/isaac_ros2_messages__rosidl_typesupport_introspection_c.dir/rosidl_typesupport_introspection_c/isaac_ros2_messages/srv/detail/get_prim_attribute__type_support.c.o[0m
[2.888s] [ 63%] Built target isaac_ros2_messages__rosidl_typesupport_c
[2.897s] [ 65%] [32mBuilding C object CMakeFiles/isaac_ros2_messages__rosidl_typesupport_introspection_c.dir/rosidl_typesupport_introspection_c/isaac_ros2_messages/srv/detail/set_prim_attribute__type_support.c.o[0m
[2.959s] [ 66%] [32m[1mLinking C shared library libisaac_ros2_messages__rosidl_typesupport_introspection_c.so[0m
[2.960s] [ 69%] [32mBuilding CXX object CMakeFiles/isaac_ros2_messages__rosidl_typesupport_fastrtps_c.dir/rosidl_typesupport_fastrtps_c/isaac_ros2_messages/srv/detail/get_prim_attributes__type_support_c.cpp.o[0m
[2.960s] [ 69%] [32mBuilding CXX object CMakeFiles/isaac_ros2_messages__rosidl_typesupport_fastrtps_c.dir/rosidl_typesupport_fastrtps_c/isaac_ros2_messages/srv/detail/isaac_pose__type_support_c.cpp.o[0m
[2.960s] [ 71%] [32mBuilding CXX object CMakeFiles/isaac_ros2_messages__rosidl_typesupport_fastrtps_c.dir/rosidl_typesupport_fastrtps_c/isaac_ros2_messages/srv/detail/get_prims__type_support_c.cpp.o[0m
[2.960s] [ 73%] [32mBuilding CXX object CMakeFiles/isaac_ros2_messages__rosidl_typesupport_fastrtps_c.dir/rosidl_typesupport_fastrtps_c/isaac_ros2_messages/srv/detail/get_prim_attribute__type_support_c.cpp.o[0m
[2.960s] [ 74%] [32mBuilding CXX object CMakeFiles/isaac_ros2_messages__rosidl_typesupport_fastrtps_c.dir/rosidl_typesupport_fastrtps_c/isaac_ros2_messages/srv/detail/set_prim_attribute__type_support_c.cpp.o[0m
[2.995s] [ 74%] Built target isaac_ros2_messages__rosidl_typesupport_introspection_c
[3.079s] [ 76%] [32m[1mLinking CXX shared library libisaac_ros2_messages__rosidl_typesupport_introspection_cpp.so[0m
[3.145s] [ 76%] Built target isaac_ros2_messages__rosidl_typesupport_introspection_cpp
[3.158s] [ 77%] [32m[1mLinking CXX shared library libisaac_ros2_messages__rosidl_typesupport_fastrtps_cpp.so[0m
[3.214s] [ 77%] Built target isaac_ros2_messages__rosidl_typesupport_fastrtps_cpp
[3.248s] [ 79%] [32m[1mLinking CXX shared library libisaac_ros2_messages__rosidl_typesupport_fastrtps_c.so[0m
[3.314s] [ 79%] Built target isaac_ros2_messages__rosidl_typesupport_fastrtps_c
[3.332s] [ 79%] Built target isaac_ros2_messages
[3.359s] [ 80%] [34m[1mGenerating Python code for ROS interfaces[0m
[4.163s] [ 80%] Built target isaac_ros2_messages__py
[4.175s] [ 87%] [32mBuilding C object CMakeFiles/isaac_ros2_messages__rosidl_generator_py.dir/rosidl_generator_py/isaac_ros2_messages/srv/_get_prims_s.c.o[0m
[4.175s] [ 87%] [32mBuilding C object CMakeFiles/isaac_ros2_messages__rosidl_generator_py.dir/rosidl_generator_py/isaac_ros2_messages/srv/_get_prim_attribute_s.c.o[0m
[4.175s] [ 87%] [32mBuilding C object CMakeFiles/isaac_ros2_messages__rosidl_generator_py.dir/rosidl_generator_py/isaac_ros2_messages/srv/_get_prim_attributes_s.c.o[0m
[4.175s] [ 87%] [32mBuilding C object CMakeFiles/isaac_ros2_messages__rosidl_generator_py.dir/rosidl_generator_py/isaac_ros2_messages/srv/_isaac_pose_s.c.o[0m
[4.175s] [ 88%] [32mBuilding C object CMakeFiles/isaac_ros2_messages__rosidl_generator_py.dir/rosidl_generator_py/isaac_ros2_messages/srv/_set_prim_attribute_s.c.o[0m
[4.254s] [ 90%] [32m[1mLinking C shared library rosidl_generator_py/isaac_ros2_messages/libisaac_ros2_messages__rosidl_generator_py.so[0m
[4.279s] [ 90%] Built target isaac_ros2_messages__rosidl_generator_py
[4.291s] [ 95%] [32mBuilding C object CMakeFiles/isaac_ros2_messages__rosidl_typesupport_fastrtps_c__pyext.dir/rosidl_generator_py/isaac_ros2_messages/_isaac_ros2_messages_s.ep.rosidl_typesupport_fastrtps_c.c.o[0m
[4.291s] [ 95%] [32mBuilding C object CMakeFiles/isaac_ros2_messages__rosidl_typesupport_introspection_c__pyext.dir/rosidl_generator_py/isaac_ros2_messages/_isaac_ros2_messages_s.ep.rosidl_typesupport_introspection_c.c.o[0m
[4.291s] [ 95%] [32mBuilding C object CMakeFiles/isaac_ros2_messages__rosidl_typesupport_c__pyext.dir/rosidl_generator_py/isaac_ros2_messages/_isaac_ros2_messages_s.ep.rosidl_typesupport_c.c.o[0m
[4.376s] [100%] [32m[1mLinking C shared library rosidl_generator_py/isaac_ros2_messages/isaac_ros2_messages_s__rosidl_typesupport_c.cpython-310-x86_64-linux-gnu.so[0m
[4.376s] [100%] [32m[1mLinking C shared library rosidl_generator_py/isaac_ros2_messages/isaac_ros2_messages_s__rosidl_typesupport_introspection_c.cpython-310-x86_64-linux-gnu.so[0m
[4.376s] [100%] [32m[1mLinking C shared library rosidl_generator_py/isaac_ros2_messages/isaac_ros2_messages_s__rosidl_typesupport_fastrtps_c.cpython-310-x86_64-linux-gnu.so[0m
[4.401s] [100%] Built target isaac_ros2_messages__rosidl_typesupport_fastrtps_c__pyext
[4.401s] [100%] Built target isaac_ros2_messages__rosidl_typesupport_c__pyext
[4.401s] [100%] Built target isaac_ros2_messages__rosidl_typesupport_introspection_c__pyext
[4.408s] Invoked command in '/home/robotdeveloper02/IsaacSim-ros_workspaces-main/humble_ws/build/isaac_ros2_messages' returned '0': CMAKE_PREFIX_PATH=${CMAKE_PREFIX_PATH}:/opt/ros/humble /usr/bin/cmake --build /home/robotdeveloper02/IsaacSim-ros_workspaces-main/humble_ws/build/isaac_ros2_messages -- -j16 -l16
[4.483s] Invoking command in '/home/robotdeveloper02/IsaacSim-ros_workspaces-main/humble_ws/build/isaac_ros2_messages': CMAKE_PREFIX_PATH=${CMAKE_PREFIX_PATH}:/opt/ros/humble /usr/bin/cmake --install /home/robotdeveloper02/IsaacSim-ros_workspaces-main/humble_ws/build/isaac_ros2_messages
[4.488s] -- Install configuration: ""
[4.489s] -- Installing: /home/robotdeveloper02/IsaacSim-ros_workspaces-main/humble_ws/install/isaac_ros2_messages/share/ament_index/resource_index/rosidl_interfaces/isaac_ros2_messages
[4.489s] -- Installing: /home/robotdeveloper02/IsaacSim-ros_workspaces-main/humble_ws/install/isaac_ros2_messages/include/isaac_ros2_messages/isaac_ros2_messages
[4.489s] -- Installing: /home/robotdeveloper02/IsaacSim-ros_workspaces-main/humble_ws/install/isaac_ros2_messages/include/isaac_ros2_messages/isaac_ros2_messages/srv
[4.489s] -- Installing: /home/robotdeveloper02/IsaacSim-ros_workspaces-main/humble_ws/install/isaac_ros2_messages/include/isaac_ros2_messages/isaac_ros2_messages/srv/detail
[4.489s] -- Installing: /home/robotdeveloper02/IsaacSim-ros_workspaces-main/humble_ws/install/isaac_ros2_messages/include/isaac_ros2_messages/isaac_ros2_messages/srv/detail/get_prim_attributes__functions.c
[4.490s] -- Installing: /home/robotdeveloper02/IsaacSim-ros_workspaces-main/humble_ws/install/isaac_ros2_messages/include/isaac_ros2_messages/isaac_ros2_messages/srv/detail/isaac_pose__functions.h
[4.490s] -- Installing: /home/robotdeveloper02/IsaacSim-ros_workspaces-main/humble_ws/install/isaac_ros2_messages/include/isaac_ros2_messages/isaac_ros2_messages/srv/detail/get_prim_attributes__type_support.h
[4.490s] -- Installing: /home/robotdeveloper02/IsaacSim-ros_workspaces-main/humble_ws/install/isaac_ros2_messages/include/isaac_ros2_messages/isaac_ros2_messages/srv/detail/get_prim_attributes__functions.h
[4.490s] -- Installing: /home/robotdeveloper02/IsaacSim-ros_workspaces-main/humble_ws/install/isaac_ros2_messages/include/isaac_ros2_messages/isaac_ros2_messages/srv/detail/isaac_pose__functions.c
[4.490s] -- Installing: /home/robotdeveloper02/IsaacSim-ros_workspaces-main/humble_ws/install/isaac_ros2_messages/include/isaac_ros2_messages/isaac_ros2_messages/srv/detail/isaac_pose__struct.h
[4.490s] -- Installing: /home/robotdeveloper02/IsaacSim-ros_workspaces-main/humble_ws/install/isaac_ros2_messages/include/isaac_ros2_messages/isaac_ros2_messages/srv/detail/get_prims__functions.h
[4.490s] -- Installing: /home/robotdeveloper02/IsaacSim-ros_workspaces-main/humble_ws/install/isaac_ros2_messages/include/isaac_ros2_messages/isaac_ros2_messages/srv/detail/get_prims__type_support.h
[4.490s] -- Installing: /home/robotdeveloper02/IsaacSim-ros_workspaces-main/humble_ws/install/isaac_ros2_messages/include/isaac_ros2_messages/isaac_ros2_messages/srv/detail/set_prim_attribute__functions.c
[4.490s] -- Installing: /home/robotdeveloper02/IsaacSim-ros_workspaces-main/humble_ws/install/isaac_ros2_messages/include/isaac_ros2_messages/isaac_ros2_messages/srv/detail/isaac_pose__type_support.h
[4.490s] -- Installing: /home/robotdeveloper02/IsaacSim-ros_workspaces-main/humble_ws/install/isaac_ros2_messages/include/isaac_ros2_messages/isaac_ros2_messages/srv/detail/get_prim_attribute__functions.h
[4.490s] -- Installing: /home/robotdeveloper02/IsaacSim-ros_workspaces-main/humble_ws/install/isaac_ros2_messages/include/isaac_ros2_messages/isaac_ros2_messages/srv/detail/set_prim_attribute__struct.h
[4.491s] -- Installing: /home/robotdeveloper02/IsaacSim-ros_workspaces-main/humble_ws/install/isaac_ros2_messages/include/isaac_ros2_messages/isaac_ros2_messages/srv/detail/get_prim_attribute__type_support.h
[4.491s] -- Installing: /home/robotdeveloper02/IsaacSim-ros_workspaces-main/humble_ws/install/isaac_ros2_messages/include/isaac_ros2_messages/isaac_ros2_messages/srv/detail/get_prim_attribute__functions.c
[4.491s] -- Installing: /home/robotdeveloper02/IsaacSim-ros_workspaces-main/humble_ws/install/isaac_ros2_messages/include/isaac_ros2_messages/isaac_ros2_messages/srv/detail/set_prim_attribute__functions.h
[4.491s] -- Installing: /home/robotdeveloper02/IsaacSim-ros_workspaces-main/humble_ws/install/isaac_ros2_messages/include/isaac_ros2_messages/isaac_ros2_messages/srv/detail/get_prim_attribute__struct.h
[4.491s] -- Installing: /home/robotdeveloper02/IsaacSim-ros_workspaces-main/humble_ws/install/isaac_ros2_messages/include/isaac_ros2_messages/isaac_ros2_messages/srv/detail/get_prims__functions.c
[4.491s] -- Installing: /home/robotdeveloper02/IsaacSim-ros_workspaces-main/humble_ws/install/isaac_ros2_messages/include/isaac_ros2_messages/isaac_ros2_messages/srv/detail/get_prim_attributes__struct.h
[4.491s] -- Installing: /home/robotdeveloper02/IsaacSim-ros_workspaces-main/humble_ws/install/isaac_ros2_messages/include/isaac_ros2_messages/isaac_ros2_messages/srv/detail/get_prims__struct.h
[4.491s] -- Installing: /home/robotdeveloper02/IsaacSim-ros_workspaces-main/humble_ws/install/isaac_ros2_messages/include/isaac_ros2_messages/isaac_ros2_messages/srv/detail/set_prim_attribute__type_support.h
[4.491s] -- Installing: /home/robotdeveloper02/IsaacSim-ros_workspaces-main/humble_ws/install/isaac_ros2_messages/include/isaac_ros2_messages/isaac_ros2_messages/srv/isaac_pose.h
[4.491s] -- Installing: /home/robotdeveloper02/IsaacSim-ros_workspaces-main/humble_ws/install/isaac_ros2_messages/include/isaac_ros2_messages/isaac_ros2_messages/srv/set_prim_attribute.h
[4.491s] -- Installing: /home/robotdeveloper02/IsaacSim-ros_workspaces-main/humble_ws/install/isaac_ros2_messages/include/isaac_ros2_messages/isaac_ros2_messages/srv/get_prim_attribute.h
[4.491s] -- Installing: /home/robotdeveloper02/IsaacSim-ros_workspaces-main/humble_ws/install/isaac_ros2_messages/include/isaac_ros2_messages/isaac_ros2_messages/srv/get_prim_attributes.h
[4.491s] -- Installing: /home/robotdeveloper02/IsaacSim-ros_workspaces-main/humble_ws/install/isaac_ros2_messages/include/isaac_ros2_messages/isaac_ros2_messages/srv/get_prims.h
[4.491s] -- Installing: /home/robotdeveloper02/IsaacSim-ros_workspaces-main/humble_ws/install/isaac_ros2_messages/include/isaac_ros2_messages/isaac_ros2_messages/msg
[4.491s] -- Installing: /home/robotdeveloper02/IsaacSim-ros_workspaces-main/humble_ws/install/isaac_ros2_messages/include/isaac_ros2_messages/isaac_ros2_messages/msg/rosidl_generator_c__visibility_control.h
[4.491s] -- Installing: /home/robotdeveloper02/IsaacSim-ros_workspaces-main/humble_ws/install/isaac_ros2_messages/share/isaac_ros2_messages/environment/library_path.sh
[4.491s] -- Installing: /home/robotdeveloper02/IsaacSim-ros_workspaces-main/humble_ws/install/isaac_ros2_messages/share/isaac_ros2_messages/environment/library_path.dsv
[4.491s] -- Installing: /home/robotdeveloper02/IsaacSim-ros_workspaces-main/humble_ws/install/isaac_ros2_messages/lib/libisaac_ros2_messages__rosidl_generator_c.so
[4.492s] -- Set runtime path of "/home/robotdeveloper02/IsaacSim-ros_workspaces-main/humble_ws/install/isaac_ros2_messages/lib/libisaac_ros2_messages__rosidl_generator_c.so" to ""
[4.492s] -- Up-to-date: /home/robotdeveloper02/IsaacSim-ros_workspaces-main/humble_ws/install/isaac_ros2_messages/include/isaac_ros2_messages/isaac_ros2_messages
[4.492s] -- Up-to-date: /home/robotdeveloper02/IsaacSim-ros_workspaces-main/humble_ws/install/isaac_ros2_messages/include/isaac_ros2_messages/isaac_ros2_messages/srv
[4.492s] -- Up-to-date: /home/robotdeveloper02/IsaacSim-ros_workspaces-main/humble_ws/install/isaac_ros2_messages/include/isaac_ros2_messages/isaac_ros2_messages/srv/detail
[4.492s] -- Installing: /home/robotdeveloper02/IsaacSim-ros_workspaces-main/humble_ws/install/isaac_ros2_messages/include/isaac_ros2_messages/isaac_ros2_messages/srv/detail/get_prim_attributes__rosidl_typesupport_fastrtps_c.h
[4.492s] -- Installing: /home/robotdeveloper02/IsaacSim-ros_workspaces-main/humble_ws/install/isaac_ros2_messages/include/isaac_ros2_messages/isaac_ros2_messages/srv/detail/set_prim_attribute__rosidl_typesupport_fastrtps_c.h
[4.492s] -- Installing: /home/robotdeveloper02/IsaacSim-ros_workspaces-main/humble_ws/install/isaac_ros2_messages/include/isaac_ros2_messages/isaac_ros2_messages/srv/detail/isaac_pose__rosidl_typesupport_fastrtps_c.h
[4.492s] -- Installing: /home/robotdeveloper02/IsaacSim-ros_workspaces-main/humble_ws/install/isaac_ros2_messages/include/isaac_ros2_messages/isaac_ros2_messages/srv/detail/get_prim_attribute__rosidl_typesupport_fastrtps_c.h
[4.492s] -- Installing: /home/robotdeveloper02/IsaacSim-ros_workspaces-main/humble_ws/install/isaac_ros2_messages/include/isaac_ros2_messages/isaac_ros2_messages/srv/detail/get_prims__rosidl_typesupport_fastrtps_c.h
[4.492s] -- Up-to-date: /home/robotdeveloper02/IsaacSim-ros_workspaces-main/humble_ws/install/isaac_ros2_messages/include/isaac_ros2_messages/isaac_ros2_messages/msg
[4.492s] -- Installing: /home/robotdeveloper02/IsaacSim-ros_workspaces-main/humble_ws/install/isaac_ros2_messages/include/isaac_ros2_messages/isaac_ros2_messages/msg/rosidl_typesupport_fastrtps_c__visibility_control.h
[4.492s] -- Installing: /home/robotdeveloper02/IsaacSim-ros_workspaces-main/humble_ws/install/isaac_ros2_messages/lib/libisaac_ros2_messages__rosidl_typesupport_fastrtps_c.so
[4.492s] -- Set runtime path of "/home/robotdeveloper02/IsaacSim-ros_workspaces-main/humble_ws/install/isaac_ros2_messages/lib/libisaac_ros2_messages__rosidl_typesupport_fastrtps_c.so" to ""
[4.492s] -- Up-to-date: /home/robotdeveloper02/IsaacSim-ros_workspaces-main/humble_ws/install/isaac_ros2_messages/include/isaac_ros2_messages/isaac_ros2_messages
[4.492s] -- Up-to-date: /home/robotdeveloper02/IsaacSim-ros_workspaces-main/humble_ws/install/isaac_ros2_messages/include/isaac_ros2_messages/isaac_ros2_messages/srv
[4.492s] -- Installing: /home/robotdeveloper02/IsaacSim-ros_workspaces-main/humble_ws/install/isaac_ros2_messages/include/isaac_ros2_messages/isaac_ros2_messages/srv/set_prim_attribute.hpp
[4.493s] -- Up-to-date: /home/robotdeveloper02/IsaacSim-ros_workspaces-main/humble_ws/install/isaac_ros2_messages/include/isaac_ros2_messages/isaac_ros2_messages/srv/detail
[4.493s] -- Installing: /home/robotdeveloper02/IsaacSim-ros_workspaces-main/humble_ws/install/isaac_ros2_messages/include/isaac_ros2_messages/isaac_ros2_messages/srv/detail/set_prim_attribute__traits.hpp
[4.493s] -- Installing: /home/robotdeveloper02/IsaacSim-ros_workspaces-main/humble_ws/install/isaac_ros2_messages/include/isaac_ros2_messages/isaac_ros2_messages/srv/detail/get_prims__builder.hpp
[4.493s] -- Installing: /home/robotdeveloper02/IsaacSim-ros_workspaces-main/humble_ws/install/isaac_ros2_messages/include/isaac_ros2_messages/isaac_ros2_messages/srv/detail/get_prim_attributes__builder.hpp
[4.493s] -- Installing: /home/robotdeveloper02/IsaacSim-ros_workspaces-main/humble_ws/install/isaac_ros2_messages/include/isaac_ros2_messages/isaac_ros2_messages/srv/detail/get_prims__struct.hpp
[4.493s] -- Installing: /home/robotdeveloper02/IsaacSim-ros_workspaces-main/humble_ws/install/isaac_ros2_messages/include/isaac_ros2_messages/isaac_ros2_messages/srv/detail/get_prim_attributes__struct.hpp
[4.493s] -- Installing: /home/robotdeveloper02/IsaacSim-ros_workspaces-main/humble_ws/install/isaac_ros2_messages/include/isaac_ros2_messages/isaac_ros2_messages/srv/detail/get_prim_attribute__traits.hpp
[4.493s] -- Installing: /home/robotdeveloper02/IsaacSim-ros_workspaces-main/humble_ws/install/isaac_ros2_messages/include/isaac_ros2_messages/isaac_ros2_messages/srv/detail/isaac_pose__traits.hpp
[4.493s] -- Installing: /home/robotdeveloper02/IsaacSim-ros_workspaces-main/humble_ws/install/isaac_ros2_messages/include/isaac_ros2_messages/isaac_ros2_messages/srv/detail/get_prim_attribute__builder.hpp
[4.493s] -- Installing: /home/robotdeveloper02/IsaacSim-ros_workspaces-main/humble_ws/install/isaac_ros2_messages/include/isaac_ros2_messages/isaac_ros2_messages/srv/detail/set_prim_attribute__struct.hpp
[4.493s] -- Installing: /home/robotdeveloper02/IsaacSim-ros_workspaces-main/humble_ws/install/isaac_ros2_messages/include/isaac_ros2_messages/isaac_ros2_messages/srv/detail/isaac_pose__struct.hpp
[4.493s] -- Installing: /home/robotdeveloper02/IsaacSim-ros_workspaces-main/humble_ws/install/isaac_ros2_messages/include/isaac_ros2_messages/isaac_ros2_messages/srv/detail/get_prim_attributes__traits.hpp
[4.493s] -- Installing: /home/robotdeveloper02/IsaacSim-ros_workspaces-main/humble_ws/install/isaac_ros2_messages/include/isaac_ros2_messages/isaac_ros2_messages/srv/detail/get_prim_attribute__struct.hpp
[4.493s] -- Installing: /home/robotdeveloper02/IsaacSim-ros_workspaces-main/humble_ws/install/isaac_ros2_messages/include/isaac_ros2_messages/isaac_ros2_messages/srv/detail/get_prims__traits.hpp
[4.493s] -- Installing: /home/robotdeveloper02/IsaacSim-ros_workspaces-main/humble_ws/install/isaac_ros2_messages/include/isaac_ros2_messages/isaac_ros2_messages/srv/detail/set_prim_attribute__builder.hpp
[4.493s] -- Installing: /home/robotdeveloper02/IsaacSim-ros_workspaces-main/humble_ws/install/isaac_ros2_messages/include/isaac_ros2_messages/isaac_ros2_messages/srv/detail/isaac_pose__builder.hpp
[4.493s] -- Installing: /home/robotdeveloper02/IsaacSim-ros_workspaces-main/humble_ws/install/isaac_ros2_messages/include/isaac_ros2_messages/isaac_ros2_messages/srv/get_prim_attributes.hpp
[4.493s] -- Installing: /home/robotdeveloper02/IsaacSim-ros_workspaces-main/humble_ws/install/isaac_ros2_messages/include/isaac_ros2_messages/isaac_ros2_messages/srv/get_prim_attribute.hpp
[4.493s] -- Installing: /home/robotdeveloper02/IsaacSim-ros_workspaces-main/humble_ws/install/isaac_ros2_messages/include/isaac_ros2_messages/isaac_ros2_messages/srv/get_prims.hpp
[4.493s] -- Installing: /home/robotdeveloper02/IsaacSim-ros_workspaces-main/humble_ws/install/isaac_ros2_messages/include/isaac_ros2_messages/isaac_ros2_messages/srv/isaac_pose.hpp
[4.493s] -- Up-to-date: /home/robotdeveloper02/IsaacSim-ros_workspaces-main/humble_ws/install/isaac_ros2_messages/include/isaac_ros2_messages/isaac_ros2_messages
[4.493s] -- Up-to-date: /home/robotdeveloper02/IsaacSim-ros_workspaces-main/humble_ws/install/isaac_ros2_messages/include/isaac_ros2_messages/isaac_ros2_messages/srv
[4.493s] -- Up-to-date: /home/robotdeveloper02/IsaacSim-ros_workspaces-main/humble_ws/install/isaac_ros2_messages/include/isaac_ros2_messages/isaac_ros2_messages/srv/detail
[4.494s] -- Installing: /home/robotdeveloper02/IsaacSim-ros_workspaces-main/humble_ws/install/isaac_ros2_messages/include/isaac_ros2_messages/isaac_ros2_messages/srv/detail/set_prim_attribute__rosidl_typesupport_fastrtps_cpp.hpp
[4.494s] -- Installing: /home/robotdeveloper02/IsaacSim-ros_workspaces-main/humble_ws/install/isaac_ros2_messages/include/isaac_ros2_messages/isaac_ros2_messages/srv/detail/get_prim_attributes__rosidl_typesupport_fastrtps_cpp.hpp
[4.494s] -- Installing: /home/robotdeveloper02/IsaacSim-ros_workspaces-main/humble_ws/install/isaac_ros2_messages/include/isaac_ros2_messages/isaac_ros2_messages/srv/detail/dds_fastrtps
[4.494s] -- Installing: /home/robotdeveloper02/IsaacSim-ros_workspaces-main/humble_ws/install/isaac_ros2_messages/include/isaac_ros2_messages/isaac_ros2_messages/srv/detail/isaac_pose__rosidl_typesupport_fastrtps_cpp.hpp
[4.494s] -- Installing: /home/robotdeveloper02/IsaacSim-ros_workspaces-main/humble_ws/install/isaac_ros2_messages/include/isaac_ros2_messages/isaac_ros2_messages/srv/detail/get_prims__rosidl_typesupport_fastrtps_cpp.hpp
[4.494s] -- Installing: /home/robotdeveloper02/IsaacSim-ros_workspaces-main/humble_ws/install/isaac_ros2_messages/include/isaac_ros2_messages/isaac_ros2_messages/srv/detail/get_prim_attribute__rosidl_typesupport_fastrtps_cpp.hpp
[4.494s] -- Up-to-date: /home/robotdeveloper02/IsaacSim-ros_workspaces-main/humble_ws/install/isaac_ros2_messages/include/isaac_ros2_messages/isaac_ros2_messages/msg
[4.494s] -- Installing: /home/robotdeveloper02/IsaacSim-ros_workspaces-main/humble_ws/install/isaac_ros2_messages/include/isaac_ros2_messages/isaac_ros2_messages/msg/rosidl_typesupport_fastrtps_cpp__visibility_control.h
[4.494s] -- Installing: /home/robotdeveloper02/IsaacSim-ros_workspaces-main/humble_ws/install/isaac_ros2_messages/lib/libisaac_ros2_messages__rosidl_typesupport_fastrtps_cpp.so
[4.494s] -- Set runtime path of "/home/robotdeveloper02/IsaacSim-ros_workspaces-main/humble_ws/install/isaac_ros2_messages/lib/libisaac_ros2_messages__rosidl_typesupport_fastrtps_cpp.so" to ""
[4.494s] -- Up-to-date: /home/robotdeveloper02/IsaacSim-ros_workspaces-main/humble_ws/install/isaac_ros2_messages/include/isaac_ros2_messages/isaac_ros2_messages
[4.494s] -- Up-to-date: /home/robotdeveloper02/IsaacSim-ros_workspaces-main/humble_ws/install/isaac_ros2_messages/include/isaac_ros2_messages/isaac_ros2_messages/srv
[4.494s] -- Up-to-date: /home/robotdeveloper02/IsaacSim-ros_workspaces-main/humble_ws/install/isaac_ros2_messages/include/isaac_ros2_messages/isaac_ros2_messages/srv/detail
[4.494s] -- Installing: /home/robotdeveloper02/IsaacSim-ros_workspaces-main/humble_ws/install/isaac_ros2_messages/include/isaac_ros2_messages/isaac_ros2_messages/srv/detail/set_prim_attribute__rosidl_typesupport_introspection_c.h
[4.494s] -- Installing: /home/robotdeveloper02/IsaacSim-ros_workspaces-main/humble_ws/install/isaac_ros2_messages/include/isaac_ros2_messages/isaac_ros2_messages/srv/detail/set_prim_attribute__type_support.c
[4.494s] -- Installing: /home/robotdeveloper02/IsaacSim-ros_workspaces-main/humble_ws/install/isaac_ros2_messages/include/isaac_ros2_messages/isaac_ros2_messages/srv/detail/get_prim_attribute__rosidl_typesupport_introspection_c.h
[4.494s] -- Installing: /home/robotdeveloper02/IsaacSim-ros_workspaces-main/humble_ws/install/isaac_ros2_messages/include/isaac_ros2_messages/isaac_ros2_messages/srv/detail/isaac_pose__rosidl_typesupport_introspection_c.h
[4.494s] -- Installing: /home/robotdeveloper02/IsaacSim-ros_workspaces-main/humble_ws/install/isaac_ros2_messages/include/isaac_ros2_messages/isaac_ros2_messages/srv/detail/get_prim_attribute__type_support.c
[4.494s] -- Installing: /home/robotdeveloper02/IsaacSim-ros_workspaces-main/humble_ws/install/isaac_ros2_messages/include/isaac_ros2_messages/isaac_ros2_messages/srv/detail/get_prim_attributes__rosidl_typesupport_introspection_c.h
[4.494s] -- Installing: /home/robotdeveloper02/IsaacSim-ros_workspaces-main/humble_ws/install/isaac_ros2_messages/include/isaac_ros2_messages/isaac_ros2_messages/srv/detail/get_prims__rosidl_typesupport_introspection_c.h
[4.495s] -- Installing: /home/robotdeveloper02/IsaacSim-ros_workspaces-main/humble_ws/install/isaac_ros2_messages/include/isaac_ros2_messages/isaac_ros2_messages/srv/detail/get_prims__type_support.c
[4.495s] -- Installing: /home/robotdeveloper02/IsaacSim-ros_workspaces-main/humble_ws/install/isaac_ros2_messages/include/isaac_ros2_messages/isaac_ros2_messages/srv/detail/isaac_pose__type_support.c
[4.495s] -- Installing: /home/robotdeveloper02/IsaacSim-ros_workspaces-main/humble_ws/install/isaac_ros2_messages/include/isaac_ros2_messages/isaac_ros2_messages/srv/detail/get_prim_attributes__type_support.c
[4.495s] -- Up-to-date: /home/robotdeveloper02/IsaacSim-ros_workspaces-main/humble_ws/install/isaac_ros2_messages/include/isaac_ros2_messages/isaac_ros2_messages/msg
[4.495s] -- Installing: /home/robotdeveloper02/IsaacSim-ros_workspaces-main/humble_ws/install/isaac_ros2_messages/include/isaac_ros2_messages/isaac_ros2_messages/msg/rosidl_typesupport_introspection_c__visibility_control.h
[4.495s] -- Installing: /home/robotdeveloper02/IsaacSim-ros_workspaces-main/humble_ws/install/isaac_ros2_messages/lib/libisaac_ros2_messages__rosidl_typesupport_introspection_c.so
[4.495s] -- Set runtime path of "/home/robotdeveloper02/IsaacSim-ros_workspaces-main/humble_ws/install/isaac_ros2_messages/lib/libisaac_ros2_messages__rosidl_typesupport_introspection_c.so" to ""
[4.495s] -- Installing: /home/robotdeveloper02/IsaacSim-ros_workspaces-main/humble_ws/install/isaac_ros2_messages/lib/libisaac_ros2_messages__rosidl_typesupport_c.so
[4.495s] -- Set runtime path of "/home/robotdeveloper02/IsaacSim-ros_workspaces-main/humble_ws/install/isaac_ros2_messages/lib/libisaac_ros2_messages__rosidl_typesupport_c.so" to ""
[4.495s] -- Up-to-date: /home/robotdeveloper02/IsaacSim-ros_workspaces-main/humble_ws/install/isaac_ros2_messages/include/isaac_ros2_messages/isaac_ros2_messages
[4.495s] -- Up-to-date: /home/robotdeveloper02/IsaacSim-ros_workspaces-main/humble_ws/install/isaac_ros2_messages/include/isaac_ros2_messages/isaac_ros2_messages/srv
[4.495s] -- Up-to-date: /home/robotdeveloper02/IsaacSim-ros_workspaces-main/humble_ws/install/isaac_ros2_messages/include/isaac_ros2_messages/isaac_ros2_messages/srv/detail
[4.495s] -- Installing: /home/robotdeveloper02/IsaacSim-ros_workspaces-main/humble_ws/install/isaac_ros2_messages/include/isaac_ros2_messages/isaac_ros2_messages/srv/detail/get_prim_attributes__type_support.cpp
[4.495s] -- Installing: /home/robotdeveloper02/IsaacSim-ros_workspaces-main/humble_ws/install/isaac_ros2_messages/include/isaac_ros2_messages/isaac_ros2_messages/srv/detail/get_prim_attribute__rosidl_typesupport_introspection_cpp.hpp
[4.495s] -- Installing: /home/robotdeveloper02/IsaacSim-ros_workspaces-main/humble_ws/install/isaac_ros2_messages/include/isaac_ros2_messages/isaac_ros2_messages/srv/detail/set_prim_attribute__rosidl_typesupport_introspection_cpp.hpp
[4.495s] -- Installing: /home/robotdeveloper02/IsaacSim-ros_workspaces-main/humble_ws/install/isaac_ros2_messages/include/isaac_ros2_messages/isaac_ros2_messages/srv/detail/isaac_pose__type_support.cpp
[4.495s] -- Installing: /home/robotdeveloper02/IsaacSim-ros_workspaces-main/humble_ws/install/isaac_ros2_messages/include/isaac_ros2_messages/isaac_ros2_messages/srv/detail/get_prim_attribute__type_support.cpp
[4.495s] -- Installing: /home/robotdeveloper02/IsaacSim-ros_workspaces-main/humble_ws/install/isaac_ros2_messages/include/isaac_ros2_messages/isaac_ros2_messages/srv/detail/isaac_pose__rosidl_typesupport_introspection_cpp.hpp
[4.495s] -- Installing: /home/robotdeveloper02/IsaacSim-ros_workspaces-main/humble_ws/install/isaac_ros2_messages/include/isaac_ros2_messages/isaac_ros2_messages/srv/detail/get_prims__rosidl_typesupport_introspection_cpp.hpp
[4.496s] -- Installing: /home/robotdeveloper02/IsaacSim-ros_workspaces-main/humble_ws/install/isaac_ros2_messages/include/isaac_ros2_messages/isaac_ros2_messages/srv/detail/set_prim_attribute__type_support.cpp
[4.496s] -- Installing: /home/robotdeveloper02/IsaacSim-ros_workspaces-main/humble_ws/install/isaac_ros2_messages/include/isaac_ros2_messages/isaac_ros2_messages/srv/detail/get_prims__type_support.cpp
[4.496s] -- Installing: /home/robotdeveloper02/IsaacSim-ros_workspaces-main/humble_ws/install/isaac_ros2_messages/include/isaac_ros2_messages/isaac_ros2_messages/srv/detail/get_prim_attributes__rosidl_typesupport_introspection_cpp.hpp
[4.496s] -- Installing: /home/robotdeveloper02/IsaacSim-ros_workspaces-main/humble_ws/install/isaac_ros2_messages/lib/libisaac_ros2_messages__rosidl_typesupport_introspection_cpp.so
[4.496s] -- Set runtime path of "/home/robotdeveloper02/IsaacSim-ros_workspaces-main/humble_ws/install/isaac_ros2_messages/lib/libisaac_ros2_messages__rosidl_typesupport_introspection_cpp.so" to ""
[4.496s] -- Installing: /home/robotdeveloper02/IsaacSim-ros_workspaces-main/humble_ws/install/isaac_ros2_messages/lib/libisaac_ros2_messages__rosidl_typesupport_cpp.so
[4.496s] -- Set runtime path of "/home/robotdeveloper02/IsaacSim-ros_workspaces-main/humble_ws/install/isaac_ros2_messages/lib/libisaac_ros2_messages__rosidl_typesupport_cpp.so" to ""
[4.496s] -- Installing: /home/robotdeveloper02/IsaacSim-ros_workspaces-main/humble_ws/install/isaac_ros2_messages/share/isaac_ros2_messages/environment/pythonpath.sh
[4.496s] -- Installing: /home/robotdeveloper02/IsaacSim-ros_workspaces-main/humble_ws/install/isaac_ros2_messages/share/isaac_ros2_messages/environment/pythonpath.dsv
[4.496s] -- Installing: /home/robotdeveloper02/IsaacSim-ros_workspaces-main/humble_ws/install/isaac_ros2_messages/local/lib/python3.10/dist-packages/isaac_ros2_messages-0.2.0-py3.10.egg-info
[4.496s] -- Installing: /home/robotdeveloper02/IsaacSim-ros_workspaces-main/humble_ws/install/isaac_ros2_messages/local/lib/python3.10/dist-packages/isaac_ros2_messages-0.2.0-py3.10.egg-info/PKG-INFO
[4.496s] -- Installing: /home/robotdeveloper02/IsaacSim-ros_workspaces-main/humble_ws/install/isaac_ros2_messages/local/lib/python3.10/dist-packages/isaac_ros2_messages-0.2.0-py3.10.egg-info/dependency_links.txt
[4.497s] -- Installing: /home/robotdeveloper02/IsaacSim-ros_workspaces-main/humble_ws/install/isaac_ros2_messages/local/lib/python3.10/dist-packages/isaac_ros2_messages-0.2.0-py3.10.egg-info/top_level.txt
[4.497s] -- Installing: /home/robotdeveloper02/IsaacSim-ros_workspaces-main/humble_ws/install/isaac_ros2_messages/local/lib/python3.10/dist-packages/isaac_ros2_messages-0.2.0-py3.10.egg-info/SOURCES.txt
[4.497s] -- Installing: /home/robotdeveloper02/IsaacSim-ros_workspaces-main/humble_ws/install/isaac_ros2_messages/local/lib/python3.10/dist-packages/isaac_ros2_messages
[4.497s] -- Installing: /home/robotdeveloper02/IsaacSim-ros_workspaces-main/humble_ws/install/isaac_ros2_messages/local/lib/python3.10/dist-packages/isaac_ros2_messages/_isaac_ros2_messages_s.ep.rosidl_typesupport_c.c
[4.497s] -- Installing: /home/robotdeveloper02/IsaacSim-ros_workspaces-main/humble_ws/install/isaac_ros2_messages/local/lib/python3.10/dist-packages/isaac_ros2_messages/_isaac_ros2_messages_s.ep.rosidl_typesupport_fastrtps_c.c
[4.497s] -- Installing: /home/robotdeveloper02/IsaacSim-ros_workspaces-main/humble_ws/install/isaac_ros2_messages/local/lib/python3.10/dist-packages/isaac_ros2_messages/_isaac_ros2_messages_s.ep.rosidl_typesupport_introspection_c.c
[4.497s] -- Installing: /home/robotdeveloper02/IsaacSim-ros_workspaces-main/humble_ws/install/isaac_ros2_messages/local/lib/python3.10/dist-packages/isaac_ros2_messages/libisaac_ros2_messages__rosidl_generator_py.so
[4.497s] -- Installing: /home/robotdeveloper02/IsaacSim-ros_workspaces-main/humble_ws/install/isaac_ros2_messages/local/lib/python3.10/dist-packages/isaac_ros2_messages/__init__.py
[4.497s] -- Installing: /home/robotdeveloper02/IsaacSim-ros_workspaces-main/humble_ws/install/isaac_ros2_messages/local/lib/python3.10/dist-packages/isaac_ros2_messages/isaac_ros2_messages_s__rosidl_typesupport_introspection_c.cpython-310-x86_64-linux-gnu.so
[4.497s] -- Installing: /home/robotdeveloper02/IsaacSim-ros_workspaces-main/humble_ws/install/isaac_ros2_messages/local/lib/python3.10/dist-packages/isaac_ros2_messages/srv
[4.497s] -- Installing: /home/robotdeveloper02/IsaacSim-ros_workspaces-main/humble_ws/install/isaac_ros2_messages/local/lib/python3.10/dist-packages/isaac_ros2_messages/srv/_set_prim_attribute.py
[4.497s] -- Installing: /home/robotdeveloper02/IsaacSim-ros_workspaces-main/humble_ws/install/isaac_ros2_messages/local/lib/python3.10/dist-packages/isaac_ros2_messages/srv/_isaac_pose_s.c
[4.497s] -- Installing: /home/robotdeveloper02/IsaacSim-ros_workspaces-main/humble_ws/install/isaac_ros2_messages/local/lib/python3.10/dist-packages/isaac_ros2_messages/srv/_get_prim_attributes.py
[4.497s] -- Installing: /home/robotdeveloper02/IsaacSim-ros_workspaces-main/humble_ws/install/isaac_ros2_messages/local/lib/python3.10/dist-packages/isaac_ros2_messages/srv/_get_prims_s.c
[4.497s] -- Installing: /home/robotdeveloper02/IsaacSim-ros_workspaces-main/humble_ws/install/isaac_ros2_messages/local/lib/python3.10/dist-packages/isaac_ros2_messages/srv/_get_prims.py
[4.497s] -- Installing: /home/robotdeveloper02/IsaacSim-ros_workspaces-main/humble_ws/install/isaac_ros2_messages/local/lib/python3.10/dist-packages/isaac_ros2_messages/srv/__init__.py
[4.498s] -- Installing: /home/robotdeveloper02/IsaacSim-ros_workspaces-main/humble_ws/install/isaac_ros2_messages/local/lib/python3.10/dist-packages/isaac_ros2_messages/srv/_set_prim_attribute_s.c
[4.498s] -- Installing: /home/robotdeveloper02/IsaacSim-ros_workspaces-main/humble_ws/install/isaac_ros2_messages/local/lib/python3.10/dist-packages/isaac_ros2_messages/srv/_isaac_pose.py
[4.498s] -- Installing: /home/robotdeveloper02/IsaacSim-ros_workspaces-main/humble_ws/install/isaac_ros2_messages/local/lib/python3.10/dist-packages/isaac_ros2_messages/srv/_get_prim_attribute.py
[4.498s] -- Installing: /home/robotdeveloper02/IsaacSim-ros_workspaces-main/humble_ws/install/isaac_ros2_messages/local/lib/python3.10/dist-packages/isaac_ros2_messages/srv/_get_prim_attributes_s.c
[4.498s] -- Installing: /home/robotdeveloper02/IsaacSim-ros_workspaces-main/humble_ws/install/isaac_ros2_messages/local/lib/python3.10/dist-packages/isaac_ros2_messages/srv/_get_prim_attribute_s.c
[4.498s] -- Installing: /home/robotdeveloper02/IsaacSim-ros_workspaces-main/humble_ws/install/isaac_ros2_messages/local/lib/python3.10/dist-packages/isaac_ros2_messages/isaac_ros2_messages_s__rosidl_typesupport_c.cpython-310-x86_64-linux-gnu.so
[4.498s] -- Installing: /home/robotdeveloper02/IsaacSim-ros_workspaces-main/humble_ws/install/isaac_ros2_messages/local/lib/python3.10/dist-packages/isaac_ros2_messages/isaac_ros2_messages_s__rosidl_typesupport_fastrtps_c.cpython-310-x86_64-linux-gnu.so
[4.523s] Listing '/home/robotdeveloper02/IsaacSim-ros_workspaces-main/humble_ws/install/isaac_ros2_messages/local/lib/python3.10/dist-packages/isaac_ros2_messages'...
[4.523s] Compiling '/home/robotdeveloper02/IsaacSim-ros_workspaces-main/humble_ws/install/isaac_ros2_messages/local/lib/python3.10/dist-packages/isaac_ros2_messages/__init__.py'...
[4.523s] Listing '/home/robotdeveloper02/IsaacSim-ros_workspaces-main/humble_ws/install/isaac_ros2_messages/local/lib/python3.10/dist-packages/isaac_ros2_messages/srv'...
[4.523s] Compiling '/home/robotdeveloper02/IsaacSim-ros_workspaces-main/humble_ws/install/isaac_ros2_messages/local/lib/python3.10/dist-packages/isaac_ros2_messages/srv/__init__.py'...
[4.523s] Compiling '/home/robotdeveloper02/IsaacSim-ros_workspaces-main/humble_ws/install/isaac_ros2_messages/local/lib/python3.10/dist-packages/isaac_ros2_messages/srv/_get_prim_attribute.py'...
[4.523s] Compiling '/home/robotdeveloper02/IsaacSim-ros_workspaces-main/humble_ws/install/isaac_ros2_messages/local/lib/python3.10/dist-packages/isaac_ros2_messages/srv/_get_prim_attributes.py'...
[4.523s] Compiling '/home/robotdeveloper02/IsaacSim-ros_workspaces-main/humble_ws/install/isaac_ros2_messages/local/lib/python3.10/dist-packages/isaac_ros2_messages/srv/_get_prims.py'...
[4.523s] Compiling '/home/robotdeveloper02/IsaacSim-ros_workspaces-main/humble_ws/install/isaac_ros2_messages/local/lib/python3.10/dist-packages/isaac_ros2_messages/srv/_isaac_pose.py'...
[4.523s] Compiling '/home/robotdeveloper02/IsaacSim-ros_workspaces-main/humble_ws/install/isaac_ros2_messages/local/lib/python3.10/dist-packages/isaac_ros2_messages/srv/_set_prim_attribute.py'...
[4.526s] -- Installing: /home/robotdeveloper02/IsaacSim-ros_workspaces-main/humble_ws/install/isaac_ros2_messages/local/lib/python3.10/dist-packages/isaac_ros2_messages/isaac_ros2_messages_s__rosidl_typesupport_fastrtps_c.cpython-310-x86_64-linux-gnu.so
[4.526s] -- Set runtime path of "/home/robotdeveloper02/IsaacSim-ros_workspaces-main/humble_ws/install/isaac_ros2_messages/local/lib/python3.10/dist-packages/isaac_ros2_messages/isaac_ros2_messages_s__rosidl_typesupport_fastrtps_c.cpython-310-x86_64-linux-gnu.so" to ""
[4.526s] -- Installing: /home/robotdeveloper02/IsaacSim-ros_workspaces-main/humble_ws/install/isaac_ros2_messages/local/lib/python3.10/dist-packages/isaac_ros2_messages/isaac_ros2_messages_s__rosidl_typesupport_introspection_c.cpython-310-x86_64-linux-gnu.so
[4.526s] -- Set runtime path of "/home/robotdeveloper02/IsaacSim-ros_workspaces-main/humble_ws/install/isaac_ros2_messages/local/lib/python3.10/dist-packages/isaac_ros2_messages/isaac_ros2_messages_s__rosidl_typesupport_introspection_c.cpython-310-x86_64-linux-gnu.so" to ""
[4.527s] -- Installing: /home/robotdeveloper02/IsaacSim-ros_workspaces-main/humble_ws/install/isaac_ros2_messages/local/lib/python3.10/dist-packages/isaac_ros2_messages/isaac_ros2_messages_s__rosidl_typesupport_c.cpython-310-x86_64-linux-gnu.so
[4.527s] -- Set runtime path of "/home/robotdeveloper02/IsaacSim-ros_workspaces-main/humble_ws/install/isaac_ros2_messages/local/lib/python3.10/dist-packages/isaac_ros2_messages/isaac_ros2_messages_s__rosidl_typesupport_c.cpython-310-x86_64-linux-gnu.so" to ""
[4.527s] -- Installing: /home/robotdeveloper02/IsaacSim-ros_workspaces-main/humble_ws/install/isaac_ros2_messages/lib/libisaac_ros2_messages__rosidl_generator_py.so
[4.527s] -- Set runtime path of "/home/robotdeveloper02/IsaacSim-ros_workspaces-main/humble_ws/install/isaac_ros2_messages/lib/libisaac_ros2_messages__rosidl_generator_py.so" to ""
[4.527s] -- Installing: /home/robotdeveloper02/IsaacSim-ros_workspaces-main/humble_ws/install/isaac_ros2_messages/share/isaac_ros2_messages/srv/IsaacPose.idl
[4.527s] -- Installing: /home/robotdeveloper02/IsaacSim-ros_workspaces-main/humble_ws/install/isaac_ros2_messages/share/isaac_ros2_messages/srv/GetPrims.idl
[4.527s] -- Installing: /home/robotdeveloper02/IsaacSim-ros_workspaces-main/humble_ws/install/isaac_ros2_messages/share/isaac_ros2_messages/srv/GetPrimAttributes.idl
[4.527s] -- Installing: /home/robotdeveloper02/IsaacSim-ros_workspaces-main/humble_ws/install/isaac_ros2_messages/share/isaac_ros2_messages/srv/GetPrimAttribute.idl
[4.528s] -- Installing: /home/robotdeveloper02/IsaacSim-ros_workspaces-main/humble_ws/install/isaac_ros2_messages/share/isaac_ros2_messages/srv/SetPrimAttribute.idl
[4.528s] -- Installing: /home/robotdeveloper02/IsaacSim-ros_workspaces-main/humble_ws/install/isaac_ros2_messages/share/isaac_ros2_messages/srv/IsaacPose.srv
[4.528s] -- Installing: /home/robotdeveloper02/IsaacSim-ros_workspaces-main/humble_ws/install/isaac_ros2_messages/share/isaac_ros2_messages/srv/IsaacPose_Request.msg
[4.528s] -- Installing: /home/robotdeveloper02/IsaacSim-ros_workspaces-main/humble_ws/install/isaac_ros2_messages/share/isaac_ros2_messages/srv/IsaacPose_Response.msg
[4.528s] -- Installing: /home/robotdeveloper02/IsaacSim-ros_workspaces-main/humble_ws/install/isaac_ros2_messages/share/isaac_ros2_messages/srv/GetPrims.srv
[4.528s] -- Installing: /home/robotdeveloper02/IsaacSim-ros_workspaces-main/humble_ws/install/isaac_ros2_messages/share/isaac_ros2_messages/srv/GetPrims_Request.msg
[4.528s] -- Installing: /home/robotdeveloper02/IsaacSim-ros_workspaces-main/humble_ws/install/isaac_ros2_messages/share/isaac_ros2_messages/srv/GetPrims_Response.msg
[4.528s] -- Installing: /home/robotdeveloper02/IsaacSim-ros_workspaces-main/humble_ws/install/isaac_ros2_messages/share/isaac_ros2_messages/srv/GetPrimAttributes.srv
[4.528s] -- Installing: /home/robotdeveloper02/IsaacSim-ros_workspaces-main/humble_ws/install/isaac_ros2_messages/share/isaac_ros2_messages/srv/GetPrimAttributes_Request.msg
[4.528s] -- Installing: /home/robotdeveloper02/IsaacSim-ros_workspaces-main/humble_ws/install/isaac_ros2_messages/share/isaac_ros2_messages/srv/GetPrimAttributes_Response.msg
[4.529s] -- Installing: /home/robotdeveloper02/IsaacSim-ros_workspaces-main/humble_ws/install/isaac_ros2_messages/share/isaac_ros2_messages/srv/GetPrimAttribute.srv
[4.529s] -- Installing: /home/robotdeveloper02/IsaacSim-ros_workspaces-main/humble_ws/install/isaac_ros2_messages/share/isaac_ros2_messages/srv/GetPrimAttribute_Request.msg
[4.529s] -- Installing: /home/robotdeveloper02/IsaacSim-ros_workspaces-main/humble_ws/install/isaac_ros2_messages/share/isaac_ros2_messages/srv/GetPrimAttribute_Response.msg
[4.529s] -- Installing: /home/robotdeveloper02/IsaacSim-ros_workspaces-main/humble_ws/install/isaac_ros2_messages/share/isaac_ros2_messages/srv/SetPrimAttribute.srv
[4.529s] -- Installing: /home/robotdeveloper02/IsaacSim-ros_workspaces-main/humble_ws/install/isaac_ros2_messages/share/isaac_ros2_messages/srv/SetPrimAttribute_Request.msg
[4.529s] -- Installing: /home/robotdeveloper02/IsaacSim-ros_workspaces-main/humble_ws/install/isaac_ros2_messages/share/isaac_ros2_messages/srv/SetPrimAttribute_Response.msg
[4.529s] -- Installing: /home/robotdeveloper02/IsaacSim-ros_workspaces-main/humble_ws/install/isaac_ros2_messages/share/ament_index/resource_index/package_run_dependencies/isaac_ros2_messages
[4.529s] -- Installing: /home/robotdeveloper02/IsaacSim-ros_workspaces-main/humble_ws/install/isaac_ros2_messages/share/ament_index/resource_index/parent_prefix_path/isaac_ros2_messages
[4.529s] -- Installing: /home/robotdeveloper02/IsaacSim-ros_workspaces-main/humble_ws/install/isaac_ros2_messages/share/isaac_ros2_messages/environment/ament_prefix_path.sh
[4.530s] -- Installing: /home/robotdeveloper02/IsaacSim-ros_workspaces-main/humble_ws/install/isaac_ros2_messages/share/isaac_ros2_messages/environment/ament_prefix_path.dsv
[4.530s] -- Installing: /home/robotdeveloper02/IsaacSim-ros_workspaces-main/humble_ws/install/isaac_ros2_messages/share/isaac_ros2_messages/environment/path.sh
[4.530s] -- Installing: /home/robotdeveloper02/IsaacSim-ros_workspaces-main/humble_ws/install/isaac_ros2_messages/share/isaac_ros2_messages/environment/path.dsv
[4.530s] -- Installing: /home/robotdeveloper02/IsaacSim-ros_workspaces-main/humble_ws/install/isaac_ros2_messages/share/isaac_ros2_messages/local_setup.bash
[4.530s] -- Installing: /home/robotdeveloper02/IsaacSim-ros_workspaces-main/humble_ws/install/isaac_ros2_messages/share/isaac_ros2_messages/local_setup.sh
[4.530s] -- Installing: /home/robotdeveloper02/IsaacSim-ros_workspaces-main/humble_ws/install/isaac_ros2_messages/share/isaac_ros2_messages/local_setup.zsh
[4.530s] -- Installing: /home/robotdeveloper02/IsaacSim-ros_workspaces-main/humble_ws/install/isaac_ros2_messages/share/isaac_ros2_messages/local_setup.dsv
[4.530s] -- Installing: /home/robotdeveloper02/IsaacSim-ros_workspaces-main/humble_ws/install/isaac_ros2_messages/share/isaac_ros2_messages/package.dsv
[4.530s] -- Installing: /home/robotdeveloper02/IsaacSim-ros_workspaces-main/humble_ws/install/isaac_ros2_messages/share/ament_index/resource_index/packages/isaac_ros2_messages
[4.531s] -- Installing: /home/robotdeveloper02/IsaacSim-ros_workspaces-main/humble_ws/install/isaac_ros2_messages/share/isaac_ros2_messages/cmake/export_isaac_ros2_messages__rosidl_generator_cExport.cmake
[4.531s] -- Installing: /home/robotdeveloper02/IsaacSim-ros_workspaces-main/humble_ws/install/isaac_ros2_messages/share/isaac_ros2_messages/cmake/export_isaac_ros2_messages__rosidl_generator_cExport-noconfig.cmake
[4.531s] -- Installing: /home/robotdeveloper02/IsaacSim-ros_workspaces-main/humble_ws/install/isaac_ros2_messages/share/isaac_ros2_messages/cmake/export_isaac_ros2_messages__rosidl_typesupport_fastrtps_cExport.cmake
[4.531s] -- Installing: /home/robotdeveloper02/IsaacSim-ros_workspaces-main/humble_ws/install/isaac_ros2_messages/share/isaac_ros2_messages/cmake/export_isaac_ros2_messages__rosidl_typesupport_fastrtps_cExport-noconfig.cmake
[4.531s] -- Installing: /home/robotdeveloper02/IsaacSim-ros_workspaces-main/humble_ws/install/isaac_ros2_messages/share/isaac_ros2_messages/cmake/export_isaac_ros2_messages__rosidl_generator_cppExport.cmake
[4.531s] -- Installing: /home/robotdeveloper02/IsaacSim-ros_workspaces-main/humble_ws/install/isaac_ros2_messages/share/isaac_ros2_messages/cmake/export_isaac_ros2_messages__rosidl_typesupport_fastrtps_cppExport.cmake
[4.531s] -- Installing: /home/robotdeveloper02/IsaacSim-ros_workspaces-main/humble_ws/install/isaac_ros2_messages/share/isaac_ros2_messages/cmake/export_isaac_ros2_messages__rosidl_typesupport_fastrtps_cppExport-noconfig.cmake
[4.531s] -- Installing: /home/robotdeveloper02/IsaacSim-ros_workspaces-main/humble_ws/install/isaac_ros2_messages/share/isaac_ros2_messages/cmake/isaac_ros2_messages__rosidl_typesupport_introspection_cExport.cmake
[4.531s] -- Installing: /home/robotdeveloper02/IsaacSim-ros_workspaces-main/humble_ws/install/isaac_ros2_messages/share/isaac_ros2_messages/cmake/isaac_ros2_messages__rosidl_typesupport_introspection_cExport-noconfig.cmake
[4.531s] -- Installing: /home/robotdeveloper02/IsaacSim-ros_workspaces-main/humble_ws/install/isaac_ros2_messages/share/isaac_ros2_messages/cmake/isaac_ros2_messages__rosidl_typesupport_cExport.cmake
[4.532s] -- Installing: /home/robotdeveloper02/IsaacSim-ros_workspaces-main/humble_ws/install/isaac_ros2_messages/share/isaac_ros2_messages/cmake/isaac_ros2_messages__rosidl_typesupport_cExport-noconfig.cmake
[4.532s] -- Installing: /home/robotdeveloper02/IsaacSim-ros_workspaces-main/humble_ws/install/isaac_ros2_messages/share/isaac_ros2_messages/cmake/isaac_ros2_messages__rosidl_typesupport_introspection_cppExport.cmake
[4.532s] -- Installing: /home/robotdeveloper02/IsaacSim-ros_workspaces-main/humble_ws/install/isaac_ros2_messages/share/isaac_ros2_messages/cmake/isaac_ros2_messages__rosidl_typesupport_introspection_cppExport-noconfig.cmake
[4.532s] -- Installing: /home/robotdeveloper02/IsaacSim-ros_workspaces-main/humble_ws/install/isaac_ros2_messages/share/isaac_ros2_messages/cmake/isaac_ros2_messages__rosidl_typesupport_cppExport.cmake
[4.532s] -- Installing: /home/robotdeveloper02/IsaacSim-ros_workspaces-main/humble_ws/install/isaac_ros2_messages/share/isaac_ros2_messages/cmake/isaac_ros2_messages__rosidl_typesupport_cppExport-noconfig.cmake
[4.532s] -- Installing: /home/robotdeveloper02/IsaacSim-ros_workspaces-main/humble_ws/install/isaac_ros2_messages/share/isaac_ros2_messages/cmake/export_isaac_ros2_messages__rosidl_generator_pyExport.cmake
[4.532s] -- Installing: /home/robotdeveloper02/IsaacSim-ros_workspaces-main/humble_ws/install/isaac_ros2_messages/share/isaac_ros2_messages/cmake/export_isaac_ros2_messages__rosidl_generator_pyExport-noconfig.cmake
[4.532s] -- Installing: /home/robotdeveloper02/IsaacSim-ros_workspaces-main/humble_ws/install/isaac_ros2_messages/share/isaac_ros2_messages/cmake/rosidl_cmake-extras.cmake
[4.532s] -- Installing: /home/robotdeveloper02/IsaacSim-ros_workspaces-main/humble_ws/install/isaac_ros2_messages/share/isaac_ros2_messages/cmake/ament_cmake_export_dependencies-extras.cmake
[4.533s] -- Installing: /home/robotdeveloper02/IsaacSim-ros_workspaces-main/humble_ws/install/isaac_ros2_messages/share/isaac_ros2_messages/cmake/ament_cmake_export_include_directories-extras.cmake
[4.533s] -- Installing: /home/robotdeveloper02/IsaacSim-ros_workspaces-main/humble_ws/install/isaac_ros2_messages/share/isaac_ros2_messages/cmake/ament_cmake_export_libraries-extras.cmake
[4.533s] -- Installing: /home/robotdeveloper02/IsaacSim-ros_workspaces-main/humble_ws/install/isaac_ros2_messages/share/isaac_ros2_messages/cmake/ament_cmake_export_targets-extras.cmake
[4.533s] -- Installing: /home/robotdeveloper02/IsaacSim-ros_workspaces-main/humble_ws/install/isaac_ros2_messages/share/isaac_ros2_messages/cmake/rosidl_cmake_export_typesupport_targets-extras.cmake
[4.533s] -- Installing: /home/robotdeveloper02/IsaacSim-ros_workspaces-main/humble_ws/install/isaac_ros2_messages/share/isaac_ros2_messages/cmake/rosidl_cmake_export_typesupport_libraries-extras.cmake
[4.533s] -- Installing: /home/robotdeveloper02/IsaacSim-ros_workspaces-main/humble_ws/install/isaac_ros2_messages/share/isaac_ros2_messages/cmake/isaac_ros2_messagesConfig.cmake
[4.533s] -- Installing: /home/robotdeveloper02/IsaacSim-ros_workspaces-main/humble_ws/install/isaac_ros2_messages/share/isaac_ros2_messages/cmake/isaac_ros2_messagesConfig-version.cmake
[4.533s] -- Installing: /home/robotdeveloper02/IsaacSim-ros_workspaces-main/humble_ws/install/isaac_ros2_messages/share/isaac_ros2_messages/package.xml
[4.535s] Invoked command in '/home/robotdeveloper02/IsaacSim-ros_workspaces-main/humble_ws/build/isaac_ros2_messages' returned '0': CMAKE_PREFIX_PATH=${CMAKE_PREFIX_PATH}:/opt/ros/humble /usr/bin/cmake --install /home/robotdeveloper02/IsaacSim-ros_workspaces-main/humble_ws/build/isaac_ros2_messages
