[1.632s] Invoking command in '/home/robotdeveloper02/IsaacSim-ros_workspaces-main/humble_ws/build/my_ros2_package': PYTHONPATH=/home/robotdeveloper02/IsaacSim-ros_workspaces-main/humble_ws/build/my_ros2_package/prefix_override:/usr/lib/python3/dist-packages/colcon_core/task/python/colcon_distutils_commands:/home/robotdeveloper02/IsaacSim-ros_workspaces-main/humble_ws/install/my_ros2_package/lib/python3.10/site-packages:${PYTHONPATH} /usr/bin/python3 -W ignore:setup.py install is deprecated setup.py develop --editable --build-directory /home/robotdeveloper02/IsaacSim-ros_workspaces-main/humble_ws/build/my_ros2_package/build --no-deps symlink_data --force
[1.949s] running develop
[1.949s] /usr/lib/python3/dist-packages/setuptools/command/easy_install.py:158: EasyInstallDeprecationWarning: easy_install command is deprecated. Use build and pip and other standards-based tools.
[1.949s]   warnings.warn(
[2.138s] running egg_info
[2.138s] writing error_plotter.egg-info/PKG-INFO
[2.139s] writing dependency_links to error_plotter.egg-info/dependency_links.txt
[2.139s] writing entry points to error_plotter.egg-info/entry_points.txt
[2.139s] writing requirements to error_plotter.egg-info/requires.txt
[2.139s] writing top-level names to error_plotter.egg-info/top_level.txt
[2.141s] reading manifest file 'error_plotter.egg-info/SOURCES.txt'
[2.141s] writing manifest file 'error_plotter.egg-info/SOURCES.txt'
[2.197s] running build_ext
[2.197s] Creating /home/robotdeveloper02/IsaacSim-ros_workspaces-main/humble_ws/install/my_ros2_package/lib/python3.10/site-packages/error-plotter.egg-link (link to .)
[2.198s] Installing listener script to /home/robotdeveloper02/IsaacSim-ros_workspaces-main/humble_ws/install/my_ros2_package/lib/my_ros2_package
[2.198s] 
[2.199s] Installed /home/robotdeveloper02/IsaacSim-ros_workspaces-main/humble_ws/build/my_ros2_package
[2.199s] running symlink_data
[2.199s] error: [Errno 2] No such file or directory: '/home/robotdeveloper02/IsaacSim-ros_workspaces-main/humble_ws/install/my_ros2_package/share/ament_index/resource_index/packages/error_plotter'
[2.247s] Invoked command in '/home/robotdeveloper02/IsaacSim-ros_workspaces-main/humble_ws/build/my_ros2_package' returned '1': PYTHONPATH=/home/robotdeveloper02/IsaacSim-ros_workspaces-main/humble_ws/build/my_ros2_package/prefix_override:/usr/lib/python3/dist-packages/colcon_core/task/python/colcon_distutils_commands:/home/robotdeveloper02/IsaacSim-ros_workspaces-main/humble_ws/install/my_ros2_package/lib/python3.10/site-packages:${PYTHONPATH} /usr/bin/python3 -W ignore:setup.py install is deprecated setup.py develop --editable --build-directory /home/robotdeveloper02/IsaacSim-ros_workspaces-main/humble_ws/build/my_ros2_package/build --no-deps symlink_data --force
