-- Found ament_cmake: 1.3.10 (/opt/ros/humble/share/ament_cmake/cmake)
-- Override CMake install command with custom implementation using symlinks instead of copying resources
-- Found ament_lint_auto: 0.12.11 (/opt/ros/humble/share/ament_lint_auto/cmake)
-- Found builtin_interfaces: 1.2.1 (/opt/ros/humble/share/builtin_interfaces/cmake)
-- Found rosidl_generator_c: 3.1.5 (/opt/ros/humble/share/rosidl_generator_c/cmake)
-- Found rosidl_adapter: 3.1.5 (/opt/ros/humble/share/rosidl_adapter/cmake)
-- Found rosidl_generator_cpp: 3.1.5 (/opt/ros/humble/share/rosidl_generator_cpp/cmake)
-- Using all available rosidl_typesupport_c: rosidl_typesupport_fastrtps_c;rosidl_typesupport_introspection_c
-- Using all available rosidl_typesupport_cpp: rosidl_typesupport_fastrtps_cpp;rosidl_typesupport_introspection_cpp
-- Found rosidl_default_generators: 1.2.0 (/opt/ros/humble/share/rosidl_default_generators/cmake)
-- Found std_msgs: 4.2.4 (/opt/ros/humble/share/std_msgs/cmake)
-- Found geometry_msgs: 4.2.4 (/opt/ros/humble/share/geometry_msgs/cmake)
-- Found ament_cmake_ros: 0.10.0 (/opt/ros/humble/share/ament_cmake_ros/cmake)
-- Using all available rosidl_typesupport_c: rosidl_typesupport_fastrtps_c;rosidl_typesupport_introspection_c
-- Using all available rosidl_typesupport_cpp: rosidl_typesupport_fastrtps_cpp;rosidl_typesupport_introspection_cpp
-- Found python_cmake_module: 0.10.0 (/opt/ros/humble/share/python_cmake_module/cmake)
-- Using PYTHON_EXECUTABLE: /usr/bin/python3
-- Using PYTHON_INCLUDE_DIRS: /usr/include/python3.10
-- Using PYTHON_LIBRARIES: /usr/lib/x86_64-linux-gnu/libpython3.10.so
-- Added test 'copyright' to check source files copyright and LICENSE
-- Added test 'lint_cmake' to check CMake code style
-- Added test 'xmllint' to check XML markup files
-- Configuring done
-- Generating done
-- Build files have been written to: /home/robotdeveloper02/IsaacSim-ros_workspaces-main/humble_ws/build/isaac_ros2_messages
[35m[1mConsolidate compiler generated dependencies of target isaac_ros2_messages__rosidl_generator_c[0m
[  1%] Built target isaac_ros2_messages__cpp
[  1%] Built target ament_cmake_python_symlink_isaac_ros2_messages
[ 12%] Built target isaac_ros2_messages__rosidl_generator_c
[35m[1mConsolidate compiler generated dependencies of target isaac_ros2_messages__rosidl_typesupport_introspection_cpp[0m
[35m[1mConsolidate compiler generated dependencies of target isaac_ros2_messages__rosidl_typesupport_fastrtps_cpp[0m
[35m[1mConsolidate compiler generated dependencies of target isaac_ros2_messages__rosidl_typesupport_cpp[0m
[35m[1mConsolidate compiler generated dependencies of target isaac_ros2_messages__rosidl_typesupport_c[0m
[35m[1mConsolidate compiler generated dependencies of target isaac_ros2_messages__rosidl_typesupport_introspection_c[0m
[35m[1mConsolidate compiler generated dependencies of target isaac_ros2_messages__rosidl_typesupport_fastrtps_c[0m
[ 23%] Built target isaac_ros2_messages__rosidl_typesupport_introspection_cpp
[ 34%] Built target isaac_ros2_messages__rosidl_typesupport_fastrtps_cpp
[ 46%] Built target isaac_ros2_messages__rosidl_typesupport_cpp
[ 57%] Built target isaac_ros2_messages__rosidl_typesupport_c
[ 68%] Built target isaac_ros2_messages__rosidl_typesupport_fastrtps_c
[ 79%] Built target isaac_ros2_messages__rosidl_typesupport_introspection_c
[ 79%] Built target isaac_ros2_messages
[ 80%] Built target isaac_ros2_messages__py
[35m[1mConsolidate compiler generated dependencies of target isaac_ros2_messages__rosidl_generator_py[0m
[ 90%] Built target isaac_ros2_messages__rosidl_generator_py
[35m[1mConsolidate compiler generated dependencies of target isaac_ros2_messages__rosidl_typesupport_c__pyext[0m
[35m[1mConsolidate compiler generated dependencies of target isaac_ros2_messages__rosidl_typesupport_introspection_c__pyext[0m
[35m[1mConsolidate compiler generated dependencies of target isaac_ros2_messages__rosidl_typesupport_fastrtps_c__pyext[0m
[ 93%] Built target isaac_ros2_messages__rosidl_typesupport_fastrtps_c__pyext
[ 96%] Built target isaac_ros2_messages__rosidl_typesupport_introspection_c__pyext
[100%] Built target isaac_ros2_messages__rosidl_typesupport_c__pyext
running egg_info
writing isaac_ros2_messages.egg-info/PKG-INFO
writing dependency_links to isaac_ros2_messages.egg-info/dependency_links.txt
writing top-level names to isaac_ros2_messages.egg-info/top_level.txt
reading manifest file 'isaac_ros2_messages.egg-info/SOURCES.txt'
writing manifest file 'isaac_ros2_messages.egg-info/SOURCES.txt'
[100%] Built target ament_cmake_python_build_isaac_ros2_messages_egg
