[0.277s] Invoking command in '/home/robotdeveloper02/IsaacSim-ros_workspaces-main/humble_ws/build/isaac_ros2_messages': CMAKE_PREFIX_PATH=${CMAKE_PREFIX_PATH}:/home/robotdeveloper02/IsaacSim-ros_workspaces-main/humble_ws/install/my_ros2_package:/home/robotdeveloper02/IsaacSim-ros_workspaces-main/humble_ws/install/jetbot_controller:/home/robotdeveloper02/IsaacSim-ros_workspaces-main/humble_ws/install/isaac_ros_navigation_goal:/home/robotdeveloper02/IsaacSim-ros_workspaces-main/humble_ws/install/error_plotter:/opt/ros/humble /usr/bin/cmake /home/robotdeveloper02/IsaacSim-ros_workspaces-main/humble_ws/src/isaac_ros2_messages -DAMENT_CMAKE_SYMLINK_INSTALL=1 -DCMAKE_INSTALL_PREFIX=/home/robotdeveloper02/IsaacSim-ros_workspaces-main/humble_ws/install/isaac_ros2_messages
[0.810s] -- Found ament_cmake: 1.3.10 (/opt/ros/humble/share/ament_cmake/cmake)
[0.810s] -- Override CMake install command with custom implementation using symlinks instead of copying resources
[0.811s] -- Found ament_lint_auto: 0.12.11 (/opt/ros/humble/share/ament_lint_auto/cmake)
[0.811s] -- Found builtin_interfaces: 1.2.1 (/opt/ros/humble/share/builtin_interfaces/cmake)
[0.811s] -- Found rosidl_generator_c: 3.1.5 (/opt/ros/humble/share/rosidl_generator_c/cmake)
[0.811s] -- Found rosidl_adapter: 3.1.5 (/opt/ros/humble/share/rosidl_adapter/cmake)
[0.811s] -- Found rosidl_generator_cpp: 3.1.5 (/opt/ros/humble/share/rosidl_generator_cpp/cmake)
[0.811s] -- Using all available rosidl_typesupport_c: rosidl_typesupport_fastrtps_c;rosidl_typesupport_introspection_c
[0.812s] -- Using all available rosidl_typesupport_cpp: rosidl_typesupport_fastrtps_cpp;rosidl_typesupport_introspection_cpp
[0.812s] -- Found rosidl_default_generators: 1.2.0 (/opt/ros/humble/share/rosidl_default_generators/cmake)
[0.812s] -- Found std_msgs: 4.2.4 (/opt/ros/humble/share/std_msgs/cmake)
[0.812s] -- Found geometry_msgs: 4.2.4 (/opt/ros/humble/share/geometry_msgs/cmake)
[0.855s] -- Found ament_cmake_ros: 0.10.0 (/opt/ros/humble/share/ament_cmake_ros/cmake)
[1.326s] -- Using all available rosidl_typesupport_c: rosidl_typesupport_fastrtps_c;rosidl_typesupport_introspection_c
[1.528s] -- Using all available rosidl_typesupport_cpp: rosidl_typesupport_fastrtps_cpp;rosidl_typesupport_introspection_cpp
[1.557s] -- Found python_cmake_module: 0.10.0 (/opt/ros/humble/share/python_cmake_module/cmake)
[1.589s] -- Using PYTHON_EXECUTABLE: /usr/bin/python3
[1.589s] -- Using PYTHON_INCLUDE_DIRS: /usr/include/python3.10
[1.590s] -- Using PYTHON_LIBRARIES: /usr/lib/x86_64-linux-gnu/libpython3.10.so
[1.662s] -- Added test 'copyright' to check source files copyright and LICENSE
[1.664s] -- Added test 'lint_cmake' to check CMake code style
[1.665s] -- Added test 'xmllint' to check XML markup files
[1.671s] -- Configuring done
[1.730s] -- Generating done
[1.734s] -- Build files have been written to: /home/robotdeveloper02/IsaacSim-ros_workspaces-main/humble_ws/build/isaac_ros2_messages
[1.742s] Invoked command in '/home/robotdeveloper02/IsaacSim-ros_workspaces-main/humble_ws/build/isaac_ros2_messages' returned '0': CMAKE_PREFIX_PATH=${CMAKE_PREFIX_PATH}:/home/robotdeveloper02/IsaacSim-ros_workspaces-main/humble_ws/install/my_ros2_package:/home/robotdeveloper02/IsaacSim-ros_workspaces-main/humble_ws/install/jetbot_controller:/home/robotdeveloper02/IsaacSim-ros_workspaces-main/humble_ws/install/isaac_ros_navigation_goal:/home/robotdeveloper02/IsaacSim-ros_workspaces-main/humble_ws/install/error_plotter:/opt/ros/humble /usr/bin/cmake /home/robotdeveloper02/IsaacSim-ros_workspaces-main/humble_ws/src/isaac_ros2_messages -DAMENT_CMAKE_SYMLINK_INSTALL=1 -DCMAKE_INSTALL_PREFIX=/home/robotdeveloper02/IsaacSim-ros_workspaces-main/humble_ws/install/isaac_ros2_messages
[1.744s] Invoking command in '/home/robotdeveloper02/IsaacSim-ros_workspaces-main/humble_ws/build/isaac_ros2_messages': CMAKE_PREFIX_PATH=${CMAKE_PREFIX_PATH}:/home/robotdeveloper02/IsaacSim-ros_workspaces-main/humble_ws/install/my_ros2_package:/home/robotdeveloper02/IsaacSim-ros_workspaces-main/humble_ws/install/jetbot_controller:/home/robotdeveloper02/IsaacSim-ros_workspaces-main/humble_ws/install/isaac_ros_navigation_goal:/home/robotdeveloper02/IsaacSim-ros_workspaces-main/humble_ws/install/error_plotter:/opt/ros/humble /usr/bin/cmake --build /home/robotdeveloper02/IsaacSim-ros_workspaces-main/humble_ws/build/isaac_ros2_messages -- -j16 -l16
[1.789s] [35m[1mConsolidate compiler generated dependencies of target isaac_ros2_messages__rosidl_generator_c[0m
[1.796s] [  1%] Built target isaac_ros2_messages__cpp
[1.805s] [  1%] Built target ament_cmake_python_symlink_isaac_ros2_messages
[1.808s] [ 12%] Built target isaac_ros2_messages__rosidl_generator_c
[1.812s] [35m[1mConsolidate compiler generated dependencies of target isaac_ros2_messages__rosidl_typesupport_introspection_cpp[0m
[1.814s] [35m[1mConsolidate compiler generated dependencies of target isaac_ros2_messages__rosidl_typesupport_fastrtps_cpp[0m
[1.815s] [35m[1mConsolidate compiler generated dependencies of target isaac_ros2_messages__rosidl_typesupport_cpp[0m
[1.823s] [35m[1mConsolidate compiler generated dependencies of target isaac_ros2_messages__rosidl_typesupport_c[0m
[1.824s] [35m[1mConsolidate compiler generated dependencies of target isaac_ros2_messages__rosidl_typesupport_introspection_c[0m
[1.824s] [35m[1mConsolidate compiler generated dependencies of target isaac_ros2_messages__rosidl_typesupport_fastrtps_c[0m
[1.834s] [ 23%] Built target isaac_ros2_messages__rosidl_typesupport_introspection_cpp
[1.837s] [ 34%] Built target isaac_ros2_messages__rosidl_typesupport_fastrtps_cpp
[1.837s] [ 46%] Built target isaac_ros2_messages__rosidl_typesupport_cpp
[1.842s] [ 57%] Built target isaac_ros2_messages__rosidl_typesupport_c
[1.847s] [ 68%] Built target isaac_ros2_messages__rosidl_typesupport_fastrtps_c
[1.847s] [ 79%] Built target isaac_ros2_messages__rosidl_typesupport_introspection_c
[1.867s] [ 79%] Built target isaac_ros2_messages
[1.888s] [ 80%] Built target isaac_ros2_messages__py
[1.904s] [35m[1mConsolidate compiler generated dependencies of target isaac_ros2_messages__rosidl_generator_py[0m
[1.920s] [ 90%] Built target isaac_ros2_messages__rosidl_generator_py
[1.934s] [35m[1mConsolidate compiler generated dependencies of target isaac_ros2_messages__rosidl_typesupport_c__pyext[0m
[1.934s] [35m[1mConsolidate compiler generated dependencies of target isaac_ros2_messages__rosidl_typesupport_introspection_c__pyext[0m
[1.934s] [35m[1mConsolidate compiler generated dependencies of target isaac_ros2_messages__rosidl_typesupport_fastrtps_c__pyext[0m
[1.948s] [ 93%] Built target isaac_ros2_messages__rosidl_typesupport_fastrtps_c__pyext
[1.949s] [ 96%] Built target isaac_ros2_messages__rosidl_typesupport_introspection_c__pyext
[1.950s] [100%] Built target isaac_ros2_messages__rosidl_typesupport_c__pyext
[2.100s] running egg_info
[2.100s] writing isaac_ros2_messages.egg-info/PKG-INFO
[2.101s] writing dependency_links to isaac_ros2_messages.egg-info/dependency_links.txt
[2.101s] writing top-level names to isaac_ros2_messages.egg-info/top_level.txt
[2.103s] reading manifest file 'isaac_ros2_messages.egg-info/SOURCES.txt'
[2.104s] writing manifest file 'isaac_ros2_messages.egg-info/SOURCES.txt'
[2.132s] [100%] Built target ament_cmake_python_build_isaac_ros2_messages_egg
[2.143s] Invoked command in '/home/robotdeveloper02/IsaacSim-ros_workspaces-main/humble_ws/build/isaac_ros2_messages' returned '0': CMAKE_PREFIX_PATH=${CMAKE_PREFIX_PATH}:/home/robotdeveloper02/IsaacSim-ros_workspaces-main/humble_ws/install/my_ros2_package:/home/robotdeveloper02/IsaacSim-ros_workspaces-main/humble_ws/install/jetbot_controller:/home/robotdeveloper02/IsaacSim-ros_workspaces-main/humble_ws/install/isaac_ros_navigation_goal:/home/robotdeveloper02/IsaacSim-ros_workspaces-main/humble_ws/install/error_plotter:/opt/ros/humble /usr/bin/cmake --build /home/robotdeveloper02/IsaacSim-ros_workspaces-main/humble_ws/build/isaac_ros2_messages -- -j16 -l16
