running develop
/usr/lib/python3/dist-packages/setuptools/command/easy_install.py:158: EasyInstallDeprecationWarning: easy_install command is deprecated. Use build and pip and other standards-based tools.
  warnings.warn(
running egg_info
writing isaac_ros_navigation_goal.egg-info/PKG-INFO
writing dependency_links to isaac_ros_navigation_goal.egg-info/dependency_links.txt
writing entry points to isaac_ros_navigation_goal.egg-info/entry_points.txt
writing requirements to isaac_ros_navigation_goal.egg-info/requires.txt
writing top-level names to isaac_ros_navigation_goal.egg-info/top_level.txt
reading manifest file 'isaac_ros_navigation_goal.egg-info/SOURCES.txt'
writing manifest file 'isaac_ros_navigation_goal.egg-info/SOURCES.txt'
running build_ext
Creating /home/robotdeveloper02/IsaacSim-ros_workspaces-main/humble_ws/install/isaac_ros_navigation_goal/lib/python3.10/site-packages/isaac-ros-navigation-goal.egg-link (link to .)
Installing SetNavigationGoal script to /home/robotdeveloper02/IsaacSim-ros_workspaces-main/humble_ws/install/isaac_ros_navigation_goal/lib/isaac_ros_navigation_goal

Installed /home/robotdeveloper02/IsaacSim-ros_workspaces-main/humble_ws/build/isaac_ros_navigation_goal
running symlink_data
symbolically linking /home/robotdeveloper02/IsaacSim-ros_workspaces-main/humble_ws/build/isaac_ros_navigation_goal/resource/isaac_ros_navigation_goal -> /home/robotdeveloper02/IsaacSim-ros_workspaces-main/humble_ws/install/isaac_ros_navigation_goal/share/ament_index/resource_index/packages
symbolically linking /home/robotdeveloper02/IsaacSim-ros_workspaces-main/humble_ws/build/isaac_ros_navigation_goal/package.xml -> /home/robotdeveloper02/IsaacSim-ros_workspaces-main/humble_ws/install/isaac_ros_navigation_goal/share/isaac_ros_navigation_goal
symbolically linking /home/robotdeveloper02/IsaacSim-ros_workspaces-main/humble_ws/build/isaac_ros_navigation_goal/launch/isaac_ros_navigation_goal.launch.py -> /home/robotdeveloper02/IsaacSim-ros_workspaces-main/humble_ws/install/isaac_ros_navigation_goal/share/isaac_ros_navigation_goal/launch
symbolically linking /home/robotdeveloper02/IsaacSim-ros_workspaces-main/humble_ws/build/isaac_ros_navigation_goal/assets/carter_warehouse_navigation.png -> /home/robotdeveloper02/IsaacSim-ros_workspaces-main/humble_ws/install/isaac_ros_navigation_goal/share/isaac_ros_navigation_goal/assets
symbolically linking /home/robotdeveloper02/IsaacSim-ros_workspaces-main/humble_ws/build/isaac_ros_navigation_goal/assets/carter_warehouse_navigation.yaml -> /home/robotdeveloper02/IsaacSim-ros_workspaces-main/humble_ws/install/isaac_ros_navigation_goal/share/isaac_ros_navigation_goal/assets
symbolically linking /home/robotdeveloper02/IsaacSim-ros_workspaces-main/humble_ws/build/isaac_ros_navigation_goal/assets/goals.txt -> /home/robotdeveloper02/IsaacSim-ros_workspaces-main/humble_ws/install/isaac_ros_navigation_goal/share/isaac_ros_navigation_goal/assets
