[0.014s] Invoking command in '/home/robotdeveloper02/IsaacSim-ros_workspaces-main/humble_ws/build/custom_message': CMAKE_PREFIX_PATH=/opt/ros/humble /usr/bin/cmake --build /home/robotdeveloper02/IsaacSim-ros_workspaces-main/humble_ws/build/custom_message -- -j16 -l16
[0.192s] -- Found ament_cmake: 1.3.9 (/opt/ros/humble/share/ament_cmake/cmake)
[0.192s] -- Found std_msgs: 4.2.4 (/opt/ros/humble/share/std_msgs/cmake)
[0.192s] -- Found rosidl_generator_c: 3.1.5 (/opt/ros/humble/share/rosidl_generator_c/cmake)
[0.192s] -- Found rosidl_adapter: 3.1.5 (/opt/ros/humble/share/rosidl_adapter/cmake)
[0.192s] -- Found rosidl_generator_cpp: 3.1.5 (/opt/ros/humble/share/rosidl_generator_cpp/cmake)
[0.192s] -- Using all available rosidl_typesupport_c: rosidl_typesupport_fastrtps_c;rosidl_typesupport_introspection_c
[0.192s] -- Using all available rosidl_typesupport_cpp: rosidl_typesupport_fastrtps_cpp;rosidl_typesupport_introspection_cpp
[0.192s] -- Found rosidl_default_generators: 1.2.0 (/opt/ros/humble/share/rosidl_default_generators/cmake)
[0.192s] -- Found geometry_msgs: 4.2.4 (/opt/ros/humble/share/geometry_msgs/cmake)
[0.376s] -- Found ament_cmake_ros: 0.10.0 (/opt/ros/humble/share/ament_cmake_ros/cmake)
[0.597s] -- Using all available rosidl_typesupport_c: rosidl_typesupport_fastrtps_c;rosidl_typesupport_introspection_c
[0.681s] -- Using all available rosidl_typesupport_cpp: rosidl_typesupport_fastrtps_cpp;rosidl_typesupport_introspection_cpp
[0.698s] -- Found python_cmake_module: 0.10.0 (/opt/ros/humble/share/python_cmake_module/cmake)
[0.713s] -- Using PYTHON_EXECUTABLE: /usr/bin/python3
[0.713s] -- Using PYTHON_INCLUDE_DIRS: /usr/include/python3.10
[0.713s] -- Using PYTHON_LIBRARIES: /usr/lib/x86_64-linux-gnu/libpython3.10.so
[0.733s] -- Found ament_lint_auto: 0.12.11 (/opt/ros/humble/share/ament_lint_auto/cmake)
[0.750s] -- Added test 'copyright' to check source files copyright and LICENSE
[0.752s] -- Added test 'lint_cmake' to check CMake code style
[0.753s] -- Added test 'xmllint' to check XML markup files
[0.756s] -- Configuring done
[0.803s] -- Generating done
[0.804s] -- Build files have been written to: /home/robotdeveloper02/IsaacSim-ros_workspaces-main/humble_ws/build/custom_message
[0.826s] [35m[1mConsolidate compiler generated dependencies of target custom_message__rosidl_generator_c[0m
[0.832s] [  3%] Built target custom_message__cpp
[0.833s] [ 12%] Built target custom_message__rosidl_generator_c
[0.839s] [35m[1mConsolidate compiler generated dependencies of target custom_message__rosidl_typesupport_fastrtps_cpp[0m
[0.839s] [35m[1mConsolidate compiler generated dependencies of target custom_message__rosidl_typesupport_introspection_cpp[0m
[0.839s] [35m[1mConsolidate compiler generated dependencies of target custom_message__rosidl_typesupport_cpp[0m
[0.839s] [35m[1mConsolidate compiler generated dependencies of target custom_message__rosidl_typesupport_fastrtps_c[0m
[0.840s] [35m[1mConsolidate compiler generated dependencies of target custom_message__rosidl_typesupport_c[0m
[0.840s] [35m[1mConsolidate compiler generated dependencies of target custom_message__rosidl_typesupport_introspection_c[0m
[0.840s] [ 12%] Built target ament_cmake_python_copy_custom_message
[0.847s] [ 54%] Built target custom_message__rosidl_typesupport_fastrtps_cpp
[0.847s] [ 54%] Built target custom_message__rosidl_typesupport_c
[0.847s] [ 54%] Built target custom_message__rosidl_typesupport_cpp
[0.847s] [ 54%] Built target custom_message__rosidl_typesupport_introspection_c
[0.847s] [ 64%] Built target custom_message__rosidl_typesupport_introspection_cpp
[0.847s] [ 70%] Built target custom_message__rosidl_typesupport_fastrtps_c
[0.858s] [ 70%] Built target custom_message
[0.869s] [ 74%] Built target custom_message__py
[0.875s] [35m[1mConsolidate compiler generated dependencies of target custom_message__rosidl_generator_py[0m
[0.883s] [ 80%] Built target custom_message__rosidl_generator_py
[0.890s] [35m[1mConsolidate compiler generated dependencies of target custom_message__rosidl_typesupport_c__pyext[0m
[0.890s] [35m[1mConsolidate compiler generated dependencies of target custom_message__rosidl_typesupport_fastrtps_c__pyext[0m
[0.890s] [35m[1mConsolidate compiler generated dependencies of target custom_message__rosidl_typesupport_introspection_c__pyext[0m
[0.897s] [100%] Built target custom_message__rosidl_typesupport_c__pyext
[0.897s] [100%] Built target custom_message__rosidl_typesupport_fastrtps_c__pyext
[0.898s] [100%] Built target custom_message__rosidl_typesupport_introspection_c__pyext
[0.990s] running egg_info
[0.990s] writing custom_message.egg-info/PKG-INFO
[0.990s] writing dependency_links to custom_message.egg-info/dependency_links.txt
[0.991s] writing top-level names to custom_message.egg-info/top_level.txt
[0.992s] reading manifest file 'custom_message.egg-info/SOURCES.txt'
[0.993s] writing manifest file 'custom_message.egg-info/SOURCES.txt'
[1.007s] [100%] Built target ament_cmake_python_build_custom_message_egg
[1.013s] Invoked command in '/home/robotdeveloper02/IsaacSim-ros_workspaces-main/humble_ws/build/custom_message' returned '0': CMAKE_PREFIX_PATH=/opt/ros/humble /usr/bin/cmake --build /home/robotdeveloper02/IsaacSim-ros_workspaces-main/humble_ws/build/custom_message -- -j16 -l16
[1.046s] Invoking command in '/home/robotdeveloper02/IsaacSim-ros_workspaces-main/humble_ws/build/custom_message': CMAKE_PREFIX_PATH=/opt/ros/humble /usr/bin/cmake --install /home/robotdeveloper02/IsaacSim-ros_workspaces-main/humble_ws/build/custom_message
[1.050s] -- Install configuration: ""
[1.050s] -- Up-to-date: /home/robotdeveloper02/IsaacSim-ros_workspaces-main/humble_ws/install/custom_message/share/ament_index/resource_index/rosidl_interfaces/custom_message
[1.050s] -- Up-to-date: /home/robotdeveloper02/IsaacSim-ros_workspaces-main/humble_ws/install/custom_message/include/custom_message/custom_message
[1.050s] -- Up-to-date: /home/robotdeveloper02/IsaacSim-ros_workspaces-main/humble_ws/install/custom_message/include/custom_message/custom_message/msg
[1.050s] -- Up-to-date: /home/robotdeveloper02/IsaacSim-ros_workspaces-main/humble_ws/install/custom_message/include/custom_message/custom_message/msg/detail
[1.050s] -- Up-to-date: /home/robotdeveloper02/IsaacSim-ros_workspaces-main/humble_ws/install/custom_message/include/custom_message/custom_message/msg/detail/sample_msg__struct.h
[1.050s] -- Up-to-date: /home/robotdeveloper02/IsaacSim-ros_workspaces-main/humble_ws/install/custom_message/include/custom_message/custom_message/msg/detail/sample_msg__functions.h
[1.050s] -- Up-to-date: /home/robotdeveloper02/IsaacSim-ros_workspaces-main/humble_ws/install/custom_message/include/custom_message/custom_message/msg/detail/sample_msg__type_support.h
[1.051s] -- Up-to-date: /home/robotdeveloper02/IsaacSim-ros_workspaces-main/humble_ws/install/custom_message/include/custom_message/custom_message/msg/detail/sample_msg__functions.c
[1.051s] -- Up-to-date: /home/robotdeveloper02/IsaacSim-ros_workspaces-main/humble_ws/install/custom_message/include/custom_message/custom_message/msg/sample_msg.h
[1.051s] -- Up-to-date: /home/robotdeveloper02/IsaacSim-ros_workspaces-main/humble_ws/install/custom_message/include/custom_message/custom_message/msg/rosidl_generator_c__visibility_control.h
[1.051s] -- Up-to-date: /home/robotdeveloper02/IsaacSim-ros_workspaces-main/humble_ws/install/custom_message/share/custom_message/environment/library_path.sh
[1.051s] -- Installing: /home/robotdeveloper02/IsaacSim-ros_workspaces-main/humble_ws/install/custom_message/share/custom_message/environment/library_path.dsv
[1.051s] -- Up-to-date: /home/robotdeveloper02/IsaacSim-ros_workspaces-main/humble_ws/install/custom_message/lib/libcustom_message__rosidl_generator_c.so
[1.051s] -- Up-to-date: /home/robotdeveloper02/IsaacSim-ros_workspaces-main/humble_ws/install/custom_message/include/custom_message/custom_message
[1.051s] -- Up-to-date: /home/robotdeveloper02/IsaacSim-ros_workspaces-main/humble_ws/install/custom_message/include/custom_message/custom_message/msg
[1.051s] -- Up-to-date: /home/robotdeveloper02/IsaacSim-ros_workspaces-main/humble_ws/install/custom_message/include/custom_message/custom_message/msg/detail
[1.051s] -- Up-to-date: /home/robotdeveloper02/IsaacSim-ros_workspaces-main/humble_ws/install/custom_message/include/custom_message/custom_message/msg/detail/sample_msg__rosidl_typesupport_fastrtps_c.h
[1.051s] -- Up-to-date: /home/robotdeveloper02/IsaacSim-ros_workspaces-main/humble_ws/install/custom_message/include/custom_message/custom_message/msg/rosidl_typesupport_fastrtps_c__visibility_control.h
[1.052s] -- Up-to-date: /home/robotdeveloper02/IsaacSim-ros_workspaces-main/humble_ws/install/custom_message/lib/libcustom_message__rosidl_typesupport_fastrtps_c.so
[1.052s] -- Up-to-date: /home/robotdeveloper02/IsaacSim-ros_workspaces-main/humble_ws/install/custom_message/include/custom_message/custom_message
[1.052s] -- Up-to-date: /home/robotdeveloper02/IsaacSim-ros_workspaces-main/humble_ws/install/custom_message/include/custom_message/custom_message/msg
[1.052s] -- Up-to-date: /home/robotdeveloper02/IsaacSim-ros_workspaces-main/humble_ws/install/custom_message/include/custom_message/custom_message/msg/detail
[1.052s] -- Up-to-date: /home/robotdeveloper02/IsaacSim-ros_workspaces-main/humble_ws/install/custom_message/include/custom_message/custom_message/msg/detail/sample_msg__struct.hpp
[1.052s] -- Up-to-date: /home/robotdeveloper02/IsaacSim-ros_workspaces-main/humble_ws/install/custom_message/include/custom_message/custom_message/msg/detail/sample_msg__traits.hpp
[1.052s] -- Up-to-date: /home/robotdeveloper02/IsaacSim-ros_workspaces-main/humble_ws/install/custom_message/include/custom_message/custom_message/msg/detail/sample_msg__builder.hpp
[1.052s] -- Up-to-date: /home/robotdeveloper02/IsaacSim-ros_workspaces-main/humble_ws/install/custom_message/include/custom_message/custom_message/msg/sample_msg.hpp
[1.052s] -- Up-to-date: /home/robotdeveloper02/IsaacSim-ros_workspaces-main/humble_ws/install/custom_message/include/custom_message/custom_message
[1.052s] -- Up-to-date: /home/robotdeveloper02/IsaacSim-ros_workspaces-main/humble_ws/install/custom_message/include/custom_message/custom_message/msg
[1.052s] -- Up-to-date: /home/robotdeveloper02/IsaacSim-ros_workspaces-main/humble_ws/install/custom_message/include/custom_message/custom_message/msg/detail
[1.052s] -- Up-to-date: /home/robotdeveloper02/IsaacSim-ros_workspaces-main/humble_ws/install/custom_message/include/custom_message/custom_message/msg/detail/dds_fastrtps
[1.052s] -- Up-to-date: /home/robotdeveloper02/IsaacSim-ros_workspaces-main/humble_ws/install/custom_message/include/custom_message/custom_message/msg/detail/sample_msg__rosidl_typesupport_fastrtps_cpp.hpp
[1.052s] -- Up-to-date: /home/robotdeveloper02/IsaacSim-ros_workspaces-main/humble_ws/install/custom_message/include/custom_message/custom_message/msg/rosidl_typesupport_fastrtps_cpp__visibility_control.h
[1.053s] -- Up-to-date: /home/robotdeveloper02/IsaacSim-ros_workspaces-main/humble_ws/install/custom_message/lib/libcustom_message__rosidl_typesupport_fastrtps_cpp.so
[1.053s] -- Up-to-date: /home/robotdeveloper02/IsaacSim-ros_workspaces-main/humble_ws/install/custom_message/include/custom_message/custom_message
[1.053s] -- Up-to-date: /home/robotdeveloper02/IsaacSim-ros_workspaces-main/humble_ws/install/custom_message/include/custom_message/custom_message/msg
[1.053s] -- Up-to-date: /home/robotdeveloper02/IsaacSim-ros_workspaces-main/humble_ws/install/custom_message/include/custom_message/custom_message/msg/detail
[1.053s] -- Up-to-date: /home/robotdeveloper02/IsaacSim-ros_workspaces-main/humble_ws/install/custom_message/include/custom_message/custom_message/msg/detail/sample_msg__type_support.c
[1.053s] -- Up-to-date: /home/robotdeveloper02/IsaacSim-ros_workspaces-main/humble_ws/install/custom_message/include/custom_message/custom_message/msg/detail/sample_msg__rosidl_typesupport_introspection_c.h
[1.053s] -- Up-to-date: /home/robotdeveloper02/IsaacSim-ros_workspaces-main/humble_ws/install/custom_message/include/custom_message/custom_message/msg/rosidl_typesupport_introspection_c__visibility_control.h
[1.053s] -- Up-to-date: /home/robotdeveloper02/IsaacSim-ros_workspaces-main/humble_ws/install/custom_message/lib/libcustom_message__rosidl_typesupport_introspection_c.so
[1.054s] -- Up-to-date: /home/robotdeveloper02/IsaacSim-ros_workspaces-main/humble_ws/install/custom_message/lib/libcustom_message__rosidl_typesupport_c.so
[1.054s] -- Up-to-date: /home/robotdeveloper02/IsaacSim-ros_workspaces-main/humble_ws/install/custom_message/include/custom_message/custom_message
[1.054s] -- Up-to-date: /home/robotdeveloper02/IsaacSim-ros_workspaces-main/humble_ws/install/custom_message/include/custom_message/custom_message/msg
[1.054s] -- Up-to-date: /home/robotdeveloper02/IsaacSim-ros_workspaces-main/humble_ws/install/custom_message/include/custom_message/custom_message/msg/detail
[1.054s] -- Up-to-date: /home/robotdeveloper02/IsaacSim-ros_workspaces-main/humble_ws/install/custom_message/include/custom_message/custom_message/msg/detail/sample_msg__type_support.cpp
[1.054s] -- Up-to-date: /home/robotdeveloper02/IsaacSim-ros_workspaces-main/humble_ws/install/custom_message/include/custom_message/custom_message/msg/detail/sample_msg__rosidl_typesupport_introspection_cpp.hpp
[1.054s] -- Up-to-date: /home/robotdeveloper02/IsaacSim-ros_workspaces-main/humble_ws/install/custom_message/lib/libcustom_message__rosidl_typesupport_introspection_cpp.so
[1.055s] -- Up-to-date: /home/robotdeveloper02/IsaacSim-ros_workspaces-main/humble_ws/install/custom_message/lib/libcustom_message__rosidl_typesupport_cpp.so
[1.055s] -- Up-to-date: /home/robotdeveloper02/IsaacSim-ros_workspaces-main/humble_ws/install/custom_message/share/custom_message/environment/pythonpath.sh
[1.055s] -- Installing: /home/robotdeveloper02/IsaacSim-ros_workspaces-main/humble_ws/install/custom_message/share/custom_message/environment/pythonpath.dsv
[1.056s] -- Up-to-date: /home/robotdeveloper02/IsaacSim-ros_workspaces-main/humble_ws/install/custom_message/local/lib/python3.10/dist-packages/custom_message-0.0.0-py3.10.egg-info
[1.056s] -- Installing: /home/robotdeveloper02/IsaacSim-ros_workspaces-main/humble_ws/install/custom_message/local/lib/python3.10/dist-packages/custom_message-0.0.0-py3.10.egg-info/PKG-INFO
[1.056s] -- Installing: /home/robotdeveloper02/IsaacSim-ros_workspaces-main/humble_ws/install/custom_message/local/lib/python3.10/dist-packages/custom_message-0.0.0-py3.10.egg-info/dependency_links.txt
[1.056s] -- Installing: /home/robotdeveloper02/IsaacSim-ros_workspaces-main/humble_ws/install/custom_message/local/lib/python3.10/dist-packages/custom_message-0.0.0-py3.10.egg-info/top_level.txt
[1.056s] -- Installing: /home/robotdeveloper02/IsaacSim-ros_workspaces-main/humble_ws/install/custom_message/local/lib/python3.10/dist-packages/custom_message-0.0.0-py3.10.egg-info/SOURCES.txt
[1.056s] -- Up-to-date: /home/robotdeveloper02/IsaacSim-ros_workspaces-main/humble_ws/install/custom_message/local/lib/python3.10/dist-packages/custom_message
[1.056s] -- Up-to-date: /home/robotdeveloper02/IsaacSim-ros_workspaces-main/humble_ws/install/custom_message/local/lib/python3.10/dist-packages/custom_message/_custom_message_s.ep.rosidl_typesupport_introspection_c.c
[1.056s] -- Up-to-date: /home/robotdeveloper02/IsaacSim-ros_workspaces-main/humble_ws/install/custom_message/local/lib/python3.10/dist-packages/custom_message/_custom_message_s.ep.rosidl_typesupport_fastrtps_c.c
[1.056s] -- Installing: /home/robotdeveloper02/IsaacSim-ros_workspaces-main/humble_ws/install/custom_message/local/lib/python3.10/dist-packages/custom_message/__init__.py
[1.056s] -- Up-to-date: /home/robotdeveloper02/IsaacSim-ros_workspaces-main/humble_ws/install/custom_message/local/lib/python3.10/dist-packages/custom_message/_custom_message_s.ep.rosidl_typesupport_c.c
[1.056s] -- Up-to-date: /home/robotdeveloper02/IsaacSim-ros_workspaces-main/humble_ws/install/custom_message/local/lib/python3.10/dist-packages/custom_message/custom_message_s__rosidl_typesupport_fastrtps_c.cpython-310-x86_64-linux-gnu.so
[1.056s] -- Up-to-date: /home/robotdeveloper02/IsaacSim-ros_workspaces-main/humble_ws/install/custom_message/local/lib/python3.10/dist-packages/custom_message/msg
[1.057s] -- Up-to-date: /home/robotdeveloper02/IsaacSim-ros_workspaces-main/humble_ws/install/custom_message/local/lib/python3.10/dist-packages/custom_message/msg/_sample_msg_s.c
[1.057s] -- Up-to-date: /home/robotdeveloper02/IsaacSim-ros_workspaces-main/humble_ws/install/custom_message/local/lib/python3.10/dist-packages/custom_message/msg/__init__.py
[1.057s] -- Up-to-date: /home/robotdeveloper02/IsaacSim-ros_workspaces-main/humble_ws/install/custom_message/local/lib/python3.10/dist-packages/custom_message/msg/_sample_msg.py
[1.057s] -- Up-to-date: /home/robotdeveloper02/IsaacSim-ros_workspaces-main/humble_ws/install/custom_message/local/lib/python3.10/dist-packages/custom_message/custom_message_s__rosidl_typesupport_c.cpython-310-x86_64-linux-gnu.so
[1.057s] -- Up-to-date: /home/robotdeveloper02/IsaacSim-ros_workspaces-main/humble_ws/install/custom_message/local/lib/python3.10/dist-packages/custom_message/custom_message_s__rosidl_typesupport_introspection_c.cpython-310-x86_64-linux-gnu.so
[1.057s] -- Up-to-date: /home/robotdeveloper02/IsaacSim-ros_workspaces-main/humble_ws/install/custom_message/local/lib/python3.10/dist-packages/custom_message/libcustom_message__rosidl_generator_py.so
[1.076s] Listing '/home/robotdeveloper02/IsaacSim-ros_workspaces-main/humble_ws/install/custom_message/local/lib/python3.10/dist-packages/custom_message'...
[1.076s] Compiling '/home/robotdeveloper02/IsaacSim-ros_workspaces-main/humble_ws/install/custom_message/local/lib/python3.10/dist-packages/custom_message/__init__.py'...
[1.076s] Listing '/home/robotdeveloper02/IsaacSim-ros_workspaces-main/humble_ws/install/custom_message/local/lib/python3.10/dist-packages/custom_message/msg'...
[1.078s] -- Up-to-date: /home/robotdeveloper02/IsaacSim-ros_workspaces-main/humble_ws/install/custom_message/local/lib/python3.10/dist-packages/custom_message/custom_message_s__rosidl_typesupport_fastrtps_c.cpython-310-x86_64-linux-gnu.so
[1.079s] -- Up-to-date: /home/robotdeveloper02/IsaacSim-ros_workspaces-main/humble_ws/install/custom_message/local/lib/python3.10/dist-packages/custom_message/custom_message_s__rosidl_typesupport_introspection_c.cpython-310-x86_64-linux-gnu.so
[1.079s] -- Up-to-date: /home/robotdeveloper02/IsaacSim-ros_workspaces-main/humble_ws/install/custom_message/local/lib/python3.10/dist-packages/custom_message/custom_message_s__rosidl_typesupport_c.cpython-310-x86_64-linux-gnu.so
[1.080s] -- Up-to-date: /home/robotdeveloper02/IsaacSim-ros_workspaces-main/humble_ws/install/custom_message/lib/libcustom_message__rosidl_generator_py.so
[1.081s] -- Up-to-date: /home/robotdeveloper02/IsaacSim-ros_workspaces-main/humble_ws/install/custom_message/share/custom_message/msg/SampleMsg.idl
[1.081s] -- Up-to-date: /home/robotdeveloper02/IsaacSim-ros_workspaces-main/humble_ws/install/custom_message/share/custom_message/msg/SampleMsg.msg
[1.081s] -- Up-to-date: /home/robotdeveloper02/IsaacSim-ros_workspaces-main/humble_ws/install/custom_message/share/ament_index/resource_index/package_run_dependencies/custom_message
[1.081s] -- Up-to-date: /home/robotdeveloper02/IsaacSim-ros_workspaces-main/humble_ws/install/custom_message/share/ament_index/resource_index/parent_prefix_path/custom_message
[1.081s] -- Up-to-date: /home/robotdeveloper02/IsaacSim-ros_workspaces-main/humble_ws/install/custom_message/share/custom_message/environment/ament_prefix_path.sh
[1.081s] -- Installing: /home/robotdeveloper02/IsaacSim-ros_workspaces-main/humble_ws/install/custom_message/share/custom_message/environment/ament_prefix_path.dsv
[1.081s] -- Up-to-date: /home/robotdeveloper02/IsaacSim-ros_workspaces-main/humble_ws/install/custom_message/share/custom_message/environment/path.sh
[1.081s] -- Installing: /home/robotdeveloper02/IsaacSim-ros_workspaces-main/humble_ws/install/custom_message/share/custom_message/environment/path.dsv
[1.081s] -- Up-to-date: /home/robotdeveloper02/IsaacSim-ros_workspaces-main/humble_ws/install/custom_message/share/custom_message/local_setup.bash
[1.081s] -- Up-to-date: /home/robotdeveloper02/IsaacSim-ros_workspaces-main/humble_ws/install/custom_message/share/custom_message/local_setup.sh
[1.082s] -- Up-to-date: /home/robotdeveloper02/IsaacSim-ros_workspaces-main/humble_ws/install/custom_message/share/custom_message/local_setup.zsh
[1.082s] -- Installing: /home/robotdeveloper02/IsaacSim-ros_workspaces-main/humble_ws/install/custom_message/share/custom_message/local_setup.dsv
[1.082s] -- Installing: /home/robotdeveloper02/IsaacSim-ros_workspaces-main/humble_ws/install/custom_message/share/custom_message/package.dsv
[1.082s] -- Up-to-date: /home/robotdeveloper02/IsaacSim-ros_workspaces-main/humble_ws/install/custom_message/share/ament_index/resource_index/packages/custom_message
[1.082s] -- Up-to-date: /home/robotdeveloper02/IsaacSim-ros_workspaces-main/humble_ws/install/custom_message/share/custom_message/cmake/export_custom_message__rosidl_generator_cExport.cmake
[1.082s] -- Up-to-date: /home/robotdeveloper02/IsaacSim-ros_workspaces-main/humble_ws/install/custom_message/share/custom_message/cmake/export_custom_message__rosidl_generator_cExport-noconfig.cmake
[1.082s] -- Up-to-date: /home/robotdeveloper02/IsaacSim-ros_workspaces-main/humble_ws/install/custom_message/share/custom_message/cmake/export_custom_message__rosidl_typesupport_fastrtps_cExport.cmake
[1.082s] -- Up-to-date: /home/robotdeveloper02/IsaacSim-ros_workspaces-main/humble_ws/install/custom_message/share/custom_message/cmake/export_custom_message__rosidl_typesupport_fastrtps_cExport-noconfig.cmake
[1.082s] -- Up-to-date: /home/robotdeveloper02/IsaacSim-ros_workspaces-main/humble_ws/install/custom_message/share/custom_message/cmake/export_custom_message__rosidl_generator_cppExport.cmake
[1.083s] -- Up-to-date: /home/robotdeveloper02/IsaacSim-ros_workspaces-main/humble_ws/install/custom_message/share/custom_message/cmake/export_custom_message__rosidl_typesupport_fastrtps_cppExport.cmake
[1.083s] -- Up-to-date: /home/robotdeveloper02/IsaacSim-ros_workspaces-main/humble_ws/install/custom_message/share/custom_message/cmake/export_custom_message__rosidl_typesupport_fastrtps_cppExport-noconfig.cmake
[1.083s] -- Up-to-date: /home/robotdeveloper02/IsaacSim-ros_workspaces-main/humble_ws/install/custom_message/share/custom_message/cmake/custom_message__rosidl_typesupport_introspection_cExport.cmake
[1.083s] -- Up-to-date: /home/robotdeveloper02/IsaacSim-ros_workspaces-main/humble_ws/install/custom_message/share/custom_message/cmake/custom_message__rosidl_typesupport_introspection_cExport-noconfig.cmake
[1.083s] -- Up-to-date: /home/robotdeveloper02/IsaacSim-ros_workspaces-main/humble_ws/install/custom_message/share/custom_message/cmake/custom_message__rosidl_typesupport_cExport.cmake
[1.083s] -- Up-to-date: /home/robotdeveloper02/IsaacSim-ros_workspaces-main/humble_ws/install/custom_message/share/custom_message/cmake/custom_message__rosidl_typesupport_cExport-noconfig.cmake
[1.083s] -- Up-to-date: /home/robotdeveloper02/IsaacSim-ros_workspaces-main/humble_ws/install/custom_message/share/custom_message/cmake/custom_message__rosidl_typesupport_introspection_cppExport.cmake
[1.083s] -- Up-to-date: /home/robotdeveloper02/IsaacSim-ros_workspaces-main/humble_ws/install/custom_message/share/custom_message/cmake/custom_message__rosidl_typesupport_introspection_cppExport-noconfig.cmake
[1.084s] -- Up-to-date: /home/robotdeveloper02/IsaacSim-ros_workspaces-main/humble_ws/install/custom_message/share/custom_message/cmake/custom_message__rosidl_typesupport_cppExport.cmake
[1.084s] -- Up-to-date: /home/robotdeveloper02/IsaacSim-ros_workspaces-main/humble_ws/install/custom_message/share/custom_message/cmake/custom_message__rosidl_typesupport_cppExport-noconfig.cmake
[1.084s] -- Up-to-date: /home/robotdeveloper02/IsaacSim-ros_workspaces-main/humble_ws/install/custom_message/share/custom_message/cmake/export_custom_message__rosidl_generator_pyExport.cmake
[1.084s] -- Up-to-date: /home/robotdeveloper02/IsaacSim-ros_workspaces-main/humble_ws/install/custom_message/share/custom_message/cmake/export_custom_message__rosidl_generator_pyExport-noconfig.cmake
[1.084s] -- Up-to-date: /home/robotdeveloper02/IsaacSim-ros_workspaces-main/humble_ws/install/custom_message/share/custom_message/cmake/rosidl_cmake-extras.cmake
[1.084s] -- Up-to-date: /home/robotdeveloper02/IsaacSim-ros_workspaces-main/humble_ws/install/custom_message/share/custom_message/cmake/ament_cmake_export_dependencies-extras.cmake
[1.084s] -- Up-to-date: /home/robotdeveloper02/IsaacSim-ros_workspaces-main/humble_ws/install/custom_message/share/custom_message/cmake/ament_cmake_export_include_directories-extras.cmake
[1.084s] -- Up-to-date: /home/robotdeveloper02/IsaacSim-ros_workspaces-main/humble_ws/install/custom_message/share/custom_message/cmake/ament_cmake_export_libraries-extras.cmake
[1.084s] -- Up-to-date: /home/robotdeveloper02/IsaacSim-ros_workspaces-main/humble_ws/install/custom_message/share/custom_message/cmake/ament_cmake_export_targets-extras.cmake
[1.084s] -- Up-to-date: /home/robotdeveloper02/IsaacSim-ros_workspaces-main/humble_ws/install/custom_message/share/custom_message/cmake/rosidl_cmake_export_typesupport_targets-extras.cmake
[1.084s] -- Up-to-date: /home/robotdeveloper02/IsaacSim-ros_workspaces-main/humble_ws/install/custom_message/share/custom_message/cmake/rosidl_cmake_export_typesupport_libraries-extras.cmake
[1.084s] -- Up-to-date: /home/robotdeveloper02/IsaacSim-ros_workspaces-main/humble_ws/install/custom_message/share/custom_message/cmake/custom_messageConfig.cmake
[1.084s] -- Up-to-date: /home/robotdeveloper02/IsaacSim-ros_workspaces-main/humble_ws/install/custom_message/share/custom_message/cmake/custom_messageConfig-version.cmake
[1.084s] -- Up-to-date: /home/robotdeveloper02/IsaacSim-ros_workspaces-main/humble_ws/install/custom_message/share/custom_message/package.xml
[1.086s] Invoked command in '/home/robotdeveloper02/IsaacSim-ros_workspaces-main/humble_ws/build/custom_message' returned '0': CMAKE_PREFIX_PATH=/opt/ros/humble /usr/bin/cmake --install /home/robotdeveloper02/IsaacSim-ros_workspaces-main/humble_ws/build/custom_message
