[0.024s] Invoking command in '/home/robotdeveloper02/IsaacSim-ros_workspaces-main/humble_ws/build/custom_message': CMAKE_PREFIX_PATH=/opt/ros/humble /usr/bin/cmake --build /home/robotdeveloper02/IsaacSim-ros_workspaces-main/humble_ws/build/custom_message -- -j16 -l16
[0.617s] [  2%] Built target custom_message__cpp
[0.617s] [ 12%] Built target custom_message__rosidl_generator_c
[0.618s] [ 12%] Built target ament_cmake_python_symlink_custom_message
[0.618s] [ 23%] Built target custom_message__rosidl_typesupport_cpp
[0.618s] [ 44%] Built target custom_message__rosidl_typesupport_fastrtps_cpp
[0.618s] [ 44%] Built target custom_message__rosidl_typesupport_introspection_cpp
[0.618s] [ 55%] Built target custom_message__rosidl_typesupport_c
[0.618s] [ 65%] Built target custom_message__rosidl_typesupport_fastrtps_c
[0.618s] running egg_info
[0.618s] writing custom_message.egg-info/PKG-INFO
[0.618s] writing dependency_links to custom_message.egg-info/dependency_links.txt
[0.618s] writing top-level names to custom_message.egg-info/top_level.txt
[0.618s] reading manifest file 'custom_message.egg-info/SOURCES.txt'
[0.618s] writing manifest file 'custom_message.egg-info/SOURCES.txt'
[0.618s] [ 65%] Built target ament_cmake_python_build_custom_message_egg
[0.618s] CMakeFiles/custom_message__cpp.dir/build.make:204: warning: overriding recipe for target 'rosidl_generator_cpp/custom_message/msg/position.hpp'
[0.618s] CMakeFiles/custom_message__cpp.dir/build.make:167: warning: ignoring old recipe for target 'rosidl_generator_cpp/custom_message/msg/position.hpp'
[0.618s] CMakeFiles/custom_message__cpp.dir/build.make:207: warning: overriding recipe for target 'rosidl_generator_cpp/custom_message/msg/detail/position__builder.hpp'
[0.618s] CMakeFiles/custom_message__cpp.dir/build.make:171: warning: ignoring old recipe for target 'rosidl_generator_cpp/custom_message/msg/detail/position__builder.hpp'
[0.618s] CMakeFiles/custom_message__cpp.dir/build.make:210: warning: overriding recipe for target 'rosidl_generator_cpp/custom_message/msg/detail/position__struct.hpp'
[0.618s] CMakeFiles/custom_message__cpp.dir/build.make:174: warning: ignoring old recipe for target 'rosidl_generator_cpp/custom_message/msg/detail/position__struct.hpp'
[0.619s] CMakeFiles/custom_message__cpp.dir/build.make:213: warning: overriding recipe for target 'rosidl_generator_cpp/custom_message/msg/detail/position__traits.hpp'
[0.619s] CMakeFiles/custom_message__cpp.dir/build.make:177: warning: ignoring old recipe for target 'rosidl_generator_cpp/custom_message/msg/detail/position__traits.hpp'
[0.619s] CMakeFiles/custom_message__rosidl_generator_c.dir/build.make:188: warning: overriding recipe for target 'rosidl_generator_c/custom_message/msg/position.h'
[0.619s] CMakeFiles/custom_message__rosidl_generator_c.dir/build.make:151: warning: ignoring old recipe for target 'rosidl_generator_c/custom_message/msg/position.h'
[0.619s] CMakeFiles/custom_message__rosidl_generator_c.dir/build.make:191: warning: overriding recipe for target 'rosidl_generator_c/custom_message/msg/detail/position__functions.h'
[0.619s] CMakeFiles/custom_message__rosidl_generator_c.dir/build.make:155: warning: ignoring old recipe for target 'rosidl_generator_c/custom_message/msg/detail/position__functions.h'
[0.619s] CMakeFiles/custom_message__rosidl_generator_c.dir/build.make:194: warning: overriding recipe for target 'rosidl_generator_c/custom_message/msg/detail/position__struct.h'
[0.619s] CMakeFiles/custom_message__rosidl_generator_c.dir/build.make:158: warning: ignoring old recipe for target 'rosidl_generator_c/custom_message/msg/detail/position__struct.h'
[0.619s] CMakeFiles/custom_message__rosidl_generator_c.dir/build.make:197: warning: overriding recipe for target 'rosidl_generator_c/custom_message/msg/detail/position__type_support.h'
[0.619s] CMakeFiles/custom_message__rosidl_generator_c.dir/build.make:161: warning: ignoring old recipe for target 'rosidl_generator_c/custom_message/msg/detail/position__type_support.h'
[0.619s] CMakeFiles/custom_message__rosidl_generator_c.dir/build.make:209: warning: overriding recipe for target 'rosidl_generator_c/custom_message/msg/detail/position__functions.c'
[0.619s] CMakeFiles/custom_message__rosidl_generator_c.dir/build.make:200: warning: ignoring old recipe for target 'rosidl_generator_c/custom_message/msg/detail/position__functions.c'
[0.619s] gmake[2]: Circular rosidl_generator_c/custom_message/msg/position.h <- rosidl_generator_c/custom_message/msg/position.h dependency dropped.
[0.619s] CMakeFiles/custom_message__cpp.dir/build.make:204: warning: overriding recipe for target 'rosidl_generator_cpp/custom_message/msg/position.hpp'
[0.619s] CMakeFiles/custom_message__cpp.dir/build.make:167: warning: ignoring old recipe for target 'rosidl_generator_cpp/custom_message/msg/position.hpp'
[0.619s] CMakeFiles/custom_message__cpp.dir/build.make:207: warning: overriding recipe for target 'rosidl_generator_cpp/custom_message/msg/detail/position__builder.hpp'
[0.619s] CMakeFiles/custom_message__cpp.dir/build.make:171: warning: ignoring old recipe for target 'rosidl_generator_cpp/custom_message/msg/detail/position__builder.hpp'
[0.619s] CMakeFiles/custom_message__cpp.dir/build.make:210: warning: overriding recipe for target 'rosidl_generator_cpp/custom_message/msg/detail/position__struct.hpp'
[0.619s] CMakeFiles/custom_message__cpp.dir/build.make:174: warning: ignoring old recipe for target 'rosidl_generator_cpp/custom_message/msg/detail/position__struct.hpp'
[0.619s] CMakeFiles/custom_message__cpp.dir/build.make:213: warning: overriding recipe for target 'rosidl_generator_cpp/custom_message/msg/detail/position__traits.hpp'
[0.619s] CMakeFiles/custom_message__cpp.dir/build.make:177: warning: ignoring old recipe for target 'rosidl_generator_cpp/custom_message/msg/detail/position__traits.hpp'
[0.620s] gmake[2]: Circular rosidl_generator_cpp/custom_message/msg/position.hpp <- rosidl_generator_cpp/custom_message/msg/position.hpp dependency dropped.
[0.620s] CMakeFiles/custom_message__rosidl_generator_c.dir/build.make:188: warning: overriding recipe for target 'rosidl_generator_c/custom_message/msg/position.h'
[0.620s] CMakeFiles/custom_message__rosidl_generator_c.dir/build.make:151: warning: ignoring old recipe for target 'rosidl_generator_c/custom_message/msg/position.h'
[0.620s] CMakeFiles/custom_message__rosidl_generator_c.dir/build.make:191: warning: overriding recipe for target 'rosidl_generator_c/custom_message/msg/detail/position__functions.h'
[0.620s] CMakeFiles/custom_message__rosidl_generator_c.dir/build.make:155: warning: ignoring old recipe for target 'rosidl_generator_c/custom_message/msg/detail/position__functions.h'
[0.620s] CMakeFiles/custom_message__rosidl_generator_c.dir/build.make:194: warning: overriding recipe for target 'rosidl_generator_c/custom_message/msg/detail/position__struct.h'
[0.620s] CMakeFiles/custom_message__rosidl_generator_c.dir/build.make:158: warning: ignoring old recipe for target 'rosidl_generator_c/custom_message/msg/detail/position__struct.h'
[0.620s] CMakeFiles/custom_message__rosidl_generator_c.dir/build.make:197: warning: overriding recipe for target 'rosidl_generator_c/custom_message/msg/detail/position__type_support.h'
[0.620s] CMakeFiles/custom_message__rosidl_generator_c.dir/build.make:161: warning: ignoring old recipe for target 'rosidl_generator_c/custom_message/msg/detail/position__type_support.h'
[0.620s] CMakeFiles/custom_message__rosidl_generator_c.dir/build.make:209: warning: overriding recipe for target 'rosidl_generator_c/custom_message/msg/detail/position__functions.c'
[0.620s] CMakeFiles/custom_message__rosidl_generator_c.dir/build.make:200: warning: ignoring old recipe for target 'rosidl_generator_c/custom_message/msg/detail/position__functions.c'
[0.620s] gmake[2]: Circular rosidl_generator_c/custom_message/msg/position.h <- rosidl_generator_c/custom_message/msg/position.h dependency dropped.
[0.620s] CMakeFiles/custom_message__rosidl_typesupport_cpp.dir/build.make:154: warning: overriding recipe for target 'rosidl_typesupport_cpp/custom_message/msg/position__type_support.cpp'
[0.620s] CMakeFiles/custom_message__rosidl_typesupport_cpp.dir/build.make:144: warning: ignoring old recipe for target 'rosidl_typesupport_cpp/custom_message/msg/position__type_support.cpp'
[0.621s] CMakeFiles/custom_message__rosidl_typesupport_fastrtps_cpp.dir/build.make:165: warning: overriding recipe for target 'rosidl_typesupport_fastrtps_cpp/custom_message/msg/detail/dds_fastrtps/position__type_support.cpp'
[0.621s] CMakeFiles/custom_message__rosidl_typesupport_fastrtps_cpp.dir/build.make:146: warning: ignoring old recipe for target 'rosidl_typesupport_fastrtps_cpp/custom_message/msg/detail/dds_fastrtps/position__type_support.cpp'
[0.621s] CMakeFiles/custom_message__rosidl_typesupport_fastrtps_cpp.dir/build.make:168: warning: overriding recipe for target 'rosidl_typesupport_fastrtps_cpp/custom_message/msg/detail/position__rosidl_typesupport_fastrtps_cpp.hpp'
[0.621s] CMakeFiles/custom_message__rosidl_typesupport_fastrtps_cpp.dir/build.make:150: warning: ignoring old recipe for target 'rosidl_typesupport_fastrtps_cpp/custom_message/msg/detail/position__rosidl_typesupport_fastrtps_cpp.hpp'
[0.621s] gmake[2]: Circular rosidl_typesupport_cpp/custom_message/msg/position__type_support.cpp <- rosidl_typesupport_cpp/custom_message/msg/position__type_support.cpp dependency dropped.
[0.621s] gmake[2]: Circular rosidl_typesupport_fastrtps_cpp/custom_message/msg/detail/dds_fastrtps/position__type_support.cpp <- rosidl_typesupport_fastrtps_cpp/custom_message/msg/detail/dds_fastrtps/position__type_support.cpp dependency dropped.
[0.623s] CMakeFiles/custom_message__rosidl_typesupport_introspection_cpp.dir/build.make:156: warning: overriding recipe for target 'rosidl_typesupport_introspection_cpp/custom_message/msg/detail/position__rosidl_typesupport_introspection_cpp.hpp'
[0.623s] CMakeFiles/custom_message__rosidl_typesupport_introspection_cpp.dir/build.make:146: warning: ignoring old recipe for target 'rosidl_typesupport_introspection_cpp/custom_message/msg/detail/position__rosidl_typesupport_introspection_cpp.hpp'
[0.623s] CMakeFiles/custom_message__rosidl_typesupport_introspection_cpp.dir/build.make:168: warning: overriding recipe for target 'rosidl_typesupport_introspection_cpp/custom_message/msg/detail/position__type_support.cpp'
[0.623s] CMakeFiles/custom_message__rosidl_typesupport_introspection_cpp.dir/build.make:159: warning: ignoring old recipe for target 'rosidl_typesupport_introspection_cpp/custom_message/msg/detail/position__type_support.cpp'
[0.623s] gmake[2]: Circular rosidl_typesupport_introspection_cpp/custom_message/msg/detail/position__rosidl_typesupport_introspection_cpp.hpp <- rosidl_typesupport_introspection_cpp/custom_message/msg/detail/position__rosidl_typesupport_introspection_cpp.hpp dependency dropped.
[0.623s] CMakeFiles/custom_message__rosidl_typesupport_c.dir/build.make:154: warning: overriding recipe for target 'rosidl_typesupport_c/custom_message/msg/position__type_support.cpp'
[0.623s] CMakeFiles/custom_message__rosidl_typesupport_c.dir/build.make:144: warning: ignoring old recipe for target 'rosidl_typesupport_c/custom_message/msg/position__type_support.cpp'
[0.624s] CMakeFiles/custom_message__rosidl_typesupport_introspection_c.dir/build.make:156: warning: overriding recipe for target 'rosidl_typesupport_introspection_c/custom_message/msg/detail/position__rosidl_typesupport_introspection_c.h'
[0.624s] CMakeFiles/custom_message__rosidl_typesupport_introspection_c.dir/build.make:146: warning: ignoring old recipe for target 'rosidl_typesupport_introspection_c/custom_message/msg/detail/position__rosidl_typesupport_introspection_c.h'
[0.624s] CMakeFiles/custom_message__rosidl_typesupport_introspection_c.dir/build.make:168: warning: overriding recipe for target 'rosidl_typesupport_introspection_c/custom_message/msg/detail/position__type_support.c'
[0.624s] CMakeFiles/custom_message__rosidl_typesupport_introspection_c.dir/build.make:159: warning: ignoring old recipe for target 'rosidl_typesupport_introspection_c/custom_message/msg/detail/position__type_support.c'
[0.624s] gmake[2]: Circular rosidl_typesupport_c/custom_message/msg/position__type_support.cpp <- rosidl_typesupport_c/custom_message/msg/position__type_support.cpp dependency dropped.
[0.624s] gmake[2]: Circular rosidl_typesupport_introspection_c/custom_message/msg/detail/position__rosidl_typesupport_introspection_c.h <- rosidl_typesupport_introspection_c/custom_message/msg/detail/position__rosidl_typesupport_introspection_c.h dependency dropped.
[0.624s] CMakeFiles/custom_message__rosidl_typesupport_fastrtps_c.dir/build.make:165: warning: overriding recipe for target 'rosidl_typesupport_fastrtps_c/custom_message/msg/detail/position__rosidl_typesupport_fastrtps_c.h'
[0.624s] CMakeFiles/custom_message__rosidl_typesupport_fastrtps_c.dir/build.make:146: warning: ignoring old recipe for target 'rosidl_typesupport_fastrtps_c/custom_message/msg/detail/position__rosidl_typesupport_fastrtps_c.h'
[0.624s] CMakeFiles/custom_message__rosidl_typesupport_fastrtps_c.dir/build.make:168: warning: overriding recipe for target 'rosidl_typesupport_fastrtps_c/custom_message/msg/detail/position__type_support_c.cpp'
[0.624s] CMakeFiles/custom_message__rosidl_typesupport_fastrtps_c.dir/build.make:150: warning: ignoring old recipe for target 'rosidl_typesupport_fastrtps_c/custom_message/msg/detail/position__type_support_c.cpp'
[0.624s] gmake[2]: Circular rosidl_typesupport_fastrtps_c/custom_message/msg/detail/position__rosidl_typesupport_fastrtps_c.h <- rosidl_typesupport_fastrtps_c/custom_message/msg/detail/position__rosidl_typesupport_fastrtps_c.h dependency dropped.
[0.624s] CMakeFiles/custom_message__rosidl_typesupport_cpp.dir/build.make:154: warning: overriding recipe for target 'rosidl_typesupport_cpp/custom_message/msg/position__type_support.cpp'
[0.624s] CMakeFiles/custom_message__rosidl_typesupport_cpp.dir/build.make:144: warning: ignoring old recipe for target 'rosidl_typesupport_cpp/custom_message/msg/position__type_support.cpp'
[0.624s] gmake[2]: Circular rosidl_typesupport_cpp/custom_message/msg/position__type_support.cpp <- rosidl_typesupport_cpp/custom_message/msg/position__type_support.cpp dependency dropped.
[0.624s] CMakeFiles/custom_message__rosidl_typesupport_fastrtps_cpp.dir/build.make:165: warning: overriding recipe for target 'rosidl_typesupport_fastrtps_cpp/custom_message/msg/detail/dds_fastrtps/position__type_support.cpp'
[0.624s] CMakeFiles/custom_message__rosidl_typesupport_fastrtps_cpp.dir/build.make:146: warning: ignoring old recipe for target 'rosidl_typesupport_fastrtps_cpp/custom_message/msg/detail/dds_fastrtps/position__type_support.cpp'
[0.624s] CMakeFiles/custom_message__rosidl_typesupport_fastrtps_cpp.dir/build.make:168: warning: overriding recipe for target 'rosidl_typesupport_fastrtps_cpp/custom_message/msg/detail/position__rosidl_typesupport_fastrtps_cpp.hpp'
[0.625s] CMakeFiles/custom_message__rosidl_typesupport_fastrtps_cpp.dir/build.make:150: warning: ignoring old recipe for target 'rosidl_typesupport_fastrtps_cpp/custom_message/msg/detail/position__rosidl_typesupport_fastrtps_cpp.hpp'
[0.625s] gmake[2]: Circular rosidl_typesupport_fastrtps_cpp/custom_message/msg/detail/dds_fastrtps/position__type_support.cpp <- rosidl_typesupport_fastrtps_cpp/custom_message/msg/detail/dds_fastrtps/position__type_support.cpp dependency dropped.
[0.625s] CMakeFiles/custom_message__rosidl_typesupport_introspection_cpp.dir/build.make:156: warning: overriding recipe for target 'rosidl_typesupport_introspection_cpp/custom_message/msg/detail/position__rosidl_typesupport_introspection_cpp.hpp'
[0.625s] CMakeFiles/custom_message__rosidl_typesupport_introspection_cpp.dir/build.make:146: warning: ignoring old recipe for target 'rosidl_typesupport_introspection_cpp/custom_message/msg/detail/position__rosidl_typesupport_introspection_cpp.hpp'
[0.625s] CMakeFiles/custom_message__rosidl_typesupport_introspection_cpp.dir/build.make:168: warning: overriding recipe for target 'rosidl_typesupport_introspection_cpp/custom_message/msg/detail/position__type_support.cpp'
[0.625s] CMakeFiles/custom_message__rosidl_typesupport_introspection_cpp.dir/build.make:159: warning: ignoring old recipe for target 'rosidl_typesupport_introspection_cpp/custom_message/msg/detail/position__type_support.cpp'
[0.625s] gmake[2]: Circular rosidl_typesupport_introspection_cpp/custom_message/msg/detail/position__rosidl_typesupport_introspection_cpp.hpp <- rosidl_typesupport_introspection_cpp/custom_message/msg/detail/position__rosidl_typesupport_introspection_cpp.hpp dependency dropped.
[0.625s] CMakeFiles/custom_message__rosidl_typesupport_c.dir/build.make:154: warning: overriding recipe for target 'rosidl_typesupport_c/custom_message/msg/position__type_support.cpp'
[0.625s] CMakeFiles/custom_message__rosidl_typesupport_c.dir/build.make:144: warning: ignoring old recipe for target 'rosidl_typesupport_c/custom_message/msg/position__type_support.cpp'
[0.625s] gmake[2]: Circular rosidl_typesupport_c/custom_message/msg/position__type_support.cpp <- rosidl_typesupport_c/custom_message/msg/position__type_support.cpp dependency dropped.
[0.626s] CMakeFiles/custom_message__rosidl_typesupport_fastrtps_c.dir/build.make:165: warning: overriding recipe for target 'rosidl_typesupport_fastrtps_c/custom_message/msg/detail/position__rosidl_typesupport_fastrtps_c.h'
[0.626s] CMakeFiles/custom_message__rosidl_typesupport_fastrtps_c.dir/build.make:146: warning: ignoring old recipe for target 'rosidl_typesupport_fastrtps_c/custom_message/msg/detail/position__rosidl_typesupport_fastrtps_c.h'
[0.626s] CMakeFiles/custom_message__rosidl_typesupport_fastrtps_c.dir/build.make:168: warning: overriding recipe for target 'rosidl_typesupport_fastrtps_c/custom_message/msg/detail/position__type_support_c.cpp'
[0.626s] CMakeFiles/custom_message__rosidl_typesupport_fastrtps_c.dir/build.make:150: warning: ignoring old recipe for target 'rosidl_typesupport_fastrtps_c/custom_message/msg/detail/position__type_support_c.cpp'
[0.626s] gmake[2]: Circular rosidl_typesupport_fastrtps_c/custom_message/msg/detail/position__rosidl_typesupport_fastrtps_c.h <- rosidl_typesupport_fastrtps_c/custom_message/msg/detail/position__rosidl_typesupport_fastrtps_c.h dependency dropped.
[0.626s] CMakeFiles/custom_message__rosidl_typesupport_introspection_c.dir/build.make:156: warning: overriding recipe for target 'rosidl_typesupport_introspection_c/custom_message/msg/detail/position__rosidl_typesupport_introspection_c.h'
[0.627s] CMakeFiles/custom_message__rosidl_typesupport_introspection_c.dir/build.make:146: warning: ignoring old recipe for target 'rosidl_typesupport_introspection_c/custom_message/msg/detail/position__rosidl_typesupport_introspection_c.h'
[0.627s] CMakeFiles/custom_message__rosidl_typesupport_introspection_c.dir/build.make:168: warning: overriding recipe for target 'rosidl_typesupport_introspection_c/custom_message/msg/detail/position__type_support.c'
[0.627s] CMakeFiles/custom_message__rosidl_typesupport_introspection_c.dir/build.make:159: warning: ignoring old recipe for target 'rosidl_typesupport_introspection_c/custom_message/msg/detail/position__type_support.c'
[0.627s] gmake[2]: Circular rosidl_typesupport_introspection_c/custom_message/msg/detail/position__rosidl_typesupport_introspection_c.h <- rosidl_typesupport_introspection_c/custom_message/msg/detail/position__rosidl_typesupport_introspection_c.h dependency dropped.
[0.627s] [ 76%] Built target custom_message__rosidl_typesupport_introspection_c
[0.638s] [ 76%] Built target custom_message
[0.641s] custom_message__py/CMakeFiles/custom_message__py.dir/build.make:180: warning: overriding recipe for target 'rosidl_generator_py/custom_message/msg/_position.py'
[0.641s] custom_message__py/CMakeFiles/custom_message__py.dir/build.make:171: warning: ignoring old recipe for target 'rosidl_generator_py/custom_message/msg/_position.py'
[0.641s] custom_message__py/CMakeFiles/custom_message__py.dir/build.make:195: warning: overriding recipe for target 'rosidl_generator_py/custom_message/msg/_position_s.c'
[0.641s] custom_message__py/CMakeFiles/custom_message__py.dir/build.make:186: warning: ignoring old recipe for target 'rosidl_generator_py/custom_message/msg/_position_s.c'
[0.650s] custom_message__py/CMakeFiles/custom_message__py.dir/build.make:180: warning: overriding recipe for target 'rosidl_generator_py/custom_message/msg/_position.py'
[0.650s] custom_message__py/CMakeFiles/custom_message__py.dir/build.make:171: warning: ignoring old recipe for target 'rosidl_generator_py/custom_message/msg/_position.py'
[0.650s] custom_message__py/CMakeFiles/custom_message__py.dir/build.make:195: warning: overriding recipe for target 'rosidl_generator_py/custom_message/msg/_position_s.c'
[0.650s] custom_message__py/CMakeFiles/custom_message__py.dir/build.make:186: warning: ignoring old recipe for target 'rosidl_generator_py/custom_message/msg/_position_s.c'
[0.657s] [ 78%] Built target custom_message__py
[0.680s] [ 87%] Built target custom_message__rosidl_generator_py
[0.701s] [ 91%] Built target custom_message__rosidl_typesupport_c__pyext
[0.702s] [ 95%] Built target custom_message__rosidl_typesupport_introspection_c__pyext
[0.702s] [100%] Built target custom_message__rosidl_typesupport_fastrtps_c__pyext
[0.721s] Invoked command in '/home/robotdeveloper02/IsaacSim-ros_workspaces-main/humble_ws/build/custom_message' returned '0': CMAKE_PREFIX_PATH=/opt/ros/humble /usr/bin/cmake --build /home/robotdeveloper02/IsaacSim-ros_workspaces-main/humble_ws/build/custom_message -- -j16 -l16
[0.801s] Invoking command in '/home/robotdeveloper02/IsaacSim-ros_workspaces-main/humble_ws/build/custom_message': CMAKE_PREFIX_PATH=/opt/ros/humble /usr/bin/cmake --install /home/robotdeveloper02/IsaacSim-ros_workspaces-main/humble_ws/build/custom_message
[0.808s] -- Install configuration: ""
[0.808s] -- Execute custom install script
[0.808s] -- Up-to-date symlink: /home/robotdeveloper02/IsaacSim-ros_workspaces-main/humble_ws/install/custom_message/share/ament_index/resource_index/rosidl_interfaces/custom_message
[0.809s] -- Up-to-date symlink: /home/robotdeveloper02/IsaacSim-ros_workspaces-main/humble_ws/install/custom_message/include/custom_message/custom_message/msg/PoseStamped.h
[0.809s] -- Up-to-date symlink: /home/robotdeveloper02/IsaacSim-ros_workspaces-main/humble_ws/install/custom_message/include/custom_message/custom_message/msg/detail/PoseStamped__functions.h
[0.809s] -- Up-to-date symlink: /home/robotdeveloper02/IsaacSim-ros_workspaces-main/humble_ws/install/custom_message/include/custom_message/custom_message/msg/detail/PoseStamped__struct.h
[0.809s] -- Up-to-date symlink: /home/robotdeveloper02/IsaacSim-ros_workspaces-main/humble_ws/install/custom_message/include/custom_message/custom_message/msg/detail/PoseStamped__type_support.h
[0.809s] -- Up-to-date symlink: /home/robotdeveloper02/IsaacSim-ros_workspaces-main/humble_ws/install/custom_message/include/custom_message/custom_message/msg/detail/imu_msg__functions.h
[0.809s] -- Up-to-date symlink: /home/robotdeveloper02/IsaacSim-ros_workspaces-main/humble_ws/install/custom_message/include/custom_message/custom_message/msg/detail/imu_msg__struct.h
[0.809s] -- Up-to-date symlink: /home/robotdeveloper02/IsaacSim-ros_workspaces-main/humble_ws/install/custom_message/include/custom_message/custom_message/msg/detail/imu_msg__type_support.h
[0.809s] -- Up-to-date symlink: /home/robotdeveloper02/IsaacSim-ros_workspaces-main/humble_ws/install/custom_message/include/custom_message/custom_message/msg/detail/pose_stamped__functions.h
[0.809s] -- Up-to-date symlink: /home/robotdeveloper02/IsaacSim-ros_workspaces-main/humble_ws/install/custom_message/include/custom_message/custom_message/msg/detail/pose_stamped__struct.h
[0.810s] -- Up-to-date symlink: /home/robotdeveloper02/IsaacSim-ros_workspaces-main/humble_ws/install/custom_message/include/custom_message/custom_message/msg/detail/pose_stamped__type_support.h
[0.810s] -- Up-to-date symlink: /home/robotdeveloper02/IsaacSim-ros_workspaces-main/humble_ws/install/custom_message/include/custom_message/custom_message/msg/detail/position__functions.h
[0.810s] -- Up-to-date symlink: /home/robotdeveloper02/IsaacSim-ros_workspaces-main/humble_ws/install/custom_message/include/custom_message/custom_message/msg/detail/position__struct.h
[0.810s] -- Up-to-date symlink: /home/robotdeveloper02/IsaacSim-ros_workspaces-main/humble_ws/install/custom_message/include/custom_message/custom_message/msg/detail/position__type_support.h
[0.810s] -- Up-to-date symlink: /home/robotdeveloper02/IsaacSim-ros_workspaces-main/humble_ws/install/custom_message/include/custom_message/custom_message/msg/detail/sample_msg__functions.h
[0.810s] -- Up-to-date symlink: /home/robotdeveloper02/IsaacSim-ros_workspaces-main/humble_ws/install/custom_message/include/custom_message/custom_message/msg/detail/sample_msg__struct.h
[0.810s] -- Up-to-date symlink: /home/robotdeveloper02/IsaacSim-ros_workspaces-main/humble_ws/install/custom_message/include/custom_message/custom_message/msg/detail/sample_msg__type_support.h
[0.810s] -- Up-to-date symlink: /home/robotdeveloper02/IsaacSim-ros_workspaces-main/humble_ws/install/custom_message/include/custom_message/custom_message/msg/imu_msg.h
[0.810s] -- Up-to-date symlink: /home/robotdeveloper02/IsaacSim-ros_workspaces-main/humble_ws/install/custom_message/include/custom_message/custom_message/msg/pose_stamped.h
[0.811s] -- Up-to-date symlink: /home/robotdeveloper02/IsaacSim-ros_workspaces-main/humble_ws/install/custom_message/include/custom_message/custom_message/msg/position.h
[0.811s] -- Up-to-date symlink: /home/robotdeveloper02/IsaacSim-ros_workspaces-main/humble_ws/install/custom_message/include/custom_message/custom_message/msg/rosidl_generator_c__visibility_control.h
[0.811s] -- Up-to-date symlink: /home/robotdeveloper02/IsaacSim-ros_workspaces-main/humble_ws/install/custom_message/include/custom_message/custom_message/msg/sample_msg.h
[0.811s] -- Up-to-date symlink: /home/robotdeveloper02/IsaacSim-ros_workspaces-main/humble_ws/install/custom_message/share/custom_message/environment/library_path.sh
[0.811s] -- Up-to-date symlink: /home/robotdeveloper02/IsaacSim-ros_workspaces-main/humble_ws/install/custom_message/share/custom_message/environment/library_path.dsv
[0.811s] -- Up-to-date symlink: /home/robotdeveloper02/IsaacSim-ros_workspaces-main/humble_ws/install/custom_message/include/custom_message/custom_message/msg/detail/imu_msg__rosidl_typesupport_fastrtps_c.h
[0.811s] -- Up-to-date symlink: /home/robotdeveloper02/IsaacSim-ros_workspaces-main/humble_ws/install/custom_message/include/custom_message/custom_message/msg/detail/pose_stamped__rosidl_typesupport_fastrtps_c.h
[0.811s] -- Up-to-date symlink: /home/robotdeveloper02/IsaacSim-ros_workspaces-main/humble_ws/install/custom_message/include/custom_message/custom_message/msg/detail/position__rosidl_typesupport_fastrtps_c.h
[0.811s] -- Up-to-date symlink: /home/robotdeveloper02/IsaacSim-ros_workspaces-main/humble_ws/install/custom_message/include/custom_message/custom_message/msg/detail/sample_msg__rosidl_typesupport_fastrtps_c.h
[0.812s] -- Up-to-date symlink: /home/robotdeveloper02/IsaacSim-ros_workspaces-main/humble_ws/install/custom_message/include/custom_message/custom_message/msg/rosidl_typesupport_fastrtps_c__visibility_control.h
[0.812s] -- Up-to-date symlink: /home/robotdeveloper02/IsaacSim-ros_workspaces-main/humble_ws/install/custom_message/include/custom_message/custom_message/msg/detail/imu_msg__builder.hpp
[0.812s] -- Up-to-date symlink: /home/robotdeveloper02/IsaacSim-ros_workspaces-main/humble_ws/install/custom_message/include/custom_message/custom_message/msg/detail/imu_msg__struct.hpp
[0.812s] -- Up-to-date symlink: /home/robotdeveloper02/IsaacSim-ros_workspaces-main/humble_ws/install/custom_message/include/custom_message/custom_message/msg/detail/imu_msg__traits.hpp
[0.812s] -- Up-to-date symlink: /home/robotdeveloper02/IsaacSim-ros_workspaces-main/humble_ws/install/custom_message/include/custom_message/custom_message/msg/detail/pose_stamped__builder.hpp
[0.812s] -- Up-to-date symlink: /home/robotdeveloper02/IsaacSim-ros_workspaces-main/humble_ws/install/custom_message/include/custom_message/custom_message/msg/detail/pose_stamped__struct.hpp
[0.812s] -- Up-to-date symlink: /home/robotdeveloper02/IsaacSim-ros_workspaces-main/humble_ws/install/custom_message/include/custom_message/custom_message/msg/detail/pose_stamped__traits.hpp
[0.813s] -- Up-to-date symlink: /home/robotdeveloper02/IsaacSim-ros_workspaces-main/humble_ws/install/custom_message/include/custom_message/custom_message/msg/detail/position__builder.hpp
[0.813s] -- Up-to-date symlink: /home/robotdeveloper02/IsaacSim-ros_workspaces-main/humble_ws/install/custom_message/include/custom_message/custom_message/msg/detail/position__struct.hpp
[0.813s] -- Up-to-date symlink: /home/robotdeveloper02/IsaacSim-ros_workspaces-main/humble_ws/install/custom_message/include/custom_message/custom_message/msg/detail/position__traits.hpp
[0.813s] -- Up-to-date symlink: /home/robotdeveloper02/IsaacSim-ros_workspaces-main/humble_ws/install/custom_message/include/custom_message/custom_message/msg/detail/sample_msg__builder.hpp
[0.813s] -- Up-to-date symlink: /home/robotdeveloper02/IsaacSim-ros_workspaces-main/humble_ws/install/custom_message/include/custom_message/custom_message/msg/detail/sample_msg__struct.hpp
[0.813s] -- Up-to-date symlink: /home/robotdeveloper02/IsaacSim-ros_workspaces-main/humble_ws/install/custom_message/include/custom_message/custom_message/msg/detail/sample_msg__traits.hpp
[0.813s] -- Up-to-date symlink: /home/robotdeveloper02/IsaacSim-ros_workspaces-main/humble_ws/install/custom_message/include/custom_message/custom_message/msg/imu_msg.hpp
[0.813s] -- Up-to-date symlink: /home/robotdeveloper02/IsaacSim-ros_workspaces-main/humble_ws/install/custom_message/include/custom_message/custom_message/msg/pose_stamped.hpp
[0.813s] -- Up-to-date symlink: /home/robotdeveloper02/IsaacSim-ros_workspaces-main/humble_ws/install/custom_message/include/custom_message/custom_message/msg/position.hpp
[0.813s] -- Up-to-date symlink: /home/robotdeveloper02/IsaacSim-ros_workspaces-main/humble_ws/install/custom_message/include/custom_message/custom_message/msg/sample_msg.hpp
[0.814s] -- Up-to-date symlink: /home/robotdeveloper02/IsaacSim-ros_workspaces-main/humble_ws/install/custom_message/include/custom_message/custom_message/msg/detail/PoseStamped__rosidl_typesupport_fastrtps_cpp.hpp
[0.814s] -- Up-to-date symlink: /home/robotdeveloper02/IsaacSim-ros_workspaces-main/humble_ws/install/custom_message/include/custom_message/custom_message/msg/detail/imu_msg__rosidl_typesupport_fastrtps_cpp.hpp
[0.814s] -- Up-to-date symlink: /home/robotdeveloper02/IsaacSim-ros_workspaces-main/humble_ws/install/custom_message/include/custom_message/custom_message/msg/detail/pose_stamped__rosidl_typesupport_fastrtps_cpp.hpp
[0.814s] -- Up-to-date symlink: /home/robotdeveloper02/IsaacSim-ros_workspaces-main/humble_ws/install/custom_message/include/custom_message/custom_message/msg/detail/position__rosidl_typesupport_fastrtps_cpp.hpp
[0.814s] -- Up-to-date symlink: /home/robotdeveloper02/IsaacSim-ros_workspaces-main/humble_ws/install/custom_message/include/custom_message/custom_message/msg/detail/sample_msg__rosidl_typesupport_fastrtps_cpp.hpp
[0.814s] -- Up-to-date symlink: /home/robotdeveloper02/IsaacSim-ros_workspaces-main/humble_ws/install/custom_message/include/custom_message/custom_message/msg/rosidl_typesupport_fastrtps_cpp__visibility_control.h
[0.814s] -- Up-to-date symlink: /home/robotdeveloper02/IsaacSim-ros_workspaces-main/humble_ws/install/custom_message/include/custom_message/custom_message/msg/detail/imu_msg__rosidl_typesupport_introspection_c.h
[0.814s] -- Up-to-date symlink: /home/robotdeveloper02/IsaacSim-ros_workspaces-main/humble_ws/install/custom_message/include/custom_message/custom_message/msg/detail/pose_stamped__rosidl_typesupport_introspection_c.h
[0.815s] -- Up-to-date symlink: /home/robotdeveloper02/IsaacSim-ros_workspaces-main/humble_ws/install/custom_message/include/custom_message/custom_message/msg/detail/position__rosidl_typesupport_introspection_c.h
[0.815s] -- Up-to-date symlink: /home/robotdeveloper02/IsaacSim-ros_workspaces-main/humble_ws/install/custom_message/include/custom_message/custom_message/msg/detail/sample_msg__rosidl_typesupport_introspection_c.h
[0.815s] -- Up-to-date symlink: /home/robotdeveloper02/IsaacSim-ros_workspaces-main/humble_ws/install/custom_message/include/custom_message/custom_message/msg/rosidl_typesupport_introspection_c__visibility_control.h
[0.815s] -- Up-to-date symlink: /home/robotdeveloper02/IsaacSim-ros_workspaces-main/humble_ws/install/custom_message/include/custom_message/custom_message/msg/detail/imu_msg__rosidl_typesupport_introspection_cpp.hpp
[0.815s] -- Up-to-date symlink: /home/robotdeveloper02/IsaacSim-ros_workspaces-main/humble_ws/install/custom_message/include/custom_message/custom_message/msg/detail/pose_stamped__rosidl_typesupport_introspection_cpp.hpp
[0.815s] -- Up-to-date symlink: /home/robotdeveloper02/IsaacSim-ros_workspaces-main/humble_ws/install/custom_message/include/custom_message/custom_message/msg/detail/position__rosidl_typesupport_introspection_cpp.hpp
[0.815s] -- Up-to-date symlink: /home/robotdeveloper02/IsaacSim-ros_workspaces-main/humble_ws/install/custom_message/include/custom_message/custom_message/msg/detail/sample_msg__rosidl_typesupport_introspection_cpp.hpp
[0.815s] -- Up-to-date symlink: /home/robotdeveloper02/IsaacSim-ros_workspaces-main/humble_ws/install/custom_message/share/custom_message/environment/pythonpath.sh
[0.815s] -- Up-to-date symlink: /home/robotdeveloper02/IsaacSim-ros_workspaces-main/humble_ws/install/custom_message/share/custom_message/environment/pythonpath.dsv
[0.816s] -- Up-to-date symlink: /home/robotdeveloper02/IsaacSim-ros_workspaces-main/humble_ws/install/custom_message/local/lib/python3.10/dist-packages/custom_message-0.0.0-py3.10.egg-info/PKG-INFO
[0.816s] -- Up-to-date symlink: /home/robotdeveloper02/IsaacSim-ros_workspaces-main/humble_ws/install/custom_message/local/lib/python3.10/dist-packages/custom_message-0.0.0-py3.10.egg-info/SOURCES.txt
[0.816s] -- Up-to-date symlink: /home/robotdeveloper02/IsaacSim-ros_workspaces-main/humble_ws/install/custom_message/local/lib/python3.10/dist-packages/custom_message-0.0.0-py3.10.egg-info/dependency_links.txt
[0.816s] -- Up-to-date symlink: /home/robotdeveloper02/IsaacSim-ros_workspaces-main/humble_ws/install/custom_message/local/lib/python3.10/dist-packages/custom_message-0.0.0-py3.10.egg-info/top_level.txt
[0.816s] -- Up-to-date symlink: /home/robotdeveloper02/IsaacSim-ros_workspaces-main/humble_ws/install/custom_message/local/lib/python3.10/dist-packages/custom_message/__init__.py
[0.817s] -- Up-to-date symlink: /home/robotdeveloper02/IsaacSim-ros_workspaces-main/humble_ws/install/custom_message/local/lib/python3.10/dist-packages/custom_message/_custom_message_s.ep.rosidl_typesupport_c.c
[0.817s] -- Up-to-date symlink: /home/robotdeveloper02/IsaacSim-ros_workspaces-main/humble_ws/install/custom_message/local/lib/python3.10/dist-packages/custom_message/_custom_message_s.ep.rosidl_typesupport_fastrtps_c.c
[0.817s] -- Up-to-date symlink: /home/robotdeveloper02/IsaacSim-ros_workspaces-main/humble_ws/install/custom_message/local/lib/python3.10/dist-packages/custom_message/_custom_message_s.ep.rosidl_typesupport_introspection_c.c
[0.817s] -- Up-to-date symlink: /home/robotdeveloper02/IsaacSim-ros_workspaces-main/humble_ws/install/custom_message/local/lib/python3.10/dist-packages/custom_message/custom_message_s__rosidl_typesupport_c.cpython-310-x86_64-linux-gnu.so
[0.817s] -- Up-to-date symlink: /home/robotdeveloper02/IsaacSim-ros_workspaces-main/humble_ws/install/custom_message/local/lib/python3.10/dist-packages/custom_message/custom_message_s__rosidl_typesupport_fastrtps_c.cpython-310-x86_64-linux-gnu.so
[0.817s] -- Up-to-date symlink: /home/robotdeveloper02/IsaacSim-ros_workspaces-main/humble_ws/install/custom_message/local/lib/python3.10/dist-packages/custom_message/custom_message_s__rosidl_typesupport_introspection_c.cpython-310-x86_64-linux-gnu.so
[0.817s] -- Up-to-date symlink: /home/robotdeveloper02/IsaacSim-ros_workspaces-main/humble_ws/install/custom_message/local/lib/python3.10/dist-packages/custom_message/libcustom_message__rosidl_generator_py.so
[0.818s] -- Up-to-date symlink: /home/robotdeveloper02/IsaacSim-ros_workspaces-main/humble_ws/install/custom_message/local/lib/python3.10/dist-packages/custom_message/msg/__init__.py
[0.818s] -- Up-to-date symlink: /home/robotdeveloper02/IsaacSim-ros_workspaces-main/humble_ws/install/custom_message/local/lib/python3.10/dist-packages/custom_message/msg/_imu_msg.py
[0.818s] -- Up-to-date symlink: /home/robotdeveloper02/IsaacSim-ros_workspaces-main/humble_ws/install/custom_message/local/lib/python3.10/dist-packages/custom_message/msg/_imu_msg_s.c
[0.819s] -- Up-to-date symlink: /home/robotdeveloper02/IsaacSim-ros_workspaces-main/humble_ws/install/custom_message/local/lib/python3.10/dist-packages/custom_message/msg/_pose_stamped.py
[0.819s] -- Up-to-date symlink: /home/robotdeveloper02/IsaacSim-ros_workspaces-main/humble_ws/install/custom_message/local/lib/python3.10/dist-packages/custom_message/msg/_pose_stamped_s.c
[0.819s] -- Up-to-date symlink: /home/robotdeveloper02/IsaacSim-ros_workspaces-main/humble_ws/install/custom_message/local/lib/python3.10/dist-packages/custom_message/msg/_position.py
[0.819s] -- Up-to-date symlink: /home/robotdeveloper02/IsaacSim-ros_workspaces-main/humble_ws/install/custom_message/local/lib/python3.10/dist-packages/custom_message/msg/_position_s.c
[0.819s] -- Up-to-date symlink: /home/robotdeveloper02/IsaacSim-ros_workspaces-main/humble_ws/install/custom_message/local/lib/python3.10/dist-packages/custom_message/msg/_sample_msg.py
[0.819s] -- Up-to-date symlink: /home/robotdeveloper02/IsaacSim-ros_workspaces-main/humble_ws/install/custom_message/local/lib/python3.10/dist-packages/custom_message/msg/_sample_msg_s.c
[0.819s] -- Up-to-date symlink: /home/robotdeveloper02/IsaacSim-ros_workspaces-main/humble_ws/install/custom_message/local/lib/python3.10/dist-packages/custom_message/custom_message_s__rosidl_typesupport_fastrtps_c.cpython-310-x86_64-linux-gnu.so
[0.819s] -- Up-to-date symlink: /home/robotdeveloper02/IsaacSim-ros_workspaces-main/humble_ws/install/custom_message/local/lib/python3.10/dist-packages/custom_message/custom_message_s__rosidl_typesupport_introspection_c.cpython-310-x86_64-linux-gnu.so
[0.819s] -- Up-to-date symlink: /home/robotdeveloper02/IsaacSim-ros_workspaces-main/humble_ws/install/custom_message/local/lib/python3.10/dist-packages/custom_message/custom_message_s__rosidl_typesupport_c.cpython-310-x86_64-linux-gnu.so
[0.819s] -- Up-to-date symlink: /home/robotdeveloper02/IsaacSim-ros_workspaces-main/humble_ws/install/custom_message/share/custom_message/msg/Position.idl
[0.819s] -- Up-to-date symlink: /home/robotdeveloper02/IsaacSim-ros_workspaces-main/humble_ws/install/custom_message/share/custom_message/msg/SampleMsg.idl
[0.820s] -- Up-to-date symlink: /home/robotdeveloper02/IsaacSim-ros_workspaces-main/humble_ws/install/custom_message/share/custom_message/msg/ImuMsg.idl
[0.820s] -- Up-to-date symlink: /home/robotdeveloper02/IsaacSim-ros_workspaces-main/humble_ws/install/custom_message/share/custom_message/msg/Position.idl
[0.820s] -- Up-to-date symlink: /home/robotdeveloper02/IsaacSim-ros_workspaces-main/humble_ws/install/custom_message/share/custom_message/msg/Position.msg
[0.820s] -- Up-to-date symlink: /home/robotdeveloper02/IsaacSim-ros_workspaces-main/humble_ws/install/custom_message/share/custom_message/msg/SampleMsg.msg
[0.820s] -- Up-to-date symlink: /home/robotdeveloper02/IsaacSim-ros_workspaces-main/humble_ws/install/custom_message/share/custom_message/msg/ImuMsg.msg
[0.820s] -- Up-to-date symlink: /home/robotdeveloper02/IsaacSim-ros_workspaces-main/humble_ws/install/custom_message/share/custom_message/msg/Position.msg
[0.820s] -- Up-to-date symlink: /home/robotdeveloper02/IsaacSim-ros_workspaces-main/humble_ws/install/custom_message/share/ament_index/resource_index/package_run_dependencies/custom_message
[0.820s] -- Up-to-date symlink: /home/robotdeveloper02/IsaacSim-ros_workspaces-main/humble_ws/install/custom_message/share/ament_index/resource_index/parent_prefix_path/custom_message
[0.820s] -- Up-to-date symlink: /home/robotdeveloper02/IsaacSim-ros_workspaces-main/humble_ws/install/custom_message/share/custom_message/environment/ament_prefix_path.sh
[0.821s] -- Up-to-date symlink: /home/robotdeveloper02/IsaacSim-ros_workspaces-main/humble_ws/install/custom_message/share/custom_message/environment/ament_prefix_path.dsv
[0.821s] -- Up-to-date symlink: /home/robotdeveloper02/IsaacSim-ros_workspaces-main/humble_ws/install/custom_message/share/custom_message/environment/path.sh
[0.821s] -- Up-to-date symlink: /home/robotdeveloper02/IsaacSim-ros_workspaces-main/humble_ws/install/custom_message/share/custom_message/environment/path.dsv
[0.821s] -- Up-to-date symlink: /home/robotdeveloper02/IsaacSim-ros_workspaces-main/humble_ws/install/custom_message/share/custom_message/local_setup.bash
[0.821s] -- Up-to-date symlink: /home/robotdeveloper02/IsaacSim-ros_workspaces-main/humble_ws/install/custom_message/share/custom_message/local_setup.sh
[0.821s] -- Up-to-date symlink: /home/robotdeveloper02/IsaacSim-ros_workspaces-main/humble_ws/install/custom_message/share/custom_message/local_setup.zsh
[0.822s] -- Up-to-date symlink: /home/robotdeveloper02/IsaacSim-ros_workspaces-main/humble_ws/install/custom_message/share/custom_message/local_setup.dsv
[0.822s] -- Symlinking: /home/robotdeveloper02/IsaacSim-ros_workspaces-main/humble_ws/install/custom_message/share/custom_message/package.dsv
[0.830s] -- Up-to-date symlink: /home/robotdeveloper02/IsaacSim-ros_workspaces-main/humble_ws/install/custom_message/share/ament_index/resource_index/packages/custom_message
[0.830s] -- Up-to-date symlink: /home/robotdeveloper02/IsaacSim-ros_workspaces-main/humble_ws/install/custom_message/share/custom_message/cmake/rosidl_cmake-extras.cmake
[0.830s] -- Up-to-date symlink: /home/robotdeveloper02/IsaacSim-ros_workspaces-main/humble_ws/install/custom_message/share/custom_message/cmake/ament_cmake_export_dependencies-extras.cmake
[0.830s] -- Up-to-date symlink: /home/robotdeveloper02/IsaacSim-ros_workspaces-main/humble_ws/install/custom_message/share/custom_message/cmake/ament_cmake_export_include_directories-extras.cmake
[0.830s] -- Up-to-date symlink: /home/robotdeveloper02/IsaacSim-ros_workspaces-main/humble_ws/install/custom_message/share/custom_message/cmake/ament_cmake_export_libraries-extras.cmake
[0.830s] -- Up-to-date symlink: /home/robotdeveloper02/IsaacSim-ros_workspaces-main/humble_ws/install/custom_message/share/custom_message/cmake/ament_cmake_export_targets-extras.cmake
[0.830s] -- Up-to-date symlink: /home/robotdeveloper02/IsaacSim-ros_workspaces-main/humble_ws/install/custom_message/share/custom_message/cmake/rosidl_cmake_export_typesupport_targets-extras.cmake
[0.830s] -- Up-to-date symlink: /home/robotdeveloper02/IsaacSim-ros_workspaces-main/humble_ws/install/custom_message/share/custom_message/cmake/rosidl_cmake_export_typesupport_libraries-extras.cmake
[0.830s] -- Up-to-date symlink: /home/robotdeveloper02/IsaacSim-ros_workspaces-main/humble_ws/install/custom_message/share/custom_message/cmake/custom_messageConfig.cmake
[0.830s] -- Up-to-date symlink: /home/robotdeveloper02/IsaacSim-ros_workspaces-main/humble_ws/install/custom_message/share/custom_message/cmake/custom_messageConfig-version.cmake
[0.830s] -- Up-to-date symlink: /home/robotdeveloper02/IsaacSim-ros_workspaces-main/humble_ws/install/custom_message/share/custom_message/package.xml
[0.830s] -- Up-to-date: /home/robotdeveloper02/IsaacSim-ros_workspaces-main/humble_ws/install/custom_message/lib/libcustom_message__rosidl_generator_c.so
[0.830s] -- Up-to-date: /home/robotdeveloper02/IsaacSim-ros_workspaces-main/humble_ws/install/custom_message/lib/libcustom_message__rosidl_typesupport_fastrtps_c.so
[0.831s] -- Up-to-date: /home/robotdeveloper02/IsaacSim-ros_workspaces-main/humble_ws/install/custom_message/lib/libcustom_message__rosidl_typesupport_fastrtps_cpp.so
[0.831s] -- Up-to-date: /home/robotdeveloper02/IsaacSim-ros_workspaces-main/humble_ws/install/custom_message/lib/libcustom_message__rosidl_typesupport_introspection_c.so
[0.831s] -- Up-to-date: /home/robotdeveloper02/IsaacSim-ros_workspaces-main/humble_ws/install/custom_message/lib/libcustom_message__rosidl_typesupport_c.so
[0.831s] -- Up-to-date: /home/robotdeveloper02/IsaacSim-ros_workspaces-main/humble_ws/install/custom_message/lib/libcustom_message__rosidl_typesupport_introspection_cpp.so
[0.831s] -- Up-to-date: /home/robotdeveloper02/IsaacSim-ros_workspaces-main/humble_ws/install/custom_message/lib/libcustom_message__rosidl_typesupport_cpp.so
[0.861s] Listing '/home/robotdeveloper02/IsaacSim-ros_workspaces-main/humble_ws/install/custom_message/local/lib/python3.10/dist-packages/custom_message'...
[0.861s] Listing '/home/robotdeveloper02/IsaacSim-ros_workspaces-main/humble_ws/install/custom_message/local/lib/python3.10/dist-packages/custom_message/msg'...
[0.865s] -- Up-to-date: /home/robotdeveloper02/IsaacSim-ros_workspaces-main/humble_ws/install/custom_message/lib/libcustom_message__rosidl_generator_py.so
[0.866s] -- Up-to-date: /home/robotdeveloper02/IsaacSim-ros_workspaces-main/humble_ws/install/custom_message/share/custom_message/cmake/export_custom_message__rosidl_generator_cExport.cmake
[0.866s] -- Up-to-date: /home/robotdeveloper02/IsaacSim-ros_workspaces-main/humble_ws/install/custom_message/share/custom_message/cmake/export_custom_message__rosidl_generator_cExport-noconfig.cmake
[0.866s] -- Up-to-date: /home/robotdeveloper02/IsaacSim-ros_workspaces-main/humble_ws/install/custom_message/share/custom_message/cmake/export_custom_message__rosidl_typesupport_fastrtps_cExport.cmake
[0.866s] -- Up-to-date: /home/robotdeveloper02/IsaacSim-ros_workspaces-main/humble_ws/install/custom_message/share/custom_message/cmake/export_custom_message__rosidl_typesupport_fastrtps_cExport-noconfig.cmake
[0.866s] -- Up-to-date: /home/robotdeveloper02/IsaacSim-ros_workspaces-main/humble_ws/install/custom_message/share/custom_message/cmake/export_custom_message__rosidl_generator_cppExport.cmake
[0.866s] -- Up-to-date: /home/robotdeveloper02/IsaacSim-ros_workspaces-main/humble_ws/install/custom_message/share/custom_message/cmake/export_custom_message__rosidl_typesupport_fastrtps_cppExport.cmake
[0.866s] -- Up-to-date: /home/robotdeveloper02/IsaacSim-ros_workspaces-main/humble_ws/install/custom_message/share/custom_message/cmake/export_custom_message__rosidl_typesupport_fastrtps_cppExport-noconfig.cmake
[0.866s] -- Up-to-date: /home/robotdeveloper02/IsaacSim-ros_workspaces-main/humble_ws/install/custom_message/share/custom_message/cmake/custom_message__rosidl_typesupport_introspection_cExport.cmake
[0.867s] -- Up-to-date: /home/robotdeveloper02/IsaacSim-ros_workspaces-main/humble_ws/install/custom_message/share/custom_message/cmake/custom_message__rosidl_typesupport_introspection_cExport-noconfig.cmake
[0.867s] -- Up-to-date: /home/robotdeveloper02/IsaacSim-ros_workspaces-main/humble_ws/install/custom_message/share/custom_message/cmake/custom_message__rosidl_typesupport_cExport.cmake
[0.867s] -- Up-to-date: /home/robotdeveloper02/IsaacSim-ros_workspaces-main/humble_ws/install/custom_message/share/custom_message/cmake/custom_message__rosidl_typesupport_cExport-noconfig.cmake
[0.867s] -- Up-to-date: /home/robotdeveloper02/IsaacSim-ros_workspaces-main/humble_ws/install/custom_message/share/custom_message/cmake/custom_message__rosidl_typesupport_introspection_cppExport.cmake
[0.867s] -- Up-to-date: /home/robotdeveloper02/IsaacSim-ros_workspaces-main/humble_ws/install/custom_message/share/custom_message/cmake/custom_message__rosidl_typesupport_introspection_cppExport-noconfig.cmake
[0.867s] -- Up-to-date: /home/robotdeveloper02/IsaacSim-ros_workspaces-main/humble_ws/install/custom_message/share/custom_message/cmake/custom_message__rosidl_typesupport_cppExport.cmake
[0.867s] -- Up-to-date: /home/robotdeveloper02/IsaacSim-ros_workspaces-main/humble_ws/install/custom_message/share/custom_message/cmake/custom_message__rosidl_typesupport_cppExport-noconfig.cmake
[0.867s] -- Up-to-date: /home/robotdeveloper02/IsaacSim-ros_workspaces-main/humble_ws/install/custom_message/share/custom_message/cmake/export_custom_message__rosidl_generator_pyExport.cmake
[0.867s] -- Up-to-date: /home/robotdeveloper02/IsaacSim-ros_workspaces-main/humble_ws/install/custom_message/share/custom_message/cmake/export_custom_message__rosidl_generator_pyExport-noconfig.cmake
[0.869s] Invoked command in '/home/robotdeveloper02/IsaacSim-ros_workspaces-main/humble_ws/build/custom_message' returned '0': CMAKE_PREFIX_PATH=/opt/ros/humble /usr/bin/cmake --install /home/robotdeveloper02/IsaacSim-ros_workspaces-main/humble_ws/build/custom_message
