[0.022s] Invoking command in '/home/robotdeveloper02/IsaacSim-ros_workspaces-main/humble_ws/build/carter_navigation': CMAKE_PREFIX_PATH=${CMAKE_PREFIX_PATH}:/opt/ros/humble /usr/bin/cmake /home/robotdeveloper02/IsaacSim-ros_workspaces-main/humble_ws/src/navigation/carter_navigation -DCMAKE_INSTALL_PREFIX=/home/robotdeveloper02/IsaacSim-ros_workspaces-main/humble_ws/install/carter_navigation
[0.193s] -- Found ament_cmake: 1.3.9 (/opt/ros/humble/share/ament_cmake/cmake)
[0.194s] -- Found Python3: /home/robotdeveloper02/anaconda3/bin/python3 (found version "3.10.14") found components: Interpreter 
[0.277s] Traceback (most recent call last):
[0.277s]   File "/opt/ros/humble/share/ament_cmake_core/cmake/core/package_xml_2_cmake.py", line 22, in <module>
[0.277s]     from catkin_pkg.package import parse_package_string
[0.277s] ModuleNotFoundError: No module named 'catkin_pkg'
[0.279s] [31mCMake Error at /opt/ros/humble/share/ament_cmake_core/cmake/core/ament_package_xml.cmake:95 (message):
[0.279s]   execute_process(/home/robotdeveloper02/anaconda3/bin/python3
[0.279s]   /opt/ros/humble/share/ament_cmake_core/cmake/core/package_xml_2_cmake.py
[0.279s]   /home/robotdeveloper02/IsaacSim-ros_workspaces-main/humble_ws/src/navigation/carter_navigation/package.xml
[0.279s]   /home/robotdeveloper02/IsaacSim-ros_workspaces-main/humble_ws/build/carter_navigation/ament_cmake_core/package.cmake)
[0.279s]   returned error code 1
[0.279s] Call Stack (most recent call first):
[0.279s]   /opt/ros/humble/share/ament_cmake_core/cmake/core/ament_package_xml.cmake:49 (_ament_package_xml)
[0.279s]   /opt/ros/humble/share/ament_cmake_core/cmake/core/ament_package.cmake:63 (ament_package_xml)
[0.279s]   CMakeLists.txt:13 (ament_package)
[0.279s] 
[0.280s] [0m
[0.280s] -- Configuring incomplete, errors occurred!
[0.280s] See also "/home/robotdeveloper02/IsaacSim-ros_workspaces-main/humble_ws/build/carter_navigation/CMakeFiles/CMakeOutput.log".
[0.284s] Invoked command in '/home/robotdeveloper02/IsaacSim-ros_workspaces-main/humble_ws/build/carter_navigation' returned '1': CMAKE_PREFIX_PATH=${CMAKE_PREFIX_PATH}:/opt/ros/humble /usr/bin/cmake /home/robotdeveloper02/IsaacSim-ros_workspaces-main/humble_ws/src/navigation/carter_navigation -DCMAKE_INSTALL_PREFIX=/home/robotdeveloper02/IsaacSim-ros_workspaces-main/humble_ws/install/carter_navigation
