[0.638s] Invoking command in '/home/robotdeveloper02/IsaacSim-ros_workspaces-main/humble_ws/src/navigation/isaac_ros_navigation_goal': CONDA_PROMPT_MODIFIER=(base) PYTHONPATH=/home/robotdeveloper02/IsaacSim-ros_workspaces-main/humble_ws/build/isaac_ros_navigation_goal/prefix_override:/usr/lib/python3/dist-packages/colcon_core/task/python/colcon_distutils_commands:/home/robotdeveloper02/IsaacSim-ros_workspaces-main/humble_ws/install/isaac_ros_navigation_goal/lib/python3.10/site-packages:${PYTHONPATH} /usr/bin/python3 -W ignore:setup.py install is deprecated setup.py egg_info --egg-base ../../../build/isaac_ros_navigation_goal build --build-base /home/robotdeveloper02/IsaacSim-ros_workspaces-main/humble_ws/build/isaac_ros_navigation_goal/build install --record /home/robotdeveloper02/IsaacSim-ros_workspaces-main/humble_ws/build/isaac_ros_navigation_goal/install.log --single-version-externally-managed install_data
[0.802s] running egg_info
[0.802s] creating ../../../build/isaac_ros_navigation_goal/isaac_ros_navigation_goal.egg-info
[0.803s] writing ../../../build/isaac_ros_navigation_goal/isaac_ros_navigation_goal.egg-info/PKG-INFO
[0.803s] writing dependency_links to ../../../build/isaac_ros_navigation_goal/isaac_ros_navigation_goal.egg-info/dependency_links.txt
[0.803s] writing entry points to ../../../build/isaac_ros_navigation_goal/isaac_ros_navigation_goal.egg-info/entry_points.txt
[0.803s] writing requirements to ../../../build/isaac_ros_navigation_goal/isaac_ros_navigation_goal.egg-info/requires.txt
[0.803s] writing top-level names to ../../../build/isaac_ros_navigation_goal/isaac_ros_navigation_goal.egg-info/top_level.txt
[0.803s] writing manifest file '../../../build/isaac_ros_navigation_goal/isaac_ros_navigation_goal.egg-info/SOURCES.txt'
[0.804s] reading manifest file '../../../build/isaac_ros_navigation_goal/isaac_ros_navigation_goal.egg-info/SOURCES.txt'
[0.805s] writing manifest file '../../../build/isaac_ros_navigation_goal/isaac_ros_navigation_goal.egg-info/SOURCES.txt'
[0.805s] running build
[0.805s] running build_py
[0.805s] creating /home/robotdeveloper02/IsaacSim-ros_workspaces-main/humble_ws/build/isaac_ros_navigation_goal/build
[0.805s] creating /home/robotdeveloper02/IsaacSim-ros_workspaces-main/humble_ws/build/isaac_ros_navigation_goal/build/lib
[0.805s] creating /home/robotdeveloper02/IsaacSim-ros_workspaces-main/humble_ws/build/isaac_ros_navigation_goal/build/lib/isaac_ros_navigation_goal
[0.805s] copying isaac_ros_navigation_goal/__init__.py -> /home/robotdeveloper02/IsaacSim-ros_workspaces-main/humble_ws/build/isaac_ros_navigation_goal/build/lib/isaac_ros_navigation_goal
[0.805s] copying isaac_ros_navigation_goal/obstacle_map.py -> /home/robotdeveloper02/IsaacSim-ros_workspaces-main/humble_ws/build/isaac_ros_navigation_goal/build/lib/isaac_ros_navigation_goal
[0.805s] copying isaac_ros_navigation_goal/set_goal.py -> /home/robotdeveloper02/IsaacSim-ros_workspaces-main/humble_ws/build/isaac_ros_navigation_goal/build/lib/isaac_ros_navigation_goal
[0.805s] creating /home/robotdeveloper02/IsaacSim-ros_workspaces-main/humble_ws/build/isaac_ros_navigation_goal/build/lib/isaac_ros_navigation_goal/goal_generators
[0.805s] copying isaac_ros_navigation_goal/goal_generators/goal_generator.py -> /home/robotdeveloper02/IsaacSim-ros_workspaces-main/humble_ws/build/isaac_ros_navigation_goal/build/lib/isaac_ros_navigation_goal/goal_generators
[0.805s] copying isaac_ros_navigation_goal/goal_generators/random_goal_generator.py -> /home/robotdeveloper02/IsaacSim-ros_workspaces-main/humble_ws/build/isaac_ros_navigation_goal/build/lib/isaac_ros_navigation_goal/goal_generators
[0.805s] copying isaac_ros_navigation_goal/goal_generators/__init__.py -> /home/robotdeveloper02/IsaacSim-ros_workspaces-main/humble_ws/build/isaac_ros_navigation_goal/build/lib/isaac_ros_navigation_goal/goal_generators
[0.806s] copying isaac_ros_navigation_goal/goal_generators/goal_reader.py -> /home/robotdeveloper02/IsaacSim-ros_workspaces-main/humble_ws/build/isaac_ros_navigation_goal/build/lib/isaac_ros_navigation_goal/goal_generators
[0.806s] running install
[0.806s] running install_lib
[0.806s] creating /home/robotdeveloper02/IsaacSim-ros_workspaces-main/humble_ws/install/isaac_ros_navigation_goal/lib/python3.10/site-packages/isaac_ros_navigation_goal
[0.806s] creating /home/robotdeveloper02/IsaacSim-ros_workspaces-main/humble_ws/install/isaac_ros_navigation_goal/lib/python3.10/site-packages/isaac_ros_navigation_goal/goal_generators
[0.807s] copying /home/robotdeveloper02/IsaacSim-ros_workspaces-main/humble_ws/build/isaac_ros_navigation_goal/build/lib/isaac_ros_navigation_goal/goal_generators/goal_generator.py -> /home/robotdeveloper02/IsaacSim-ros_workspaces-main/humble_ws/install/isaac_ros_navigation_goal/lib/python3.10/site-packages/isaac_ros_navigation_goal/goal_generators
[0.807s] copying /home/robotdeveloper02/IsaacSim-ros_workspaces-main/humble_ws/build/isaac_ros_navigation_goal/build/lib/isaac_ros_navigation_goal/goal_generators/random_goal_generator.py -> /home/robotdeveloper02/IsaacSim-ros_workspaces-main/humble_ws/install/isaac_ros_navigation_goal/lib/python3.10/site-packages/isaac_ros_navigation_goal/goal_generators
[0.807s] copying /home/robotdeveloper02/IsaacSim-ros_workspaces-main/humble_ws/build/isaac_ros_navigation_goal/build/lib/isaac_ros_navigation_goal/goal_generators/__init__.py -> /home/robotdeveloper02/IsaacSim-ros_workspaces-main/humble_ws/install/isaac_ros_navigation_goal/lib/python3.10/site-packages/isaac_ros_navigation_goal/goal_generators
[0.807s] copying /home/robotdeveloper02/IsaacSim-ros_workspaces-main/humble_ws/build/isaac_ros_navigation_goal/build/lib/isaac_ros_navigation_goal/goal_generators/goal_reader.py -> /home/robotdeveloper02/IsaacSim-ros_workspaces-main/humble_ws/install/isaac_ros_navigation_goal/lib/python3.10/site-packages/isaac_ros_navigation_goal/goal_generators
[0.807s] copying /home/robotdeveloper02/IsaacSim-ros_workspaces-main/humble_ws/build/isaac_ros_navigation_goal/build/lib/isaac_ros_navigation_goal/__init__.py -> /home/robotdeveloper02/IsaacSim-ros_workspaces-main/humble_ws/install/isaac_ros_navigation_goal/lib/python3.10/site-packages/isaac_ros_navigation_goal
[0.807s] copying /home/robotdeveloper02/IsaacSim-ros_workspaces-main/humble_ws/build/isaac_ros_navigation_goal/build/lib/isaac_ros_navigation_goal/obstacle_map.py -> /home/robotdeveloper02/IsaacSim-ros_workspaces-main/humble_ws/install/isaac_ros_navigation_goal/lib/python3.10/site-packages/isaac_ros_navigation_goal
[0.807s] copying /home/robotdeveloper02/IsaacSim-ros_workspaces-main/humble_ws/build/isaac_ros_navigation_goal/build/lib/isaac_ros_navigation_goal/set_goal.py -> /home/robotdeveloper02/IsaacSim-ros_workspaces-main/humble_ws/install/isaac_ros_navigation_goal/lib/python3.10/site-packages/isaac_ros_navigation_goal
[0.807s] byte-compiling /home/robotdeveloper02/IsaacSim-ros_workspaces-main/humble_ws/install/isaac_ros_navigation_goal/lib/python3.10/site-packages/isaac_ros_navigation_goal/goal_generators/goal_generator.py to goal_generator.cpython-310.pyc
[0.807s] byte-compiling /home/robotdeveloper02/IsaacSim-ros_workspaces-main/humble_ws/install/isaac_ros_navigation_goal/lib/python3.10/site-packages/isaac_ros_navigation_goal/goal_generators/random_goal_generator.py to random_goal_generator.cpython-310.pyc
[0.808s] byte-compiling /home/robotdeveloper02/IsaacSim-ros_workspaces-main/humble_ws/install/isaac_ros_navigation_goal/lib/python3.10/site-packages/isaac_ros_navigation_goal/goal_generators/__init__.py to __init__.cpython-310.pyc
[0.808s] byte-compiling /home/robotdeveloper02/IsaacSim-ros_workspaces-main/humble_ws/install/isaac_ros_navigation_goal/lib/python3.10/site-packages/isaac_ros_navigation_goal/goal_generators/goal_reader.py to goal_reader.cpython-310.pyc
[0.808s] byte-compiling /home/robotdeveloper02/IsaacSim-ros_workspaces-main/humble_ws/install/isaac_ros_navigation_goal/lib/python3.10/site-packages/isaac_ros_navigation_goal/__init__.py to __init__.cpython-310.pyc
[0.808s] byte-compiling /home/robotdeveloper02/IsaacSim-ros_workspaces-main/humble_ws/install/isaac_ros_navigation_goal/lib/python3.10/site-packages/isaac_ros_navigation_goal/obstacle_map.py to obstacle_map.cpython-310.pyc
[0.809s] byte-compiling /home/robotdeveloper02/IsaacSim-ros_workspaces-main/humble_ws/install/isaac_ros_navigation_goal/lib/python3.10/site-packages/isaac_ros_navigation_goal/set_goal.py to set_goal.cpython-310.pyc
[0.810s] running install_data
[0.810s] creating /home/robotdeveloper02/IsaacSim-ros_workspaces-main/humble_ws/install/isaac_ros_navigation_goal/share/ament_index
[0.810s] creating /home/robotdeveloper02/IsaacSim-ros_workspaces-main/humble_ws/install/isaac_ros_navigation_goal/share/ament_index/resource_index
[0.810s] creating /home/robotdeveloper02/IsaacSim-ros_workspaces-main/humble_ws/install/isaac_ros_navigation_goal/share/ament_index/resource_index/packages
[0.810s] copying resource/isaac_ros_navigation_goal -> /home/robotdeveloper02/IsaacSim-ros_workspaces-main/humble_ws/install/isaac_ros_navigation_goal/share/ament_index/resource_index/packages
[0.810s] copying package.xml -> /home/robotdeveloper02/IsaacSim-ros_workspaces-main/humble_ws/install/isaac_ros_navigation_goal/share/isaac_ros_navigation_goal
[0.810s] creating /home/robotdeveloper02/IsaacSim-ros_workspaces-main/humble_ws/install/isaac_ros_navigation_goal/share/isaac_ros_navigation_goal/launch
[0.810s] copying launch/isaac_ros_navigation_goal.launch.py -> /home/robotdeveloper02/IsaacSim-ros_workspaces-main/humble_ws/install/isaac_ros_navigation_goal/share/isaac_ros_navigation_goal/launch
[0.810s] creating /home/robotdeveloper02/IsaacSim-ros_workspaces-main/humble_ws/install/isaac_ros_navigation_goal/share/isaac_ros_navigation_goal/assets
[0.810s] copying assets/carter_warehouse_navigation.png -> /home/robotdeveloper02/IsaacSim-ros_workspaces-main/humble_ws/install/isaac_ros_navigation_goal/share/isaac_ros_navigation_goal/assets
[0.810s] copying assets/carter_warehouse_navigation.yaml -> /home/robotdeveloper02/IsaacSim-ros_workspaces-main/humble_ws/install/isaac_ros_navigation_goal/share/isaac_ros_navigation_goal/assets
[0.810s] copying assets/goals.txt -> /home/robotdeveloper02/IsaacSim-ros_workspaces-main/humble_ws/install/isaac_ros_navigation_goal/share/isaac_ros_navigation_goal/assets
[0.810s] running install_egg_info
[0.813s] Copying ../../../build/isaac_ros_navigation_goal/isaac_ros_navigation_goal.egg-info to /home/robotdeveloper02/IsaacSim-ros_workspaces-main/humble_ws/install/isaac_ros_navigation_goal/lib/python3.10/site-packages/isaac_ros_navigation_goal-0.0.1-py3.10.egg-info
[0.813s] running install_scripts
[0.832s] Installing SetNavigationGoal script to /home/robotdeveloper02/IsaacSim-ros_workspaces-main/humble_ws/install/isaac_ros_navigation_goal/lib/isaac_ros_navigation_goal
[0.832s] writing list of installed files to '/home/robotdeveloper02/IsaacSim-ros_workspaces-main/humble_ws/build/isaac_ros_navigation_goal/install.log'
[0.853s] Invoked command in '/home/robotdeveloper02/IsaacSim-ros_workspaces-main/humble_ws/src/navigation/isaac_ros_navigation_goal' returned '0': CONDA_PROMPT_MODIFIER=(base) PYTHONPATH=/home/robotdeveloper02/IsaacSim-ros_workspaces-main/humble_ws/build/isaac_ros_navigation_goal/prefix_override:/usr/lib/python3/dist-packages/colcon_core/task/python/colcon_distutils_commands:/home/robotdeveloper02/IsaacSim-ros_workspaces-main/humble_ws/install/isaac_ros_navigation_goal/lib/python3.10/site-packages:${PYTHONPATH} /usr/bin/python3 -W ignore:setup.py install is deprecated setup.py egg_info --egg-base ../../../build/isaac_ros_navigation_goal build --build-base /home/robotdeveloper02/IsaacSim-ros_workspaces-main/humble_ws/build/isaac_ros_navigation_goal/build install --record /home/robotdeveloper02/IsaacSim-ros_workspaces-main/humble_ws/build/isaac_ros_navigation_goal/install.log --single-version-externally-managed install_data
