[0.393s] Invoking command in '/home/robotdeveloper02/IsaacSim-ros_workspaces-main/humble_ws/build/isaac_ros2_messages': CMAKE_PREFIX_PATH=${CMAKE_PREFIX_PATH}:/opt/ros/humble /usr/bin/cmake --build /home/robotdeveloper02/IsaacSim-ros_workspaces-main/humble_ws/build/isaac_ros2_messages -- -j16 -l16
[0.621s] [  1%] Built target isaac_ros2_messages__cpp
[0.622s] [  1%] Built target ament_cmake_python_copy_isaac_ros2_messages
[0.622s] [ 12%] Built target isaac_ros2_messages__rosidl_generator_c
[0.622s] [ 23%] Built target isaac_ros2_messages__rosidl_typesupport_cpp
[0.623s] [ 34%] Built target isaac_ros2_messages__rosidl_typesupport_fastrtps_cpp
[0.623s] [ 46%] Built target isaac_ros2_messages__rosidl_typesupport_introspection_cpp
[0.623s] [ 57%] Built target isaac_ros2_messages__rosidl_typesupport_c
[0.623s] [ 68%] Built target isaac_ros2_messages__rosidl_typesupport_introspection_c
[0.623s] [ 79%] Built target isaac_ros2_messages__rosidl_typesupport_fastrtps_c
[0.623s] [ 79%] Built target isaac_ros2_messages
[0.623s] [ 80%] Built target isaac_ros2_messages__py
[0.624s] [ 90%] Built target isaac_ros2_messages__rosidl_generator_py
[0.624s] [ 96%] Built target isaac_ros2_messages__rosidl_typesupport_introspection_c__pyext
[0.624s] [ 96%] Built target isaac_ros2_messages__rosidl_typesupport_c__pyext
[0.624s] [100%] Built target isaac_ros2_messages__rosidl_typesupport_fastrtps_c__pyext
[0.679s] running egg_info
[0.680s] writing isaac_ros2_messages.egg-info/PKG-INFO
[0.681s] writing dependency_links to isaac_ros2_messages.egg-info/dependency_links.txt
[0.681s] writing top-level names to isaac_ros2_messages.egg-info/top_level.txt
[0.685s] reading manifest file 'isaac_ros2_messages.egg-info/SOURCES.txt'
[0.688s] writing manifest file 'isaac_ros2_messages.egg-info/SOURCES.txt'
[0.716s] [100%] Built target ament_cmake_python_build_isaac_ros2_messages_egg
[0.727s] Invoked command in '/home/robotdeveloper02/IsaacSim-ros_workspaces-main/humble_ws/build/isaac_ros2_messages' returned '0': CMAKE_PREFIX_PATH=${CMAKE_PREFIX_PATH}:/opt/ros/humble /usr/bin/cmake --build /home/robotdeveloper02/IsaacSim-ros_workspaces-main/humble_ws/build/isaac_ros2_messages -- -j16 -l16
