[0.225s] Invoking command in '/home/robotdeveloper02/IsaacSim-ros_workspaces-main/humble_ws/build/isaac_ros2_messages': CMAKE_PREFIX_PATH=${CMAKE_PREFIX_PATH}:/home/robotdeveloper02/IsaacSim-ros_workspaces-main/humble_ws/install/error_subscriber:/home/robotdeveloper02/IsaacSim-ros_workspaces-main/humble_ws/install/my_ros2_package:/home/robotdeveloper02/IsaacSim-ros_workspaces-main/humble_ws/install/jetbot_controller:/home/robotdeveloper02/IsaacSim-ros_workspaces-main/humble_ws/install/isaac_ros_navigation_goal:/home/robotdeveloper02/IsaacSim-ros_workspaces-main/humble_ws/install/error_plotter:/opt/ros/humble /usr/bin/cmake --build /home/robotdeveloper02/IsaacSim-ros_workspaces-main/humble_ws/build/isaac_ros2_messages -- -j16 -l16
[0.816s] [  1%] Built target isaac_ros2_messages__cpp
[0.816s] [ 12%] Built target isaac_ros2_messages__rosidl_generator_c
[0.816s] [ 12%] Built target ament_cmake_python_copy_isaac_ros2_messages
[0.816s] [ 25%] Built target isaac_ros2_messages__rosidl_typesupport_cpp
[0.816s] [ 41%] Built target isaac_ros2_messages__rosidl_typesupport_introspection_c
[0.816s] [ 46%] Built target isaac_ros2_messages__rosidl_typesupport_introspection_cpp
[0.816s] [ 68%] Built target isaac_ros2_messages__rosidl_typesupport_c
[0.816s] [ 68%] Built target isaac_ros2_messages__rosidl_typesupport_fastrtps_cpp
[0.816s] [ 79%] Built target isaac_ros2_messages__rosidl_typesupport_fastrtps_c
[0.817s] [ 79%] Built target isaac_ros2_messages
[0.817s] [ 80%] Built target isaac_ros2_messages__py
[0.817s] [ 90%] Built target isaac_ros2_messages__rosidl_generator_py
[0.817s] [100%] Built target isaac_ros2_messages__rosidl_typesupport_c__pyext
[0.817s] [100%] Built target isaac_ros2_messages__rosidl_typesupport_fastrtps_c__pyext
[0.817s] [100%] Built target isaac_ros2_messages__rosidl_typesupport_introspection_c__pyext
[0.817s] running egg_info
[0.817s] writing isaac_ros2_messages.egg-info/PKG-INFO
[0.817s] writing dependency_links to isaac_ros2_messages.egg-info/dependency_links.txt
[0.817s] writing top-level names to isaac_ros2_messages.egg-info/top_level.txt
[0.817s] reading manifest file 'isaac_ros2_messages.egg-info/SOURCES.txt'
[0.817s] writing manifest file 'isaac_ros2_messages.egg-info/SOURCES.txt'
[0.817s] [100%] Built target ament_cmake_python_build_isaac_ros2_messages_egg
[0.822s] Invoked command in '/home/robotdeveloper02/IsaacSim-ros_workspaces-main/humble_ws/build/isaac_ros2_messages' returned '0': CMAKE_PREFIX_PATH=${CMAKE_PREFIX_PATH}:/home/robotdeveloper02/IsaacSim-ros_workspaces-main/humble_ws/install/error_subscriber:/home/robotdeveloper02/IsaacSim-ros_workspaces-main/humble_ws/install/my_ros2_package:/home/robotdeveloper02/IsaacSim-ros_workspaces-main/humble_ws/install/jetbot_controller:/home/robotdeveloper02/IsaacSim-ros_workspaces-main/humble_ws/install/isaac_ros_navigation_goal:/home/robotdeveloper02/IsaacSim-ros_workspaces-main/humble_ws/install/error_plotter:/opt/ros/humble /usr/bin/cmake --build /home/robotdeveloper02/IsaacSim-ros_workspaces-main/humble_ws/build/isaac_ros2_messages -- -j16 -l16
