[0.020s] Invoking command in '/home/robotdeveloper02/IsaacSim-ros_workspaces-main/humble_ws/build/isaac_ros2_messages': CMAKE_PREFIX_PATH=/opt/ros/humble /usr/bin/cmake --build /home/robotdeveloper02/IsaacSim-ros_workspaces-main/humble_ws/build/isaac_ros2_messages -- -j16 -l16
[0.229s] [  1%] Built target isaac_ros2_messages__cpp
[0.229s] [ 12%] Built target isaac_ros2_messages__rosidl_generator_c
[0.229s] [ 12%] Built target ament_cmake_python_copy_isaac_ros2_messages
[0.230s] [ 26%] Built target isaac_ros2_messages__rosidl_typesupport_introspection_c
[0.230s] [ 34%] Built target isaac_ros2_messages__rosidl_typesupport_cpp
[0.230s] [ 50%] Built target isaac_ros2_messages__rosidl_typesupport_c
[0.230s] [ 61%] Built target isaac_ros2_messages__rosidl_typesupport_fastrtps_c
[0.230s] [ 68%] Built target isaac_ros2_messages__rosidl_typesupport_introspection_cpp
[0.230s] [ 79%] Built target isaac_ros2_messages__rosidl_typesupport_fastrtps_cpp
[0.230s] [ 79%] Built target isaac_ros2_messages
[0.230s] [ 80%] Built target isaac_ros2_messages__py
[0.230s] [ 90%] Built target isaac_ros2_messages__rosidl_generator_py
[0.230s] [ 93%] Built target isaac_ros2_messages__rosidl_typesupport_introspection_c__pyext
[0.230s] [100%] Built target isaac_ros2_messages__rosidl_typesupport_fastrtps_c__pyext
[0.230s] [100%] Built target isaac_ros2_messages__rosidl_typesupport_c__pyext
[0.246s] running egg_info
[0.246s] writing isaac_ros2_messages.egg-info/PKG-INFO
[0.246s] writing dependency_links to isaac_ros2_messages.egg-info/dependency_links.txt
[0.246s] writing top-level names to isaac_ros2_messages.egg-info/top_level.txt
[0.248s] reading manifest file 'isaac_ros2_messages.egg-info/SOURCES.txt'
[0.249s] writing manifest file 'isaac_ros2_messages.egg-info/SOURCES.txt'
[0.270s] [100%] Built target ament_cmake_python_build_isaac_ros2_messages_egg
[0.419s] Invoked command in '/home/robotdeveloper02/IsaacSim-ros_workspaces-main/humble_ws/build/isaac_ros2_messages' returned '0': CMAKE_PREFIX_PATH=/opt/ros/humble /usr/bin/cmake --build /home/robotdeveloper02/IsaacSim-ros_workspaces-main/humble_ws/build/isaac_ros2_messages -- -j16 -l16
