CMakeFiles/custom_message__cpp.dir/build.make:204: warning: overriding recipe for target 'rosidl_generator_cpp/custom_message/msg/position.hpp'
CMakeFiles/custom_message__cpp.dir/build.make:167: warning: ignoring old recipe for target 'rosidl_generator_cpp/custom_message/msg/position.hpp'
CMakeFiles/custom_message__cpp.dir/build.make:207: warning: overriding recipe for target 'rosidl_generator_cpp/custom_message/msg/detail/position__builder.hpp'
CMakeFiles/custom_message__cpp.dir/build.make:171: warning: ignoring old recipe for target 'rosidl_generator_cpp/custom_message/msg/detail/position__builder.hpp'
CMakeFiles/custom_message__cpp.dir/build.make:210: warning: overriding recipe for target 'rosidl_generator_cpp/custom_message/msg/detail/position__struct.hpp'
CMakeFiles/custom_message__cpp.dir/build.make:174: warning: ignoring old recipe for target 'rosidl_generator_cpp/custom_message/msg/detail/position__struct.hpp'
CMakeFiles/custom_message__cpp.dir/build.make:213: warning: overriding recipe for target 'rosidl_generator_cpp/custom_message/msg/detail/position__traits.hpp'
CMakeFiles/custom_message__cpp.dir/build.make:177: warning: ignoring old recipe for target 'rosidl_generator_cpp/custom_message/msg/detail/position__traits.hpp'
CMakeFiles/custom_message__rosidl_generator_c.dir/build.make:188: warning: overriding recipe for target 'rosidl_generator_c/custom_message/msg/position.h'
CMakeFiles/custom_message__rosidl_generator_c.dir/build.make:151: warning: ignoring old recipe for target 'rosidl_generator_c/custom_message/msg/position.h'
CMakeFiles/custom_message__rosidl_generator_c.dir/build.make:191: warning: overriding recipe for target 'rosidl_generator_c/custom_message/msg/detail/position__functions.h'
CMakeFiles/custom_message__rosidl_generator_c.dir/build.make:155: warning: ignoring old recipe for target 'rosidl_generator_c/custom_message/msg/detail/position__functions.h'
CMakeFiles/custom_message__rosidl_generator_c.dir/build.make:194: warning: overriding recipe for target 'rosidl_generator_c/custom_message/msg/detail/position__struct.h'
CMakeFiles/custom_message__rosidl_generator_c.dir/build.make:158: warning: ignoring old recipe for target 'rosidl_generator_c/custom_message/msg/detail/position__struct.h'
CMakeFiles/custom_message__rosidl_generator_c.dir/build.make:197: warning: overriding recipe for target 'rosidl_generator_c/custom_message/msg/detail/position__type_support.h'
CMakeFiles/custom_message__rosidl_generator_c.dir/build.make:161: warning: ignoring old recipe for target 'rosidl_generator_c/custom_message/msg/detail/position__type_support.h'
CMakeFiles/custom_message__rosidl_generator_c.dir/build.make:209: warning: overriding recipe for target 'rosidl_generator_c/custom_message/msg/detail/position__functions.c'
CMakeFiles/custom_message__rosidl_generator_c.dir/build.make:200: warning: ignoring old recipe for target 'rosidl_generator_c/custom_message/msg/detail/position__functions.c'
gmake[2]: Circular rosidl_generator_c/custom_message/msg/position.h <- rosidl_generator_c/custom_message/msg/position.h dependency dropped.
CMakeFiles/custom_message__cpp.dir/build.make:204: warning: overriding recipe for target 'rosidl_generator_cpp/custom_message/msg/position.hpp'
CMakeFiles/custom_message__cpp.dir/build.make:167: warning: ignoring old recipe for target 'rosidl_generator_cpp/custom_message/msg/position.hpp'
CMakeFiles/custom_message__cpp.dir/build.make:207: warning: overriding recipe for target 'rosidl_generator_cpp/custom_message/msg/detail/position__builder.hpp'
CMakeFiles/custom_message__cpp.dir/build.make:171: warning: ignoring old recipe for target 'rosidl_generator_cpp/custom_message/msg/detail/position__builder.hpp'
CMakeFiles/custom_message__cpp.dir/build.make:210: warning: overriding recipe for target 'rosidl_generator_cpp/custom_message/msg/detail/position__struct.hpp'
CMakeFiles/custom_message__cpp.dir/build.make:174: warning: ignoring old recipe for target 'rosidl_generator_cpp/custom_message/msg/detail/position__struct.hpp'
CMakeFiles/custom_message__cpp.dir/build.make:213: warning: overriding recipe for target 'rosidl_generator_cpp/custom_message/msg/detail/position__traits.hpp'
CMakeFiles/custom_message__cpp.dir/build.make:177: warning: ignoring old recipe for target 'rosidl_generator_cpp/custom_message/msg/detail/position__traits.hpp'
gmake[2]: Circular rosidl_generator_cpp/custom_message/msg/position.hpp <- rosidl_generator_cpp/custom_message/msg/position.hpp dependency dropped.
CMakeFiles/custom_message__rosidl_generator_c.dir/build.make:188: warning: overriding recipe for target 'rosidl_generator_c/custom_message/msg/position.h'
CMakeFiles/custom_message__rosidl_generator_c.dir/build.make:151: warning: ignoring old recipe for target 'rosidl_generator_c/custom_message/msg/position.h'
CMakeFiles/custom_message__rosidl_generator_c.dir/build.make:191: warning: overriding recipe for target 'rosidl_generator_c/custom_message/msg/detail/position__functions.h'
CMakeFiles/custom_message__rosidl_generator_c.dir/build.make:155: warning: ignoring old recipe for target 'rosidl_generator_c/custom_message/msg/detail/position__functions.h'
CMakeFiles/custom_message__rosidl_generator_c.dir/build.make:194: warning: overriding recipe for target 'rosidl_generator_c/custom_message/msg/detail/position__struct.h'
CMakeFiles/custom_message__rosidl_generator_c.dir/build.make:158: warning: ignoring old recipe for target 'rosidl_generator_c/custom_message/msg/detail/position__struct.h'
CMakeFiles/custom_message__rosidl_generator_c.dir/build.make:197: warning: overriding recipe for target 'rosidl_generator_c/custom_message/msg/detail/position__type_support.h'
CMakeFiles/custom_message__rosidl_generator_c.dir/build.make:161: warning: ignoring old recipe for target 'rosidl_generator_c/custom_message/msg/detail/position__type_support.h'
CMakeFiles/custom_message__rosidl_generator_c.dir/build.make:209: warning: overriding recipe for target 'rosidl_generator_c/custom_message/msg/detail/position__functions.c'
CMakeFiles/custom_message__rosidl_generator_c.dir/build.make:200: warning: ignoring old recipe for target 'rosidl_generator_c/custom_message/msg/detail/position__functions.c'
gmake[2]: Circular rosidl_generator_c/custom_message/msg/position.h <- rosidl_generator_c/custom_message/msg/position.h dependency dropped.
CMakeFiles/custom_message__rosidl_typesupport_cpp.dir/build.make:154: warning: overriding recipe for target 'rosidl_typesupport_cpp/custom_message/msg/position__type_support.cpp'
CMakeFiles/custom_message__rosidl_typesupport_cpp.dir/build.make:144: warning: ignoring old recipe for target 'rosidl_typesupport_cpp/custom_message/msg/position__type_support.cpp'
gmake[2]: Circular rosidl_typesupport_cpp/custom_message/msg/position__type_support.cpp <- rosidl_typesupport_cpp/custom_message/msg/position__type_support.cpp dependency dropped.
CMakeFiles/custom_message__rosidl_typesupport_fastrtps_cpp.dir/build.make:165: warning: overriding recipe for target 'rosidl_typesupport_fastrtps_cpp/custom_message/msg/detail/dds_fastrtps/position__type_support.cpp'
CMakeFiles/custom_message__rosidl_typesupport_fastrtps_cpp.dir/build.make:146: warning: ignoring old recipe for target 'rosidl_typesupport_fastrtps_cpp/custom_message/msg/detail/dds_fastrtps/position__type_support.cpp'
CMakeFiles/custom_message__rosidl_typesupport_fastrtps_cpp.dir/build.make:168: warning: overriding recipe for target 'rosidl_typesupport_fastrtps_cpp/custom_message/msg/detail/position__rosidl_typesupport_fastrtps_cpp.hpp'
CMakeFiles/custom_message__rosidl_typesupport_fastrtps_cpp.dir/build.make:150: warning: ignoring old recipe for target 'rosidl_typesupport_fastrtps_cpp/custom_message/msg/detail/position__rosidl_typesupport_fastrtps_cpp.hpp'
gmake[2]: Circular rosidl_typesupport_fastrtps_cpp/custom_message/msg/detail/dds_fastrtps/position__type_support.cpp <- rosidl_typesupport_fastrtps_cpp/custom_message/msg/detail/dds_fastrtps/position__type_support.cpp dependency dropped.
CMakeFiles/custom_message__rosidl_typesupport_introspection_cpp.dir/build.make:156: warning: overriding recipe for target 'rosidl_typesupport_introspection_cpp/custom_message/msg/detail/position__rosidl_typesupport_introspection_cpp.hpp'
CMakeFiles/custom_message__rosidl_typesupport_introspection_cpp.dir/build.make:146: warning: ignoring old recipe for target 'rosidl_typesupport_introspection_cpp/custom_message/msg/detail/position__rosidl_typesupport_introspection_cpp.hpp'
CMakeFiles/custom_message__rosidl_typesupport_introspection_cpp.dir/build.make:168: warning: overriding recipe for target 'rosidl_typesupport_introspection_cpp/custom_message/msg/detail/position__type_support.cpp'
CMakeFiles/custom_message__rosidl_typesupport_introspection_cpp.dir/build.make:159: warning: ignoring old recipe for target 'rosidl_typesupport_introspection_cpp/custom_message/msg/detail/position__type_support.cpp'
gmake[2]: Circular rosidl_typesupport_introspection_cpp/custom_message/msg/detail/position__rosidl_typesupport_introspection_cpp.hpp <- rosidl_typesupport_introspection_cpp/custom_message/msg/detail/position__rosidl_typesupport_introspection_cpp.hpp dependency dropped.
CMakeFiles/custom_message__rosidl_typesupport_introspection_c.dir/build.make:156: warning: overriding recipe for target 'rosidl_typesupport_introspection_c/custom_message/msg/detail/position__rosidl_typesupport_introspection_c.h'
CMakeFiles/custom_message__rosidl_typesupport_introspection_c.dir/build.make:146: warning: ignoring old recipe for target 'rosidl_typesupport_introspection_c/custom_message/msg/detail/position__rosidl_typesupport_introspection_c.h'
CMakeFiles/custom_message__rosidl_typesupport_introspection_c.dir/build.make:168: warning: overriding recipe for target 'rosidl_typesupport_introspection_c/custom_message/msg/detail/position__type_support.c'
CMakeFiles/custom_message__rosidl_typesupport_introspection_c.dir/build.make:159: warning: ignoring old recipe for target 'rosidl_typesupport_introspection_c/custom_message/msg/detail/position__type_support.c'
gmake[2]: Circular rosidl_typesupport_introspection_c/custom_message/msg/detail/position__rosidl_typesupport_introspection_c.h <- rosidl_typesupport_introspection_c/custom_message/msg/detail/position__rosidl_typesupport_introspection_c.h dependency dropped.
CMakeFiles/custom_message__rosidl_typesupport_fastrtps_c.dir/build.make:165: warning: overriding recipe for target 'rosidl_typesupport_fastrtps_c/custom_message/msg/detail/position__rosidl_typesupport_fastrtps_c.h'
CMakeFiles/custom_message__rosidl_typesupport_fastrtps_c.dir/build.make:146: warning: ignoring old recipe for target 'rosidl_typesupport_fastrtps_c/custom_message/msg/detail/position__rosidl_typesupport_fastrtps_c.h'
CMakeFiles/custom_message__rosidl_typesupport_fastrtps_c.dir/build.make:168: warning: overriding recipe for target 'rosidl_typesupport_fastrtps_c/custom_message/msg/detail/position__type_support_c.cpp'
CMakeFiles/custom_message__rosidl_typesupport_fastrtps_c.dir/build.make:150: warning: ignoring old recipe for target 'rosidl_typesupport_fastrtps_c/custom_message/msg/detail/position__type_support_c.cpp'
gmake[2]: Circular rosidl_typesupport_fastrtps_c/custom_message/msg/detail/position__rosidl_typesupport_fastrtps_c.h <- rosidl_typesupport_fastrtps_c/custom_message/msg/detail/position__rosidl_typesupport_fastrtps_c.h dependency dropped.
CMakeFiles/custom_message__rosidl_typesupport_c.dir/build.make:154: warning: overriding recipe for target 'rosidl_typesupport_c/custom_message/msg/position__type_support.cpp'
CMakeFiles/custom_message__rosidl_typesupport_c.dir/build.make:144: warning: ignoring old recipe for target 'rosidl_typesupport_c/custom_message/msg/position__type_support.cpp'
gmake[2]: Circular rosidl_typesupport_c/custom_message/msg/position__type_support.cpp <- rosidl_typesupport_c/custom_message/msg/position__type_support.cpp dependency dropped.
CMakeFiles/custom_message__rosidl_typesupport_cpp.dir/build.make:154: warning: overriding recipe for target 'rosidl_typesupport_cpp/custom_message/msg/position__type_support.cpp'
CMakeFiles/custom_message__rosidl_typesupport_cpp.dir/build.make:144: warning: ignoring old recipe for target 'rosidl_typesupport_cpp/custom_message/msg/position__type_support.cpp'
gmake[2]: Circular rosidl_typesupport_cpp/custom_message/msg/position__type_support.cpp <- rosidl_typesupport_cpp/custom_message/msg/position__type_support.cpp dependency dropped.
CMakeFiles/custom_message__rosidl_typesupport_introspection_c.dir/build.make:156: warning: overriding recipe for target 'rosidl_typesupport_introspection_c/custom_message/msg/detail/position__rosidl_typesupport_introspection_c.h'
CMakeFiles/custom_message__rosidl_typesupport_introspection_c.dir/build.make:146: warning: ignoring old recipe for target 'rosidl_typesupport_introspection_c/custom_message/msg/detail/position__rosidl_typesupport_introspection_c.h'
CMakeFiles/custom_message__rosidl_typesupport_introspection_c.dir/build.make:168: warning: overriding recipe for target 'rosidl_typesupport_introspection_c/custom_message/msg/detail/position__type_support.c'
CMakeFiles/custom_message__rosidl_typesupport_introspection_c.dir/build.make:159: warning: ignoring old recipe for target 'rosidl_typesupport_introspection_c/custom_message/msg/detail/position__type_support.c'
gmake[2]: Circular rosidl_typesupport_introspection_c/custom_message/msg/detail/position__rosidl_typesupport_introspection_c.h <- rosidl_typesupport_introspection_c/custom_message/msg/detail/position__rosidl_typesupport_introspection_c.h dependency dropped.
CMakeFiles/custom_message__rosidl_typesupport_introspection_cpp.dir/build.make:156: warning: overriding recipe for target 'rosidl_typesupport_introspection_cpp/custom_message/msg/detail/position__rosidl_typesupport_introspection_cpp.hpp'
CMakeFiles/custom_message__rosidl_typesupport_introspection_cpp.dir/build.make:146: warning: ignoring old recipe for target 'rosidl_typesupport_introspection_cpp/custom_message/msg/detail/position__rosidl_typesupport_introspection_cpp.hpp'
CMakeFiles/custom_message__rosidl_typesupport_introspection_cpp.dir/build.make:168: warning: overriding recipe for target 'rosidl_typesupport_introspection_cpp/custom_message/msg/detail/position__type_support.cpp'
CMakeFiles/custom_message__rosidl_typesupport_introspection_cpp.dir/build.make:159: warning: ignoring old recipe for target 'rosidl_typesupport_introspection_cpp/custom_message/msg/detail/position__type_support.cpp'
gmake[2]: Circular rosidl_typesupport_introspection_cpp/custom_message/msg/detail/position__rosidl_typesupport_introspection_cpp.hpp <- rosidl_typesupport_introspection_cpp/custom_message/msg/detail/position__rosidl_typesupport_introspection_cpp.hpp dependency dropped.
CMakeFiles/custom_message__rosidl_typesupport_fastrtps_c.dir/build.make:165: warning: overriding recipe for target 'rosidl_typesupport_fastrtps_c/custom_message/msg/detail/position__rosidl_typesupport_fastrtps_c.h'
CMakeFiles/custom_message__rosidl_typesupport_fastrtps_c.dir/build.make:146: warning: ignoring old recipe for target 'rosidl_typesupport_fastrtps_c/custom_message/msg/detail/position__rosidl_typesupport_fastrtps_c.h'
CMakeFiles/custom_message__rosidl_typesupport_fastrtps_c.dir/build.make:168: warning: overriding recipe for target 'rosidl_typesupport_fastrtps_c/custom_message/msg/detail/position__type_support_c.cpp'
CMakeFiles/custom_message__rosidl_typesupport_fastrtps_c.dir/build.make:150: warning: ignoring old recipe for target 'rosidl_typesupport_fastrtps_c/custom_message/msg/detail/position__type_support_c.cpp'
gmake[2]: Circular rosidl_typesupport_fastrtps_c/custom_message/msg/detail/position__rosidl_typesupport_fastrtps_c.h <- rosidl_typesupport_fastrtps_c/custom_message/msg/detail/position__rosidl_typesupport_fastrtps_c.h dependency dropped.
CMakeFiles/custom_message__rosidl_typesupport_fastrtps_cpp.dir/build.make:165: warning: overriding recipe for target 'rosidl_typesupport_fastrtps_cpp/custom_message/msg/detail/dds_fastrtps/position__type_support.cpp'
CMakeFiles/custom_message__rosidl_typesupport_fastrtps_cpp.dir/build.make:146: warning: ignoring old recipe for target 'rosidl_typesupport_fastrtps_cpp/custom_message/msg/detail/dds_fastrtps/position__type_support.cpp'
CMakeFiles/custom_message__rosidl_typesupport_fastrtps_cpp.dir/build.make:168: warning: overriding recipe for target 'rosidl_typesupport_fastrtps_cpp/custom_message/msg/detail/position__rosidl_typesupport_fastrtps_cpp.hpp'
CMakeFiles/custom_message__rosidl_typesupport_fastrtps_cpp.dir/build.make:150: warning: ignoring old recipe for target 'rosidl_typesupport_fastrtps_cpp/custom_message/msg/detail/position__rosidl_typesupport_fastrtps_cpp.hpp'
gmake[2]: Circular rosidl_typesupport_fastrtps_cpp/custom_message/msg/detail/dds_fastrtps/position__type_support.cpp <- rosidl_typesupport_fastrtps_cpp/custom_message/msg/detail/dds_fastrtps/position__type_support.cpp dependency dropped.
CMakeFiles/custom_message__rosidl_typesupport_c.dir/build.make:154: warning: overriding recipe for target 'rosidl_typesupport_c/custom_message/msg/position__type_support.cpp'
CMakeFiles/custom_message__rosidl_typesupport_c.dir/build.make:144: warning: ignoring old recipe for target 'rosidl_typesupport_c/custom_message/msg/position__type_support.cpp'
gmake[2]: Circular rosidl_typesupport_c/custom_message/msg/position__type_support.cpp <- rosidl_typesupport_c/custom_message/msg/position__type_support.cpp dependency dropped.
custom_message__py/CMakeFiles/custom_message__py.dir/build.make:180: warning: overriding recipe for target 'rosidl_generator_py/custom_message/msg/_position.py'
custom_message__py/CMakeFiles/custom_message__py.dir/build.make:171: warning: ignoring old recipe for target 'rosidl_generator_py/custom_message/msg/_position.py'
custom_message__py/CMakeFiles/custom_message__py.dir/build.make:195: warning: overriding recipe for target 'rosidl_generator_py/custom_message/msg/_position_s.c'
custom_message__py/CMakeFiles/custom_message__py.dir/build.make:186: warning: ignoring old recipe for target 'rosidl_generator_py/custom_message/msg/_position_s.c'
custom_message__py/CMakeFiles/custom_message__py.dir/build.make:180: warning: overriding recipe for target 'rosidl_generator_py/custom_message/msg/_position.py'
custom_message__py/CMakeFiles/custom_message__py.dir/build.make:171: warning: ignoring old recipe for target 'rosidl_generator_py/custom_message/msg/_position.py'
custom_message__py/CMakeFiles/custom_message__py.dir/build.make:195: warning: overriding recipe for target 'rosidl_generator_py/custom_message/msg/_position_s.c'
custom_message__py/CMakeFiles/custom_message__py.dir/build.make:186: warning: ignoring old recipe for target 'rosidl_generator_py/custom_message/msg/_position_s.c'
