[0.024s] Invoking command in '/home/robotdeveloper02/IsaacSim-ros_workspaces-main/humble_ws/src/build/isaac_ros2_messages': CMAKE_PREFIX_PATH=/opt/ros/humble /usr/bin/cmake /home/robotdeveloper02/IsaacSim-ros_workspaces-main/humble_ws/src/isaac_ros2_messages -DCMAKE_INSTALL_PREFIX=/home/robotdeveloper02/IsaacSim-ros_workspaces-main/humble_ws/src/install/isaac_ros2_messages
[0.456s] -- The C compiler identification is GNU 12.3.0
[0.457s] -- The CXX compiler identification is GNU 11.4.0
[0.457s] -- Detecting C compiler ABI info
[0.457s] -- Detecting C compiler ABI info - done
[0.457s] -- Check for working C compiler: /usr/bin/cc - skipped
[0.457s] -- Detecting C compile features
[0.457s] -- Detecting C compile features - done
[0.457s] -- Detecting CXX compiler ABI info
[0.457s] -- Detecting CXX compiler ABI info - done
[0.457s] -- Check for working CXX compiler: /usr/bin/c++ - skipped
[0.457s] -- Detecting CXX compile features
[0.457s] -- Detecting CXX compile features - done
[0.457s] -- Found ament_cmake: 1.3.10 (/opt/ros/humble/share/ament_cmake/cmake)
[0.457s] -- Found Python3: /usr/bin/python3 (found version "3.10.12") found components: Interpreter 
[0.457s] -- Found ament_lint_auto: 0.12.11 (/opt/ros/humble/share/ament_lint_auto/cmake)
[0.503s] -- Found builtin_interfaces: 1.2.1 (/opt/ros/humble/share/builtin_interfaces/cmake)
[0.530s] -- Found rosidl_generator_c: 3.1.5 (/opt/ros/humble/share/rosidl_generator_c/cmake)
[0.535s] -- Found rosidl_adapter: 3.1.5 (/opt/ros/humble/share/rosidl_adapter/cmake)
[0.540s] -- Found rosidl_generator_cpp: 3.1.5 (/opt/ros/humble/share/rosidl_generator_cpp/cmake)
[0.548s] -- Using all available rosidl_typesupport_c: rosidl_typesupport_fastrtps_c;rosidl_typesupport_introspection_c
[0.559s] -- Using all available rosidl_typesupport_cpp: rosidl_typesupport_fastrtps_cpp;rosidl_typesupport_introspection_cpp
[0.570s] -- Found rosidl_default_generators: 1.2.0 (/opt/ros/humble/share/rosidl_default_generators/cmake)
[0.631s] -- Found OpenSSL: /usr/lib/x86_64-linux-gnu/libcrypto.so (found version "3.0.2")  
[0.633s] -- Found std_msgs: 4.2.4 (/opt/ros/humble/share/std_msgs/cmake)
[0.642s] -- Found geometry_msgs: 4.2.4 (/opt/ros/humble/share/geometry_msgs/cmake)
[0.879s] -- Found ament_cmake_ros: 0.10.0 (/opt/ros/humble/share/ament_cmake_ros/cmake)
[1.185s] -- Using all available rosidl_typesupport_c: rosidl_typesupport_fastrtps_c;rosidl_typesupport_introspection_c
[1.306s] -- Using all available rosidl_typesupport_cpp: rosidl_typesupport_fastrtps_cpp;rosidl_typesupport_introspection_cpp
[1.322s] -- Found PythonInterp: /usr/bin/python3 (found suitable version "3.10.12", minimum required is "3.6") 
[1.323s] -- Found python_cmake_module: 0.10.0 (/opt/ros/humble/share/python_cmake_module/cmake)
[1.343s] -- Found PythonLibs: /usr/lib/x86_64-linux-gnu/libpython3.10.so (found suitable version "3.10.12", minimum required is "3.5") 
[1.343s] -- Using PYTHON_EXECUTABLE: /usr/bin/python3
[1.343s] -- Using PYTHON_INCLUDE_DIRS: /usr/include/python3.10
[1.343s] -- Using PYTHON_LIBRARIES: /usr/lib/x86_64-linux-gnu/libpython3.10.so
[1.358s] -- Found PythonExtra: .so  
[1.400s] -- Added test 'copyright' to check source files copyright and LICENSE
[1.401s] -- Added test 'lint_cmake' to check CMake code style
[1.402s] -- Added test 'xmllint' to check XML markup files
[1.405s] -- Configuring done
[1.435s] -- Generating done
[1.437s] -- Build files have been written to: /home/robotdeveloper02/IsaacSim-ros_workspaces-main/humble_ws/src/build/isaac_ros2_messages
[1.445s] Invoked command in '/home/robotdeveloper02/IsaacSim-ros_workspaces-main/humble_ws/src/build/isaac_ros2_messages' returned '0': CMAKE_PREFIX_PATH=/opt/ros/humble /usr/bin/cmake /home/robotdeveloper02/IsaacSim-ros_workspaces-main/humble_ws/src/isaac_ros2_messages -DCMAKE_INSTALL_PREFIX=/home/robotdeveloper02/IsaacSim-ros_workspaces-main/humble_ws/src/install/isaac_ros2_messages
[1.447s] Invoking command in '/home/robotdeveloper02/IsaacSim-ros_workspaces-main/humble_ws/src/build/isaac_ros2_messages': CMAKE_PREFIX_PATH=/opt/ros/humble /usr/bin/cmake --build /home/robotdeveloper02/IsaacSim-ros_workspaces-main/humble_ws/src/build/isaac_ros2_messages -- -j16 -l16
[1.482s] [  1%] [34m[1mGenerating C code for ROS interfaces[0m
[1.492s] [  3%] [34m[1mGenerating C++ code for ROS interfaces[0m
[1.501s] [  3%] Built target ament_cmake_python_copy_isaac_ros2_messages
[1.741s] running egg_info
[1.742s] creating isaac_ros2_messages.egg-info
[1.742s] writing isaac_ros2_messages.egg-info/PKG-INFO
[1.743s] writing dependency_links to isaac_ros2_messages.egg-info/dependency_links.txt
[1.743s] writing top-level names to isaac_ros2_messages.egg-info/top_level.txt
[1.743s] writing manifest file 'isaac_ros2_messages.egg-info/SOURCES.txt'
[1.745s] reading manifest file 'isaac_ros2_messages.egg-info/SOURCES.txt'
[1.746s] writing manifest file 'isaac_ros2_messages.egg-info/SOURCES.txt'
[1.779s] [  3%] Built target ament_cmake_python_build_isaac_ros2_messages_egg
[2.652s] [  3%] Built target isaac_ros2_messages__cpp
[2.694s] [  4%] [34m[1mGenerating C++ introspection for ROS interfaces[0m
[2.696s] [  6%] [32mBuilding C object CMakeFiles/isaac_ros2_messages__rosidl_generator_c.dir/rosidl_generator_c/isaac_ros2_messages/srv/detail/get_prim_attribute__functions.c.o[0m
[2.696s] [  7%] [32mBuilding C object CMakeFiles/isaac_ros2_messages__rosidl_generator_c.dir/rosidl_generator_c/isaac_ros2_messages/srv/detail/set_prim_attribute__functions.c.o[0m
[2.697s] [  9%] [32mBuilding C object CMakeFiles/isaac_ros2_messages__rosidl_generator_c.dir/rosidl_generator_c/isaac_ros2_messages/srv/detail/get_prim_attributes__functions.c.o[0m
[2.699s] [ 11%] [32mBuilding C object CMakeFiles/isaac_ros2_messages__rosidl_generator_c.dir/rosidl_generator_c/isaac_ros2_messages/srv/detail/get_prims__functions.c.o[0m
[2.707s] [ 14%] [34m[1mGenerating C++ type support dispatch for ROS interfaces[0m
[2.708s] [ 14%] [32mBuilding C object CMakeFiles/isaac_ros2_messages__rosidl_generator_c.dir/rosidl_generator_c/isaac_ros2_messages/srv/detail/isaac_pose__functions.c.o[0m
[2.712s] [ 15%] [34m[1mGenerating C++ type support for eProsima Fast-RTPS[0m
[2.834s] [ 17%] [32m[1mLinking C shared library libisaac_ros2_messages__rosidl_generator_c.so[0m
[2.891s] [ 17%] Built target isaac_ros2_messages__rosidl_generator_c
[2.908s] [ 19%] [34m[1mGenerating C type support dispatch for ROS interfaces[0m
[2.910s] [ 20%] [34m[1mGenerating C introspection for ROS interfaces[0m
[2.911s] [ 22%] [34m[1mGenerating C type support for eProsima Fast-RTPS[0m
[3.437s] [ 26%] [32mBuilding CXX object CMakeFiles/isaac_ros2_messages__rosidl_typesupport_cpp.dir/rosidl_typesupport_cpp/isaac_ros2_messages/srv/get_prim_attribute__type_support.cpp.o[0m
[3.437s] [ 26%] [32mBuilding CXX object CMakeFiles/isaac_ros2_messages__rosidl_typesupport_cpp.dir/rosidl_typesupport_cpp/isaac_ros2_messages/srv/get_prims__type_support.cpp.o[0m
[3.438s] [ 26%] [32mBuilding CXX object CMakeFiles/isaac_ros2_messages__rosidl_typesupport_cpp.dir/rosidl_typesupport_cpp/isaac_ros2_messages/srv/isaac_pose__type_support.cpp.o[0m
[3.438s] [ 28%] [32mBuilding CXX object CMakeFiles/isaac_ros2_messages__rosidl_typesupport_cpp.dir/rosidl_typesupport_cpp/isaac_ros2_messages/srv/get_prim_attributes__type_support.cpp.o[0m
[3.438s] [ 30%] [32mBuilding CXX object CMakeFiles/isaac_ros2_messages__rosidl_typesupport_cpp.dir/rosidl_typesupport_cpp/isaac_ros2_messages/srv/set_prim_attribute__type_support.cpp.o[0m
[3.544s] [ 31%] [32mBuilding CXX object CMakeFiles/isaac_ros2_messages__rosidl_typesupport_introspection_cpp.dir/rosidl_typesupport_introspection_cpp/isaac_ros2_messages/srv/detail/isaac_pose__type_support.cpp.o[0m
[3.544s] [ 33%] [32mBuilding CXX object CMakeFiles/isaac_ros2_messages__rosidl_typesupport_introspection_cpp.dir/rosidl_typesupport_introspection_cpp/isaac_ros2_messages/srv/detail/get_prims__type_support.cpp.o[0m
[3.551s] [ 34%] [32mBuilding CXX object CMakeFiles/isaac_ros2_messages__rosidl_typesupport_introspection_cpp.dir/rosidl_typesupport_introspection_cpp/isaac_ros2_messages/srv/detail/get_prim_attribute__type_support.cpp.o[0m
[3.554s] [ 36%] [32mBuilding CXX object CMakeFiles/isaac_ros2_messages__rosidl_typesupport_introspection_cpp.dir/rosidl_typesupport_introspection_cpp/isaac_ros2_messages/srv/detail/get_prim_attributes__type_support.cpp.o[0m
[3.561s] [ 38%] [32mBuilding CXX object CMakeFiles/isaac_ros2_messages__rosidl_typesupport_introspection_cpp.dir/rosidl_typesupport_introspection_cpp/isaac_ros2_messages/srv/detail/set_prim_attribute__type_support.cpp.o[0m
[3.760s] [ 39%] [32mBuilding CXX object CMakeFiles/isaac_ros2_messages__rosidl_typesupport_fastrtps_cpp.dir/rosidl_typesupport_fastrtps_cpp/isaac_ros2_messages/srv/detail/dds_fastrtps/isaac_pose__type_support.cpp.o[0m
[3.774s] [ 41%] [32mBuilding CXX object CMakeFiles/isaac_ros2_messages__rosidl_typesupport_fastrtps_cpp.dir/rosidl_typesupport_fastrtps_cpp/isaac_ros2_messages/srv/detail/dds_fastrtps/get_prim_attributes__type_support.cpp.o[0m
[3.786s] [ 42%] [32mBuilding CXX object CMakeFiles/isaac_ros2_messages__rosidl_typesupport_c.dir/rosidl_typesupport_c/isaac_ros2_messages/srv/isaac_pose__type_support.cpp.o[0m
[3.791s] [ 44%] [32mBuilding CXX object CMakeFiles/isaac_ros2_messages__rosidl_typesupport_fastrtps_cpp.dir/rosidl_typesupport_fastrtps_cpp/isaac_ros2_messages/srv/detail/dds_fastrtps/get_prims__type_support.cpp.o[0m
[3.882s] [ 46%] [32mBuilding CXX object CMakeFiles/isaac_ros2_messages__rosidl_typesupport_fastrtps_cpp.dir/rosidl_typesupport_fastrtps_cpp/isaac_ros2_messages/srv/detail/dds_fastrtps/get_prim_attribute__type_support.cpp.o[0m
[3.939s] [ 47%] [32mBuilding CXX object CMakeFiles/isaac_ros2_messages__rosidl_typesupport_c.dir/rosidl_typesupport_c/isaac_ros2_messages/srv/get_prims__type_support.cpp.o[0m
[3.958s] [ 49%] [32mBuilding CXX object CMakeFiles/isaac_ros2_messages__rosidl_typesupport_fastrtps_cpp.dir/rosidl_typesupport_fastrtps_cpp/isaac_ros2_messages/srv/detail/dds_fastrtps/set_prim_attribute__type_support.cpp.o[0m
[3.962s] [ 50%] [32m[1mLinking CXX shared library libisaac_ros2_messages__rosidl_typesupport_cpp.so[0m
[3.979s] [ 52%] [32mBuilding CXX object CMakeFiles/isaac_ros2_messages__rosidl_typesupport_c.dir/rosidl_typesupport_c/isaac_ros2_messages/srv/get_prim_attributes__type_support.cpp.o[0m
[4.018s] [ 53%] [32mBuilding CXX object CMakeFiles/isaac_ros2_messages__rosidl_typesupport_c.dir/rosidl_typesupport_c/isaac_ros2_messages/srv/get_prim_attribute__type_support.cpp.o[0m
[4.084s] [ 55%] [32mBuilding CXX object CMakeFiles/isaac_ros2_messages__rosidl_typesupport_c.dir/rosidl_typesupport_c/isaac_ros2_messages/srv/set_prim_attribute__type_support.cpp.o[0m
[4.122s] [ 57%] [32mBuilding C object CMakeFiles/isaac_ros2_messages__rosidl_typesupport_introspection_c.dir/rosidl_typesupport_introspection_c/isaac_ros2_messages/srv/detail/isaac_pose__type_support.c.o[0m
[4.155s] [ 58%] [32mBuilding C object CMakeFiles/isaac_ros2_messages__rosidl_typesupport_introspection_c.dir/rosidl_typesupport_introspection_c/isaac_ros2_messages/srv/detail/get_prims__type_support.c.o[0m
[4.156s] [ 58%] Built target isaac_ros2_messages__rosidl_typesupport_cpp
[4.162s] [ 60%] [32mBuilding C object CMakeFiles/isaac_ros2_messages__rosidl_typesupport_introspection_c.dir/rosidl_typesupport_introspection_c/isaac_ros2_messages/srv/detail/get_prim_attributes__type_support.c.o[0m
[4.223s] [ 61%] [32mBuilding C object CMakeFiles/isaac_ros2_messages__rosidl_typesupport_introspection_c.dir/rosidl_typesupport_introspection_c/isaac_ros2_messages/srv/detail/get_prim_attribute__type_support.c.o[0m
[4.234s] [ 63%] [32mBuilding C object CMakeFiles/isaac_ros2_messages__rosidl_typesupport_introspection_c.dir/rosidl_typesupport_introspection_c/isaac_ros2_messages/srv/detail/set_prim_attribute__type_support.c.o[0m
[4.234s] [ 65%] [32m[1mLinking CXX shared library libisaac_ros2_messages__rosidl_typesupport_c.so[0m
[4.260s] [ 66%] [32mBuilding CXX object CMakeFiles/isaac_ros2_messages__rosidl_typesupport_fastrtps_c.dir/rosidl_typesupport_fastrtps_c/isaac_ros2_messages/srv/detail/isaac_pose__type_support_c.cpp.o[0m
[4.265s] [ 68%] [32mBuilding CXX object CMakeFiles/isaac_ros2_messages__rosidl_typesupport_fastrtps_c.dir/rosidl_typesupport_fastrtps_c/isaac_ros2_messages/srv/detail/get_prims__type_support_c.cpp.o[0m
[4.283s] [ 69%] [32mBuilding CXX object CMakeFiles/isaac_ros2_messages__rosidl_typesupport_fastrtps_c.dir/rosidl_typesupport_fastrtps_c/isaac_ros2_messages/srv/detail/get_prim_attributes__type_support_c.cpp.o[0m
[4.313s] [ 71%] [32mBuilding CXX object CMakeFiles/isaac_ros2_messages__rosidl_typesupport_fastrtps_c.dir/rosidl_typesupport_fastrtps_c/isaac_ros2_messages/srv/detail/get_prim_attribute__type_support_c.cpp.o[0m
[4.321s] [ 73%] [32mBuilding CXX object CMakeFiles/isaac_ros2_messages__rosidl_typesupport_fastrtps_c.dir/rosidl_typesupport_fastrtps_c/isaac_ros2_messages/srv/detail/set_prim_attribute__type_support_c.cpp.o[0m
[4.353s] [ 74%] [32m[1mLinking C shared library libisaac_ros2_messages__rosidl_typesupport_introspection_c.so[0m
[4.378s] [ 76%] [32m[1mLinking CXX shared library libisaac_ros2_messages__rosidl_typesupport_introspection_cpp.so[0m
[4.383s] [ 76%] Built target isaac_ros2_messages__rosidl_typesupport_c
[4.427s] [ 76%] Built target isaac_ros2_messages__rosidl_typesupport_introspection_c
[4.538s] [ 76%] Built target isaac_ros2_messages__rosidl_typesupport_introspection_cpp
[4.594s] [ 77%] [32m[1mLinking CXX shared library libisaac_ros2_messages__rosidl_typesupport_fastrtps_cpp.so[0m
[4.716s] [ 77%] Built target isaac_ros2_messages__rosidl_typesupport_fastrtps_cpp
[4.792s] [ 79%] [32m[1mLinking CXX shared library libisaac_ros2_messages__rosidl_typesupport_fastrtps_c.so[0m
[4.858s] [ 79%] Built target isaac_ros2_messages__rosidl_typesupport_fastrtps_c
[4.878s] [ 79%] Built target isaac_ros2_messages
[4.900s] [ 80%] [34m[1mGenerating Python code for ROS interfaces[0m
[5.935s] [ 80%] Built target isaac_ros2_messages__py
[5.954s] [ 85%] [32mBuilding C object CMakeFiles/isaac_ros2_messages__rosidl_generator_py.dir/rosidl_generator_py/isaac_ros2_messages/srv/_isaac_pose_s.c.o[0m
[5.954s] [ 85%] [32mBuilding C object CMakeFiles/isaac_ros2_messages__rosidl_generator_py.dir/rosidl_generator_py/isaac_ros2_messages/srv/_get_prims_s.c.o[0m
[5.954s] [ 88%] [32mBuilding C object CMakeFiles/isaac_ros2_messages__rosidl_generator_py.dir/rosidl_generator_py/isaac_ros2_messages/srv/_get_prim_attribute_s.c.o[0m
[5.954s] [ 88%] [32mBuilding C object CMakeFiles/isaac_ros2_messages__rosidl_generator_py.dir/rosidl_generator_py/isaac_ros2_messages/srv/_set_prim_attribute_s.c.o[0m
[5.954s] [ 88%] [32mBuilding C object CMakeFiles/isaac_ros2_messages__rosidl_generator_py.dir/rosidl_generator_py/isaac_ros2_messages/srv/_get_prim_attributes_s.c.o[0m
[6.066s] [ 90%] [32m[1mLinking C shared library rosidl_generator_py/isaac_ros2_messages/libisaac_ros2_messages__rosidl_generator_py.so[0m
[6.104s] [ 90%] Built target isaac_ros2_messages__rosidl_generator_py
[6.124s] [ 92%] [32mBuilding C object CMakeFiles/isaac_ros2_messages__rosidl_typesupport_fastrtps_c__pyext.dir/rosidl_generator_py/isaac_ros2_messages/_isaac_ros2_messages_s.ep.rosidl_typesupport_fastrtps_c.c.o[0m
[6.124s] [ 95%] [32mBuilding C object CMakeFiles/isaac_ros2_messages__rosidl_typesupport_introspection_c__pyext.dir/rosidl_generator_py/isaac_ros2_messages/_isaac_ros2_messages_s.ep.rosidl_typesupport_introspection_c.c.o[0m
[6.124s] [ 95%] [32mBuilding C object CMakeFiles/isaac_ros2_messages__rosidl_typesupport_c__pyext.dir/rosidl_generator_py/isaac_ros2_messages/_isaac_ros2_messages_s.ep.rosidl_typesupport_c.c.o[0m
[6.236s] [ 96%] [32m[1mLinking C shared library rosidl_generator_py/isaac_ros2_messages/isaac_ros2_messages_s__rosidl_typesupport_c.cpython-310-x86_64-linux-gnu.so[0m
[6.238s] [ 98%] [32m[1mLinking C shared library rosidl_generator_py/isaac_ros2_messages/isaac_ros2_messages_s__rosidl_typesupport_fastrtps_c.cpython-310-x86_64-linux-gnu.so[0m
[6.238s] [100%] [32m[1mLinking C shared library rosidl_generator_py/isaac_ros2_messages/isaac_ros2_messages_s__rosidl_typesupport_introspection_c.cpython-310-x86_64-linux-gnu.so[0m
[6.275s] [100%] Built target isaac_ros2_messages__rosidl_typesupport_c__pyext
[6.276s] [100%] Built target isaac_ros2_messages__rosidl_typesupport_introspection_c__pyext
[6.276s] [100%] Built target isaac_ros2_messages__rosidl_typesupport_fastrtps_c__pyext
[6.287s] Invoked command in '/home/robotdeveloper02/IsaacSim-ros_workspaces-main/humble_ws/src/build/isaac_ros2_messages' returned '0': CMAKE_PREFIX_PATH=/opt/ros/humble /usr/bin/cmake --build /home/robotdeveloper02/IsaacSim-ros_workspaces-main/humble_ws/src/build/isaac_ros2_messages -- -j16 -l16
[6.424s] Invoking command in '/home/robotdeveloper02/IsaacSim-ros_workspaces-main/humble_ws/src/build/isaac_ros2_messages': CMAKE_PREFIX_PATH=/opt/ros/humble /usr/bin/cmake --install /home/robotdeveloper02/IsaacSim-ros_workspaces-main/humble_ws/src/build/isaac_ros2_messages
[6.431s] -- Install configuration: ""
[6.431s] -- Installing: /home/robotdeveloper02/IsaacSim-ros_workspaces-main/humble_ws/src/install/isaac_ros2_messages/share/ament_index/resource_index/rosidl_interfaces/isaac_ros2_messages
[6.431s] -- Installing: /home/robotdeveloper02/IsaacSim-ros_workspaces-main/humble_ws/src/install/isaac_ros2_messages/include/isaac_ros2_messages/isaac_ros2_messages
[6.431s] -- Installing: /home/robotdeveloper02/IsaacSim-ros_workspaces-main/humble_ws/src/install/isaac_ros2_messages/include/isaac_ros2_messages/isaac_ros2_messages/srv
[6.431s] -- Installing: /home/robotdeveloper02/IsaacSim-ros_workspaces-main/humble_ws/src/install/isaac_ros2_messages/include/isaac_ros2_messages/isaac_ros2_messages/srv/detail
[6.432s] -- Installing: /home/robotdeveloper02/IsaacSim-ros_workspaces-main/humble_ws/src/install/isaac_ros2_messages/include/isaac_ros2_messages/isaac_ros2_messages/srv/detail/get_prim_attributes__functions.c
[6.432s] -- Installing: /home/robotdeveloper02/IsaacSim-ros_workspaces-main/humble_ws/src/install/isaac_ros2_messages/include/isaac_ros2_messages/isaac_ros2_messages/srv/detail/isaac_pose__functions.h
[6.432s] -- Installing: /home/robotdeveloper02/IsaacSim-ros_workspaces-main/humble_ws/src/install/isaac_ros2_messages/include/isaac_ros2_messages/isaac_ros2_messages/srv/detail/get_prim_attributes__type_support.h
[6.432s] -- Installing: /home/robotdeveloper02/IsaacSim-ros_workspaces-main/humble_ws/src/install/isaac_ros2_messages/include/isaac_ros2_messages/isaac_ros2_messages/srv/detail/get_prim_attributes__functions.h
[6.432s] -- Installing: /home/robotdeveloper02/IsaacSim-ros_workspaces-main/humble_ws/src/install/isaac_ros2_messages/include/isaac_ros2_messages/isaac_ros2_messages/srv/detail/isaac_pose__functions.c
[6.432s] -- Installing: /home/robotdeveloper02/IsaacSim-ros_workspaces-main/humble_ws/src/install/isaac_ros2_messages/include/isaac_ros2_messages/isaac_ros2_messages/srv/detail/isaac_pose__struct.h
[6.432s] -- Installing: /home/robotdeveloper02/IsaacSim-ros_workspaces-main/humble_ws/src/install/isaac_ros2_messages/include/isaac_ros2_messages/isaac_ros2_messages/srv/detail/get_prims__functions.h
[6.432s] -- Installing: /home/robotdeveloper02/IsaacSim-ros_workspaces-main/humble_ws/src/install/isaac_ros2_messages/include/isaac_ros2_messages/isaac_ros2_messages/srv/detail/get_prims__type_support.h
[6.432s] -- Installing: /home/robotdeveloper02/IsaacSim-ros_workspaces-main/humble_ws/src/install/isaac_ros2_messages/include/isaac_ros2_messages/isaac_ros2_messages/srv/detail/set_prim_attribute__functions.c
[6.432s] -- Installing: /home/robotdeveloper02/IsaacSim-ros_workspaces-main/humble_ws/src/install/isaac_ros2_messages/include/isaac_ros2_messages/isaac_ros2_messages/srv/detail/isaac_pose__type_support.h
[6.432s] -- Installing: /home/robotdeveloper02/IsaacSim-ros_workspaces-main/humble_ws/src/install/isaac_ros2_messages/include/isaac_ros2_messages/isaac_ros2_messages/srv/detail/get_prim_attribute__functions.h
[6.432s] -- Installing: /home/robotdeveloper02/IsaacSim-ros_workspaces-main/humble_ws/src/install/isaac_ros2_messages/include/isaac_ros2_messages/isaac_ros2_messages/srv/detail/set_prim_attribute__struct.h
[6.432s] -- Installing: /home/robotdeveloper02/IsaacSim-ros_workspaces-main/humble_ws/src/install/isaac_ros2_messages/include/isaac_ros2_messages/isaac_ros2_messages/srv/detail/get_prim_attribute__type_support.h
[6.432s] -- Installing: /home/robotdeveloper02/IsaacSim-ros_workspaces-main/humble_ws/src/install/isaac_ros2_messages/include/isaac_ros2_messages/isaac_ros2_messages/srv/detail/get_prim_attribute__functions.c
[6.433s] -- Installing: /home/robotdeveloper02/IsaacSim-ros_workspaces-main/humble_ws/src/install/isaac_ros2_messages/include/isaac_ros2_messages/isaac_ros2_messages/srv/detail/set_prim_attribute__functions.h
[6.433s] -- Installing: /home/robotdeveloper02/IsaacSim-ros_workspaces-main/humble_ws/src/install/isaac_ros2_messages/include/isaac_ros2_messages/isaac_ros2_messages/srv/detail/get_prim_attribute__struct.h
[6.433s] -- Installing: /home/robotdeveloper02/IsaacSim-ros_workspaces-main/humble_ws/src/install/isaac_ros2_messages/include/isaac_ros2_messages/isaac_ros2_messages/srv/detail/get_prims__functions.c
[6.433s] -- Installing: /home/robotdeveloper02/IsaacSim-ros_workspaces-main/humble_ws/src/install/isaac_ros2_messages/include/isaac_ros2_messages/isaac_ros2_messages/srv/detail/get_prim_attributes__struct.h
[6.433s] -- Installing: /home/robotdeveloper02/IsaacSim-ros_workspaces-main/humble_ws/src/install/isaac_ros2_messages/include/isaac_ros2_messages/isaac_ros2_messages/srv/detail/get_prims__struct.h
[6.433s] -- Installing: /home/robotdeveloper02/IsaacSim-ros_workspaces-main/humble_ws/src/install/isaac_ros2_messages/include/isaac_ros2_messages/isaac_ros2_messages/srv/detail/set_prim_attribute__type_support.h
[6.433s] -- Installing: /home/robotdeveloper02/IsaacSim-ros_workspaces-main/humble_ws/src/install/isaac_ros2_messages/include/isaac_ros2_messages/isaac_ros2_messages/srv/isaac_pose.h
[6.433s] -- Installing: /home/robotdeveloper02/IsaacSim-ros_workspaces-main/humble_ws/src/install/isaac_ros2_messages/include/isaac_ros2_messages/isaac_ros2_messages/srv/set_prim_attribute.h
[6.433s] -- Installing: /home/robotdeveloper02/IsaacSim-ros_workspaces-main/humble_ws/src/install/isaac_ros2_messages/include/isaac_ros2_messages/isaac_ros2_messages/srv/get_prim_attribute.h
[6.433s] -- Installing: /home/robotdeveloper02/IsaacSim-ros_workspaces-main/humble_ws/src/install/isaac_ros2_messages/include/isaac_ros2_messages/isaac_ros2_messages/srv/get_prim_attributes.h
[6.433s] -- Installing: /home/robotdeveloper02/IsaacSim-ros_workspaces-main/humble_ws/src/install/isaac_ros2_messages/include/isaac_ros2_messages/isaac_ros2_messages/srv/get_prims.h
[6.433s] -- Installing: /home/robotdeveloper02/IsaacSim-ros_workspaces-main/humble_ws/src/install/isaac_ros2_messages/include/isaac_ros2_messages/isaac_ros2_messages/msg
[6.433s] -- Installing: /home/robotdeveloper02/IsaacSim-ros_workspaces-main/humble_ws/src/install/isaac_ros2_messages/include/isaac_ros2_messages/isaac_ros2_messages/msg/rosidl_generator_c__visibility_control.h
[6.433s] -- Installing: /home/robotdeveloper02/IsaacSim-ros_workspaces-main/humble_ws/src/install/isaac_ros2_messages/share/isaac_ros2_messages/environment/library_path.sh
[6.433s] -- Installing: /home/robotdeveloper02/IsaacSim-ros_workspaces-main/humble_ws/src/install/isaac_ros2_messages/share/isaac_ros2_messages/environment/library_path.dsv
[6.433s] -- Installing: /home/robotdeveloper02/IsaacSim-ros_workspaces-main/humble_ws/src/install/isaac_ros2_messages/lib/libisaac_ros2_messages__rosidl_generator_c.so
[6.434s] -- Set runtime path of "/home/robotdeveloper02/IsaacSim-ros_workspaces-main/humble_ws/src/install/isaac_ros2_messages/lib/libisaac_ros2_messages__rosidl_generator_c.so" to ""
[6.434s] -- Up-to-date: /home/robotdeveloper02/IsaacSim-ros_workspaces-main/humble_ws/src/install/isaac_ros2_messages/include/isaac_ros2_messages/isaac_ros2_messages
[6.434s] -- Up-to-date: /home/robotdeveloper02/IsaacSim-ros_workspaces-main/humble_ws/src/install/isaac_ros2_messages/include/isaac_ros2_messages/isaac_ros2_messages/srv
[6.434s] -- Up-to-date: /home/robotdeveloper02/IsaacSim-ros_workspaces-main/humble_ws/src/install/isaac_ros2_messages/include/isaac_ros2_messages/isaac_ros2_messages/srv/detail
[6.434s] -- Installing: /home/robotdeveloper02/IsaacSim-ros_workspaces-main/humble_ws/src/install/isaac_ros2_messages/include/isaac_ros2_messages/isaac_ros2_messages/srv/detail/get_prim_attributes__rosidl_typesupport_fastrtps_c.h
[6.434s] -- Installing: /home/robotdeveloper02/IsaacSim-ros_workspaces-main/humble_ws/src/install/isaac_ros2_messages/include/isaac_ros2_messages/isaac_ros2_messages/srv/detail/set_prim_attribute__rosidl_typesupport_fastrtps_c.h
[6.434s] -- Installing: /home/robotdeveloper02/IsaacSim-ros_workspaces-main/humble_ws/src/install/isaac_ros2_messages/include/isaac_ros2_messages/isaac_ros2_messages/srv/detail/isaac_pose__rosidl_typesupport_fastrtps_c.h
[6.434s] -- Installing: /home/robotdeveloper02/IsaacSim-ros_workspaces-main/humble_ws/src/install/isaac_ros2_messages/include/isaac_ros2_messages/isaac_ros2_messages/srv/detail/get_prim_attribute__rosidl_typesupport_fastrtps_c.h
[6.434s] -- Installing: /home/robotdeveloper02/IsaacSim-ros_workspaces-main/humble_ws/src/install/isaac_ros2_messages/include/isaac_ros2_messages/isaac_ros2_messages/srv/detail/get_prims__rosidl_typesupport_fastrtps_c.h
[6.434s] -- Up-to-date: /home/robotdeveloper02/IsaacSim-ros_workspaces-main/humble_ws/src/install/isaac_ros2_messages/include/isaac_ros2_messages/isaac_ros2_messages/msg
[6.434s] -- Installing: /home/robotdeveloper02/IsaacSim-ros_workspaces-main/humble_ws/src/install/isaac_ros2_messages/include/isaac_ros2_messages/isaac_ros2_messages/msg/rosidl_typesupport_fastrtps_c__visibility_control.h
[6.434s] -- Installing: /home/robotdeveloper02/IsaacSim-ros_workspaces-main/humble_ws/src/install/isaac_ros2_messages/lib/libisaac_ros2_messages__rosidl_typesupport_fastrtps_c.so
[6.435s] -- Set runtime path of "/home/robotdeveloper02/IsaacSim-ros_workspaces-main/humble_ws/src/install/isaac_ros2_messages/lib/libisaac_ros2_messages__rosidl_typesupport_fastrtps_c.so" to ""
[6.435s] -- Up-to-date: /home/robotdeveloper02/IsaacSim-ros_workspaces-main/humble_ws/src/install/isaac_ros2_messages/include/isaac_ros2_messages/isaac_ros2_messages
[6.435s] -- Up-to-date: /home/robotdeveloper02/IsaacSim-ros_workspaces-main/humble_ws/src/install/isaac_ros2_messages/include/isaac_ros2_messages/isaac_ros2_messages/srv
[6.435s] -- Installing: /home/robotdeveloper02/IsaacSim-ros_workspaces-main/humble_ws/src/install/isaac_ros2_messages/include/isaac_ros2_messages/isaac_ros2_messages/srv/set_prim_attribute.hpp
[6.435s] -- Up-to-date: /home/robotdeveloper02/IsaacSim-ros_workspaces-main/humble_ws/src/install/isaac_ros2_messages/include/isaac_ros2_messages/isaac_ros2_messages/srv/detail
[6.435s] -- Installing: /home/robotdeveloper02/IsaacSim-ros_workspaces-main/humble_ws/src/install/isaac_ros2_messages/include/isaac_ros2_messages/isaac_ros2_messages/srv/detail/set_prim_attribute__traits.hpp
[6.435s] -- Installing: /home/robotdeveloper02/IsaacSim-ros_workspaces-main/humble_ws/src/install/isaac_ros2_messages/include/isaac_ros2_messages/isaac_ros2_messages/srv/detail/get_prims__builder.hpp
[6.435s] -- Installing: /home/robotdeveloper02/IsaacSim-ros_workspaces-main/humble_ws/src/install/isaac_ros2_messages/include/isaac_ros2_messages/isaac_ros2_messages/srv/detail/get_prim_attributes__builder.hpp
[6.435s] -- Installing: /home/robotdeveloper02/IsaacSim-ros_workspaces-main/humble_ws/src/install/isaac_ros2_messages/include/isaac_ros2_messages/isaac_ros2_messages/srv/detail/get_prims__struct.hpp
[6.435s] -- Installing: /home/robotdeveloper02/IsaacSim-ros_workspaces-main/humble_ws/src/install/isaac_ros2_messages/include/isaac_ros2_messages/isaac_ros2_messages/srv/detail/get_prim_attributes__struct.hpp
[6.435s] -- Installing: /home/robotdeveloper02/IsaacSim-ros_workspaces-main/humble_ws/src/install/isaac_ros2_messages/include/isaac_ros2_messages/isaac_ros2_messages/srv/detail/get_prim_attribute__traits.hpp
[6.435s] -- Installing: /home/robotdeveloper02/IsaacSim-ros_workspaces-main/humble_ws/src/install/isaac_ros2_messages/include/isaac_ros2_messages/isaac_ros2_messages/srv/detail/isaac_pose__traits.hpp
[6.435s] -- Installing: /home/robotdeveloper02/IsaacSim-ros_workspaces-main/humble_ws/src/install/isaac_ros2_messages/include/isaac_ros2_messages/isaac_ros2_messages/srv/detail/get_prim_attribute__builder.hpp
[6.435s] -- Installing: /home/robotdeveloper02/IsaacSim-ros_workspaces-main/humble_ws/src/install/isaac_ros2_messages/include/isaac_ros2_messages/isaac_ros2_messages/srv/detail/set_prim_attribute__struct.hpp
[6.435s] -- Installing: /home/robotdeveloper02/IsaacSim-ros_workspaces-main/humble_ws/src/install/isaac_ros2_messages/include/isaac_ros2_messages/isaac_ros2_messages/srv/detail/isaac_pose__struct.hpp
[6.435s] -- Installing: /home/robotdeveloper02/IsaacSim-ros_workspaces-main/humble_ws/src/install/isaac_ros2_messages/include/isaac_ros2_messages/isaac_ros2_messages/srv/detail/get_prim_attributes__traits.hpp
[6.436s] -- Installing: /home/robotdeveloper02/IsaacSim-ros_workspaces-main/humble_ws/src/install/isaac_ros2_messages/include/isaac_ros2_messages/isaac_ros2_messages/srv/detail/get_prim_attribute__struct.hpp
[6.436s] -- Installing: /home/robotdeveloper02/IsaacSim-ros_workspaces-main/humble_ws/src/install/isaac_ros2_messages/include/isaac_ros2_messages/isaac_ros2_messages/srv/detail/get_prims__traits.hpp
[6.436s] -- Installing: /home/robotdeveloper02/IsaacSim-ros_workspaces-main/humble_ws/src/install/isaac_ros2_messages/include/isaac_ros2_messages/isaac_ros2_messages/srv/detail/set_prim_attribute__builder.hpp
[6.436s] -- Installing: /home/robotdeveloper02/IsaacSim-ros_workspaces-main/humble_ws/src/install/isaac_ros2_messages/include/isaac_ros2_messages/isaac_ros2_messages/srv/detail/isaac_pose__builder.hpp
[6.436s] -- Installing: /home/robotdeveloper02/IsaacSim-ros_workspaces-main/humble_ws/src/install/isaac_ros2_messages/include/isaac_ros2_messages/isaac_ros2_messages/srv/get_prim_attributes.hpp
[6.436s] -- Installing: /home/robotdeveloper02/IsaacSim-ros_workspaces-main/humble_ws/src/install/isaac_ros2_messages/include/isaac_ros2_messages/isaac_ros2_messages/srv/get_prim_attribute.hpp
[6.436s] -- Installing: /home/robotdeveloper02/IsaacSim-ros_workspaces-main/humble_ws/src/install/isaac_ros2_messages/include/isaac_ros2_messages/isaac_ros2_messages/srv/get_prims.hpp
[6.436s] -- Installing: /home/robotdeveloper02/IsaacSim-ros_workspaces-main/humble_ws/src/install/isaac_ros2_messages/include/isaac_ros2_messages/isaac_ros2_messages/srv/isaac_pose.hpp
[6.436s] -- Up-to-date: /home/robotdeveloper02/IsaacSim-ros_workspaces-main/humble_ws/src/install/isaac_ros2_messages/include/isaac_ros2_messages/isaac_ros2_messages
[6.436s] -- Up-to-date: /home/robotdeveloper02/IsaacSim-ros_workspaces-main/humble_ws/src/install/isaac_ros2_messages/include/isaac_ros2_messages/isaac_ros2_messages/srv
[6.436s] -- Up-to-date: /home/robotdeveloper02/IsaacSim-ros_workspaces-main/humble_ws/src/install/isaac_ros2_messages/include/isaac_ros2_messages/isaac_ros2_messages/srv/detail
[6.436s] -- Installing: /home/robotdeveloper02/IsaacSim-ros_workspaces-main/humble_ws/src/install/isaac_ros2_messages/include/isaac_ros2_messages/isaac_ros2_messages/srv/detail/set_prim_attribute__rosidl_typesupport_fastrtps_cpp.hpp
[6.436s] -- Installing: /home/robotdeveloper02/IsaacSim-ros_workspaces-main/humble_ws/src/install/isaac_ros2_messages/include/isaac_ros2_messages/isaac_ros2_messages/srv/detail/get_prim_attributes__rosidl_typesupport_fastrtps_cpp.hpp
[6.436s] -- Installing: /home/robotdeveloper02/IsaacSim-ros_workspaces-main/humble_ws/src/install/isaac_ros2_messages/include/isaac_ros2_messages/isaac_ros2_messages/srv/detail/dds_fastrtps
[6.436s] -- Installing: /home/robotdeveloper02/IsaacSim-ros_workspaces-main/humble_ws/src/install/isaac_ros2_messages/include/isaac_ros2_messages/isaac_ros2_messages/srv/detail/isaac_pose__rosidl_typesupport_fastrtps_cpp.hpp
[6.436s] -- Installing: /home/robotdeveloper02/IsaacSim-ros_workspaces-main/humble_ws/src/install/isaac_ros2_messages/include/isaac_ros2_messages/isaac_ros2_messages/srv/detail/get_prims__rosidl_typesupport_fastrtps_cpp.hpp
[6.436s] -- Installing: /home/robotdeveloper02/IsaacSim-ros_workspaces-main/humble_ws/src/install/isaac_ros2_messages/include/isaac_ros2_messages/isaac_ros2_messages/srv/detail/get_prim_attribute__rosidl_typesupport_fastrtps_cpp.hpp
[6.436s] -- Up-to-date: /home/robotdeveloper02/IsaacSim-ros_workspaces-main/humble_ws/src/install/isaac_ros2_messages/include/isaac_ros2_messages/isaac_ros2_messages/msg
[6.436s] -- Installing: /home/robotdeveloper02/IsaacSim-ros_workspaces-main/humble_ws/src/install/isaac_ros2_messages/include/isaac_ros2_messages/isaac_ros2_messages/msg/rosidl_typesupport_fastrtps_cpp__visibility_control.h
[6.436s] -- Installing: /home/robotdeveloper02/IsaacSim-ros_workspaces-main/humble_ws/src/install/isaac_ros2_messages/lib/libisaac_ros2_messages__rosidl_typesupport_fastrtps_cpp.so
[6.437s] -- Set runtime path of "/home/robotdeveloper02/IsaacSim-ros_workspaces-main/humble_ws/src/install/isaac_ros2_messages/lib/libisaac_ros2_messages__rosidl_typesupport_fastrtps_cpp.so" to ""
[6.437s] -- Up-to-date: /home/robotdeveloper02/IsaacSim-ros_workspaces-main/humble_ws/src/install/isaac_ros2_messages/include/isaac_ros2_messages/isaac_ros2_messages
[6.437s] -- Up-to-date: /home/robotdeveloper02/IsaacSim-ros_workspaces-main/humble_ws/src/install/isaac_ros2_messages/include/isaac_ros2_messages/isaac_ros2_messages/srv
[6.437s] -- Up-to-date: /home/robotdeveloper02/IsaacSim-ros_workspaces-main/humble_ws/src/install/isaac_ros2_messages/include/isaac_ros2_messages/isaac_ros2_messages/srv/detail
[6.437s] -- Installing: /home/robotdeveloper02/IsaacSim-ros_workspaces-main/humble_ws/src/install/isaac_ros2_messages/include/isaac_ros2_messages/isaac_ros2_messages/srv/detail/set_prim_attribute__rosidl_typesupport_introspection_c.h
[6.437s] -- Installing: /home/robotdeveloper02/IsaacSim-ros_workspaces-main/humble_ws/src/install/isaac_ros2_messages/include/isaac_ros2_messages/isaac_ros2_messages/srv/detail/set_prim_attribute__type_support.c
[6.437s] -- Installing: /home/robotdeveloper02/IsaacSim-ros_workspaces-main/humble_ws/src/install/isaac_ros2_messages/include/isaac_ros2_messages/isaac_ros2_messages/srv/detail/get_prim_attribute__rosidl_typesupport_introspection_c.h
[6.437s] -- Installing: /home/robotdeveloper02/IsaacSim-ros_workspaces-main/humble_ws/src/install/isaac_ros2_messages/include/isaac_ros2_messages/isaac_ros2_messages/srv/detail/isaac_pose__rosidl_typesupport_introspection_c.h
[6.437s] -- Installing: /home/robotdeveloper02/IsaacSim-ros_workspaces-main/humble_ws/src/install/isaac_ros2_messages/include/isaac_ros2_messages/isaac_ros2_messages/srv/detail/get_prim_attribute__type_support.c
[6.437s] -- Installing: /home/robotdeveloper02/IsaacSim-ros_workspaces-main/humble_ws/src/install/isaac_ros2_messages/include/isaac_ros2_messages/isaac_ros2_messages/srv/detail/get_prim_attributes__rosidl_typesupport_introspection_c.h
[6.437s] -- Installing: /home/robotdeveloper02/IsaacSim-ros_workspaces-main/humble_ws/src/install/isaac_ros2_messages/include/isaac_ros2_messages/isaac_ros2_messages/srv/detail/get_prims__rosidl_typesupport_introspection_c.h
[6.437s] -- Installing: /home/robotdeveloper02/IsaacSim-ros_workspaces-main/humble_ws/src/install/isaac_ros2_messages/include/isaac_ros2_messages/isaac_ros2_messages/srv/detail/get_prims__type_support.c
[6.437s] -- Installing: /home/robotdeveloper02/IsaacSim-ros_workspaces-main/humble_ws/src/install/isaac_ros2_messages/include/isaac_ros2_messages/isaac_ros2_messages/srv/detail/isaac_pose__type_support.c
[6.437s] -- Installing: /home/robotdeveloper02/IsaacSim-ros_workspaces-main/humble_ws/src/install/isaac_ros2_messages/include/isaac_ros2_messages/isaac_ros2_messages/srv/detail/get_prim_attributes__type_support.c
[6.437s] -- Up-to-date: /home/robotdeveloper02/IsaacSim-ros_workspaces-main/humble_ws/src/install/isaac_ros2_messages/include/isaac_ros2_messages/isaac_ros2_messages/msg
[6.437s] -- Installing: /home/robotdeveloper02/IsaacSim-ros_workspaces-main/humble_ws/src/install/isaac_ros2_messages/include/isaac_ros2_messages/isaac_ros2_messages/msg/rosidl_typesupport_introspection_c__visibility_control.h
[6.437s] -- Installing: /home/robotdeveloper02/IsaacSim-ros_workspaces-main/humble_ws/src/install/isaac_ros2_messages/lib/libisaac_ros2_messages__rosidl_typesupport_introspection_c.so
[6.438s] -- Set runtime path of "/home/robotdeveloper02/IsaacSim-ros_workspaces-main/humble_ws/src/install/isaac_ros2_messages/lib/libisaac_ros2_messages__rosidl_typesupport_introspection_c.so" to ""
[6.438s] -- Installing: /home/robotdeveloper02/IsaacSim-ros_workspaces-main/humble_ws/src/install/isaac_ros2_messages/lib/libisaac_ros2_messages__rosidl_typesupport_c.so
[6.438s] -- Set runtime path of "/home/robotdeveloper02/IsaacSim-ros_workspaces-main/humble_ws/src/install/isaac_ros2_messages/lib/libisaac_ros2_messages__rosidl_typesupport_c.so" to ""
[6.438s] -- Up-to-date: /home/robotdeveloper02/IsaacSim-ros_workspaces-main/humble_ws/src/install/isaac_ros2_messages/include/isaac_ros2_messages/isaac_ros2_messages
[6.438s] -- Up-to-date: /home/robotdeveloper02/IsaacSim-ros_workspaces-main/humble_ws/src/install/isaac_ros2_messages/include/isaac_ros2_messages/isaac_ros2_messages/srv
[6.438s] -- Up-to-date: /home/robotdeveloper02/IsaacSim-ros_workspaces-main/humble_ws/src/install/isaac_ros2_messages/include/isaac_ros2_messages/isaac_ros2_messages/srv/detail
[6.438s] -- Installing: /home/robotdeveloper02/IsaacSim-ros_workspaces-main/humble_ws/src/install/isaac_ros2_messages/include/isaac_ros2_messages/isaac_ros2_messages/srv/detail/get_prim_attributes__type_support.cpp
[6.438s] -- Installing: /home/robotdeveloper02/IsaacSim-ros_workspaces-main/humble_ws/src/install/isaac_ros2_messages/include/isaac_ros2_messages/isaac_ros2_messages/srv/detail/get_prim_attribute__rosidl_typesupport_introspection_cpp.hpp
[6.438s] -- Installing: /home/robotdeveloper02/IsaacSim-ros_workspaces-main/humble_ws/src/install/isaac_ros2_messages/include/isaac_ros2_messages/isaac_ros2_messages/srv/detail/set_prim_attribute__rosidl_typesupport_introspection_cpp.hpp
[6.438s] -- Installing: /home/robotdeveloper02/IsaacSim-ros_workspaces-main/humble_ws/src/install/isaac_ros2_messages/include/isaac_ros2_messages/isaac_ros2_messages/srv/detail/isaac_pose__type_support.cpp
[6.438s] -- Installing: /home/robotdeveloper02/IsaacSim-ros_workspaces-main/humble_ws/src/install/isaac_ros2_messages/include/isaac_ros2_messages/isaac_ros2_messages/srv/detail/get_prim_attribute__type_support.cpp
[6.438s] -- Installing: /home/robotdeveloper02/IsaacSim-ros_workspaces-main/humble_ws/src/install/isaac_ros2_messages/include/isaac_ros2_messages/isaac_ros2_messages/srv/detail/isaac_pose__rosidl_typesupport_introspection_cpp.hpp
[6.438s] -- Installing: /home/robotdeveloper02/IsaacSim-ros_workspaces-main/humble_ws/src/install/isaac_ros2_messages/include/isaac_ros2_messages/isaac_ros2_messages/srv/detail/get_prims__rosidl_typesupport_introspection_cpp.hpp
[6.438s] -- Installing: /home/robotdeveloper02/IsaacSim-ros_workspaces-main/humble_ws/src/install/isaac_ros2_messages/include/isaac_ros2_messages/isaac_ros2_messages/srv/detail/set_prim_attribute__type_support.cpp
[6.439s] -- Installing: /home/robotdeveloper02/IsaacSim-ros_workspaces-main/humble_ws/src/install/isaac_ros2_messages/include/isaac_ros2_messages/isaac_ros2_messages/srv/detail/get_prims__type_support.cpp
[6.439s] -- Installing: /home/robotdeveloper02/IsaacSim-ros_workspaces-main/humble_ws/src/install/isaac_ros2_messages/include/isaac_ros2_messages/isaac_ros2_messages/srv/detail/get_prim_attributes__rosidl_typesupport_introspection_cpp.hpp
[6.439s] -- Installing: /home/robotdeveloper02/IsaacSim-ros_workspaces-main/humble_ws/src/install/isaac_ros2_messages/lib/libisaac_ros2_messages__rosidl_typesupport_introspection_cpp.so
[6.439s] -- Set runtime path of "/home/robotdeveloper02/IsaacSim-ros_workspaces-main/humble_ws/src/install/isaac_ros2_messages/lib/libisaac_ros2_messages__rosidl_typesupport_introspection_cpp.so" to ""
[6.439s] -- Installing: /home/robotdeveloper02/IsaacSim-ros_workspaces-main/humble_ws/src/install/isaac_ros2_messages/lib/libisaac_ros2_messages__rosidl_typesupport_cpp.so
[6.439s] -- Set runtime path of "/home/robotdeveloper02/IsaacSim-ros_workspaces-main/humble_ws/src/install/isaac_ros2_messages/lib/libisaac_ros2_messages__rosidl_typesupport_cpp.so" to ""
[6.439s] -- Installing: /home/robotdeveloper02/IsaacSim-ros_workspaces-main/humble_ws/src/install/isaac_ros2_messages/share/isaac_ros2_messages/environment/pythonpath.sh
[6.439s] -- Installing: /home/robotdeveloper02/IsaacSim-ros_workspaces-main/humble_ws/src/install/isaac_ros2_messages/share/isaac_ros2_messages/environment/pythonpath.dsv
[6.439s] -- Installing: /home/robotdeveloper02/IsaacSim-ros_workspaces-main/humble_ws/src/install/isaac_ros2_messages/local/lib/python3.10/dist-packages/isaac_ros2_messages-0.2.0-py3.10.egg-info
[6.439s] -- Installing: /home/robotdeveloper02/IsaacSim-ros_workspaces-main/humble_ws/src/install/isaac_ros2_messages/local/lib/python3.10/dist-packages/isaac_ros2_messages-0.2.0-py3.10.egg-info/PKG-INFO
[6.439s] -- Installing: /home/robotdeveloper02/IsaacSim-ros_workspaces-main/humble_ws/src/install/isaac_ros2_messages/local/lib/python3.10/dist-packages/isaac_ros2_messages-0.2.0-py3.10.egg-info/dependency_links.txt
[6.440s] -- Installing: /home/robotdeveloper02/IsaacSim-ros_workspaces-main/humble_ws/src/install/isaac_ros2_messages/local/lib/python3.10/dist-packages/isaac_ros2_messages-0.2.0-py3.10.egg-info/top_level.txt
[6.440s] -- Installing: /home/robotdeveloper02/IsaacSim-ros_workspaces-main/humble_ws/src/install/isaac_ros2_messages/local/lib/python3.10/dist-packages/isaac_ros2_messages-0.2.0-py3.10.egg-info/SOURCES.txt
[6.440s] -- Installing: /home/robotdeveloper02/IsaacSim-ros_workspaces-main/humble_ws/src/install/isaac_ros2_messages/local/lib/python3.10/dist-packages/isaac_ros2_messages
[6.440s] -- Installing: /home/robotdeveloper02/IsaacSim-ros_workspaces-main/humble_ws/src/install/isaac_ros2_messages/local/lib/python3.10/dist-packages/isaac_ros2_messages/_isaac_ros2_messages_s.ep.rosidl_typesupport_c.c
[6.440s] -- Installing: /home/robotdeveloper02/IsaacSim-ros_workspaces-main/humble_ws/src/install/isaac_ros2_messages/local/lib/python3.10/dist-packages/isaac_ros2_messages/_isaac_ros2_messages_s.ep.rosidl_typesupport_fastrtps_c.c
[6.440s] -- Installing: /home/robotdeveloper02/IsaacSim-ros_workspaces-main/humble_ws/src/install/isaac_ros2_messages/local/lib/python3.10/dist-packages/isaac_ros2_messages/_isaac_ros2_messages_s.ep.rosidl_typesupport_introspection_c.c
[6.440s] -- Installing: /home/robotdeveloper02/IsaacSim-ros_workspaces-main/humble_ws/src/install/isaac_ros2_messages/local/lib/python3.10/dist-packages/isaac_ros2_messages/libisaac_ros2_messages__rosidl_generator_py.so
[6.440s] -- Installing: /home/robotdeveloper02/IsaacSim-ros_workspaces-main/humble_ws/src/install/isaac_ros2_messages/local/lib/python3.10/dist-packages/isaac_ros2_messages/__init__.py
[6.440s] -- Installing: /home/robotdeveloper02/IsaacSim-ros_workspaces-main/humble_ws/src/install/isaac_ros2_messages/local/lib/python3.10/dist-packages/isaac_ros2_messages/isaac_ros2_messages_s__rosidl_typesupport_introspection_c.cpython-310-x86_64-linux-gnu.so
[6.440s] -- Installing: /home/robotdeveloper02/IsaacSim-ros_workspaces-main/humble_ws/src/install/isaac_ros2_messages/local/lib/python3.10/dist-packages/isaac_ros2_messages/srv
[6.440s] -- Installing: /home/robotdeveloper02/IsaacSim-ros_workspaces-main/humble_ws/src/install/isaac_ros2_messages/local/lib/python3.10/dist-packages/isaac_ros2_messages/srv/_set_prim_attribute.py
[6.440s] -- Installing: /home/robotdeveloper02/IsaacSim-ros_workspaces-main/humble_ws/src/install/isaac_ros2_messages/local/lib/python3.10/dist-packages/isaac_ros2_messages/srv/_isaac_pose_s.c
[6.440s] -- Installing: /home/robotdeveloper02/IsaacSim-ros_workspaces-main/humble_ws/src/install/isaac_ros2_messages/local/lib/python3.10/dist-packages/isaac_ros2_messages/srv/_get_prim_attributes.py
[6.440s] -- Installing: /home/robotdeveloper02/IsaacSim-ros_workspaces-main/humble_ws/src/install/isaac_ros2_messages/local/lib/python3.10/dist-packages/isaac_ros2_messages/srv/_get_prims_s.c
[6.441s] -- Installing: /home/robotdeveloper02/IsaacSim-ros_workspaces-main/humble_ws/src/install/isaac_ros2_messages/local/lib/python3.10/dist-packages/isaac_ros2_messages/srv/_get_prims.py
[6.441s] -- Installing: /home/robotdeveloper02/IsaacSim-ros_workspaces-main/humble_ws/src/install/isaac_ros2_messages/local/lib/python3.10/dist-packages/isaac_ros2_messages/srv/__init__.py
[6.441s] -- Installing: /home/robotdeveloper02/IsaacSim-ros_workspaces-main/humble_ws/src/install/isaac_ros2_messages/local/lib/python3.10/dist-packages/isaac_ros2_messages/srv/_set_prim_attribute_s.c
[6.441s] -- Installing: /home/robotdeveloper02/IsaacSim-ros_workspaces-main/humble_ws/src/install/isaac_ros2_messages/local/lib/python3.10/dist-packages/isaac_ros2_messages/srv/_isaac_pose.py
[6.441s] -- Installing: /home/robotdeveloper02/IsaacSim-ros_workspaces-main/humble_ws/src/install/isaac_ros2_messages/local/lib/python3.10/dist-packages/isaac_ros2_messages/srv/_get_prim_attribute.py
[6.441s] -- Installing: /home/robotdeveloper02/IsaacSim-ros_workspaces-main/humble_ws/src/install/isaac_ros2_messages/local/lib/python3.10/dist-packages/isaac_ros2_messages/srv/_get_prim_attributes_s.c
[6.441s] -- Installing: /home/robotdeveloper02/IsaacSim-ros_workspaces-main/humble_ws/src/install/isaac_ros2_messages/local/lib/python3.10/dist-packages/isaac_ros2_messages/srv/_get_prim_attribute_s.c
[6.441s] -- Installing: /home/robotdeveloper02/IsaacSim-ros_workspaces-main/humble_ws/src/install/isaac_ros2_messages/local/lib/python3.10/dist-packages/isaac_ros2_messages/isaac_ros2_messages_s__rosidl_typesupport_c.cpython-310-x86_64-linux-gnu.so
[6.441s] -- Installing: /home/robotdeveloper02/IsaacSim-ros_workspaces-main/humble_ws/src/install/isaac_ros2_messages/local/lib/python3.10/dist-packages/isaac_ros2_messages/isaac_ros2_messages_s__rosidl_typesupport_fastrtps_c.cpython-310-x86_64-linux-gnu.so
[6.472s] Listing '/home/robotdeveloper02/IsaacSim-ros_workspaces-main/humble_ws/src/install/isaac_ros2_messages/local/lib/python3.10/dist-packages/isaac_ros2_messages'...
[6.472s] Compiling '/home/robotdeveloper02/IsaacSim-ros_workspaces-main/humble_ws/src/install/isaac_ros2_messages/local/lib/python3.10/dist-packages/isaac_ros2_messages/__init__.py'...
[6.472s] Listing '/home/robotdeveloper02/IsaacSim-ros_workspaces-main/humble_ws/src/install/isaac_ros2_messages/local/lib/python3.10/dist-packages/isaac_ros2_messages/srv'...
[6.472s] Compiling '/home/robotdeveloper02/IsaacSim-ros_workspaces-main/humble_ws/src/install/isaac_ros2_messages/local/lib/python3.10/dist-packages/isaac_ros2_messages/srv/__init__.py'...
[6.473s] Compiling '/home/robotdeveloper02/IsaacSim-ros_workspaces-main/humble_ws/src/install/isaac_ros2_messages/local/lib/python3.10/dist-packages/isaac_ros2_messages/srv/_get_prim_attribute.py'...
[6.473s] Compiling '/home/robotdeveloper02/IsaacSim-ros_workspaces-main/humble_ws/src/install/isaac_ros2_messages/local/lib/python3.10/dist-packages/isaac_ros2_messages/srv/_get_prim_attributes.py'...
[6.473s] Compiling '/home/robotdeveloper02/IsaacSim-ros_workspaces-main/humble_ws/src/install/isaac_ros2_messages/local/lib/python3.10/dist-packages/isaac_ros2_messages/srv/_get_prims.py'...
[6.473s] Compiling '/home/robotdeveloper02/IsaacSim-ros_workspaces-main/humble_ws/src/install/isaac_ros2_messages/local/lib/python3.10/dist-packages/isaac_ros2_messages/srv/_isaac_pose.py'...
[6.473s] Compiling '/home/robotdeveloper02/IsaacSim-ros_workspaces-main/humble_ws/src/install/isaac_ros2_messages/local/lib/python3.10/dist-packages/isaac_ros2_messages/srv/_set_prim_attribute.py'...
[6.476s] -- Installing: /home/robotdeveloper02/IsaacSim-ros_workspaces-main/humble_ws/src/install/isaac_ros2_messages/local/lib/python3.10/dist-packages/isaac_ros2_messages/isaac_ros2_messages_s__rosidl_typesupport_fastrtps_c.cpython-310-x86_64-linux-gnu.so
[6.476s] -- Set runtime path of "/home/robotdeveloper02/IsaacSim-ros_workspaces-main/humble_ws/src/install/isaac_ros2_messages/local/lib/python3.10/dist-packages/isaac_ros2_messages/isaac_ros2_messages_s__rosidl_typesupport_fastrtps_c.cpython-310-x86_64-linux-gnu.so" to ""
[6.476s] -- Installing: /home/robotdeveloper02/IsaacSim-ros_workspaces-main/humble_ws/src/install/isaac_ros2_messages/local/lib/python3.10/dist-packages/isaac_ros2_messages/isaac_ros2_messages_s__rosidl_typesupport_introspection_c.cpython-310-x86_64-linux-gnu.so
[6.476s] -- Set runtime path of "/home/robotdeveloper02/IsaacSim-ros_workspaces-main/humble_ws/src/install/isaac_ros2_messages/local/lib/python3.10/dist-packages/isaac_ros2_messages/isaac_ros2_messages_s__rosidl_typesupport_introspection_c.cpython-310-x86_64-linux-gnu.so" to ""
[6.476s] -- Installing: /home/robotdeveloper02/IsaacSim-ros_workspaces-main/humble_ws/src/install/isaac_ros2_messages/local/lib/python3.10/dist-packages/isaac_ros2_messages/isaac_ros2_messages_s__rosidl_typesupport_c.cpython-310-x86_64-linux-gnu.so
[6.477s] -- Set runtime path of "/home/robotdeveloper02/IsaacSim-ros_workspaces-main/humble_ws/src/install/isaac_ros2_messages/local/lib/python3.10/dist-packages/isaac_ros2_messages/isaac_ros2_messages_s__rosidl_typesupport_c.cpython-310-x86_64-linux-gnu.so" to ""
[6.477s] -- Installing: /home/robotdeveloper02/IsaacSim-ros_workspaces-main/humble_ws/src/install/isaac_ros2_messages/lib/libisaac_ros2_messages__rosidl_generator_py.so
[6.477s] -- Set runtime path of "/home/robotdeveloper02/IsaacSim-ros_workspaces-main/humble_ws/src/install/isaac_ros2_messages/lib/libisaac_ros2_messages__rosidl_generator_py.so" to ""
[6.477s] -- Installing: /home/robotdeveloper02/IsaacSim-ros_workspaces-main/humble_ws/src/install/isaac_ros2_messages/share/isaac_ros2_messages/srv/IsaacPose.idl
[6.477s] -- Installing: /home/robotdeveloper02/IsaacSim-ros_workspaces-main/humble_ws/src/install/isaac_ros2_messages/share/isaac_ros2_messages/srv/GetPrims.idl
[6.477s] -- Installing: /home/robotdeveloper02/IsaacSim-ros_workspaces-main/humble_ws/src/install/isaac_ros2_messages/share/isaac_ros2_messages/srv/GetPrimAttributes.idl
[6.477s] -- Installing: /home/robotdeveloper02/IsaacSim-ros_workspaces-main/humble_ws/src/install/isaac_ros2_messages/share/isaac_ros2_messages/srv/GetPrimAttribute.idl
[6.477s] -- Installing: /home/robotdeveloper02/IsaacSim-ros_workspaces-main/humble_ws/src/install/isaac_ros2_messages/share/isaac_ros2_messages/srv/SetPrimAttribute.idl
[6.477s] -- Installing: /home/robotdeveloper02/IsaacSim-ros_workspaces-main/humble_ws/src/install/isaac_ros2_messages/share/isaac_ros2_messages/srv/IsaacPose.srv
[6.477s] -- Installing: /home/robotdeveloper02/IsaacSim-ros_workspaces-main/humble_ws/src/install/isaac_ros2_messages/share/isaac_ros2_messages/srv/IsaacPose_Request.msg
[6.478s] -- Installing: /home/robotdeveloper02/IsaacSim-ros_workspaces-main/humble_ws/src/install/isaac_ros2_messages/share/isaac_ros2_messages/srv/IsaacPose_Response.msg
[6.478s] -- Installing: /home/robotdeveloper02/IsaacSim-ros_workspaces-main/humble_ws/src/install/isaac_ros2_messages/share/isaac_ros2_messages/srv/GetPrims.srv
[6.478s] -- Installing: /home/robotdeveloper02/IsaacSim-ros_workspaces-main/humble_ws/src/install/isaac_ros2_messages/share/isaac_ros2_messages/srv/GetPrims_Request.msg
[6.478s] -- Installing: /home/robotdeveloper02/IsaacSim-ros_workspaces-main/humble_ws/src/install/isaac_ros2_messages/share/isaac_ros2_messages/srv/GetPrims_Response.msg
[6.478s] -- Installing: /home/robotdeveloper02/IsaacSim-ros_workspaces-main/humble_ws/src/install/isaac_ros2_messages/share/isaac_ros2_messages/srv/GetPrimAttributes.srv
[6.478s] -- Installing: /home/robotdeveloper02/IsaacSim-ros_workspaces-main/humble_ws/src/install/isaac_ros2_messages/share/isaac_ros2_messages/srv/GetPrimAttributes_Request.msg
[6.478s] -- Installing: /home/robotdeveloper02/IsaacSim-ros_workspaces-main/humble_ws/src/install/isaac_ros2_messages/share/isaac_ros2_messages/srv/GetPrimAttributes_Response.msg
[6.478s] -- Installing: /home/robotdeveloper02/IsaacSim-ros_workspaces-main/humble_ws/src/install/isaac_ros2_messages/share/isaac_ros2_messages/srv/GetPrimAttribute.srv
[6.478s] -- Installing: /home/robotdeveloper02/IsaacSim-ros_workspaces-main/humble_ws/src/install/isaac_ros2_messages/share/isaac_ros2_messages/srv/GetPrimAttribute_Request.msg
[6.478s] -- Installing: /home/robotdeveloper02/IsaacSim-ros_workspaces-main/humble_ws/src/install/isaac_ros2_messages/share/isaac_ros2_messages/srv/GetPrimAttribute_Response.msg
[6.478s] -- Installing: /home/robotdeveloper02/IsaacSim-ros_workspaces-main/humble_ws/src/install/isaac_ros2_messages/share/isaac_ros2_messages/srv/SetPrimAttribute.srv
[6.478s] -- Installing: /home/robotdeveloper02/IsaacSim-ros_workspaces-main/humble_ws/src/install/isaac_ros2_messages/share/isaac_ros2_messages/srv/SetPrimAttribute_Request.msg
[6.478s] -- Installing: /home/robotdeveloper02/IsaacSim-ros_workspaces-main/humble_ws/src/install/isaac_ros2_messages/share/isaac_ros2_messages/srv/SetPrimAttribute_Response.msg
[6.479s] -- Installing: /home/robotdeveloper02/IsaacSim-ros_workspaces-main/humble_ws/src/install/isaac_ros2_messages/share/ament_index/resource_index/package_run_dependencies/isaac_ros2_messages
[6.479s] -- Installing: /home/robotdeveloper02/IsaacSim-ros_workspaces-main/humble_ws/src/install/isaac_ros2_messages/share/ament_index/resource_index/parent_prefix_path/isaac_ros2_messages
[6.479s] -- Installing: /home/robotdeveloper02/IsaacSim-ros_workspaces-main/humble_ws/src/install/isaac_ros2_messages/share/isaac_ros2_messages/environment/ament_prefix_path.sh
[6.479s] -- Installing: /home/robotdeveloper02/IsaacSim-ros_workspaces-main/humble_ws/src/install/isaac_ros2_messages/share/isaac_ros2_messages/environment/ament_prefix_path.dsv
[6.479s] -- Installing: /home/robotdeveloper02/IsaacSim-ros_workspaces-main/humble_ws/src/install/isaac_ros2_messages/share/isaac_ros2_messages/environment/path.sh
[6.479s] -- Installing: /home/robotdeveloper02/IsaacSim-ros_workspaces-main/humble_ws/src/install/isaac_ros2_messages/share/isaac_ros2_messages/environment/path.dsv
[6.479s] -- Installing: /home/robotdeveloper02/IsaacSim-ros_workspaces-main/humble_ws/src/install/isaac_ros2_messages/share/isaac_ros2_messages/local_setup.bash
[6.479s] -- Installing: /home/robotdeveloper02/IsaacSim-ros_workspaces-main/humble_ws/src/install/isaac_ros2_messages/share/isaac_ros2_messages/local_setup.sh
[6.479s] -- Installing: /home/robotdeveloper02/IsaacSim-ros_workspaces-main/humble_ws/src/install/isaac_ros2_messages/share/isaac_ros2_messages/local_setup.zsh
[6.479s] -- Installing: /home/robotdeveloper02/IsaacSim-ros_workspaces-main/humble_ws/src/install/isaac_ros2_messages/share/isaac_ros2_messages/local_setup.dsv
[6.479s] -- Installing: /home/robotdeveloper02/IsaacSim-ros_workspaces-main/humble_ws/src/install/isaac_ros2_messages/share/isaac_ros2_messages/package.dsv
[6.479s] -- Installing: /home/robotdeveloper02/IsaacSim-ros_workspaces-main/humble_ws/src/install/isaac_ros2_messages/share/ament_index/resource_index/packages/isaac_ros2_messages
[6.480s] -- Installing: /home/robotdeveloper02/IsaacSim-ros_workspaces-main/humble_ws/src/install/isaac_ros2_messages/share/isaac_ros2_messages/cmake/export_isaac_ros2_messages__rosidl_generator_cExport.cmake
[6.480s] -- Installing: /home/robotdeveloper02/IsaacSim-ros_workspaces-main/humble_ws/src/install/isaac_ros2_messages/share/isaac_ros2_messages/cmake/export_isaac_ros2_messages__rosidl_generator_cExport-noconfig.cmake
[6.480s] -- Installing: /home/robotdeveloper02/IsaacSim-ros_workspaces-main/humble_ws/src/install/isaac_ros2_messages/share/isaac_ros2_messages/cmake/export_isaac_ros2_messages__rosidl_typesupport_fastrtps_cExport.cmake
[6.480s] -- Installing: /home/robotdeveloper02/IsaacSim-ros_workspaces-main/humble_ws/src/install/isaac_ros2_messages/share/isaac_ros2_messages/cmake/export_isaac_ros2_messages__rosidl_typesupport_fastrtps_cExport-noconfig.cmake
[6.480s] -- Installing: /home/robotdeveloper02/IsaacSim-ros_workspaces-main/humble_ws/src/install/isaac_ros2_messages/share/isaac_ros2_messages/cmake/export_isaac_ros2_messages__rosidl_generator_cppExport.cmake
[6.480s] -- Installing: /home/robotdeveloper02/IsaacSim-ros_workspaces-main/humble_ws/src/install/isaac_ros2_messages/share/isaac_ros2_messages/cmake/export_isaac_ros2_messages__rosidl_typesupport_fastrtps_cppExport.cmake
[6.480s] -- Installing: /home/robotdeveloper02/IsaacSim-ros_workspaces-main/humble_ws/src/install/isaac_ros2_messages/share/isaac_ros2_messages/cmake/export_isaac_ros2_messages__rosidl_typesupport_fastrtps_cppExport-noconfig.cmake
[6.480s] -- Installing: /home/robotdeveloper02/IsaacSim-ros_workspaces-main/humble_ws/src/install/isaac_ros2_messages/share/isaac_ros2_messages/cmake/isaac_ros2_messages__rosidl_typesupport_introspection_cExport.cmake
[6.480s] -- Installing: /home/robotdeveloper02/IsaacSim-ros_workspaces-main/humble_ws/src/install/isaac_ros2_messages/share/isaac_ros2_messages/cmake/isaac_ros2_messages__rosidl_typesupport_introspection_cExport-noconfig.cmake
[6.480s] -- Installing: /home/robotdeveloper02/IsaacSim-ros_workspaces-main/humble_ws/src/install/isaac_ros2_messages/share/isaac_ros2_messages/cmake/isaac_ros2_messages__rosidl_typesupport_cExport.cmake
[6.481s] -- Installing: /home/robotdeveloper02/IsaacSim-ros_workspaces-main/humble_ws/src/install/isaac_ros2_messages/share/isaac_ros2_messages/cmake/isaac_ros2_messages__rosidl_typesupport_cExport-noconfig.cmake
[6.481s] -- Installing: /home/robotdeveloper02/IsaacSim-ros_workspaces-main/humble_ws/src/install/isaac_ros2_messages/share/isaac_ros2_messages/cmake/isaac_ros2_messages__rosidl_typesupport_introspection_cppExport.cmake
[6.481s] -- Installing: /home/robotdeveloper02/IsaacSim-ros_workspaces-main/humble_ws/src/install/isaac_ros2_messages/share/isaac_ros2_messages/cmake/isaac_ros2_messages__rosidl_typesupport_introspection_cppExport-noconfig.cmake
[6.481s] -- Installing: /home/robotdeveloper02/IsaacSim-ros_workspaces-main/humble_ws/src/install/isaac_ros2_messages/share/isaac_ros2_messages/cmake/isaac_ros2_messages__rosidl_typesupport_cppExport.cmake
[6.481s] -- Installing: /home/robotdeveloper02/IsaacSim-ros_workspaces-main/humble_ws/src/install/isaac_ros2_messages/share/isaac_ros2_messages/cmake/isaac_ros2_messages__rosidl_typesupport_cppExport-noconfig.cmake
[6.481s] -- Installing: /home/robotdeveloper02/IsaacSim-ros_workspaces-main/humble_ws/src/install/isaac_ros2_messages/share/isaac_ros2_messages/cmake/export_isaac_ros2_messages__rosidl_generator_pyExport.cmake
[6.481s] -- Installing: /home/robotdeveloper02/IsaacSim-ros_workspaces-main/humble_ws/src/install/isaac_ros2_messages/share/isaac_ros2_messages/cmake/export_isaac_ros2_messages__rosidl_generator_pyExport-noconfig.cmake
[6.481s] -- Installing: /home/robotdeveloper02/IsaacSim-ros_workspaces-main/humble_ws/src/install/isaac_ros2_messages/share/isaac_ros2_messages/cmake/rosidl_cmake-extras.cmake
[6.481s] -- Installing: /home/robotdeveloper02/IsaacSim-ros_workspaces-main/humble_ws/src/install/isaac_ros2_messages/share/isaac_ros2_messages/cmake/ament_cmake_export_dependencies-extras.cmake
[6.481s] -- Installing: /home/robotdeveloper02/IsaacSim-ros_workspaces-main/humble_ws/src/install/isaac_ros2_messages/share/isaac_ros2_messages/cmake/ament_cmake_export_include_directories-extras.cmake
[6.481s] -- Installing: /home/robotdeveloper02/IsaacSim-ros_workspaces-main/humble_ws/src/install/isaac_ros2_messages/share/isaac_ros2_messages/cmake/ament_cmake_export_libraries-extras.cmake
[6.481s] -- Installing: /home/robotdeveloper02/IsaacSim-ros_workspaces-main/humble_ws/src/install/isaac_ros2_messages/share/isaac_ros2_messages/cmake/ament_cmake_export_targets-extras.cmake
[6.482s] -- Installing: /home/robotdeveloper02/IsaacSim-ros_workspaces-main/humble_ws/src/install/isaac_ros2_messages/share/isaac_ros2_messages/cmake/rosidl_cmake_export_typesupport_targets-extras.cmake
[6.482s] -- Installing: /home/robotdeveloper02/IsaacSim-ros_workspaces-main/humble_ws/src/install/isaac_ros2_messages/share/isaac_ros2_messages/cmake/rosidl_cmake_export_typesupport_libraries-extras.cmake
[6.482s] -- Installing: /home/robotdeveloper02/IsaacSim-ros_workspaces-main/humble_ws/src/install/isaac_ros2_messages/share/isaac_ros2_messages/cmake/isaac_ros2_messagesConfig.cmake
[6.482s] -- Installing: /home/robotdeveloper02/IsaacSim-ros_workspaces-main/humble_ws/src/install/isaac_ros2_messages/share/isaac_ros2_messages/cmake/isaac_ros2_messagesConfig-version.cmake
[6.482s] -- Installing: /home/robotdeveloper02/IsaacSim-ros_workspaces-main/humble_ws/src/install/isaac_ros2_messages/share/isaac_ros2_messages/package.xml
[6.484s] Invoked command in '/home/robotdeveloper02/IsaacSim-ros_workspaces-main/humble_ws/src/build/isaac_ros2_messages' returned '0': CMAKE_PREFIX_PATH=/opt/ros/humble /usr/bin/cmake --install /home/robotdeveloper02/IsaacSim-ros_workspaces-main/humble_ws/src/build/isaac_ros2_messages
