[0.601s] Invoking command in '/home/robotdeveloper02/IsaacSim-ros_workspaces-main/humble_ws/build/tf_broadcaster': CMAKE_PREFIX_PATH=${CMAKE_PREFIX_PATH}:/home/robotdeveloper02/IsaacSim-ros_workspaces-main/humble_ws/install/my_ros2_package:/home/robotdeveloper02/IsaacSim-ros_workspaces-main/humble_ws/install/jetbot_controller:/home/robotdeveloper02/IsaacSim-ros_workspaces-main/humble_ws/install/isaac_ros_navigation_goal:/opt/ros/humble /usr/bin/cmake /home/robotdeveloper02/IsaacSim-ros_workspaces-main/humble_ws/src/calc_cpp -DAMENT_CMAKE_SYMLINK_INSTALL=1 -DCMAKE_INSTALL_PREFIX=/home/robotdeveloper02/IsaacSim-ros_workspaces-main/humble_ws/install/tf_broadcaster
[0.790s] -- The C compiler identification is GNU 12.3.0
[0.840s] -- The CXX compiler identification is GNU 11.4.0
[0.848s] -- Detecting C compiler ABI info
[0.913s] -- Detecting C compiler ABI info - done
[0.919s] -- Check for working C compiler: /usr/bin/cc - skipped
[0.919s] -- Detecting C compile features
[0.920s] -- Detecting C compile features - done
[0.923s] -- Detecting CXX compiler ABI info
[0.994s] -- Detecting CXX compiler ABI info - done
[1.002s] -- Check for working CXX compiler: /usr/bin/c++ - skipped
[1.002s] -- Detecting CXX compile features
[1.002s] -- Detecting CXX compile features - done
[1.006s] -- Found ament_cmake: 1.3.10 (/opt/ros/humble/share/ament_cmake/cmake)
[1.136s] -- Found Python3: /usr/bin/python3 (found version "3.10.12") found components: Interpreter 
[1.184s] -- Override CMake install command with custom implementation using symlinks instead of copying resources
[1.210s] -- Found rclcpp: 16.0.10 (/opt/ros/humble/share/rclcpp/cmake)
[1.244s] -- Found rosidl_generator_c: 3.1.5 (/opt/ros/humble/share/rosidl_generator_c/cmake)
[1.248s] -- Found rosidl_adapter: 3.1.5 (/opt/ros/humble/share/rosidl_adapter/cmake)
[1.255s] -- Found rosidl_generator_cpp: 3.1.5 (/opt/ros/humble/share/rosidl_generator_cpp/cmake)
[1.265s] -- Using all available rosidl_typesupport_c: rosidl_typesupport_fastrtps_c;rosidl_typesupport_introspection_c
[1.277s] -- Using all available rosidl_typesupport_cpp: rosidl_typesupport_fastrtps_cpp;rosidl_typesupport_introspection_cpp
[1.313s] -- Found rmw_implementation_cmake: 6.1.2 (/opt/ros/humble/share/rmw_implementation_cmake/cmake)
[1.315s] -- Found rmw_fastrtps_cpp: 6.2.7 (/opt/ros/humble/share/rmw_fastrtps_cpp/cmake)
[1.380s] -- Found OpenSSL: /usr/lib/x86_64-linux-gnu/libcrypto.so (found version "3.0.2")  
[1.400s] -- Found FastRTPS: /opt/ros/humble/include  
[1.432s] -- Using RMW implementation 'rmw_fastrtps_cpp' as default
[1.439s] -- Looking for pthread.h
[1.493s] -- Looking for pthread.h - found
[1.493s] -- Performing Test CMAKE_HAVE_LIBC_PTHREAD
[1.547s] -- Performing Test CMAKE_HAVE_LIBC_PTHREAD - Success
[1.548s] -- Found Threads: TRUE  
[1.587s] -- Found geometry_msgs: 4.2.4 (/opt/ros/humble/share/geometry_msgs/cmake)
[1.597s] -- Found tf2_ros: 0.25.8 (/opt/ros/humble/share/tf2_ros/cmake)
[1.674s] -- Found tf2_geometry_msgs: 0.25.7 (/opt/ros/humble/share/tf2_geometry_msgs/cmake)
[1.685s] -- Found eigen3_cmake_module: 0.1.1 (/opt/ros/humble/share/eigen3_cmake_module/cmake)
[1.686s] -- Found Eigen3: TRUE (found version "3.4.0") 
[1.686s] -- Ensuring Eigen3 include directory is part of orocos-kdl CMake target
[1.688s] -- Found ament_lint_auto: 0.12.11 (/opt/ros/humble/share/ament_lint_auto/cmake)
[1.753s] -- Added test 'cppcheck' to perform static code analysis on C / C++ code
[1.753s] -- Configured cppcheck include dirs: 
[1.753s] -- Configured cppcheck exclude dirs and/or files: 
[1.753s] -- Added test 'flake8' to check Python code syntax and style conventions
[1.754s] -- Added test 'lint_cmake' to check CMake code style
[1.755s] -- Added test 'pep257' to check Python code against some of the docstring style conventions in PEP 257
[1.756s] -- Added test 'uncrustify' to check C / C++ code style
[1.756s] -- Configured uncrustify additional arguments: 
[1.756s] -- Added test 'xmllint' to check XML markup files
[1.757s] -- Configuring done
[1.760s] [31mCMake Error at CMakeLists.txt:29 (add_executable):
[1.760s]   Cannot find source file:
[1.760s] 
[1.760s]     src/tf_broadcaster.cpp
[1.760s] 
[1.760s]   Tried extensions .c .C .c++ .cc .cpp .cxx .cu .mpp .m .M .mm .ixx .cppm .h
[1.760s]   .hh .h++ .hm .hpp .hxx .in .txx .f .F .for .f77 .f90 .f95 .f03 .hip .ispc
[1.760s] 
[1.760s] [0m
[1.761s] [31mCMake Error at CMakeLists.txt:29 (add_executable):
[1.761s]   No SOURCES given to target: tf_broadcaster
[1.761s] 
[1.761s] [0m
[1.761s] [0mCMake Generate step failed.  Build files cannot be regenerated correctly.[0m
