[  6%] Built target custom_message__cpp
[ 12%] Built target custom_message__rosidl_generator_c
[ 12%] Built target ament_cmake_python_copy_custom_message
[ 22%] Built target custom_message__rosidl_typesupport_introspection_c
[ 32%] Built target custom_message__rosidl_typesupport_fastrtps_c
[ 41%] Built target custom_message__rosidl_typesupport_fastrtps_cpp
[ 51%] Built target custom_message__rosidl_typesupport_c
[ 61%] Built target custom_message__rosidl_typesupport_introspection_cpp
[ 70%] Built target custom_message__rosidl_typesupport_cpp
[ 70%] Built target custom_message
[ 74%] Built target custom_message__py
[ 80%] Built target custom_message__rosidl_generator_py
[ 87%] Built target custom_message__rosidl_typesupport_introspection_c__pyext
[ 93%] Built target custom_message__rosidl_typesupport_fastrtps_c__pyext
[100%] Built target custom_message__rosidl_typesupport_c__pyext
running egg_info
writing custom_message.egg-info/PKG-INFO
writing dependency_links to custom_message.egg-info/dependency_links.txt
writing top-level names to custom_message.egg-info/top_level.txt
reading manifest file 'custom_message.egg-info/SOURCES.txt'
writing manifest file 'custom_message.egg-info/SOURCES.txt'
[100%] Built target ament_cmake_python_build_custom_message_egg
