[0.017s] Invoking command in '/home/robotdeveloper02/IsaacSim-ros_workspaces-main/humble_ws/build/custom_message': CMAKE_PREFIX_PATH=/opt/ros/humble /usr/bin/cmake --build /home/robotdeveloper02/IsaacSim-ros_workspaces-main/humble_ws/build/custom_message -- -j16 -l16
[0.251s] -- Found ament_cmake: 1.3.9 (/opt/ros/humble/share/ament_cmake/cmake)
[0.251s] -- Found std_msgs: 4.2.4 (/opt/ros/humble/share/std_msgs/cmake)
[0.251s] -- Found rosidl_generator_c: 3.1.5 (/opt/ros/humble/share/rosidl_generator_c/cmake)
[0.251s] -- Found rosidl_adapter: 3.1.5 (/opt/ros/humble/share/rosidl_adapter/cmake)
[0.251s] -- Found rosidl_generator_cpp: 3.1.5 (/opt/ros/humble/share/rosidl_generator_cpp/cmake)
[0.251s] -- Using all available rosidl_typesupport_c: rosidl_typesupport_fastrtps_c;rosidl_typesupport_introspection_c
[0.251s] -- Using all available rosidl_typesupport_cpp: rosidl_typesupport_fastrtps_cpp;rosidl_typesupport_introspection_cpp
[0.295s] -- Found rosidl_default_generators: 1.2.0 (/opt/ros/humble/share/rosidl_default_generators/cmake)
[0.528s] -- Found ament_cmake_ros: 0.10.0 (/opt/ros/humble/share/ament_cmake_ros/cmake)
[0.836s] -- Using all available rosidl_typesupport_c: rosidl_typesupport_fastrtps_c;rosidl_typesupport_introspection_c
[0.928s] -- Using all available rosidl_typesupport_cpp: rosidl_typesupport_fastrtps_cpp;rosidl_typesupport_introspection_cpp
[0.942s] -- Found python_cmake_module: 0.10.0 (/opt/ros/humble/share/python_cmake_module/cmake)
[0.957s] -- Using PYTHON_EXECUTABLE: /usr/bin/python3
[0.957s] -- Using PYTHON_INCLUDE_DIRS: /usr/include/python3.10
[0.957s] -- Using PYTHON_LIBRARIES: /usr/lib/x86_64-linux-gnu/libpython3.10.so
[0.973s] -- Found ament_lint_auto: 0.12.11 (/opt/ros/humble/share/ament_lint_auto/cmake)
[0.989s] -- Added test 'copyright' to check source files copyright and LICENSE
[0.990s] -- Added test 'lint_cmake' to check CMake code style
[0.991s] -- Added test 'xmllint' to check XML markup files
[0.994s] -- Configuring done
[1.019s] -- Generating done
[1.021s] -- Build files have been written to: /home/robotdeveloper02/IsaacSim-ros_workspaces-main/humble_ws/build/custom_message
[1.036s] [  3%] [34m[1mGenerating C code for ROS interfaces[0m
[1.041s] [  6%] [34m[1mGenerating C++ code for ROS interfaces[0m
[1.047s] [  6%] Built target ament_cmake_python_copy_custom_message
[1.201s] [  6%] Built target custom_message__cpp
[1.207s] [35m[1mConsolidate compiler generated dependencies of target custom_message__rosidl_generator_c[0m
[1.207s] [ 16%] [34m[1mGenerating C++ type support dispatch for ROS interfaces[0m
[1.207s] [ 16%] [34m[1mGenerating C++ type support for eProsima Fast-RTPS[0m
[1.207s] [ 16%] [34m[1mGenerating C++ introspection for ROS interfaces[0m
[1.215s] [ 19%] [32mBuilding C object CMakeFiles/custom_message__rosidl_generator_c.dir/rosidl_generator_c/custom_message/msg/detail/sample_msg__functions.c.o[0m
[1.219s] running egg_info
[1.220s] writing custom_message.egg-info/PKG-INFO
[1.220s] writing dependency_links to custom_message.egg-info/dependency_links.txt
[1.220s] writing top-level names to custom_message.egg-info/top_level.txt
[1.222s] reading manifest file 'custom_message.egg-info/SOURCES.txt'
[1.222s] writing manifest file 'custom_message.egg-info/SOURCES.txt'
[1.243s] [ 19%] Built target ament_cmake_python_build_custom_message_egg
[1.366s] [35m[1mConsolidate compiler generated dependencies of target custom_message__rosidl_typesupport_cpp[0m
[1.375s] [ 22%] [32mBuilding CXX object CMakeFiles/custom_message__rosidl_typesupport_cpp.dir/rosidl_typesupport_cpp/custom_message/msg/sample_msg__type_support.cpp.o[0m
[1.375s] [35m[1mConsolidate compiler generated dependencies of target custom_message__rosidl_typesupport_introspection_cpp[0m
[1.382s] [35m[1mConsolidate compiler generated dependencies of target custom_message__rosidl_typesupport_fastrtps_cpp[0m
[1.384s] [ 25%] [32mBuilding CXX object CMakeFiles/custom_message__rosidl_typesupport_introspection_cpp.dir/rosidl_typesupport_introspection_cpp/custom_message/msg/detail/sample_msg__type_support.cpp.o[0m
[1.391s] [ 29%] [32mBuilding CXX object CMakeFiles/custom_message__rosidl_typesupport_fastrtps_cpp.dir/rosidl_typesupport_fastrtps_cpp/custom_message/msg/detail/dds_fastrtps/sample_msg__type_support.cpp.o[0m
[1.406s] [ 32%] [32m[1mLinking C shared library libcustom_message__rosidl_generator_c.so[0m
[1.452s] [ 32%] Built target custom_message__rosidl_generator_c
[1.459s] [ 41%] [34m[1mGenerating C type support dispatch for ROS interfaces[0m
[1.459s] [ 41%] [34m[1mGenerating C type support for eProsima Fast-RTPS[0m
[1.459s] [ 41%] [34m[1mGenerating C introspection for ROS interfaces[0m
[1.625s] [35m[1mConsolidate compiler generated dependencies of target custom_message__rosidl_typesupport_c[0m
[1.635s] [ 45%] [32mBuilding CXX object CMakeFiles/custom_message__rosidl_typesupport_c.dir/rosidl_typesupport_c/custom_message/msg/sample_msg__type_support.cpp.o[0m
[1.647s] [35m[1mConsolidate compiler generated dependencies of target custom_message__rosidl_typesupport_introspection_c[0m
[1.652s] [35m[1mConsolidate compiler generated dependencies of target custom_message__rosidl_typesupport_fastrtps_c[0m
[1.656s] [ 48%] [32mBuilding C object CMakeFiles/custom_message__rosidl_typesupport_introspection_c.dir/rosidl_typesupport_introspection_c/custom_message/msg/detail/sample_msg__type_support.c.o[0m
[1.662s] [ 51%] [32mBuilding CXX object CMakeFiles/custom_message__rosidl_typesupport_fastrtps_c.dir/rosidl_typesupport_fastrtps_c/custom_message/msg/detail/sample_msg__type_support_c.cpp.o[0m
[1.670s] [ 54%] [32m[1mLinking CXX shared library libcustom_message__rosidl_typesupport_c.so[0m
[1.683s] [ 58%] [32m[1mLinking CXX shared library libcustom_message__rosidl_typesupport_cpp.so[0m
[1.689s] [ 61%] [32m[1mLinking C shared library libcustom_message__rosidl_typesupport_introspection_c.so[0m
[1.708s] [ 61%] Built target custom_message__rosidl_typesupport_c
[1.716s] [ 61%] Built target custom_message__rosidl_typesupport_introspection_c
[1.717s] [ 61%] Built target custom_message__rosidl_typesupport_cpp
[1.772s] [ 64%] [32m[1mLinking CXX shared library libcustom_message__rosidl_typesupport_introspection_cpp.so[0m
[1.777s] [ 67%] [32m[1mLinking CXX shared library libcustom_message__rosidl_typesupport_fastrtps_cpp.so[0m
[1.817s] [ 67%] Built target custom_message__rosidl_typesupport_introspection_cpp
[1.831s] [ 67%] Built target custom_message__rosidl_typesupport_fastrtps_cpp
[1.900s] [ 70%] [32m[1mLinking CXX shared library libcustom_message__rosidl_typesupport_fastrtps_c.so[0m
[1.943s] [ 70%] Built target custom_message__rosidl_typesupport_fastrtps_c
[1.954s] [ 70%] Built target custom_message
[1.965s] [ 74%] [34m[1mGenerating Python code for ROS interfaces[0m
[2.134s] [ 74%] Built target custom_message__py
[2.140s] [35m[1mConsolidate compiler generated dependencies of target custom_message__rosidl_generator_py[0m
[2.147s] [ 77%] [32mBuilding C object CMakeFiles/custom_message__rosidl_generator_py.dir/rosidl_generator_py/custom_message/msg/_sample_msg_s.c.o[0m
[2.243s] [ 80%] [32m[1mLinking C shared library rosidl_generator_py/custom_message/libcustom_message__rosidl_generator_py.so[0m
[2.267s] [ 80%] Built target custom_message__rosidl_generator_py
[2.273s] [35m[1mConsolidate compiler generated dependencies of target custom_message__rosidl_typesupport_fastrtps_c__pyext[0m
[2.273s] [35m[1mConsolidate compiler generated dependencies of target custom_message__rosidl_typesupport_introspection_c__pyext[0m
[2.273s] [35m[1mConsolidate compiler generated dependencies of target custom_message__rosidl_typesupport_c__pyext[0m
[2.281s] [ 90%] [32mBuilding C object CMakeFiles/custom_message__rosidl_typesupport_c__pyext.dir/rosidl_generator_py/custom_message/_custom_message_s.ep.rosidl_typesupport_c.c.o[0m
[2.281s] [ 90%] [32mBuilding C object CMakeFiles/custom_message__rosidl_typesupport_fastrtps_c__pyext.dir/rosidl_generator_py/custom_message/_custom_message_s.ep.rosidl_typesupport_fastrtps_c.c.o[0m
[2.281s] [ 90%] [32mBuilding C object CMakeFiles/custom_message__rosidl_typesupport_introspection_c__pyext.dir/rosidl_generator_py/custom_message/_custom_message_s.ep.rosidl_typesupport_introspection_c.c.o[0m
[2.348s] [100%] [32m[1mLinking C shared library rosidl_generator_py/custom_message/custom_message_s__rosidl_typesupport_introspection_c.cpython-310-x86_64-linux-gnu.so[0m
[2.348s] [100%] [32m[1mLinking C shared library rosidl_generator_py/custom_message/custom_message_s__rosidl_typesupport_fastrtps_c.cpython-310-x86_64-linux-gnu.so[0m
[2.348s] [100%] [32m[1mLinking C shared library rosidl_generator_py/custom_message/custom_message_s__rosidl_typesupport_c.cpython-310-x86_64-linux-gnu.so[0m
[2.372s] [100%] Built target custom_message__rosidl_typesupport_fastrtps_c__pyext
[2.372s] [100%] Built target custom_message__rosidl_typesupport_c__pyext
[2.372s] [100%] Built target custom_message__rosidl_typesupport_introspection_c__pyext
[2.379s] Invoked command in '/home/robotdeveloper02/IsaacSim-ros_workspaces-main/humble_ws/build/custom_message' returned '0': CMAKE_PREFIX_PATH=/opt/ros/humble /usr/bin/cmake --build /home/robotdeveloper02/IsaacSim-ros_workspaces-main/humble_ws/build/custom_message -- -j16 -l16
[2.415s] Invoking command in '/home/robotdeveloper02/IsaacSim-ros_workspaces-main/humble_ws/build/custom_message': CMAKE_PREFIX_PATH=/opt/ros/humble /usr/bin/cmake --install /home/robotdeveloper02/IsaacSim-ros_workspaces-main/humble_ws/build/custom_message
[2.419s] -- Install configuration: ""
[2.419s] -- Up-to-date: /home/robotdeveloper02/IsaacSim-ros_workspaces-main/humble_ws/install/custom_message/share/ament_index/resource_index/rosidl_interfaces/custom_message
[2.420s] -- Up-to-date: /home/robotdeveloper02/IsaacSim-ros_workspaces-main/humble_ws/install/custom_message/include/custom_message/custom_message
[2.420s] -- Up-to-date: /home/robotdeveloper02/IsaacSim-ros_workspaces-main/humble_ws/install/custom_message/include/custom_message/custom_message/msg
[2.420s] -- Up-to-date: /home/robotdeveloper02/IsaacSim-ros_workspaces-main/humble_ws/install/custom_message/include/custom_message/custom_message/msg/detail
[2.420s] -- Installing: /home/robotdeveloper02/IsaacSim-ros_workspaces-main/humble_ws/install/custom_message/include/custom_message/custom_message/msg/detail/sample_msg__struct.h
[2.420s] -- Installing: /home/robotdeveloper02/IsaacSim-ros_workspaces-main/humble_ws/install/custom_message/include/custom_message/custom_message/msg/detail/sample_msg__functions.h
[2.420s] -- Installing: /home/robotdeveloper02/IsaacSim-ros_workspaces-main/humble_ws/install/custom_message/include/custom_message/custom_message/msg/detail/sample_msg__type_support.h
[2.420s] -- Installing: /home/robotdeveloper02/IsaacSim-ros_workspaces-main/humble_ws/install/custom_message/include/custom_message/custom_message/msg/detail/sample_msg__functions.c
[2.420s] -- Installing: /home/robotdeveloper02/IsaacSim-ros_workspaces-main/humble_ws/install/custom_message/include/custom_message/custom_message/msg/sample_msg.h
[2.420s] -- Up-to-date: /home/robotdeveloper02/IsaacSim-ros_workspaces-main/humble_ws/install/custom_message/include/custom_message/custom_message/msg/rosidl_generator_c__visibility_control.h
[2.420s] -- Up-to-date: /home/robotdeveloper02/IsaacSim-ros_workspaces-main/humble_ws/install/custom_message/share/custom_message/environment/library_path.sh
[2.420s] -- Installing: /home/robotdeveloper02/IsaacSim-ros_workspaces-main/humble_ws/install/custom_message/share/custom_message/environment/library_path.dsv
[2.420s] -- Installing: /home/robotdeveloper02/IsaacSim-ros_workspaces-main/humble_ws/install/custom_message/lib/libcustom_message__rosidl_generator_c.so
[2.420s] -- Set runtime path of "/home/robotdeveloper02/IsaacSim-ros_workspaces-main/humble_ws/install/custom_message/lib/libcustom_message__rosidl_generator_c.so" to ""
[2.420s] -- Up-to-date: /home/robotdeveloper02/IsaacSim-ros_workspaces-main/humble_ws/install/custom_message/include/custom_message/custom_message
[2.420s] -- Up-to-date: /home/robotdeveloper02/IsaacSim-ros_workspaces-main/humble_ws/install/custom_message/include/custom_message/custom_message/msg
[2.420s] -- Up-to-date: /home/robotdeveloper02/IsaacSim-ros_workspaces-main/humble_ws/install/custom_message/include/custom_message/custom_message/msg/detail
[2.420s] -- Installing: /home/robotdeveloper02/IsaacSim-ros_workspaces-main/humble_ws/install/custom_message/include/custom_message/custom_message/msg/detail/sample_msg__rosidl_typesupport_fastrtps_c.h
[2.420s] -- Up-to-date: /home/robotdeveloper02/IsaacSim-ros_workspaces-main/humble_ws/install/custom_message/include/custom_message/custom_message/msg/rosidl_typesupport_fastrtps_c__visibility_control.h
[2.420s] -- Installing: /home/robotdeveloper02/IsaacSim-ros_workspaces-main/humble_ws/install/custom_message/lib/libcustom_message__rosidl_typesupport_fastrtps_c.so
[2.420s] -- Set runtime path of "/home/robotdeveloper02/IsaacSim-ros_workspaces-main/humble_ws/install/custom_message/lib/libcustom_message__rosidl_typesupport_fastrtps_c.so" to ""
[2.421s] -- Up-to-date: /home/robotdeveloper02/IsaacSim-ros_workspaces-main/humble_ws/install/custom_message/include/custom_message/custom_message
[2.421s] -- Up-to-date: /home/robotdeveloper02/IsaacSim-ros_workspaces-main/humble_ws/install/custom_message/include/custom_message/custom_message/msg
[2.421s] -- Up-to-date: /home/robotdeveloper02/IsaacSim-ros_workspaces-main/humble_ws/install/custom_message/include/custom_message/custom_message/msg/detail
[2.421s] -- Installing: /home/robotdeveloper02/IsaacSim-ros_workspaces-main/humble_ws/install/custom_message/include/custom_message/custom_message/msg/detail/sample_msg__struct.hpp
[2.421s] -- Installing: /home/robotdeveloper02/IsaacSim-ros_workspaces-main/humble_ws/install/custom_message/include/custom_message/custom_message/msg/detail/sample_msg__traits.hpp
[2.421s] -- Installing: /home/robotdeveloper02/IsaacSim-ros_workspaces-main/humble_ws/install/custom_message/include/custom_message/custom_message/msg/detail/sample_msg__builder.hpp
[2.421s] -- Installing: /home/robotdeveloper02/IsaacSim-ros_workspaces-main/humble_ws/install/custom_message/include/custom_message/custom_message/msg/sample_msg.hpp
[2.421s] -- Up-to-date: /home/robotdeveloper02/IsaacSim-ros_workspaces-main/humble_ws/install/custom_message/include/custom_message/custom_message
[2.421s] -- Up-to-date: /home/robotdeveloper02/IsaacSim-ros_workspaces-main/humble_ws/install/custom_message/include/custom_message/custom_message/msg
[2.421s] -- Up-to-date: /home/robotdeveloper02/IsaacSim-ros_workspaces-main/humble_ws/install/custom_message/include/custom_message/custom_message/msg/detail
[2.421s] -- Up-to-date: /home/robotdeveloper02/IsaacSim-ros_workspaces-main/humble_ws/install/custom_message/include/custom_message/custom_message/msg/detail/dds_fastrtps
[2.421s] -- Installing: /home/robotdeveloper02/IsaacSim-ros_workspaces-main/humble_ws/install/custom_message/include/custom_message/custom_message/msg/detail/sample_msg__rosidl_typesupport_fastrtps_cpp.hpp
[2.421s] -- Up-to-date: /home/robotdeveloper02/IsaacSim-ros_workspaces-main/humble_ws/install/custom_message/include/custom_message/custom_message/msg/rosidl_typesupport_fastrtps_cpp__visibility_control.h
[2.421s] -- Installing: /home/robotdeveloper02/IsaacSim-ros_workspaces-main/humble_ws/install/custom_message/lib/libcustom_message__rosidl_typesupport_fastrtps_cpp.so
[2.421s] -- Set runtime path of "/home/robotdeveloper02/IsaacSim-ros_workspaces-main/humble_ws/install/custom_message/lib/libcustom_message__rosidl_typesupport_fastrtps_cpp.so" to ""
[2.421s] -- Up-to-date: /home/robotdeveloper02/IsaacSim-ros_workspaces-main/humble_ws/install/custom_message/include/custom_message/custom_message
[2.421s] -- Up-to-date: /home/robotdeveloper02/IsaacSim-ros_workspaces-main/humble_ws/install/custom_message/include/custom_message/custom_message/msg
[2.421s] -- Up-to-date: /home/robotdeveloper02/IsaacSim-ros_workspaces-main/humble_ws/install/custom_message/include/custom_message/custom_message/msg/detail
[2.422s] -- Installing: /home/robotdeveloper02/IsaacSim-ros_workspaces-main/humble_ws/install/custom_message/include/custom_message/custom_message/msg/detail/sample_msg__type_support.c
[2.422s] -- Installing: /home/robotdeveloper02/IsaacSim-ros_workspaces-main/humble_ws/install/custom_message/include/custom_message/custom_message/msg/detail/sample_msg__rosidl_typesupport_introspection_c.h
[2.422s] -- Up-to-date: /home/robotdeveloper02/IsaacSim-ros_workspaces-main/humble_ws/install/custom_message/include/custom_message/custom_message/msg/rosidl_typesupport_introspection_c__visibility_control.h
[2.422s] -- Installing: /home/robotdeveloper02/IsaacSim-ros_workspaces-main/humble_ws/install/custom_message/lib/libcustom_message__rosidl_typesupport_introspection_c.so
[2.422s] -- Set runtime path of "/home/robotdeveloper02/IsaacSim-ros_workspaces-main/humble_ws/install/custom_message/lib/libcustom_message__rosidl_typesupport_introspection_c.so" to ""
[2.422s] -- Installing: /home/robotdeveloper02/IsaacSim-ros_workspaces-main/humble_ws/install/custom_message/lib/libcustom_message__rosidl_typesupport_c.so
[2.422s] -- Set runtime path of "/home/robotdeveloper02/IsaacSim-ros_workspaces-main/humble_ws/install/custom_message/lib/libcustom_message__rosidl_typesupport_c.so" to ""
[2.422s] -- Up-to-date: /home/robotdeveloper02/IsaacSim-ros_workspaces-main/humble_ws/install/custom_message/include/custom_message/custom_message
[2.422s] -- Up-to-date: /home/robotdeveloper02/IsaacSim-ros_workspaces-main/humble_ws/install/custom_message/include/custom_message/custom_message/msg
[2.422s] -- Up-to-date: /home/robotdeveloper02/IsaacSim-ros_workspaces-main/humble_ws/install/custom_message/include/custom_message/custom_message/msg/detail
[2.422s] -- Installing: /home/robotdeveloper02/IsaacSim-ros_workspaces-main/humble_ws/install/custom_message/include/custom_message/custom_message/msg/detail/sample_msg__type_support.cpp
[2.422s] -- Installing: /home/robotdeveloper02/IsaacSim-ros_workspaces-main/humble_ws/install/custom_message/include/custom_message/custom_message/msg/detail/sample_msg__rosidl_typesupport_introspection_cpp.hpp
[2.422s] -- Installing: /home/robotdeveloper02/IsaacSim-ros_workspaces-main/humble_ws/install/custom_message/lib/libcustom_message__rosidl_typesupport_introspection_cpp.so
[2.422s] -- Set runtime path of "/home/robotdeveloper02/IsaacSim-ros_workspaces-main/humble_ws/install/custom_message/lib/libcustom_message__rosidl_typesupport_introspection_cpp.so" to ""
[2.423s] -- Installing: /home/robotdeveloper02/IsaacSim-ros_workspaces-main/humble_ws/install/custom_message/lib/libcustom_message__rosidl_typesupport_cpp.so
[2.423s] -- Set runtime path of "/home/robotdeveloper02/IsaacSim-ros_workspaces-main/humble_ws/install/custom_message/lib/libcustom_message__rosidl_typesupport_cpp.so" to ""
[2.423s] -- Up-to-date: /home/robotdeveloper02/IsaacSim-ros_workspaces-main/humble_ws/install/custom_message/share/custom_message/environment/pythonpath.sh
[2.423s] -- Installing: /home/robotdeveloper02/IsaacSim-ros_workspaces-main/humble_ws/install/custom_message/share/custom_message/environment/pythonpath.dsv
[2.423s] -- Up-to-date: /home/robotdeveloper02/IsaacSim-ros_workspaces-main/humble_ws/install/custom_message/local/lib/python3.10/dist-packages/custom_message-0.0.0-py3.10.egg-info
[2.423s] -- Installing: /home/robotdeveloper02/IsaacSim-ros_workspaces-main/humble_ws/install/custom_message/local/lib/python3.10/dist-packages/custom_message-0.0.0-py3.10.egg-info/PKG-INFO
[2.423s] -- Installing: /home/robotdeveloper02/IsaacSim-ros_workspaces-main/humble_ws/install/custom_message/local/lib/python3.10/dist-packages/custom_message-0.0.0-py3.10.egg-info/dependency_links.txt
[2.423s] -- Installing: /home/robotdeveloper02/IsaacSim-ros_workspaces-main/humble_ws/install/custom_message/local/lib/python3.10/dist-packages/custom_message-0.0.0-py3.10.egg-info/top_level.txt
[2.423s] -- Installing: /home/robotdeveloper02/IsaacSim-ros_workspaces-main/humble_ws/install/custom_message/local/lib/python3.10/dist-packages/custom_message-0.0.0-py3.10.egg-info/SOURCES.txt
[2.423s] -- Up-to-date: /home/robotdeveloper02/IsaacSim-ros_workspaces-main/humble_ws/install/custom_message/local/lib/python3.10/dist-packages/custom_message
[2.423s] -- Installing: /home/robotdeveloper02/IsaacSim-ros_workspaces-main/humble_ws/install/custom_message/local/lib/python3.10/dist-packages/custom_message/_custom_message_s.ep.rosidl_typesupport_introspection_c.c
[2.423s] -- Installing: /home/robotdeveloper02/IsaacSim-ros_workspaces-main/humble_ws/install/custom_message/local/lib/python3.10/dist-packages/custom_message/_custom_message_s.ep.rosidl_typesupport_fastrtps_c.c
[2.423s] -- Installing: /home/robotdeveloper02/IsaacSim-ros_workspaces-main/humble_ws/install/custom_message/local/lib/python3.10/dist-packages/custom_message/__init__.py
[2.423s] -- Installing: /home/robotdeveloper02/IsaacSim-ros_workspaces-main/humble_ws/install/custom_message/local/lib/python3.10/dist-packages/custom_message/_custom_message_s.ep.rosidl_typesupport_c.c
[2.423s] -- Installing: /home/robotdeveloper02/IsaacSim-ros_workspaces-main/humble_ws/install/custom_message/local/lib/python3.10/dist-packages/custom_message/custom_message_s__rosidl_typesupport_fastrtps_c.cpython-310-x86_64-linux-gnu.so
[2.424s] -- Up-to-date: /home/robotdeveloper02/IsaacSim-ros_workspaces-main/humble_ws/install/custom_message/local/lib/python3.10/dist-packages/custom_message/msg
[2.424s] -- Installing: /home/robotdeveloper02/IsaacSim-ros_workspaces-main/humble_ws/install/custom_message/local/lib/python3.10/dist-packages/custom_message/msg/_sample_msg_s.c
[2.424s] -- Installing: /home/robotdeveloper02/IsaacSim-ros_workspaces-main/humble_ws/install/custom_message/local/lib/python3.10/dist-packages/custom_message/msg/__init__.py
[2.424s] -- Installing: /home/robotdeveloper02/IsaacSim-ros_workspaces-main/humble_ws/install/custom_message/local/lib/python3.10/dist-packages/custom_message/msg/_sample_msg.py
[2.424s] -- Installing: /home/robotdeveloper02/IsaacSim-ros_workspaces-main/humble_ws/install/custom_message/local/lib/python3.10/dist-packages/custom_message/custom_message_s__rosidl_typesupport_c.cpython-310-x86_64-linux-gnu.so
[2.424s] -- Installing: /home/robotdeveloper02/IsaacSim-ros_workspaces-main/humble_ws/install/custom_message/local/lib/python3.10/dist-packages/custom_message/custom_message_s__rosidl_typesupport_introspection_c.cpython-310-x86_64-linux-gnu.so
[2.424s] -- Installing: /home/robotdeveloper02/IsaacSim-ros_workspaces-main/humble_ws/install/custom_message/local/lib/python3.10/dist-packages/custom_message/libcustom_message__rosidl_generator_py.so
[2.444s] Listing '/home/robotdeveloper02/IsaacSim-ros_workspaces-main/humble_ws/install/custom_message/local/lib/python3.10/dist-packages/custom_message'...
[2.444s] Compiling '/home/robotdeveloper02/IsaacSim-ros_workspaces-main/humble_ws/install/custom_message/local/lib/python3.10/dist-packages/custom_message/__init__.py'...
[2.444s] Listing '/home/robotdeveloper02/IsaacSim-ros_workspaces-main/humble_ws/install/custom_message/local/lib/python3.10/dist-packages/custom_message/msg'...
[2.445s] Compiling '/home/robotdeveloper02/IsaacSim-ros_workspaces-main/humble_ws/install/custom_message/local/lib/python3.10/dist-packages/custom_message/msg/__init__.py'...
[2.445s] Compiling '/home/robotdeveloper02/IsaacSim-ros_workspaces-main/humble_ws/install/custom_message/local/lib/python3.10/dist-packages/custom_message/msg/_sample_msg.py'...
[2.447s] -- Installing: /home/robotdeveloper02/IsaacSim-ros_workspaces-main/humble_ws/install/custom_message/local/lib/python3.10/dist-packages/custom_message/custom_message_s__rosidl_typesupport_fastrtps_c.cpython-310-x86_64-linux-gnu.so
[2.447s] -- Set runtime path of "/home/robotdeveloper02/IsaacSim-ros_workspaces-main/humble_ws/install/custom_message/local/lib/python3.10/dist-packages/custom_message/custom_message_s__rosidl_typesupport_fastrtps_c.cpython-310-x86_64-linux-gnu.so" to ""
[2.447s] -- Installing: /home/robotdeveloper02/IsaacSim-ros_workspaces-main/humble_ws/install/custom_message/local/lib/python3.10/dist-packages/custom_message/custom_message_s__rosidl_typesupport_introspection_c.cpython-310-x86_64-linux-gnu.so
[2.448s] -- Set runtime path of "/home/robotdeveloper02/IsaacSim-ros_workspaces-main/humble_ws/install/custom_message/local/lib/python3.10/dist-packages/custom_message/custom_message_s__rosidl_typesupport_introspection_c.cpython-310-x86_64-linux-gnu.so" to ""
[2.448s] -- Installing: /home/robotdeveloper02/IsaacSim-ros_workspaces-main/humble_ws/install/custom_message/local/lib/python3.10/dist-packages/custom_message/custom_message_s__rosidl_typesupport_c.cpython-310-x86_64-linux-gnu.so
[2.448s] -- Set runtime path of "/home/robotdeveloper02/IsaacSim-ros_workspaces-main/humble_ws/install/custom_message/local/lib/python3.10/dist-packages/custom_message/custom_message_s__rosidl_typesupport_c.cpython-310-x86_64-linux-gnu.so" to ""
[2.448s] -- Installing: /home/robotdeveloper02/IsaacSim-ros_workspaces-main/humble_ws/install/custom_message/lib/libcustom_message__rosidl_generator_py.so
[2.448s] -- Set runtime path of "/home/robotdeveloper02/IsaacSim-ros_workspaces-main/humble_ws/install/custom_message/lib/libcustom_message__rosidl_generator_py.so" to ""
[2.448s] -- Installing: /home/robotdeveloper02/IsaacSim-ros_workspaces-main/humble_ws/install/custom_message/share/custom_message/msg/SampleMsg.idl
[2.448s] -- Installing: /home/robotdeveloper02/IsaacSim-ros_workspaces-main/humble_ws/install/custom_message/share/custom_message/msg/SampleMsg.msg
[2.448s] -- Up-to-date: /home/robotdeveloper02/IsaacSim-ros_workspaces-main/humble_ws/install/custom_message/share/ament_index/resource_index/package_run_dependencies/custom_message
[2.448s] -- Up-to-date: /home/robotdeveloper02/IsaacSim-ros_workspaces-main/humble_ws/install/custom_message/share/ament_index/resource_index/parent_prefix_path/custom_message
[2.448s] -- Up-to-date: /home/robotdeveloper02/IsaacSim-ros_workspaces-main/humble_ws/install/custom_message/share/custom_message/environment/ament_prefix_path.sh
[2.448s] -- Installing: /home/robotdeveloper02/IsaacSim-ros_workspaces-main/humble_ws/install/custom_message/share/custom_message/environment/ament_prefix_path.dsv
[2.448s] -- Up-to-date: /home/robotdeveloper02/IsaacSim-ros_workspaces-main/humble_ws/install/custom_message/share/custom_message/environment/path.sh
[2.449s] -- Installing: /home/robotdeveloper02/IsaacSim-ros_workspaces-main/humble_ws/install/custom_message/share/custom_message/environment/path.dsv
[2.449s] -- Up-to-date: /home/robotdeveloper02/IsaacSim-ros_workspaces-main/humble_ws/install/custom_message/share/custom_message/local_setup.bash
[2.449s] -- Up-to-date: /home/robotdeveloper02/IsaacSim-ros_workspaces-main/humble_ws/install/custom_message/share/custom_message/local_setup.sh
[2.449s] -- Up-to-date: /home/robotdeveloper02/IsaacSim-ros_workspaces-main/humble_ws/install/custom_message/share/custom_message/local_setup.zsh
[2.449s] -- Installing: /home/robotdeveloper02/IsaacSim-ros_workspaces-main/humble_ws/install/custom_message/share/custom_message/local_setup.dsv
[2.449s] -- Installing: /home/robotdeveloper02/IsaacSim-ros_workspaces-main/humble_ws/install/custom_message/share/custom_message/package.dsv
[2.449s] -- Up-to-date: /home/robotdeveloper02/IsaacSim-ros_workspaces-main/humble_ws/install/custom_message/share/ament_index/resource_index/packages/custom_message
[2.449s] -- Up-to-date: /home/robotdeveloper02/IsaacSim-ros_workspaces-main/humble_ws/install/custom_message/share/custom_message/cmake/export_custom_message__rosidl_generator_cExport.cmake
[2.449s] -- Up-to-date: /home/robotdeveloper02/IsaacSim-ros_workspaces-main/humble_ws/install/custom_message/share/custom_message/cmake/export_custom_message__rosidl_generator_cExport-noconfig.cmake
[2.449s] -- Up-to-date: /home/robotdeveloper02/IsaacSim-ros_workspaces-main/humble_ws/install/custom_message/share/custom_message/cmake/export_custom_message__rosidl_typesupport_fastrtps_cExport.cmake
[2.449s] -- Up-to-date: /home/robotdeveloper02/IsaacSim-ros_workspaces-main/humble_ws/install/custom_message/share/custom_message/cmake/export_custom_message__rosidl_typesupport_fastrtps_cExport-noconfig.cmake
[2.449s] -- Up-to-date: /home/robotdeveloper02/IsaacSim-ros_workspaces-main/humble_ws/install/custom_message/share/custom_message/cmake/export_custom_message__rosidl_generator_cppExport.cmake
[2.449s] -- Up-to-date: /home/robotdeveloper02/IsaacSim-ros_workspaces-main/humble_ws/install/custom_message/share/custom_message/cmake/export_custom_message__rosidl_typesupport_fastrtps_cppExport.cmake
[2.449s] -- Up-to-date: /home/robotdeveloper02/IsaacSim-ros_workspaces-main/humble_ws/install/custom_message/share/custom_message/cmake/export_custom_message__rosidl_typesupport_fastrtps_cppExport-noconfig.cmake
[2.449s] -- Up-to-date: /home/robotdeveloper02/IsaacSim-ros_workspaces-main/humble_ws/install/custom_message/share/custom_message/cmake/custom_message__rosidl_typesupport_introspection_cExport.cmake
[2.449s] -- Up-to-date: /home/robotdeveloper02/IsaacSim-ros_workspaces-main/humble_ws/install/custom_message/share/custom_message/cmake/custom_message__rosidl_typesupport_introspection_cExport-noconfig.cmake
[2.449s] -- Up-to-date: /home/robotdeveloper02/IsaacSim-ros_workspaces-main/humble_ws/install/custom_message/share/custom_message/cmake/custom_message__rosidl_typesupport_cExport.cmake
[2.449s] -- Up-to-date: /home/robotdeveloper02/IsaacSim-ros_workspaces-main/humble_ws/install/custom_message/share/custom_message/cmake/custom_message__rosidl_typesupport_cExport-noconfig.cmake
[2.450s] -- Up-to-date: /home/robotdeveloper02/IsaacSim-ros_workspaces-main/humble_ws/install/custom_message/share/custom_message/cmake/custom_message__rosidl_typesupport_introspection_cppExport.cmake
[2.450s] -- Up-to-date: /home/robotdeveloper02/IsaacSim-ros_workspaces-main/humble_ws/install/custom_message/share/custom_message/cmake/custom_message__rosidl_typesupport_introspection_cppExport-noconfig.cmake
[2.450s] -- Up-to-date: /home/robotdeveloper02/IsaacSim-ros_workspaces-main/humble_ws/install/custom_message/share/custom_message/cmake/custom_message__rosidl_typesupport_cppExport.cmake
[2.450s] -- Up-to-date: /home/robotdeveloper02/IsaacSim-ros_workspaces-main/humble_ws/install/custom_message/share/custom_message/cmake/custom_message__rosidl_typesupport_cppExport-noconfig.cmake
[2.450s] -- Up-to-date: /home/robotdeveloper02/IsaacSim-ros_workspaces-main/humble_ws/install/custom_message/share/custom_message/cmake/export_custom_message__rosidl_generator_pyExport.cmake
[2.450s] -- Up-to-date: /home/robotdeveloper02/IsaacSim-ros_workspaces-main/humble_ws/install/custom_message/share/custom_message/cmake/export_custom_message__rosidl_generator_pyExport-noconfig.cmake
[2.450s] -- Up-to-date: /home/robotdeveloper02/IsaacSim-ros_workspaces-main/humble_ws/install/custom_message/share/custom_message/cmake/rosidl_cmake-extras.cmake
[2.450s] -- Up-to-date: /home/robotdeveloper02/IsaacSim-ros_workspaces-main/humble_ws/install/custom_message/share/custom_message/cmake/ament_cmake_export_dependencies-extras.cmake
[2.450s] -- Up-to-date: /home/robotdeveloper02/IsaacSim-ros_workspaces-main/humble_ws/install/custom_message/share/custom_message/cmake/ament_cmake_export_include_directories-extras.cmake
[2.450s] -- Up-to-date: /home/robotdeveloper02/IsaacSim-ros_workspaces-main/humble_ws/install/custom_message/share/custom_message/cmake/ament_cmake_export_libraries-extras.cmake
[2.450s] -- Up-to-date: /home/robotdeveloper02/IsaacSim-ros_workspaces-main/humble_ws/install/custom_message/share/custom_message/cmake/ament_cmake_export_targets-extras.cmake
[2.450s] -- Up-to-date: /home/robotdeveloper02/IsaacSim-ros_workspaces-main/humble_ws/install/custom_message/share/custom_message/cmake/rosidl_cmake_export_typesupport_targets-extras.cmake
[2.450s] -- Up-to-date: /home/robotdeveloper02/IsaacSim-ros_workspaces-main/humble_ws/install/custom_message/share/custom_message/cmake/rosidl_cmake_export_typesupport_libraries-extras.cmake
[2.450s] -- Up-to-date: /home/robotdeveloper02/IsaacSim-ros_workspaces-main/humble_ws/install/custom_message/share/custom_message/cmake/custom_messageConfig.cmake
[2.450s] -- Up-to-date: /home/robotdeveloper02/IsaacSim-ros_workspaces-main/humble_ws/install/custom_message/share/custom_message/cmake/custom_messageConfig-version.cmake
[2.450s] -- Up-to-date: /home/robotdeveloper02/IsaacSim-ros_workspaces-main/humble_ws/install/custom_message/share/custom_message/package.xml
[2.451s] Invoked command in '/home/robotdeveloper02/IsaacSim-ros_workspaces-main/humble_ws/build/custom_message' returned '0': CMAKE_PREFIX_PATH=/opt/ros/humble /usr/bin/cmake --install /home/robotdeveloper02/IsaacSim-ros_workspaces-main/humble_ws/build/custom_message
