[0.221s] Invoking command in '/home/robotdeveloper02/IsaacSim-ros_workspaces-main/humble_ws/src/build/isaacsim': CMAKE_PREFIX_PATH=/opt/ros/humble /usr/bin/cmake /home/robotdeveloper02/IsaacSim-ros_workspaces-main/humble_ws/src/isaacsim -DCMAKE_INSTALL_PREFIX=/home/robotdeveloper02/IsaacSim-ros_workspaces-main/humble_ws/src/install/isaacsim
[0.451s] -- The C compiler identification is GNU 12.3.0
[0.451s] -- The CXX compiler identification is GNU 11.4.0
[0.451s] -- Detecting C compiler ABI info
[0.452s] -- Detecting C compiler ABI info - done
[0.452s] -- Check for working C compiler: /usr/bin/cc - skipped
[0.452s] -- Detecting C compile features
[0.452s] -- Detecting C compile features - done
[0.452s] -- Detecting CXX compiler ABI info
[0.458s] -- Detecting CXX compiler ABI info - done
[0.467s] -- Check for working CXX compiler: /usr/bin/c++ - skipped
[0.467s] -- Detecting CXX compile features
[0.468s] -- Detecting CXX compile features - done
[0.470s] -- Found ament_cmake: 1.3.10 (/opt/ros/humble/share/ament_cmake/cmake)
[0.582s] -- Found Python3: /usr/bin/python3 (found version "3.10.12") found components: Interpreter 
[0.645s] -- Found rclpy: 3.3.14 (/opt/ros/humble/share/rclpy/cmake)
[0.706s] -- Configuring done
[0.708s] -- Generating done
[0.709s] -- Build files have been written to: /home/robotdeveloper02/IsaacSim-ros_workspaces-main/humble_ws/src/build/isaacsim
[0.715s] Invoked command in '/home/robotdeveloper02/IsaacSim-ros_workspaces-main/humble_ws/src/build/isaacsim' returned '0': CMAKE_PREFIX_PATH=/opt/ros/humble /usr/bin/cmake /home/robotdeveloper02/IsaacSim-ros_workspaces-main/humble_ws/src/isaacsim -DCMAKE_INSTALL_PREFIX=/home/robotdeveloper02/IsaacSim-ros_workspaces-main/humble_ws/src/install/isaacsim
[0.716s] Invoking command in '/home/robotdeveloper02/IsaacSim-ros_workspaces-main/humble_ws/src/build/isaacsim': CMAKE_PREFIX_PATH=/opt/ros/humble /usr/bin/cmake --build /home/robotdeveloper02/IsaacSim-ros_workspaces-main/humble_ws/src/build/isaacsim -- -j16 -l16
[0.757s] Invoked command in '/home/robotdeveloper02/IsaacSim-ros_workspaces-main/humble_ws/src/build/isaacsim' returned '0': CMAKE_PREFIX_PATH=/opt/ros/humble /usr/bin/cmake --build /home/robotdeveloper02/IsaacSim-ros_workspaces-main/humble_ws/src/build/isaacsim -- -j16 -l16
[0.782s] Invoking command in '/home/robotdeveloper02/IsaacSim-ros_workspaces-main/humble_ws/src/build/isaacsim': CMAKE_PREFIX_PATH=/opt/ros/humble /usr/bin/cmake --install /home/robotdeveloper02/IsaacSim-ros_workspaces-main/humble_ws/src/build/isaacsim
[0.790s] -- Install configuration: ""
[0.790s] -- Installing: /home/robotdeveloper02/IsaacSim-ros_workspaces-main/humble_ws/src/install/isaacsim/share/isaacsim/scripts
[0.790s] -- Installing: /home/robotdeveloper02/IsaacSim-ros_workspaces-main/humble_ws/src/install/isaacsim/share/isaacsim/scripts/run_isaacsim.py
[0.790s] -- Installing: /home/robotdeveloper02/IsaacSim-ros_workspaces-main/humble_ws/src/install/isaacsim/share/isaacsim/scripts/open_isaacsim_stage.py
[0.791s] -- Installing: /home/robotdeveloper02/IsaacSim-ros_workspaces-main/humble_ws/src/install/isaacsim/share/isaacsim/launch
[0.791s] -- Installing: /home/robotdeveloper02/IsaacSim-ros_workspaces-main/humble_ws/src/install/isaacsim/share/isaacsim/launch/run_isaacsim.launch.py
[0.791s] -- Installing: /home/robotdeveloper02/IsaacSim-ros_workspaces-main/humble_ws/src/install/isaacsim/lib/isaacsim/run_isaacsim.py
[0.791s] -- Installing: /home/robotdeveloper02/IsaacSim-ros_workspaces-main/humble_ws/src/install/isaacsim/lib/isaacsim/open_isaacsim_stage.py
[0.791s] -- Installing: /home/robotdeveloper02/IsaacSim-ros_workspaces-main/humble_ws/src/install/isaacsim/share/ament_index/resource_index/package_run_dependencies/isaacsim
[0.791s] -- Installing: /home/robotdeveloper02/IsaacSim-ros_workspaces-main/humble_ws/src/install/isaacsim/share/ament_index/resource_index/parent_prefix_path/isaacsim
[0.791s] -- Installing: /home/robotdeveloper02/IsaacSim-ros_workspaces-main/humble_ws/src/install/isaacsim/share/isaacsim/environment/ament_prefix_path.sh
[0.791s] -- Installing: /home/robotdeveloper02/IsaacSim-ros_workspaces-main/humble_ws/src/install/isaacsim/share/isaacsim/environment/ament_prefix_path.dsv
[0.791s] -- Installing: /home/robotdeveloper02/IsaacSim-ros_workspaces-main/humble_ws/src/install/isaacsim/share/isaacsim/environment/path.sh
[0.791s] -- Installing: /home/robotdeveloper02/IsaacSim-ros_workspaces-main/humble_ws/src/install/isaacsim/share/isaacsim/environment/path.dsv
[0.791s] -- Installing: /home/robotdeveloper02/IsaacSim-ros_workspaces-main/humble_ws/src/install/isaacsim/share/isaacsim/local_setup.bash
[0.791s] -- Installing: /home/robotdeveloper02/IsaacSim-ros_workspaces-main/humble_ws/src/install/isaacsim/share/isaacsim/local_setup.sh
[0.792s] -- Installing: /home/robotdeveloper02/IsaacSim-ros_workspaces-main/humble_ws/src/install/isaacsim/share/isaacsim/local_setup.zsh
[0.792s] -- Installing: /home/robotdeveloper02/IsaacSim-ros_workspaces-main/humble_ws/src/install/isaacsim/share/isaacsim/local_setup.dsv
[0.792s] -- Installing: /home/robotdeveloper02/IsaacSim-ros_workspaces-main/humble_ws/src/install/isaacsim/share/isaacsim/package.dsv
[0.792s] -- Installing: /home/robotdeveloper02/IsaacSim-ros_workspaces-main/humble_ws/src/install/isaacsim/share/ament_index/resource_index/packages/isaacsim
[0.792s] -- Installing: /home/robotdeveloper02/IsaacSim-ros_workspaces-main/humble_ws/src/install/isaacsim/share/isaacsim/cmake/isaacsimConfig.cmake
[0.792s] -- Installing: /home/robotdeveloper02/IsaacSim-ros_workspaces-main/humble_ws/src/install/isaacsim/share/isaacsim/cmake/isaacsimConfig-version.cmake
[0.792s] -- Installing: /home/robotdeveloper02/IsaacSim-ros_workspaces-main/humble_ws/src/install/isaacsim/share/isaacsim/package.xml
[0.794s] Invoked command in '/home/robotdeveloper02/IsaacSim-ros_workspaces-main/humble_ws/src/build/isaacsim' returned '0': CMAKE_PREFIX_PATH=/opt/ros/humble /usr/bin/cmake --install /home/robotdeveloper02/IsaacSim-ros_workspaces-main/humble_ws/src/build/isaacsim
