[0.015s] Invoking command in '/home/robotdeveloper02/IsaacSim-ros_workspaces-main/humble_ws/build/custom_message': CMAKE_PREFIX_PATH=/opt/ros/humble /usr/bin/cmake --build /home/robotdeveloper02/IsaacSim-ros_workspaces-main/humble_ws/build/custom_message -- -j16 -l16
[0.193s] -- Found ament_cmake: 1.3.9 (/opt/ros/humble/share/ament_cmake/cmake)
[0.194s] -- Found std_msgs: 4.2.4 (/opt/ros/humble/share/std_msgs/cmake)
[0.194s] -- Found rosidl_generator_c: 3.1.5 (/opt/ros/humble/share/rosidl_generator_c/cmake)
[0.194s] -- Found rosidl_adapter: 3.1.5 (/opt/ros/humble/share/rosidl_adapter/cmake)
[0.194s] -- Found rosidl_generator_cpp: 3.1.5 (/opt/ros/humble/share/rosidl_generator_cpp/cmake)
[0.194s] -- Using all available rosidl_typesupport_c: rosidl_typesupport_fastrtps_c;rosidl_typesupport_introspection_c
[0.194s] -- Using all available rosidl_typesupport_cpp: rosidl_typesupport_fastrtps_cpp;rosidl_typesupport_introspection_cpp
[0.194s] -- Found rosidl_default_generators: 1.2.0 (/opt/ros/humble/share/rosidl_default_generators/cmake)
[0.194s] -- Found geometry_msgs: 4.2.4 (/opt/ros/humble/share/geometry_msgs/cmake)
[0.382s] -- Found ament_cmake_ros: 0.10.0 (/opt/ros/humble/share/ament_cmake_ros/cmake)
[0.596s] -- Using all available rosidl_typesupport_c: rosidl_typesupport_fastrtps_c;rosidl_typesupport_introspection_c
[0.681s] -- Using all available rosidl_typesupport_cpp: rosidl_typesupport_fastrtps_cpp;rosidl_typesupport_introspection_cpp
[0.694s] -- Found python_cmake_module: 0.10.0 (/opt/ros/humble/share/python_cmake_module/cmake)
[0.707s] -- Using PYTHON_EXECUTABLE: /usr/bin/python3
[0.707s] -- Using PYTHON_INCLUDE_DIRS: /usr/include/python3.10
[0.707s] -- Using PYTHON_LIBRARIES: /usr/lib/x86_64-linux-gnu/libpython3.10.so
[0.723s] -- Found ament_lint_auto: 0.12.11 (/opt/ros/humble/share/ament_lint_auto/cmake)
[0.728s] -- Added test 'copyright' to check source files copyright and LICENSE
[0.728s] -- Added test 'lint_cmake' to check CMake code style
[0.729s] -- Added test 'xmllint' to check XML markup files
[0.730s] -- Configuring done
[0.748s] -- Generating done
[0.749s] -- Build files have been written to: /home/robotdeveloper02/IsaacSim-ros_workspaces-main/humble_ws/build/custom_message
[0.763s] [35m[1mConsolidate compiler generated dependencies of target custom_message__rosidl_generator_c[0m
[0.769s] [  2%] Built target custom_message__cpp
[0.770s] [  5%] [32mBuilding C object CMakeFiles/custom_message__rosidl_generator_c.dir/rosidl_generator_c/custom_message/msg/detail/pose_stamped__functions.c.o[0m
[0.775s] [  5%] Built target ament_cmake_python_copy_custom_message
[0.775s] [35m[1mConsolidate compiler generated dependencies of target custom_message__rosidl_typesupport_cpp[0m
[0.775s] [35m[1mConsolidate compiler generated dependencies of target custom_message__rosidl_typesupport_fastrtps_cpp[0m
[0.775s] [35m[1mConsolidate compiler generated dependencies of target custom_message__rosidl_typesupport_introspection_cpp[0m
[0.779s] In file included from [01m[K/home/robotdeveloper02/IsaacSim-ros_workspaces-main/humble_ws/build/custom_message/rosidl_generator_c/custom_message/msg/detail/pose_stamped__functions.h:19[m[K,
[0.779s]                  from [01m[K/home/robotdeveloper02/IsaacSim-ros_workspaces-main/humble_ws/build/custom_message/rosidl_generator_c/custom_message/msg/detail/pose_stamped__functions.c:4[m[K:
[0.779s] [01m[K/home/robotdeveloper02/IsaacSim-ros_workspaces-main/humble_ws/build/custom_message/rosidl_generator_c/custom_message/msg/detail/pose_stamped__struct.h:24:10:[m[K [01;31m[Kfatal error: [m[Kgeometry_msgs/msg/detail/pose__struct.h: No such file or directory
[0.779s]    24 | #include [01;31m[K"geometry_msgs/msg/detail/pose__struct.h"[m[K
[0.779s]       |          [01;31m[K^~~~~~~~~~~~~~~~~~~~~~~~~~~~~~~~~~~~~~~~~[m[K
[0.779s] compilation terminated.
[0.780s] gmake[2]: *** [CMakeFiles/custom_message__rosidl_generator_c.dir/build.make:167: CMakeFiles/custom_message__rosidl_generator_c.dir/rosidl_generator_c/custom_message/msg/detail/pose_stamped__functions.c.o] Error 1
[0.780s] gmake[1]: *** [CMakeFiles/Makefile2:213: CMakeFiles/custom_message__rosidl_generator_c.dir/all] Error 2
[0.780s] gmake[1]: *** Waiting for unfinished jobs....
[0.782s] [ 12%] [32mBuilding CXX object CMakeFiles/custom_message__rosidl_typesupport_introspection_cpp.dir/rosidl_typesupport_introspection_cpp/custom_message/msg/detail/pose_stamped__type_support.cpp.o[0m
[0.782s] [ 12%] [32mBuilding CXX object CMakeFiles/custom_message__rosidl_typesupport_fastrtps_cpp.dir/rosidl_typesupport_fastrtps_cpp/custom_message/msg/detail/dds_fastrtps/pose_stamped__type_support.cpp.o[0m
[0.782s] [ 12%] [32mBuilding CXX object CMakeFiles/custom_message__rosidl_typesupport_cpp.dir/rosidl_typesupport_cpp/custom_message/msg/pose_stamped__type_support.cpp.o[0m
[0.813s] In file included from [01m[K/home/robotdeveloper02/IsaacSim-ros_workspaces-main/humble_ws/build/custom_message/rosidl_typesupport_cpp/custom_message/msg/pose_stamped__type_support.cpp:7[m[K:
[0.813s] [01m[K/home/robotdeveloper02/IsaacSim-ros_workspaces-main/humble_ws/build/custom_message/rosidl_generator_cpp/custom_message/msg/detail/pose_stamped__struct.hpp:22:10:[m[K [01;31m[Kfatal error: [m[Kgeometry_msgs/msg/detail/pose__struct.hpp: No such file or directory
[0.813s]    22 | #include [01;31m[K"geometry_msgs/msg/detail/pose__struct.hpp"[m[K
[0.813s]       |          [01;31m[K^~~~~~~~~~~~~~~~~~~~~~~~~~~~~~~~~~~~~~~~~~~[m[K
[0.813s] compilation terminated.
[0.814s] In file included from [01m[K/home/robotdeveloper02/IsaacSim-ros_workspaces-main/humble_ws/build/custom_message/rosidl_typesupport_fastrtps_cpp/custom_message/msg/detail/pose_stamped__rosidl_typesupport_fastrtps_cpp.hpp:11[m[K,
[0.814s]                  from [01m[K/home/robotdeveloper02/IsaacSim-ros_workspaces-main/humble_ws/build/custom_message/rosidl_typesupport_fastrtps_cpp/custom_message/msg/detail/dds_fastrtps/pose_stamped__type_support.cpp:4[m[K:
[0.814s] [01m[K/home/robotdeveloper02/IsaacSim-ros_workspaces-main/humble_ws/build/custom_message/rosidl_generator_cpp/custom_message/msg/detail/pose_stamped__struct.hpp:22:10:[m[K [01;31m[Kfatal error: [m[Kgeometry_msgs/msg/detail/pose__struct.hpp: No such file or directory
[0.814s]    22 | #include [01;31m[K"geometry_msgs/msg/detail/pose__struct.hpp"[m[K
[0.814s]       |          [01;31m[K^~~~~~~~~~~~~~~~~~~~~~~~~~~~~~~~~~~~~~~~~~~[m[K
[0.814s] compilation terminated.
[0.814s] gmake[2]: *** [CMakeFiles/custom_message__rosidl_typesupport_cpp.dir/build.make:136: CMakeFiles/custom_message__rosidl_typesupport_cpp.dir/rosidl_typesupport_cpp/custom_message/msg/pose_stamped__type_support.cpp.o] Error 1
[0.814s] gmake[1]: *** [CMakeFiles/Makefile2:395: CMakeFiles/custom_message__rosidl_typesupport_cpp.dir/all] Error 2
[0.814s] gmake[2]: *** [CMakeFiles/custom_message__rosidl_typesupport_fastrtps_cpp.dir/build.make:144: CMakeFiles/custom_message__rosidl_typesupport_fastrtps_cpp.dir/rosidl_typesupport_fastrtps_cpp/custom_message/msg/detail/dds_fastrtps/pose_stamped__type_support.cpp.o] Error 1
[0.814s] gmake[1]: *** [CMakeFiles/Makefile2:291: CMakeFiles/custom_message__rosidl_typesupport_fastrtps_cpp.dir/all] Error 2
[0.816s] In file included from [01m[K/home/robotdeveloper02/IsaacSim-ros_workspaces-main/humble_ws/build/custom_message/rosidl_typesupport_introspection_cpp/custom_message/msg/detail/pose_stamped__type_support.cpp:12[m[K:
[0.816s] [01m[K/home/robotdeveloper02/IsaacSim-ros_workspaces-main/humble_ws/build/custom_message/rosidl_generator_cpp/custom_message/msg/detail/pose_stamped__struct.hpp:22:10:[m[K [01;31m[Kfatal error: [m[Kgeometry_msgs/msg/detail/pose__struct.hpp: No such file or directory
[0.816s]    22 | #include [01;31m[K"geometry_msgs/msg/detail/pose__struct.hpp"[m[K
[0.816s]       |          [01;31m[K^~~~~~~~~~~~~~~~~~~~~~~~~~~~~~~~~~~~~~~~~~~[m[K
[0.816s] compilation terminated.
[0.817s] gmake[2]: *** [CMakeFiles/custom_message__rosidl_typesupport_introspection_cpp.dir/build.make:144: CMakeFiles/custom_message__rosidl_typesupport_introspection_cpp.dir/rosidl_typesupport_introspection_cpp/custom_message/msg/detail/pose_stamped__type_support.cpp.o] Error 1
[0.817s] gmake[1]: *** [CMakeFiles/Makefile2:369: CMakeFiles/custom_message__rosidl_typesupport_introspection_cpp.dir/all] Error 2
[0.922s] running egg_info
[0.923s] writing custom_message.egg-info/PKG-INFO
[0.923s] writing dependency_links to custom_message.egg-info/dependency_links.txt
[0.923s] writing top-level names to custom_message.egg-info/top_level.txt
[0.924s] reading manifest file 'custom_message.egg-info/SOURCES.txt'
[0.925s] writing manifest file 'custom_message.egg-info/SOURCES.txt'
[0.939s] [ 12%] Built target ament_cmake_python_build_custom_message_egg
[0.940s] gmake: *** [Makefile:146: all] Error 2
[0.942s] Invoked command in '/home/robotdeveloper02/IsaacSim-ros_workspaces-main/humble_ws/build/custom_message' returned '2': CMAKE_PREFIX_PATH=/opt/ros/humble /usr/bin/cmake --build /home/robotdeveloper02/IsaacSim-ros_workspaces-main/humble_ws/build/custom_message -- -j16 -l16
