[1.788s] Invoking command in '/home/robotdeveloper02/IsaacSim-ros_workspaces-main/humble_ws/src/cube_controller': PYTHONPATH=/home/robotdeveloper02/IsaacSim-ros_workspaces-main/humble_ws/build/cube_controller/prefix_override:/usr/lib/python3/dist-packages/colcon_core/task/python/colcon_distutils_commands:/home/robotdeveloper02/IsaacSim-ros_workspaces-main/humble_ws/install/cube_controller/lib/python3.10/site-packages:${PYTHONPATH} /usr/bin/python3 -W ignore:setup.py install is deprecated setup.py egg_info --egg-base ../../build/cube_controller build --build-base /home/robotdeveloper02/IsaacSim-ros_workspaces-main/humble_ws/build/cube_controller/build install --record /home/robotdeveloper02/IsaacSim-ros_workspaces-main/humble_ws/build/cube_controller/install.log --single-version-externally-managed install_data
[2.042s] running egg_info
[2.042s] writing ../../build/cube_controller/cube_controller.egg-info/PKG-INFO
[2.043s] writing dependency_links to ../../build/cube_controller/cube_controller.egg-info/dependency_links.txt
[2.043s] writing entry points to ../../build/cube_controller/cube_controller.egg-info/entry_points.txt
[2.043s] writing requirements to ../../build/cube_controller/cube_controller.egg-info/requires.txt
[2.043s] writing top-level names to ../../build/cube_controller/cube_controller.egg-info/top_level.txt
[2.045s] reading manifest file '../../build/cube_controller/cube_controller.egg-info/SOURCES.txt'
[2.045s] writing manifest file '../../build/cube_controller/cube_controller.egg-info/SOURCES.txt'
[2.046s] running build
[2.046s] running build_py
[2.046s] copying cube_controller/controller.py -> /home/robotdeveloper02/IsaacSim-ros_workspaces-main/humble_ws/build/cube_controller/build/lib/cube_controller
[2.046s] running install
[2.046s] running install_lib
[2.047s] copying /home/robotdeveloper02/IsaacSim-ros_workspaces-main/humble_ws/build/cube_controller/build/lib/cube_controller/controller.py -> /home/robotdeveloper02/IsaacSim-ros_workspaces-main/humble_ws/install/cube_controller/lib/python3.10/site-packages/cube_controller
[2.048s] byte-compiling /home/robotdeveloper02/IsaacSim-ros_workspaces-main/humble_ws/install/cube_controller/lib/python3.10/site-packages/cube_controller/controller.py to controller.cpython-310.pyc
[2.048s] running install_data
[2.048s] running install_egg_info
[2.050s] removing '/home/robotdeveloper02/IsaacSim-ros_workspaces-main/humble_ws/install/cube_controller/lib/python3.10/site-packages/cube_controller-0.0.0-py3.10.egg-info' (and everything under it)
[2.050s] Copying ../../build/cube_controller/cube_controller.egg-info to /home/robotdeveloper02/IsaacSim-ros_workspaces-main/humble_ws/install/cube_controller/lib/python3.10/site-packages/cube_controller-0.0.0-py3.10.egg-info
[2.051s] running install_scripts
[2.073s] Installing cube_controller script to /home/robotdeveloper02/IsaacSim-ros_workspaces-main/humble_ws/install/cube_controller/lib/cube_controller
[2.073s] writing list of installed files to '/home/robotdeveloper02/IsaacSim-ros_workspaces-main/humble_ws/build/cube_controller/install.log'
[2.112s] Invoked command in '/home/robotdeveloper02/IsaacSim-ros_workspaces-main/humble_ws/src/cube_controller' returned '0': PYTHONPATH=/home/robotdeveloper02/IsaacSim-ros_workspaces-main/humble_ws/build/cube_controller/prefix_override:/usr/lib/python3/dist-packages/colcon_core/task/python/colcon_distutils_commands:/home/robotdeveloper02/IsaacSim-ros_workspaces-main/humble_ws/install/cube_controller/lib/python3.10/site-packages:${PYTHONPATH} /usr/bin/python3 -W ignore:setup.py install is deprecated setup.py egg_info --egg-base ../../build/cube_controller build --build-base /home/robotdeveloper02/IsaacSim-ros_workspaces-main/humble_ws/build/cube_controller/build install --record /home/robotdeveloper02/IsaacSim-ros_workspaces-main/humble_ws/build/cube_controller/install.log --single-version-externally-managed install_data
