[1.793s] Invoking command in '/home/robotdeveloper02/IsaacSim-ros_workspaces-main/humble_ws/src/calc_py': PYTHONPATH=/home/robotdeveloper02/IsaacSim-ros_workspaces-main/humble_ws/build/my_ros2_package/prefix_override:/usr/lib/python3/dist-packages/colcon_core/task/python/colcon_distutils_commands:/home/robotdeveloper02/IsaacSim-ros_workspaces-main/humble_ws/install/my_ros2_package/lib/python3.10/site-packages:${PYTHONPATH} /usr/bin/python3 -W ignore:setup.py install is deprecated setup.py egg_info --egg-base ../../build/my_ros2_package build --build-base /home/robotdeveloper02/IsaacSim-ros_workspaces-main/humble_ws/build/my_ros2_package/build install --record /home/robotdeveloper02/IsaacSim-ros_workspaces-main/humble_ws/build/my_ros2_package/install.log --single-version-externally-managed install_data
[2.057s] running egg_info
[2.057s] writing ../../build/my_ros2_package/my_ros2_package.egg-info/PKG-INFO
[2.057s] writing dependency_links to ../../build/my_ros2_package/my_ros2_package.egg-info/dependency_links.txt
[2.057s] writing entry points to ../../build/my_ros2_package/my_ros2_package.egg-info/entry_points.txt
[2.058s] writing requirements to ../../build/my_ros2_package/my_ros2_package.egg-info/requires.txt
[2.058s] writing top-level names to ../../build/my_ros2_package/my_ros2_package.egg-info/top_level.txt
[2.059s] reading manifest file '../../build/my_ros2_package/my_ros2_package.egg-info/SOURCES.txt'
[2.060s] writing manifest file '../../build/my_ros2_package/my_ros2_package.egg-info/SOURCES.txt'
[2.060s] running build
[2.060s] running build_py
[2.061s] running install
[2.061s] running install_lib
[2.062s] running install_data
[2.062s] running install_egg_info
[2.064s] removing '/home/robotdeveloper02/IsaacSim-ros_workspaces-main/humble_ws/install/my_ros2_package/lib/python3.10/site-packages/my_ros2_package-0.0.0-py3.10.egg-info' (and everything under it)
[2.064s] Copying ../../build/my_ros2_package/my_ros2_package.egg-info to /home/robotdeveloper02/IsaacSim-ros_workspaces-main/humble_ws/install/my_ros2_package/lib/python3.10/site-packages/my_ros2_package-0.0.0-py3.10.egg-info
[2.065s] running install_scripts
[2.091s] Installing listener script to /home/robotdeveloper02/IsaacSim-ros_workspaces-main/humble_ws/install/my_ros2_package/lib/my_ros2_package
[2.091s] writing list of installed files to '/home/robotdeveloper02/IsaacSim-ros_workspaces-main/humble_ws/build/my_ros2_package/install.log'
[2.135s] Invoked command in '/home/robotdeveloper02/IsaacSim-ros_workspaces-main/humble_ws/src/calc_py' returned '0': PYTHONPATH=/home/robotdeveloper02/IsaacSim-ros_workspaces-main/humble_ws/build/my_ros2_package/prefix_override:/usr/lib/python3/dist-packages/colcon_core/task/python/colcon_distutils_commands:/home/robotdeveloper02/IsaacSim-ros_workspaces-main/humble_ws/install/my_ros2_package/lib/python3.10/site-packages:${PYTHONPATH} /usr/bin/python3 -W ignore:setup.py install is deprecated setup.py egg_info --egg-base ../../build/my_ros2_package build --build-base /home/robotdeveloper02/IsaacSim-ros_workspaces-main/humble_ws/build/my_ros2_package/build install --record /home/robotdeveloper02/IsaacSim-ros_workspaces-main/humble_ws/build/my_ros2_package/install.log --single-version-externally-managed install_data
