[0.478s] Invoking command in '/home/robotdeveloper02/IsaacSim-ros_workspaces-main/humble_ws/src/jetbot_controller': PYTHONPATH=/home/robotdeveloper02/IsaacSim-ros_workspaces-main/humble_ws/src/build/jetbot_controller/prefix_override:/usr/lib/python3/dist-packages/colcon_core/task/python/colcon_distutils_commands:/home/robotdeveloper02/IsaacSim-ros_workspaces-main/humble_ws/src/install/jetbot_controller/lib/python3.10/site-packages:${PYTHONPATH} /usr/bin/python3 -W ignore:setup.py install is deprecated setup.py egg_info --egg-base ../build/jetbot_controller build --build-base /home/robotdeveloper02/IsaacSim-ros_workspaces-main/humble_ws/src/build/jetbot_controller/build install --record /home/robotdeveloper02/IsaacSim-ros_workspaces-main/humble_ws/src/build/jetbot_controller/install.log --single-version-externally-managed install_data
[0.647s] running egg_info
[0.648s] writing ../build/jetbot_controller/jetbot_controller.egg-info/PKG-INFO
[0.648s] writing dependency_links to ../build/jetbot_controller/jetbot_controller.egg-info/dependency_links.txt
[0.648s] writing entry points to ../build/jetbot_controller/jetbot_controller.egg-info/entry_points.txt
[0.648s] writing requirements to ../build/jetbot_controller/jetbot_controller.egg-info/requires.txt
[0.648s] writing top-level names to ../build/jetbot_controller/jetbot_controller.egg-info/top_level.txt
[0.649s] reading manifest file '../build/jetbot_controller/jetbot_controller.egg-info/SOURCES.txt'
[0.650s] writing manifest file '../build/jetbot_controller/jetbot_controller.egg-info/SOURCES.txt'
[0.650s] running build
[0.650s] running build_py
[0.650s] copying jetbot_controller/controller.py -> /home/robotdeveloper02/IsaacSim-ros_workspaces-main/humble_ws/src/build/jetbot_controller/build/lib/jetbot_controller
[0.650s] running install
[0.650s] running install_lib
[0.651s] copying /home/robotdeveloper02/IsaacSim-ros_workspaces-main/humble_ws/src/build/jetbot_controller/build/lib/jetbot_controller/controller.py -> /home/robotdeveloper02/IsaacSim-ros_workspaces-main/humble_ws/src/install/jetbot_controller/lib/python3.10/site-packages/jetbot_controller
[0.652s] byte-compiling /home/robotdeveloper02/IsaacSim-ros_workspaces-main/humble_ws/src/install/jetbot_controller/lib/python3.10/site-packages/jetbot_controller/controller.py to controller.cpython-310.pyc
[0.652s] running install_data
[0.652s] running install_egg_info
[0.653s] removing '/home/robotdeveloper02/IsaacSim-ros_workspaces-main/humble_ws/src/install/jetbot_controller/lib/python3.10/site-packages/jetbot_controller-0.0.0-py3.10.egg-info' (and everything under it)
[0.653s] Copying ../build/jetbot_controller/jetbot_controller.egg-info to /home/robotdeveloper02/IsaacSim-ros_workspaces-main/humble_ws/src/install/jetbot_controller/lib/python3.10/site-packages/jetbot_controller-0.0.0-py3.10.egg-info
[0.654s] running install_scripts
[0.668s] Installing jetbot_controller script to /home/robotdeveloper02/IsaacSim-ros_workspaces-main/humble_ws/src/install/jetbot_controller/lib/jetbot_controller
[0.668s] writing list of installed files to '/home/robotdeveloper02/IsaacSim-ros_workspaces-main/humble_ws/src/build/jetbot_controller/install.log'
[0.684s] Invoked command in '/home/robotdeveloper02/IsaacSim-ros_workspaces-main/humble_ws/src/jetbot_controller' returned '0': PYTHONPATH=/home/robotdeveloper02/IsaacSim-ros_workspaces-main/humble_ws/src/build/jetbot_controller/prefix_override:/usr/lib/python3/dist-packages/colcon_core/task/python/colcon_distutils_commands:/home/robotdeveloper02/IsaacSim-ros_workspaces-main/humble_ws/src/install/jetbot_controller/lib/python3.10/site-packages:${PYTHONPATH} /usr/bin/python3 -W ignore:setup.py install is deprecated setup.py egg_info --egg-base ../build/jetbot_controller build --build-base /home/robotdeveloper02/IsaacSim-ros_workspaces-main/humble_ws/src/build/jetbot_controller/build install --record /home/robotdeveloper02/IsaacSim-ros_workspaces-main/humble_ws/src/build/jetbot_controller/install.log --single-version-externally-managed install_data
