running egg_info
creating ../../build/Jettbot_position/Jettbot_position.egg-info
writing ../../build/Jettbot_position/Jettbot_position.egg-info/PKG-INFO
writing dependency_links to ../../build/Jettbot_position/Jettbot_position.egg-info/dependency_links.txt
writing entry points to ../../build/Jettbot_position/Jettbot_position.egg-info/entry_points.txt
writing requirements to ../../build/Jettbot_position/Jettbot_position.egg-info/requires.txt
writing top-level names to ../../build/Jettbot_position/Jettbot_position.egg-info/top_level.txt
writing manifest file '../../build/Jettbot_position/Jettbot_position.egg-info/SOURCES.txt'
reading manifest file '../../build/Jettbot_position/Jettbot_position.egg-info/SOURCES.txt'
writing manifest file '../../build/Jettbot_position/Jettbot_position.egg-info/SOURCES.txt'
running build
running build_py
creating /home/robotdeveloper02/IsaacSim-ros_workspaces-main/humble_ws/build/Jettbot_position/build
creating /home/robotdeveloper02/IsaacSim-ros_workspaces-main/humble_ws/build/Jettbot_position/build/lib
creating /home/robotdeveloper02/IsaacSim-ros_workspaces-main/humble_ws/build/Jettbot_position/build/lib/Jettbot_position
copying Jettbot_position/__init__.py -> /home/robotdeveloper02/IsaacSim-ros_workspaces-main/humble_ws/build/Jettbot_position/build/lib/Jettbot_position
copying Jettbot_position/Jettbot_position.py -> /home/robotdeveloper02/IsaacSim-ros_workspaces-main/humble_ws/build/Jettbot_position/build/lib/Jettbot_position
running install
running install_lib
creating /home/robotdeveloper02/IsaacSim-ros_workspaces-main/humble_ws/install/Jettbot_position/lib/python3.10/site-packages/Jettbot_position
copying /home/robotdeveloper02/IsaacSim-ros_workspaces-main/humble_ws/build/Jettbot_position/build/lib/Jettbot_position/__init__.py -> /home/robotdeveloper02/IsaacSim-ros_workspaces-main/humble_ws/install/Jettbot_position/lib/python3.10/site-packages/Jettbot_position
copying /home/robotdeveloper02/IsaacSim-ros_workspaces-main/humble_ws/build/Jettbot_position/build/lib/Jettbot_position/Jettbot_position.py -> /home/robotdeveloper02/IsaacSim-ros_workspaces-main/humble_ws/install/Jettbot_position/lib/python3.10/site-packages/Jettbot_position
byte-compiling /home/robotdeveloper02/IsaacSim-ros_workspaces-main/humble_ws/install/Jettbot_position/lib/python3.10/site-packages/Jettbot_position/__init__.py to __init__.cpython-310.pyc
byte-compiling /home/robotdeveloper02/IsaacSim-ros_workspaces-main/humble_ws/install/Jettbot_position/lib/python3.10/site-packages/Jettbot_position/Jettbot_position.py to Jettbot_position.cpython-310.pyc
running install_data
creating /home/robotdeveloper02/IsaacSim-ros_workspaces-main/humble_ws/install/Jettbot_position/share/ament_index
creating /home/robotdeveloper02/IsaacSim-ros_workspaces-main/humble_ws/install/Jettbot_position/share/ament_index/resource_index
creating /home/robotdeveloper02/IsaacSim-ros_workspaces-main/humble_ws/install/Jettbot_position/share/ament_index/resource_index/packages
copying resource/Jettbot_position -> /home/robotdeveloper02/IsaacSim-ros_workspaces-main/humble_ws/install/Jettbot_position/share/ament_index/resource_index/packages
copying package.xml -> /home/robotdeveloper02/IsaacSim-ros_workspaces-main/humble_ws/install/Jettbot_position/share/Jettbot_position
running install_egg_info
Copying ../../build/Jettbot_position/Jettbot_position.egg-info to /home/robotdeveloper02/IsaacSim-ros_workspaces-main/humble_ws/install/Jettbot_position/lib/python3.10/site-packages/Jettbot_position-0.0.0-py3.10.egg-info
running install_scripts
Installing Jettbot_position script to /home/robotdeveloper02/IsaacSim-ros_workspaces-main/humble_ws/install/Jettbot_position/lib/error_subscriber
writing list of installed files to '/home/robotdeveloper02/IsaacSim-ros_workspaces-main/humble_ws/build/Jettbot_position/install.log'
