running egg_info
creating ../../build/my_ros2_package/error_plotter.egg-info
writing ../../build/my_ros2_package/error_plotter.egg-info/PKG-INFO
writing dependency_links to ../../build/my_ros2_package/error_plotter.egg-info/dependency_links.txt
writing entry points to ../../build/my_ros2_package/error_plotter.egg-info/entry_points.txt
writing requirements to ../../build/my_ros2_package/error_plotter.egg-info/requires.txt
writing top-level names to ../../build/my_ros2_package/error_plotter.egg-info/top_level.txt
writing manifest file '../../build/my_ros2_package/error_plotter.egg-info/SOURCES.txt'
reading manifest file '../../build/my_ros2_package/error_plotter.egg-info/SOURCES.txt'
writing manifest file '../../build/my_ros2_package/error_plotter.egg-info/SOURCES.txt'
running build
running build_py
creating /home/robotdeveloper02/IsaacSim-ros_workspaces-main/humble_ws/build/my_ros2_package/build
creating /home/robotdeveloper02/IsaacSim-ros_workspaces-main/humble_ws/build/my_ros2_package/build/lib
creating /home/robotdeveloper02/IsaacSim-ros_workspaces-main/humble_ws/build/my_ros2_package/build/lib/my_ros2_package
copying my_ros2_package/__init__.py -> /home/robotdeveloper02/IsaacSim-ros_workspaces-main/humble_ws/build/my_ros2_package/build/lib/my_ros2_package
copying my_ros2_package/pose_subscriber.py -> /home/robotdeveloper02/IsaacSim-ros_workspaces-main/humble_ws/build/my_ros2_package/build/lib/my_ros2_package
running install
running install_lib
running install_data
