[1.447s] Invoking command in '/home/robotdeveloper02/IsaacSim-ros_workspaces-main/humble_ws/src/calc_py': PYTHONPATH=/home/robotdeveloper02/IsaacSim-ros_workspaces-main/humble_ws/build/my_ros2_package/prefix_override:/usr/lib/python3/dist-packages/colcon_core/task/python/colcon_distutils_commands:/home/robotdeveloper02/IsaacSim-ros_workspaces-main/humble_ws/install/my_ros2_package/lib/python3.10/site-packages:${PYTHONPATH} /usr/bin/python3 -W ignore:setup.py install is deprecated setup.py egg_info --egg-base ../../build/my_ros2_package build --build-base /home/robotdeveloper02/IsaacSim-ros_workspaces-main/humble_ws/build/my_ros2_package/build install --record /home/robotdeveloper02/IsaacSim-ros_workspaces-main/humble_ws/build/my_ros2_package/install.log --single-version-externally-managed install_data
[1.681s] running egg_info
[1.681s] creating ../../build/my_ros2_package/error_plotter.egg-info
[1.681s] writing ../../build/my_ros2_package/error_plotter.egg-info/PKG-INFO
[1.682s] writing dependency_links to ../../build/my_ros2_package/error_plotter.egg-info/dependency_links.txt
[1.682s] writing entry points to ../../build/my_ros2_package/error_plotter.egg-info/entry_points.txt
[1.682s] writing requirements to ../../build/my_ros2_package/error_plotter.egg-info/requires.txt
[1.682s] writing top-level names to ../../build/my_ros2_package/error_plotter.egg-info/top_level.txt
[1.682s] writing manifest file '../../build/my_ros2_package/error_plotter.egg-info/SOURCES.txt'
[1.683s] reading manifest file '../../build/my_ros2_package/error_plotter.egg-info/SOURCES.txt'
[1.684s] writing manifest file '../../build/my_ros2_package/error_plotter.egg-info/SOURCES.txt'
[1.684s] running build
[1.684s] running build_py
[1.684s] creating /home/robotdeveloper02/IsaacSim-ros_workspaces-main/humble_ws/build/my_ros2_package/build
[1.684s] creating /home/robotdeveloper02/IsaacSim-ros_workspaces-main/humble_ws/build/my_ros2_package/build/lib
[1.685s] creating /home/robotdeveloper02/IsaacSim-ros_workspaces-main/humble_ws/build/my_ros2_package/build/lib/my_ros2_package
[1.685s] copying my_ros2_package/__init__.py -> /home/robotdeveloper02/IsaacSim-ros_workspaces-main/humble_ws/build/my_ros2_package/build/lib/my_ros2_package
[1.685s] copying my_ros2_package/pose_subscriber.py -> /home/robotdeveloper02/IsaacSim-ros_workspaces-main/humble_ws/build/my_ros2_package/build/lib/my_ros2_package
[1.685s] running install
[1.685s] running install_lib
[1.687s] running install_data
[1.687s] error: can't copy 'resource/error_plotter': doesn't exist or not a regular file
[1.709s] Invoked command in '/home/robotdeveloper02/IsaacSim-ros_workspaces-main/humble_ws/src/calc_py' returned '1': PYTHONPATH=/home/robotdeveloper02/IsaacSim-ros_workspaces-main/humble_ws/build/my_ros2_package/prefix_override:/usr/lib/python3/dist-packages/colcon_core/task/python/colcon_distutils_commands:/home/robotdeveloper02/IsaacSim-ros_workspaces-main/humble_ws/install/my_ros2_package/lib/python3.10/site-packages:${PYTHONPATH} /usr/bin/python3 -W ignore:setup.py install is deprecated setup.py egg_info --egg-base ../../build/my_ros2_package build --build-base /home/robotdeveloper02/IsaacSim-ros_workspaces-main/humble_ws/build/my_ros2_package/build install --record /home/robotdeveloper02/IsaacSim-ros_workspaces-main/humble_ws/build/my_ros2_package/install.log --single-version-externally-managed install_data
