[0.278s] Invoking command in '/home/robotdeveloper02/IsaacSim-ros_workspaces-main/humble_ws/build/isaacsim': CMAKE_PREFIX_PATH=${CMAKE_PREFIX_PATH}:/home/robotdeveloper02/IsaacSim-ros_workspaces-main/humble_ws/install/my_ros2_package:/home/robotdeveloper02/IsaacSim-ros_workspaces-main/humble_ws/install/jetbot_controller:/home/robotdeveloper02/IsaacSim-ros_workspaces-main/humble_ws/install/isaac_ros_navigation_goal:/home/robotdeveloper02/IsaacSim-ros_workspaces-main/humble_ws/install/error_plotter:/opt/ros/humble /usr/bin/cmake /home/robotdeveloper02/IsaacSim-ros_workspaces-main/humble_ws/src/isaacsim -DCMAKE_INSTALL_PREFIX=/home/robotdeveloper02/IsaacSim-ros_workspaces-main/humble_ws/install/isaacsim
[0.857s] -- The C compiler identification is GNU 12.3.0
[0.858s] -- The CXX compiler identification is GNU 11.4.0
[0.858s] -- Detecting C compiler ABI info
[0.858s] -- Detecting C compiler ABI info - done
[0.858s] -- Check for working C compiler: /usr/bin/cc - skipped
[0.858s] -- Detecting C compile features
[0.858s] -- Detecting C compile features - done
[0.859s] -- Detecting CXX compiler ABI info
[0.859s] -- Detecting CXX compiler ABI info - done
[0.859s] -- Check for working CXX compiler: /usr/bin/c++ - skipped
[0.859s] -- Detecting CXX compile features
[0.859s] -- Detecting CXX compile features - done
[0.859s] -- Found ament_cmake: 1.3.10 (/opt/ros/humble/share/ament_cmake/cmake)
[0.859s] -- Found Python3: /usr/bin/python3 (found version "3.10.12") found components: Interpreter 
[0.859s] -- Found rclpy: 3.3.14 (/opt/ros/humble/share/rclpy/cmake)
[0.868s] -- Configuring done
[0.870s] -- Generating done
[0.871s] -- Build files have been written to: /home/robotdeveloper02/IsaacSim-ros_workspaces-main/humble_ws/build/isaacsim
[0.875s] Invoked command in '/home/robotdeveloper02/IsaacSim-ros_workspaces-main/humble_ws/build/isaacsim' returned '0': CMAKE_PREFIX_PATH=${CMAKE_PREFIX_PATH}:/home/robotdeveloper02/IsaacSim-ros_workspaces-main/humble_ws/install/my_ros2_package:/home/robotdeveloper02/IsaacSim-ros_workspaces-main/humble_ws/install/jetbot_controller:/home/robotdeveloper02/IsaacSim-ros_workspaces-main/humble_ws/install/isaac_ros_navigation_goal:/home/robotdeveloper02/IsaacSim-ros_workspaces-main/humble_ws/install/error_plotter:/opt/ros/humble /usr/bin/cmake /home/robotdeveloper02/IsaacSim-ros_workspaces-main/humble_ws/src/isaacsim -DCMAKE_INSTALL_PREFIX=/home/robotdeveloper02/IsaacSim-ros_workspaces-main/humble_ws/install/isaacsim
[0.877s] Invoking command in '/home/robotdeveloper02/IsaacSim-ros_workspaces-main/humble_ws/build/isaacsim': CMAKE_PREFIX_PATH=${CMAKE_PREFIX_PATH}:/home/robotdeveloper02/IsaacSim-ros_workspaces-main/humble_ws/install/my_ros2_package:/home/robotdeveloper02/IsaacSim-ros_workspaces-main/humble_ws/install/jetbot_controller:/home/robotdeveloper02/IsaacSim-ros_workspaces-main/humble_ws/install/isaac_ros_navigation_goal:/home/robotdeveloper02/IsaacSim-ros_workspaces-main/humble_ws/install/error_plotter:/opt/ros/humble /usr/bin/cmake --build /home/robotdeveloper02/IsaacSim-ros_workspaces-main/humble_ws/build/isaacsim -- -j16 -l16
[0.913s] Invoked command in '/home/robotdeveloper02/IsaacSim-ros_workspaces-main/humble_ws/build/isaacsim' returned '0': CMAKE_PREFIX_PATH=${CMAKE_PREFIX_PATH}:/home/robotdeveloper02/IsaacSim-ros_workspaces-main/humble_ws/install/my_ros2_package:/home/robotdeveloper02/IsaacSim-ros_workspaces-main/humble_ws/install/jetbot_controller:/home/robotdeveloper02/IsaacSim-ros_workspaces-main/humble_ws/install/isaac_ros_navigation_goal:/home/robotdeveloper02/IsaacSim-ros_workspaces-main/humble_ws/install/error_plotter:/opt/ros/humble /usr/bin/cmake --build /home/robotdeveloper02/IsaacSim-ros_workspaces-main/humble_ws/build/isaacsim -- -j16 -l16
[0.944s] Invoking command in '/home/robotdeveloper02/IsaacSim-ros_workspaces-main/humble_ws/build/isaacsim': CMAKE_PREFIX_PATH=${CMAKE_PREFIX_PATH}:/home/robotdeveloper02/IsaacSim-ros_workspaces-main/humble_ws/install/my_ros2_package:/home/robotdeveloper02/IsaacSim-ros_workspaces-main/humble_ws/install/jetbot_controller:/home/robotdeveloper02/IsaacSim-ros_workspaces-main/humble_ws/install/isaac_ros_navigation_goal:/home/robotdeveloper02/IsaacSim-ros_workspaces-main/humble_ws/install/error_plotter:/opt/ros/humble /usr/bin/cmake --install /home/robotdeveloper02/IsaacSim-ros_workspaces-main/humble_ws/build/isaacsim
[0.952s] -- Install configuration: ""
[0.953s] -- Installing: /home/robotdeveloper02/IsaacSim-ros_workspaces-main/humble_ws/install/isaacsim/share/isaacsim/scripts
[0.956s] -- Installing: /home/robotdeveloper02/IsaacSim-ros_workspaces-main/humble_ws/install/isaacsim/share/isaacsim/scripts/run_isaacsim.py
[0.956s] -- Installing: /home/robotdeveloper02/IsaacSim-ros_workspaces-main/humble_ws/install/isaacsim/share/isaacsim/scripts/open_isaacsim_stage.py
[0.956s] -- Installing: /home/robotdeveloper02/IsaacSim-ros_workspaces-main/humble_ws/install/isaacsim/share/isaacsim/launch
[0.956s] -- Installing: /home/robotdeveloper02/IsaacSim-ros_workspaces-main/humble_ws/install/isaacsim/share/isaacsim/launch/run_isaacsim.launch.py
[0.957s] -- Installing: /home/robotdeveloper02/IsaacSim-ros_workspaces-main/humble_ws/install/isaacsim/lib/isaacsim/run_isaacsim.py
[0.957s] -- Installing: /home/robotdeveloper02/IsaacSim-ros_workspaces-main/humble_ws/install/isaacsim/lib/isaacsim/open_isaacsim_stage.py
[0.957s] -- Installing: /home/robotdeveloper02/IsaacSim-ros_workspaces-main/humble_ws/install/isaacsim/share/ament_index/resource_index/package_run_dependencies/isaacsim
[0.957s] -- Installing: /home/robotdeveloper02/IsaacSim-ros_workspaces-main/humble_ws/install/isaacsim/share/ament_index/resource_index/parent_prefix_path/isaacsim
[0.957s] -- Installing: /home/robotdeveloper02/IsaacSim-ros_workspaces-main/humble_ws/install/isaacsim/share/isaacsim/environment/ament_prefix_path.sh
[0.957s] -- Installing: /home/robotdeveloper02/IsaacSim-ros_workspaces-main/humble_ws/install/isaacsim/share/isaacsim/environment/ament_prefix_path.dsv
[0.958s] -- Installing: /home/robotdeveloper02/IsaacSim-ros_workspaces-main/humble_ws/install/isaacsim/share/isaacsim/environment/path.sh
[0.958s] -- Installing: /home/robotdeveloper02/IsaacSim-ros_workspaces-main/humble_ws/install/isaacsim/share/isaacsim/environment/path.dsv
[0.958s] -- Installing: /home/robotdeveloper02/IsaacSim-ros_workspaces-main/humble_ws/install/isaacsim/share/isaacsim/local_setup.bash
[0.959s] -- Installing: /home/robotdeveloper02/IsaacSim-ros_workspaces-main/humble_ws/install/isaacsim/share/isaacsim/local_setup.sh
[0.960s] -- Installing: /home/robotdeveloper02/IsaacSim-ros_workspaces-main/humble_ws/install/isaacsim/share/isaacsim/local_setup.zsh
[0.960s] -- Installing: /home/robotdeveloper02/IsaacSim-ros_workspaces-main/humble_ws/install/isaacsim/share/isaacsim/local_setup.dsv
[0.960s] -- Installing: /home/robotdeveloper02/IsaacSim-ros_workspaces-main/humble_ws/install/isaacsim/share/isaacsim/package.dsv
[0.960s] -- Installing: /home/robotdeveloper02/IsaacSim-ros_workspaces-main/humble_ws/install/isaacsim/share/ament_index/resource_index/packages/isaacsim
[0.960s] -- Installing: /home/robotdeveloper02/IsaacSim-ros_workspaces-main/humble_ws/install/isaacsim/share/isaacsim/cmake/isaacsimConfig.cmake
[0.960s] -- Installing: /home/robotdeveloper02/IsaacSim-ros_workspaces-main/humble_ws/install/isaacsim/share/isaacsim/cmake/isaacsimConfig-version.cmake
[0.961s] -- Installing: /home/robotdeveloper02/IsaacSim-ros_workspaces-main/humble_ws/install/isaacsim/share/isaacsim/package.xml
[0.975s] Invoked command in '/home/robotdeveloper02/IsaacSim-ros_workspaces-main/humble_ws/build/isaacsim' returned '0': CMAKE_PREFIX_PATH=${CMAKE_PREFIX_PATH}:/home/robotdeveloper02/IsaacSim-ros_workspaces-main/humble_ws/install/my_ros2_package:/home/robotdeveloper02/IsaacSim-ros_workspaces-main/humble_ws/install/jetbot_controller:/home/robotdeveloper02/IsaacSim-ros_workspaces-main/humble_ws/install/isaac_ros_navigation_goal:/home/robotdeveloper02/IsaacSim-ros_workspaces-main/humble_ws/install/error_plotter:/opt/ros/humble /usr/bin/cmake --install /home/robotdeveloper02/IsaacSim-ros_workspaces-main/humble_ws/build/isaacsim
