running develop
Removing /home/robotdeveloper02/IsaacSim-ros_workspaces-main/humble_ws/install/jetbot_controller/lib/python3.10/site-packages/jetbot-controller.egg-link (link to .)
running egg_info
writing ../../build/jetbot_controller/jetbot_controller.egg-info/PKG-INFO
writing dependency_links to ../../build/jetbot_controller/jetbot_controller.egg-info/dependency_links.txt
writing entry points to ../../build/jetbot_controller/jetbot_controller.egg-info/entry_points.txt
writing requirements to ../../build/jetbot_controller/jetbot_controller.egg-info/requires.txt
writing top-level names to ../../build/jetbot_controller/jetbot_controller.egg-info/top_level.txt
reading manifest file '../../build/jetbot_controller/jetbot_controller.egg-info/SOURCES.txt'
writing manifest file '../../build/jetbot_controller/jetbot_controller.egg-info/SOURCES.txt'
running build
running build_py
running install
running install_lib
creating /home/robotdeveloper02/IsaacSim-ros_workspaces-main/humble_ws/install/jetbot_controller/lib/python3.10/site-packages/jetbot_controller
copying /home/robotdeveloper02/IsaacSim-ros_workspaces-main/humble_ws/build/jetbot_controller/build/lib/jetbot_controller/__init__.py -> /home/robotdeveloper02/IsaacSim-ros_workspaces-main/humble_ws/install/jetbot_controller/lib/python3.10/site-packages/jetbot_controller
copying /home/robotdeveloper02/IsaacSim-ros_workspaces-main/humble_ws/build/jetbot_controller/build/lib/jetbot_controller/controller.py -> /home/robotdeveloper02/IsaacSim-ros_workspaces-main/humble_ws/install/jetbot_controller/lib/python3.10/site-packages/jetbot_controller
byte-compiling /home/robotdeveloper02/IsaacSim-ros_workspaces-main/humble_ws/install/jetbot_controller/lib/python3.10/site-packages/jetbot_controller/__init__.py to __init__.cpython-310.pyc
byte-compiling /home/robotdeveloper02/IsaacSim-ros_workspaces-main/humble_ws/install/jetbot_controller/lib/python3.10/site-packages/jetbot_controller/controller.py to controller.cpython-310.pyc
running install_data
copying resource/jetbot_controller -> /home/robotdeveloper02/IsaacSim-ros_workspaces-main/humble_ws/install/jetbot_controller/share/ament_index/resource_index/packages
copying package.xml -> /home/robotdeveloper02/IsaacSim-ros_workspaces-main/humble_ws/install/jetbot_controller/share/jetbot_controller
running install_egg_info
Copying ../../build/jetbot_controller/jetbot_controller.egg-info to /home/robotdeveloper02/IsaacSim-ros_workspaces-main/humble_ws/install/jetbot_controller/lib/python3.10/site-packages/jetbot_controller-0.0.0-py3.10.egg-info
running install_scripts
Installing jetbot_controller script to /home/robotdeveloper02/IsaacSim-ros_workspaces-main/humble_ws/install/jetbot_controller/lib/jetbot_controller
writing list of installed files to '/home/robotdeveloper02/IsaacSim-ros_workspaces-main/humble_ws/build/jetbot_controller/install.log'
