[0.182s] Invoking command in '/home/robotdeveloper02/IsaacSim-ros_workspaces-main/humble_ws/build/isaacsim': CMAKE_PREFIX_PATH=${CMAKE_PREFIX_PATH}:/opt/ros/humble CONDA_PROMPT_MODIFIER=(base) /usr/bin/cmake /home/robotdeveloper02/IsaacSim-ros_workspaces-main/humble_ws/src/isaacsim -DCMAKE_INSTALL_PREFIX=/home/robotdeveloper02/IsaacSim-ros_workspaces-main/humble_ws/install/isaacsim
[0.261s] -- The C compiler identification is GNU 12.3.0
[0.392s] -- The CXX compiler identification is GNU 11.4.0
[0.401s] -- Detecting C compiler ABI info
[0.455s] -- Detecting C compiler ABI info - done
[0.460s] -- Check for working C compiler: /usr/bin/cc - skipped
[0.460s] -- Detecting C compile features
[0.461s] -- Detecting C compile features - done
[0.464s] -- Detecting CXX compiler ABI info
[0.518s] -- Detecting CXX compiler ABI info - done
[0.523s] -- Check for working CXX compiler: /usr/bin/c++ - skipped
[0.523s] -- Detecting CXX compile features
[0.524s] -- Detecting CXX compile features - done
[0.529s] -- Found ament_cmake: 1.3.9 (/opt/ros/humble/share/ament_cmake/cmake)
[0.833s] -- Found Python3: /home/robotdeveloper02/anaconda3/bin/python3 (found version "3.11.7") found components: Interpreter 
[0.917s] -- Found rclpy: 3.3.13 (/opt/ros/humble/share/rclpy/cmake)
[0.933s] Traceback (most recent call last):
[0.933s]   File "/opt/ros/humble/share/ament_cmake_core/cmake/core/package_xml_2_cmake.py", line 22, in <module>
[0.933s]     from catkin_pkg.package import parse_package_string
[0.933s] ModuleNotFoundError: No module named 'catkin_pkg'
[0.936s] [31mCMake Error at /opt/ros/humble/share/ament_cmake_core/cmake/core/ament_package_xml.cmake:95 (message):
[0.936s]   execute_process(/home/robotdeveloper02/anaconda3/bin/python3
[0.936s]   /opt/ros/humble/share/ament_cmake_core/cmake/core/package_xml_2_cmake.py
[0.936s]   /home/robotdeveloper02/IsaacSim-ros_workspaces-main/humble_ws/src/isaacsim/package.xml
[0.936s]   /home/robotdeveloper02/IsaacSim-ros_workspaces-main/humble_ws/build/isaacsim/ament_cmake_core/package.cmake)
[0.936s]   returned error code 1
[0.936s] Call Stack (most recent call first):
[0.936s]   /opt/ros/humble/share/ament_cmake_core/cmake/core/ament_package_xml.cmake:49 (_ament_package_xml)
[0.936s]   /opt/ros/humble/share/ament_cmake_core/cmake/core/ament_package.cmake:63 (ament_package_xml)
[0.936s]   CMakeLists.txt:18 (ament_package)
[0.936s] 
[0.936s] [0m
[0.937s] -- Configuring incomplete, errors occurred!
[0.937s] See also "/home/robotdeveloper02/IsaacSim-ros_workspaces-main/humble_ws/build/isaacsim/CMakeFiles/CMakeOutput.log".
[0.941s] Invoked command in '/home/robotdeveloper02/IsaacSim-ros_workspaces-main/humble_ws/build/isaacsim' returned '1': CMAKE_PREFIX_PATH=${CMAKE_PREFIX_PATH}:/opt/ros/humble CONDA_PROMPT_MODIFIER=(base) /usr/bin/cmake /home/robotdeveloper02/IsaacSim-ros_workspaces-main/humble_ws/src/isaacsim -DCMAKE_INSTALL_PREFIX=/home/robotdeveloper02/IsaacSim-ros_workspaces-main/humble_ws/install/isaacsim
