[0.022s] Invoking command in '/home/robotdeveloper02/IsaacSim-ros_workspaces-main/humble_ws/build/custom_message': CMAKE_PREFIX_PATH=/opt/ros/humble /usr/bin/cmake --build /home/robotdeveloper02/IsaacSim-ros_workspaces-main/humble_ws/build/custom_message -- -j16 -l16
[0.232s] [  2%] Built target custom_message__cpp
[0.232s] [ 12%] Built target custom_message__rosidl_generator_c
[0.232s] [ 12%] Built target ament_cmake_python_copy_custom_message
[0.232s] [ 33%] Built target custom_message__rosidl_typesupport_introspection_cpp
[0.232s] [ 33%] Built target custom_message__rosidl_typesupport_c
[0.233s] [ 46%] Built target custom_message__rosidl_typesupport_fastrtps_cpp
[0.233s] [ 61%] Built target custom_message__rosidl_typesupport_introspection_c
[0.233s] [ 64%] Built target custom_message__rosidl_typesupport_fastrtps_c
[0.233s] [ 74%] Built target custom_message__rosidl_typesupport_cpp
[0.233s] [ 74%] Built target custom_message
[0.233s] [ 76%] Built target custom_message__py
[0.233s] [ 84%] Built target custom_message__rosidl_generator_py
[0.233s] [ 94%] Built target custom_message__rosidl_typesupport_introspection_c__pyext
[0.233s] [ 94%] Built target custom_message__rosidl_typesupport_fastrtps_c__pyext
[0.233s] [100%] Built target custom_message__rosidl_typesupport_c__pyext
[0.243s] running egg_info
[0.244s] writing custom_message.egg-info/PKG-INFO
[0.244s] writing dependency_links to custom_message.egg-info/dependency_links.txt
[0.244s] writing top-level names to custom_message.egg-info/top_level.txt
[0.246s] reading manifest file 'custom_message.egg-info/SOURCES.txt'
[0.246s] writing manifest file 'custom_message.egg-info/SOURCES.txt'
[0.269s] [100%] Built target ament_cmake_python_build_custom_message_egg
[0.425s] Invoked command in '/home/robotdeveloper02/IsaacSim-ros_workspaces-main/humble_ws/build/custom_message' returned '0': CMAKE_PREFIX_PATH=/opt/ros/humble /usr/bin/cmake --build /home/robotdeveloper02/IsaacSim-ros_workspaces-main/humble_ws/build/custom_message -- -j16 -l16
