-- Found ament_cmake: 1.3.10 (/opt/ros/humble/share/ament_cmake/cmake)
-- Override CMake install command with custom implementation using symlinks instead of copying resources
-- Found std_msgs: 4.2.4 (/opt/ros/humble/share/std_msgs/cmake)
-- Found rosidl_generator_c: 3.1.5 (/opt/ros/humble/share/rosidl_generator_c/cmake)
-- Found rosidl_adapter: 3.1.5 (/opt/ros/humble/share/rosidl_adapter/cmake)
-- Found rosidl_generator_cpp: 3.1.5 (/opt/ros/humble/share/rosidl_generator_cpp/cmake)
-- Using all available rosidl_typesupport_c: rosidl_typesupport_fastrtps_c;rosidl_typesupport_introspection_c
-- Using all available rosidl_typesupport_cpp: rosidl_typesupport_fastrtps_cpp;rosidl_typesupport_introspection_cpp
-- Found rosidl_default_generators: 1.2.0 (/opt/ros/humble/share/rosidl_default_generators/cmake)
-- Found geometry_msgs: 4.2.4 (/opt/ros/humble/share/geometry_msgs/cmake)
-- Configuring incomplete, errors occurred!
See also "/home/robotdeveloper02/IsaacSim-ros_workspaces-main/humble_ws/build/custom_message/CMakeFiles/CMakeOutput.log".
[31mCMake Error at /opt/ros/humble/share/rosidl_cmake/cmake/rosidl_generate_interfaces.cmake:93 (message):
  rosidl_generate_interfaces() the passed file 'msg/Posestaped.msg' doesn't
  exist relative to the CMAKE_CURRENT_SOURCE_DIR
  '/home/robotdeveloper02/IsaacSim-ros_workspaces-main/humble_ws/src/custom_message'
Call Stack (most recent call first):
  CMakeLists.txt:24 (rosidl_generate_interfaces)

[0m
gmake: *** [Makefile:1179: cmake_check_build_system] Error 1
