[1.476s] Invoking command in '/home/robotdeveloper02/IsaacSim-ros_workspaces-main/humble_ws/src/error_plotter': PYTHONPATH=/home/robotdeveloper02/IsaacSim-ros_workspaces-main/humble_ws/build/error_plotter/prefix_override:/usr/lib/python3/dist-packages/colcon_core/task/python/colcon_distutils_commands:/home/robotdeveloper02/IsaacSim-ros_workspaces-main/humble_ws/install/error_plotter/lib/python3.10/site-packages:${PYTHONPATH} /usr/bin/python3 -W ignore:setup.py install is deprecated setup.py egg_info --egg-base ../../build/error_plotter build --build-base /home/robotdeveloper02/IsaacSim-ros_workspaces-main/humble_ws/build/error_plotter/build install --record /home/robotdeveloper02/IsaacSim-ros_workspaces-main/humble_ws/build/error_plotter/install.log --single-version-externally-managed install_data
[1.716s] running egg_info
[1.717s] writing ../../build/error_plotter/error_plotter.egg-info/PKG-INFO
[1.717s] writing dependency_links to ../../build/error_plotter/error_plotter.egg-info/dependency_links.txt
[1.717s] writing entry points to ../../build/error_plotter/error_plotter.egg-info/entry_points.txt
[1.717s] writing requirements to ../../build/error_plotter/error_plotter.egg-info/requires.txt
[1.717s] writing top-level names to ../../build/error_plotter/error_plotter.egg-info/top_level.txt
[1.719s] reading manifest file '../../build/error_plotter/error_plotter.egg-info/SOURCES.txt'
[1.720s] writing manifest file '../../build/error_plotter/error_plotter.egg-info/SOURCES.txt'
[1.720s] running build
[1.720s] running build_py
[1.720s] copying error_plotter/error plotter.py -> /home/robotdeveloper02/IsaacSim-ros_workspaces-main/humble_ws/build/error_plotter/build/lib/error_plotter
[1.720s] running install
[1.721s] running install_lib
[1.722s] copying /home/robotdeveloper02/IsaacSim-ros_workspaces-main/humble_ws/build/error_plotter/build/lib/error_plotter/error plotter.py -> /home/robotdeveloper02/IsaacSim-ros_workspaces-main/humble_ws/install/error_plotter/lib/python3.10/site-packages/error_plotter
[1.723s] byte-compiling /home/robotdeveloper02/IsaacSim-ros_workspaces-main/humble_ws/install/error_plotter/lib/python3.10/site-packages/error_plotter/error plotter.py to error plotter.cpython-310.pyc
[1.723s] running install_data
[1.724s] running install_egg_info
[1.725s] removing '/home/robotdeveloper02/IsaacSim-ros_workspaces-main/humble_ws/install/error_plotter/lib/python3.10/site-packages/error_plotter-0.0.0-py3.10.egg-info' (and everything under it)
[1.726s] Copying ../../build/error_plotter/error_plotter.egg-info to /home/robotdeveloper02/IsaacSim-ros_workspaces-main/humble_ws/install/error_plotter/lib/python3.10/site-packages/error_plotter-0.0.0-py3.10.egg-info
[1.726s] running install_scripts
[1.747s] Installing error_plotter script to /home/robotdeveloper02/IsaacSim-ros_workspaces-main/humble_ws/install/error_plotter/lib/error_plotter
[1.747s] writing list of installed files to '/home/robotdeveloper02/IsaacSim-ros_workspaces-main/humble_ws/build/error_plotter/install.log'
[1.787s] Invoked command in '/home/robotdeveloper02/IsaacSim-ros_workspaces-main/humble_ws/src/error_plotter' returned '0': PYTHONPATH=/home/robotdeveloper02/IsaacSim-ros_workspaces-main/humble_ws/build/error_plotter/prefix_override:/usr/lib/python3/dist-packages/colcon_core/task/python/colcon_distutils_commands:/home/robotdeveloper02/IsaacSim-ros_workspaces-main/humble_ws/install/error_plotter/lib/python3.10/site-packages:${PYTHONPATH} /usr/bin/python3 -W ignore:setup.py install is deprecated setup.py egg_info --egg-base ../../build/error_plotter build --build-base /home/robotdeveloper02/IsaacSim-ros_workspaces-main/humble_ws/build/error_plotter/build install --record /home/robotdeveloper02/IsaacSim-ros_workspaces-main/humble_ws/build/error_plotter/install.log --single-version-externally-managed install_data
