[0.663s] Invoking command in '/home/robotdeveloper02/IsaacSim-ros_workspaces-main/humble_ws/build/tf_broadcaster': CMAKE_PREFIX_PATH=${CMAKE_PREFIX_PATH}:/home/robotdeveloper02/IsaacSim-ros_workspaces-main/humble_ws/install/my_ros2_package:/home/robotdeveloper02/IsaacSim-ros_workspaces-main/humble_ws/install/jetbot_controller:/home/robotdeveloper02/IsaacSim-ros_workspaces-main/humble_ws/install/isaac_ros_navigation_goal:/opt/ros/humble /usr/bin/cmake /home/robotdeveloper02/IsaacSim-ros_workspaces-main/humble_ws/src/calc_cpp -DAMENT_CMAKE_SYMLINK_INSTALL=1 -DCMAKE_INSTALL_PREFIX=/home/robotdeveloper02/IsaacSim-ros_workspaces-main/humble_ws/install/tf_broadcaster
[0.671s] -- Found ament_cmake: 1.3.10 (/opt/ros/humble/share/ament_cmake/cmake)
[0.801s] -- Override CMake install command with custom implementation using symlinks instead of copying resources
[0.807s] -- Found rclcpp: 16.0.10 (/opt/ros/humble/share/rclcpp/cmake)
[0.834s] -- Found rosidl_generator_c: 3.1.5 (/opt/ros/humble/share/rosidl_generator_c/cmake)
[0.837s] -- Found rosidl_adapter: 3.1.5 (/opt/ros/humble/share/rosidl_adapter/cmake)
[0.842s] -- Found rosidl_generator_cpp: 3.1.5 (/opt/ros/humble/share/rosidl_generator_cpp/cmake)
[0.850s] -- Using all available rosidl_typesupport_c: rosidl_typesupport_fastrtps_c;rosidl_typesupport_introspection_c
[0.861s] -- Using all available rosidl_typesupport_cpp: rosidl_typesupport_fastrtps_cpp;rosidl_typesupport_introspection_cpp
[0.890s] -- Found rmw_implementation_cmake: 6.1.2 (/opt/ros/humble/share/rmw_implementation_cmake/cmake)
[0.891s] -- Found rmw_fastrtps_cpp: 6.2.7 (/opt/ros/humble/share/rmw_fastrtps_cpp/cmake)
[0.986s] -- Using RMW implementation 'rmw_fastrtps_cpp' as default
[1.030s] -- Found geometry_msgs: 4.2.4 (/opt/ros/humble/share/geometry_msgs/cmake)
[1.041s] -- Found tf2_ros: 0.25.8 (/opt/ros/humble/share/tf2_ros/cmake)
[1.114s] -- Found tf2_geometry_msgs: 0.25.7 (/opt/ros/humble/share/tf2_geometry_msgs/cmake)
[1.116s] -- Found eigen3_cmake_module: 0.1.1 (/opt/ros/humble/share/eigen3_cmake_module/cmake)
[1.118s] -- Ensuring Eigen3 include directory is part of orocos-kdl CMake target
[1.119s] -- Found ament_lint_auto: 0.12.11 (/opt/ros/humble/share/ament_lint_auto/cmake)
[1.178s] -- Added test 'cppcheck' to perform static code analysis on C / C++ code
[1.179s] -- Configured cppcheck include dirs: 
[1.179s] -- Configured cppcheck exclude dirs and/or files: 
[1.179s] -- Added test 'flake8' to check Python code syntax and style conventions
[1.179s] -- Added test 'lint_cmake' to check CMake code style
[1.179s] -- Added test 'pep257' to check Python code against some of the docstring style conventions in PEP 257
[1.180s] -- Added test 'uncrustify' to check C / C++ code style
[1.181s] -- Configured uncrustify additional arguments: 
[1.181s] -- Added test 'xmllint' to check XML markup files
[1.182s] -- Configuring done
[1.184s] [31mCMake Error at CMakeLists.txt:29 (add_executable):
[1.184s]   Cannot find source file:
[1.184s] 
[1.184s]     src/tf_broadcaster.cpp
[1.184s] 
[1.184s]   Tried extensions .c .C .c++ .cc .cpp .cxx .cu .mpp .m .M .mm .ixx .cppm .h
[1.184s]   .hh .h++ .hm .hpp .hxx .in .txx .f .F .for .f77 .f90 .f95 .f03 .hip .ispc
[1.184s] 
[1.184s] [0m
[1.185s] [31mCMake Error at CMakeLists.txt:29 (add_executable):
[1.185s]   No SOURCES given to target: tf_broadcaster
[1.185s] 
[1.185s] [0m
[1.185s] [0mCMake Generate step failed.  Build files cannot be regenerated correctly.[0m
