[0.221s] Invoking command in '/home/robotdeveloper02/IsaacSim-ros_workspaces-main/humble_ws/src/build/isaac_tutorials': CMAKE_PREFIX_PATH=/opt/ros/humble /usr/bin/cmake /home/robotdeveloper02/IsaacSim-ros_workspaces-main/humble_ws/src/isaac_tutorials -DCMAKE_INSTALL_PREFIX=/home/robotdeveloper02/IsaacSim-ros_workspaces-main/humble_ws/src/install/isaac_tutorials
[0.453s] -- The C compiler identification is GNU 12.3.0
[0.453s] -- The CXX compiler identification is GNU 11.4.0
[0.453s] -- Detecting C compiler ABI info
[0.453s] -- Detecting C compiler ABI info - done
[0.453s] -- Check for working C compiler: /usr/bin/cc - skipped
[0.453s] -- Detecting C compile features
[0.453s] -- Detecting C compile features - done
[0.453s] -- Detecting CXX compiler ABI info
[0.460s] -- Detecting CXX compiler ABI info - done
[0.466s] -- Check for working CXX compiler: /usr/bin/c++ - skipped
[0.466s] -- Detecting CXX compile features
[0.466s] -- Detecting CXX compile features - done
[0.468s] -- Found ament_cmake: 1.3.10 (/opt/ros/humble/share/ament_cmake/cmake)
[0.585s] -- Found Python3: /usr/bin/python3 (found version "3.10.12") found components: Interpreter 
[0.650s] -- Found rclpy: 3.3.14 (/opt/ros/humble/share/rclpy/cmake)
[0.710s] -- Configuring done
[0.715s] -- Generating done
[0.715s] -- Build files have been written to: /home/robotdeveloper02/IsaacSim-ros_workspaces-main/humble_ws/src/build/isaac_tutorials
[0.721s] Invoked command in '/home/robotdeveloper02/IsaacSim-ros_workspaces-main/humble_ws/src/build/isaac_tutorials' returned '0': CMAKE_PREFIX_PATH=/opt/ros/humble /usr/bin/cmake /home/robotdeveloper02/IsaacSim-ros_workspaces-main/humble_ws/src/isaac_tutorials -DCMAKE_INSTALL_PREFIX=/home/robotdeveloper02/IsaacSim-ros_workspaces-main/humble_ws/src/install/isaac_tutorials
[0.723s] Invoking command in '/home/robotdeveloper02/IsaacSim-ros_workspaces-main/humble_ws/src/build/isaac_tutorials': CMAKE_PREFIX_PATH=/opt/ros/humble /usr/bin/cmake --build /home/robotdeveloper02/IsaacSim-ros_workspaces-main/humble_ws/src/build/isaac_tutorials -- -j16 -l16
[0.779s] Invoked command in '/home/robotdeveloper02/IsaacSim-ros_workspaces-main/humble_ws/src/build/isaac_tutorials' returned '0': CMAKE_PREFIX_PATH=/opt/ros/humble /usr/bin/cmake --build /home/robotdeveloper02/IsaacSim-ros_workspaces-main/humble_ws/src/build/isaac_tutorials -- -j16 -l16
[0.810s] Invoking command in '/home/robotdeveloper02/IsaacSim-ros_workspaces-main/humble_ws/src/build/isaac_tutorials': CMAKE_PREFIX_PATH=/opt/ros/humble /usr/bin/cmake --install /home/robotdeveloper02/IsaacSim-ros_workspaces-main/humble_ws/src/build/isaac_tutorials
[0.818s] -- Install configuration: ""
[0.819s] -- Installing: /home/robotdeveloper02/IsaacSim-ros_workspaces-main/humble_ws/src/install/isaac_tutorials/share/isaac_tutorials/rviz2
[0.819s] -- Installing: /home/robotdeveloper02/IsaacSim-ros_workspaces-main/humble_ws/src/install/isaac_tutorials/share/isaac_tutorials/rviz2/camera_manual.rviz
[0.819s] -- Installing: /home/robotdeveloper02/IsaacSim-ros_workspaces-main/humble_ws/src/install/isaac_tutorials/share/isaac_tutorials/rviz2/carter_stereo.rviz
[0.819s] -- Installing: /home/robotdeveloper02/IsaacSim-ros_workspaces-main/humble_ws/src/install/isaac_tutorials/share/isaac_tutorials/rviz2/rtx_lidar.rviz
[0.819s] -- Installing: /home/robotdeveloper02/IsaacSim-ros_workspaces-main/humble_ws/src/install/isaac_tutorials/share/isaac_tutorials/rviz2/turtle_stereo.rviz
[0.820s] -- Installing: /home/robotdeveloper02/IsaacSim-ros_workspaces-main/humble_ws/src/install/isaac_tutorials/share/isaac_tutorials/rviz2/camera_lidar.rviz
[0.820s] -- Installing: /home/robotdeveloper02/IsaacSim-ros_workspaces-main/humble_ws/src/install/isaac_tutorials/share/isaac_tutorials/scripts
[0.820s] -- Installing: /home/robotdeveloper02/IsaacSim-ros_workspaces-main/humble_ws/src/install/isaac_tutorials/share/isaac_tutorials/scripts/ros2_publisher.py
[0.820s] -- Installing: /home/robotdeveloper02/IsaacSim-ros_workspaces-main/humble_ws/src/install/isaac_tutorials/share/isaac_tutorials/scripts/ros2_ackermann_publisher.py
[0.820s] -- Installing: /home/robotdeveloper02/IsaacSim-ros_workspaces-main/humble_ws/src/install/isaac_tutorials/lib/isaac_tutorials/ros2_publisher.py
[0.820s] -- Installing: /home/robotdeveloper02/IsaacSim-ros_workspaces-main/humble_ws/src/install/isaac_tutorials/lib/isaac_tutorials/ros2_ackermann_publisher.py
[0.821s] -- Installing: /home/robotdeveloper02/IsaacSim-ros_workspaces-main/humble_ws/src/install/isaac_tutorials/share/ament_index/resource_index/package_run_dependencies/isaac_tutorials
[0.821s] -- Installing: /home/robotdeveloper02/IsaacSim-ros_workspaces-main/humble_ws/src/install/isaac_tutorials/share/ament_index/resource_index/parent_prefix_path/isaac_tutorials
[0.821s] -- Installing: /home/robotdeveloper02/IsaacSim-ros_workspaces-main/humble_ws/src/install/isaac_tutorials/share/isaac_tutorials/environment/ament_prefix_path.sh
[0.821s] -- Installing: /home/robotdeveloper02/IsaacSim-ros_workspaces-main/humble_ws/src/install/isaac_tutorials/share/isaac_tutorials/environment/ament_prefix_path.dsv
[0.821s] -- Installing: /home/robotdeveloper02/IsaacSim-ros_workspaces-main/humble_ws/src/install/isaac_tutorials/share/isaac_tutorials/environment/path.sh
[0.821s] -- Installing: /home/robotdeveloper02/IsaacSim-ros_workspaces-main/humble_ws/src/install/isaac_tutorials/share/isaac_tutorials/environment/path.dsv
[0.821s] -- Installing: /home/robotdeveloper02/IsaacSim-ros_workspaces-main/humble_ws/src/install/isaac_tutorials/share/isaac_tutorials/local_setup.bash
[0.821s] -- Installing: /home/robotdeveloper02/IsaacSim-ros_workspaces-main/humble_ws/src/install/isaac_tutorials/share/isaac_tutorials/local_setup.sh
[0.821s] -- Installing: /home/robotdeveloper02/IsaacSim-ros_workspaces-main/humble_ws/src/install/isaac_tutorials/share/isaac_tutorials/local_setup.zsh
[0.822s] -- Installing: /home/robotdeveloper02/IsaacSim-ros_workspaces-main/humble_ws/src/install/isaac_tutorials/share/isaac_tutorials/local_setup.dsv
[0.822s] -- Installing: /home/robotdeveloper02/IsaacSim-ros_workspaces-main/humble_ws/src/install/isaac_tutorials/share/isaac_tutorials/package.dsv
[0.822s] -- Installing: /home/robotdeveloper02/IsaacSim-ros_workspaces-main/humble_ws/src/install/isaac_tutorials/share/ament_index/resource_index/packages/isaac_tutorials
[0.822s] -- Installing: /home/robotdeveloper02/IsaacSim-ros_workspaces-main/humble_ws/src/install/isaac_tutorials/share/isaac_tutorials/cmake/isaac_tutorialsConfig.cmake
[0.822s] -- Installing: /home/robotdeveloper02/IsaacSim-ros_workspaces-main/humble_ws/src/install/isaac_tutorials/share/isaac_tutorials/cmake/isaac_tutorialsConfig-version.cmake
[0.822s] -- Installing: /home/robotdeveloper02/IsaacSim-ros_workspaces-main/humble_ws/src/install/isaac_tutorials/share/isaac_tutorials/package.xml
[0.824s] Invoked command in '/home/robotdeveloper02/IsaacSim-ros_workspaces-main/humble_ws/src/build/isaac_tutorials' returned '0': CMAKE_PREFIX_PATH=/opt/ros/humble /usr/bin/cmake --install /home/robotdeveloper02/IsaacSim-ros_workspaces-main/humble_ws/src/build/isaac_tutorials
