[0.039s] Invoking command in '/home/robotdeveloper02/IsaacSim-ros_workspaces-main/humble_ws/build/isaac_ros2_messages': CMAKE_PREFIX_PATH=/opt/ros/humble /usr/bin/cmake --build /home/robotdeveloper02/IsaacSim-ros_workspaces-main/humble_ws/build/isaac_ros2_messages -- -j16 -l16
[0.452s] [  1%] Built target isaac_ros2_messages__cpp
[0.452s] [  1%] Built target ament_cmake_python_symlink_isaac_ros2_messages
[0.452s] [ 12%] Built target isaac_ros2_messages__rosidl_generator_c
[0.452s] [ 28%] Built target isaac_ros2_messages__rosidl_typesupport_introspection_cpp
[0.452s] [ 34%] Built target isaac_ros2_messages__rosidl_typesupport_fastrtps_cpp
[0.452s] [ 46%] Built target isaac_ros2_messages__rosidl_typesupport_cpp
[0.452s] [ 57%] Built target isaac_ros2_messages__rosidl_typesupport_c
[0.452s] [ 79%] Built target isaac_ros2_messages__rosidl_typesupport_fastrtps_c
[0.452s] [ 79%] Built target isaac_ros2_messages__rosidl_typesupport_introspection_c
[0.452s] [ 79%] Built target isaac_ros2_messages
[0.452s] [ 80%] Built target isaac_ros2_messages__py
[0.452s] [ 90%] Built target isaac_ros2_messages__rosidl_generator_py
[0.452s] [ 93%] Built target isaac_ros2_messages__rosidl_typesupport_introspection_c__pyext
[0.452s] [ 96%] Built target isaac_ros2_messages__rosidl_typesupport_fastrtps_c__pyext
[0.452s] [100%] Built target isaac_ros2_messages__rosidl_typesupport_c__pyext
[0.452s] running egg_info
[0.452s] writing isaac_ros2_messages.egg-info/PKG-INFO
[0.452s] writing dependency_links to isaac_ros2_messages.egg-info/dependency_links.txt
[0.452s] writing top-level names to isaac_ros2_messages.egg-info/top_level.txt
[0.452s] reading manifest file 'isaac_ros2_messages.egg-info/SOURCES.txt'
[0.452s] writing manifest file 'isaac_ros2_messages.egg-info/SOURCES.txt'
[0.452s] [100%] Built target ament_cmake_python_build_isaac_ros2_messages_egg
[0.637s] Invoked command in '/home/robotdeveloper02/IsaacSim-ros_workspaces-main/humble_ws/build/isaac_ros2_messages' returned '0': CMAKE_PREFIX_PATH=/opt/ros/humble /usr/bin/cmake --build /home/robotdeveloper02/IsaacSim-ros_workspaces-main/humble_ws/build/isaac_ros2_messages -- -j16 -l16
[1.097s] Invoking command in '/home/robotdeveloper02/IsaacSim-ros_workspaces-main/humble_ws/build/isaac_ros2_messages': CMAKE_PREFIX_PATH=/opt/ros/humble /usr/bin/cmake --install /home/robotdeveloper02/IsaacSim-ros_workspaces-main/humble_ws/build/isaac_ros2_messages
[1.106s] -- Install configuration: ""
[1.107s] -- Execute custom install script
[1.109s] -- Up-to-date symlink: /home/robotdeveloper02/IsaacSim-ros_workspaces-main/humble_ws/install/isaac_ros2_messages/share/ament_index/resource_index/rosidl_interfaces/isaac_ros2_messages
[1.111s] -- Up-to-date symlink: /home/robotdeveloper02/IsaacSim-ros_workspaces-main/humble_ws/install/isaac_ros2_messages/include/isaac_ros2_messages/isaac_ros2_messages/msg/rosidl_generator_c__visibility_control.h
[1.111s] -- Up-to-date symlink: /home/robotdeveloper02/IsaacSim-ros_workspaces-main/humble_ws/install/isaac_ros2_messages/include/isaac_ros2_messages/isaac_ros2_messages/srv/detail/get_prim_attribute__functions.h
[1.112s] -- Up-to-date symlink: /home/robotdeveloper02/IsaacSim-ros_workspaces-main/humble_ws/install/isaac_ros2_messages/include/isaac_ros2_messages/isaac_ros2_messages/srv/detail/get_prim_attribute__struct.h
[1.112s] -- Up-to-date symlink: /home/robotdeveloper02/IsaacSim-ros_workspaces-main/humble_ws/install/isaac_ros2_messages/include/isaac_ros2_messages/isaac_ros2_messages/srv/detail/get_prim_attribute__type_support.h
[1.112s] -- Up-to-date symlink: /home/robotdeveloper02/IsaacSim-ros_workspaces-main/humble_ws/install/isaac_ros2_messages/include/isaac_ros2_messages/isaac_ros2_messages/srv/detail/get_prim_attributes__functions.h
[1.113s] -- Up-to-date symlink: /home/robotdeveloper02/IsaacSim-ros_workspaces-main/humble_ws/install/isaac_ros2_messages/include/isaac_ros2_messages/isaac_ros2_messages/srv/detail/get_prim_attributes__struct.h
[1.113s] -- Up-to-date symlink: /home/robotdeveloper02/IsaacSim-ros_workspaces-main/humble_ws/install/isaac_ros2_messages/include/isaac_ros2_messages/isaac_ros2_messages/srv/detail/get_prim_attributes__type_support.h
[1.114s] -- Up-to-date symlink: /home/robotdeveloper02/IsaacSim-ros_workspaces-main/humble_ws/install/isaac_ros2_messages/include/isaac_ros2_messages/isaac_ros2_messages/srv/detail/get_prims__functions.h
[1.114s] -- Up-to-date symlink: /home/robotdeveloper02/IsaacSim-ros_workspaces-main/humble_ws/install/isaac_ros2_messages/include/isaac_ros2_messages/isaac_ros2_messages/srv/detail/get_prims__struct.h
[1.114s] -- Up-to-date symlink: /home/robotdeveloper02/IsaacSim-ros_workspaces-main/humble_ws/install/isaac_ros2_messages/include/isaac_ros2_messages/isaac_ros2_messages/srv/detail/get_prims__type_support.h
[1.115s] -- Up-to-date symlink: /home/robotdeveloper02/IsaacSim-ros_workspaces-main/humble_ws/install/isaac_ros2_messages/include/isaac_ros2_messages/isaac_ros2_messages/srv/detail/isaac_pose__functions.h
[1.115s] -- Up-to-date symlink: /home/robotdeveloper02/IsaacSim-ros_workspaces-main/humble_ws/install/isaac_ros2_messages/include/isaac_ros2_messages/isaac_ros2_messages/srv/detail/isaac_pose__struct.h
[1.116s] -- Up-to-date symlink: /home/robotdeveloper02/IsaacSim-ros_workspaces-main/humble_ws/install/isaac_ros2_messages/include/isaac_ros2_messages/isaac_ros2_messages/srv/detail/isaac_pose__type_support.h
[1.116s] -- Up-to-date symlink: /home/robotdeveloper02/IsaacSim-ros_workspaces-main/humble_ws/install/isaac_ros2_messages/include/isaac_ros2_messages/isaac_ros2_messages/srv/detail/set_prim_attribute__functions.h
[1.117s] -- Up-to-date symlink: /home/robotdeveloper02/IsaacSim-ros_workspaces-main/humble_ws/install/isaac_ros2_messages/include/isaac_ros2_messages/isaac_ros2_messages/srv/detail/set_prim_attribute__struct.h
[1.118s] -- Up-to-date symlink: /home/robotdeveloper02/IsaacSim-ros_workspaces-main/humble_ws/install/isaac_ros2_messages/include/isaac_ros2_messages/isaac_ros2_messages/srv/detail/set_prim_attribute__type_support.h
[1.118s] -- Up-to-date symlink: /home/robotdeveloper02/IsaacSim-ros_workspaces-main/humble_ws/install/isaac_ros2_messages/include/isaac_ros2_messages/isaac_ros2_messages/srv/get_prim_attribute.h
[1.118s] -- Up-to-date symlink: /home/robotdeveloper02/IsaacSim-ros_workspaces-main/humble_ws/install/isaac_ros2_messages/include/isaac_ros2_messages/isaac_ros2_messages/srv/get_prim_attributes.h
[1.119s] -- Up-to-date symlink: /home/robotdeveloper02/IsaacSim-ros_workspaces-main/humble_ws/install/isaac_ros2_messages/include/isaac_ros2_messages/isaac_ros2_messages/srv/get_prims.h
[1.119s] -- Up-to-date symlink: /home/robotdeveloper02/IsaacSim-ros_workspaces-main/humble_ws/install/isaac_ros2_messages/include/isaac_ros2_messages/isaac_ros2_messages/srv/isaac_pose.h
[1.119s] -- Up-to-date symlink: /home/robotdeveloper02/IsaacSim-ros_workspaces-main/humble_ws/install/isaac_ros2_messages/include/isaac_ros2_messages/isaac_ros2_messages/srv/set_prim_attribute.h
[1.121s] -- Up-to-date symlink: /home/robotdeveloper02/IsaacSim-ros_workspaces-main/humble_ws/install/isaac_ros2_messages/share/isaac_ros2_messages/environment/library_path.sh
[1.122s] -- Up-to-date symlink: /home/robotdeveloper02/IsaacSim-ros_workspaces-main/humble_ws/install/isaac_ros2_messages/share/isaac_ros2_messages/environment/library_path.dsv
[1.122s] -- Up-to-date symlink: /home/robotdeveloper02/IsaacSim-ros_workspaces-main/humble_ws/install/isaac_ros2_messages/include/isaac_ros2_messages/isaac_ros2_messages/msg/rosidl_typesupport_fastrtps_c__visibility_control.h
[1.122s] -- Up-to-date symlink: /home/robotdeveloper02/IsaacSim-ros_workspaces-main/humble_ws/install/isaac_ros2_messages/include/isaac_ros2_messages/isaac_ros2_messages/srv/detail/get_prim_attribute__rosidl_typesupport_fastrtps_c.h
[1.123s] -- Up-to-date symlink: /home/robotdeveloper02/IsaacSim-ros_workspaces-main/humble_ws/install/isaac_ros2_messages/include/isaac_ros2_messages/isaac_ros2_messages/srv/detail/get_prim_attributes__rosidl_typesupport_fastrtps_c.h
[1.123s] -- Up-to-date symlink: /home/robotdeveloper02/IsaacSim-ros_workspaces-main/humble_ws/install/isaac_ros2_messages/include/isaac_ros2_messages/isaac_ros2_messages/srv/detail/get_prims__rosidl_typesupport_fastrtps_c.h
[1.124s] -- Up-to-date symlink: /home/robotdeveloper02/IsaacSim-ros_workspaces-main/humble_ws/install/isaac_ros2_messages/include/isaac_ros2_messages/isaac_ros2_messages/srv/detail/isaac_pose__rosidl_typesupport_fastrtps_c.h
[1.124s] -- Up-to-date symlink: /home/robotdeveloper02/IsaacSim-ros_workspaces-main/humble_ws/install/isaac_ros2_messages/include/isaac_ros2_messages/isaac_ros2_messages/srv/detail/set_prim_attribute__rosidl_typesupport_fastrtps_c.h
[1.125s] -- Up-to-date symlink: /home/robotdeveloper02/IsaacSim-ros_workspaces-main/humble_ws/install/isaac_ros2_messages/include/isaac_ros2_messages/isaac_ros2_messages/srv/detail/get_prim_attribute__builder.hpp
[1.125s] -- Up-to-date symlink: /home/robotdeveloper02/IsaacSim-ros_workspaces-main/humble_ws/install/isaac_ros2_messages/include/isaac_ros2_messages/isaac_ros2_messages/srv/detail/get_prim_attribute__struct.hpp
[1.126s] -- Up-to-date symlink: /home/robotdeveloper02/IsaacSim-ros_workspaces-main/humble_ws/install/isaac_ros2_messages/include/isaac_ros2_messages/isaac_ros2_messages/srv/detail/get_prim_attribute__traits.hpp
[1.126s] -- Up-to-date symlink: /home/robotdeveloper02/IsaacSim-ros_workspaces-main/humble_ws/install/isaac_ros2_messages/include/isaac_ros2_messages/isaac_ros2_messages/srv/detail/get_prim_attributes__builder.hpp
[1.127s] -- Up-to-date symlink: /home/robotdeveloper02/IsaacSim-ros_workspaces-main/humble_ws/install/isaac_ros2_messages/include/isaac_ros2_messages/isaac_ros2_messages/srv/detail/get_prim_attributes__struct.hpp
[1.127s] -- Up-to-date symlink: /home/robotdeveloper02/IsaacSim-ros_workspaces-main/humble_ws/install/isaac_ros2_messages/include/isaac_ros2_messages/isaac_ros2_messages/srv/detail/get_prim_attributes__traits.hpp
[1.128s] -- Up-to-date symlink: /home/robotdeveloper02/IsaacSim-ros_workspaces-main/humble_ws/install/isaac_ros2_messages/include/isaac_ros2_messages/isaac_ros2_messages/srv/detail/get_prims__builder.hpp
[1.130s] -- Up-to-date symlink: /home/robotdeveloper02/IsaacSim-ros_workspaces-main/humble_ws/install/isaac_ros2_messages/include/isaac_ros2_messages/isaac_ros2_messages/srv/detail/get_prims__struct.hpp
[1.130s] -- Up-to-date symlink: /home/robotdeveloper02/IsaacSim-ros_workspaces-main/humble_ws/install/isaac_ros2_messages/include/isaac_ros2_messages/isaac_ros2_messages/srv/detail/get_prims__traits.hpp
[1.131s] -- Up-to-date symlink: /home/robotdeveloper02/IsaacSim-ros_workspaces-main/humble_ws/install/isaac_ros2_messages/include/isaac_ros2_messages/isaac_ros2_messages/srv/detail/isaac_pose__builder.hpp
[1.131s] -- Up-to-date symlink: /home/robotdeveloper02/IsaacSim-ros_workspaces-main/humble_ws/install/isaac_ros2_messages/include/isaac_ros2_messages/isaac_ros2_messages/srv/detail/isaac_pose__struct.hpp
[1.132s] -- Up-to-date symlink: /home/robotdeveloper02/IsaacSim-ros_workspaces-main/humble_ws/install/isaac_ros2_messages/include/isaac_ros2_messages/isaac_ros2_messages/srv/detail/isaac_pose__traits.hpp
[1.132s] -- Up-to-date symlink: /home/robotdeveloper02/IsaacSim-ros_workspaces-main/humble_ws/install/isaac_ros2_messages/include/isaac_ros2_messages/isaac_ros2_messages/srv/detail/set_prim_attribute__builder.hpp
[1.132s] -- Up-to-date symlink: /home/robotdeveloper02/IsaacSim-ros_workspaces-main/humble_ws/install/isaac_ros2_messages/include/isaac_ros2_messages/isaac_ros2_messages/srv/detail/set_prim_attribute__struct.hpp
[1.132s] -- Up-to-date symlink: /home/robotdeveloper02/IsaacSim-ros_workspaces-main/humble_ws/install/isaac_ros2_messages/include/isaac_ros2_messages/isaac_ros2_messages/srv/detail/set_prim_attribute__traits.hpp
[1.133s] -- Up-to-date symlink: /home/robotdeveloper02/IsaacSim-ros_workspaces-main/humble_ws/install/isaac_ros2_messages/include/isaac_ros2_messages/isaac_ros2_messages/srv/get_prim_attribute.hpp
[1.133s] -- Up-to-date symlink: /home/robotdeveloper02/IsaacSim-ros_workspaces-main/humble_ws/install/isaac_ros2_messages/include/isaac_ros2_messages/isaac_ros2_messages/srv/get_prim_attributes.hpp
[1.134s] -- Up-to-date symlink: /home/robotdeveloper02/IsaacSim-ros_workspaces-main/humble_ws/install/isaac_ros2_messages/include/isaac_ros2_messages/isaac_ros2_messages/srv/get_prims.hpp
[1.134s] -- Up-to-date symlink: /home/robotdeveloper02/IsaacSim-ros_workspaces-main/humble_ws/install/isaac_ros2_messages/include/isaac_ros2_messages/isaac_ros2_messages/srv/isaac_pose.hpp
[1.134s] -- Up-to-date symlink: /home/robotdeveloper02/IsaacSim-ros_workspaces-main/humble_ws/install/isaac_ros2_messages/include/isaac_ros2_messages/isaac_ros2_messages/srv/set_prim_attribute.hpp
[1.135s] -- Up-to-date symlink: /home/robotdeveloper02/IsaacSim-ros_workspaces-main/humble_ws/install/isaac_ros2_messages/include/isaac_ros2_messages/isaac_ros2_messages/msg/rosidl_typesupport_fastrtps_cpp__visibility_control.h
[1.135s] -- Up-to-date symlink: /home/robotdeveloper02/IsaacSim-ros_workspaces-main/humble_ws/install/isaac_ros2_messages/include/isaac_ros2_messages/isaac_ros2_messages/srv/detail/get_prim_attribute__rosidl_typesupport_fastrtps_cpp.hpp
[1.137s] -- Up-to-date symlink: /home/robotdeveloper02/IsaacSim-ros_workspaces-main/humble_ws/install/isaac_ros2_messages/include/isaac_ros2_messages/isaac_ros2_messages/srv/detail/get_prim_attributes__rosidl_typesupport_fastrtps_cpp.hpp
[1.137s] -- Up-to-date symlink: /home/robotdeveloper02/IsaacSim-ros_workspaces-main/humble_ws/install/isaac_ros2_messages/include/isaac_ros2_messages/isaac_ros2_messages/srv/detail/get_prims__rosidl_typesupport_fastrtps_cpp.hpp
[1.137s] -- Up-to-date symlink: /home/robotdeveloper02/IsaacSim-ros_workspaces-main/humble_ws/install/isaac_ros2_messages/include/isaac_ros2_messages/isaac_ros2_messages/srv/detail/isaac_pose__rosidl_typesupport_fastrtps_cpp.hpp
[1.138s] -- Up-to-date symlink: /home/robotdeveloper02/IsaacSim-ros_workspaces-main/humble_ws/install/isaac_ros2_messages/include/isaac_ros2_messages/isaac_ros2_messages/srv/detail/set_prim_attribute__rosidl_typesupport_fastrtps_cpp.hpp
[1.138s] -- Up-to-date symlink: /home/robotdeveloper02/IsaacSim-ros_workspaces-main/humble_ws/install/isaac_ros2_messages/include/isaac_ros2_messages/isaac_ros2_messages/msg/rosidl_typesupport_introspection_c__visibility_control.h
[1.139s] -- Up-to-date symlink: /home/robotdeveloper02/IsaacSim-ros_workspaces-main/humble_ws/install/isaac_ros2_messages/include/isaac_ros2_messages/isaac_ros2_messages/srv/detail/get_prim_attribute__rosidl_typesupport_introspection_c.h
[1.139s] -- Up-to-date symlink: /home/robotdeveloper02/IsaacSim-ros_workspaces-main/humble_ws/install/isaac_ros2_messages/include/isaac_ros2_messages/isaac_ros2_messages/srv/detail/get_prim_attributes__rosidl_typesupport_introspection_c.h
[1.139s] -- Up-to-date symlink: /home/robotdeveloper02/IsaacSim-ros_workspaces-main/humble_ws/install/isaac_ros2_messages/include/isaac_ros2_messages/isaac_ros2_messages/srv/detail/get_prims__rosidl_typesupport_introspection_c.h
[1.140s] -- Up-to-date symlink: /home/robotdeveloper02/IsaacSim-ros_workspaces-main/humble_ws/install/isaac_ros2_messages/include/isaac_ros2_messages/isaac_ros2_messages/srv/detail/isaac_pose__rosidl_typesupport_introspection_c.h
[1.140s] -- Up-to-date symlink: /home/robotdeveloper02/IsaacSim-ros_workspaces-main/humble_ws/install/isaac_ros2_messages/include/isaac_ros2_messages/isaac_ros2_messages/srv/detail/set_prim_attribute__rosidl_typesupport_introspection_c.h
[1.141s] -- Up-to-date symlink: /home/robotdeveloper02/IsaacSim-ros_workspaces-main/humble_ws/install/isaac_ros2_messages/include/isaac_ros2_messages/isaac_ros2_messages/srv/detail/get_prim_attribute__rosidl_typesupport_introspection_cpp.hpp
[1.141s] -- Up-to-date symlink: /home/robotdeveloper02/IsaacSim-ros_workspaces-main/humble_ws/install/isaac_ros2_messages/include/isaac_ros2_messages/isaac_ros2_messages/srv/detail/get_prim_attributes__rosidl_typesupport_introspection_cpp.hpp
[1.141s] -- Up-to-date symlink: /home/robotdeveloper02/IsaacSim-ros_workspaces-main/humble_ws/install/isaac_ros2_messages/include/isaac_ros2_messages/isaac_ros2_messages/srv/detail/get_prims__rosidl_typesupport_introspection_cpp.hpp
[1.142s] -- Up-to-date symlink: /home/robotdeveloper02/IsaacSim-ros_workspaces-main/humble_ws/install/isaac_ros2_messages/include/isaac_ros2_messages/isaac_ros2_messages/srv/detail/isaac_pose__rosidl_typesupport_introspection_cpp.hpp
[1.142s] -- Up-to-date symlink: /home/robotdeveloper02/IsaacSim-ros_workspaces-main/humble_ws/install/isaac_ros2_messages/include/isaac_ros2_messages/isaac_ros2_messages/srv/detail/set_prim_attribute__rosidl_typesupport_introspection_cpp.hpp
[1.142s] -- Up-to-date symlink: /home/robotdeveloper02/IsaacSim-ros_workspaces-main/humble_ws/install/isaac_ros2_messages/share/isaac_ros2_messages/environment/pythonpath.sh
[1.142s] -- Up-to-date symlink: /home/robotdeveloper02/IsaacSim-ros_workspaces-main/humble_ws/install/isaac_ros2_messages/share/isaac_ros2_messages/environment/pythonpath.dsv
[1.145s] -- Up-to-date symlink: /home/robotdeveloper02/IsaacSim-ros_workspaces-main/humble_ws/install/isaac_ros2_messages/local/lib/python3.10/dist-packages/isaac_ros2_messages-0.2.0-py3.10.egg-info/PKG-INFO
[1.146s] -- Up-to-date symlink: /home/robotdeveloper02/IsaacSim-ros_workspaces-main/humble_ws/install/isaac_ros2_messages/local/lib/python3.10/dist-packages/isaac_ros2_messages-0.2.0-py3.10.egg-info/SOURCES.txt
[1.146s] -- Up-to-date symlink: /home/robotdeveloper02/IsaacSim-ros_workspaces-main/humble_ws/install/isaac_ros2_messages/local/lib/python3.10/dist-packages/isaac_ros2_messages-0.2.0-py3.10.egg-info/dependency_links.txt
[1.146s] -- Up-to-date symlink: /home/robotdeveloper02/IsaacSim-ros_workspaces-main/humble_ws/install/isaac_ros2_messages/local/lib/python3.10/dist-packages/isaac_ros2_messages-0.2.0-py3.10.egg-info/top_level.txt
[1.148s] -- Up-to-date symlink: /home/robotdeveloper02/IsaacSim-ros_workspaces-main/humble_ws/install/isaac_ros2_messages/local/lib/python3.10/dist-packages/isaac_ros2_messages/__init__.py
[1.148s] -- Up-to-date symlink: /home/robotdeveloper02/IsaacSim-ros_workspaces-main/humble_ws/install/isaac_ros2_messages/local/lib/python3.10/dist-packages/isaac_ros2_messages/_isaac_ros2_messages_s.ep.rosidl_typesupport_c.c
[1.148s] -- Up-to-date symlink: /home/robotdeveloper02/IsaacSim-ros_workspaces-main/humble_ws/install/isaac_ros2_messages/local/lib/python3.10/dist-packages/isaac_ros2_messages/_isaac_ros2_messages_s.ep.rosidl_typesupport_fastrtps_c.c
[1.148s] -- Up-to-date symlink: /home/robotdeveloper02/IsaacSim-ros_workspaces-main/humble_ws/install/isaac_ros2_messages/local/lib/python3.10/dist-packages/isaac_ros2_messages/_isaac_ros2_messages_s.ep.rosidl_typesupport_introspection_c.c
[1.149s] -- Up-to-date symlink: /home/robotdeveloper02/IsaacSim-ros_workspaces-main/humble_ws/install/isaac_ros2_messages/local/lib/python3.10/dist-packages/isaac_ros2_messages/isaac_ros2_messages_s__rosidl_typesupport_c.cpython-310-x86_64-linux-gnu.so
[1.149s] -- Up-to-date symlink: /home/robotdeveloper02/IsaacSim-ros_workspaces-main/humble_ws/install/isaac_ros2_messages/local/lib/python3.10/dist-packages/isaac_ros2_messages/isaac_ros2_messages_s__rosidl_typesupport_fastrtps_c.cpython-310-x86_64-linux-gnu.so
[1.150s] -- Up-to-date symlink: /home/robotdeveloper02/IsaacSim-ros_workspaces-main/humble_ws/install/isaac_ros2_messages/local/lib/python3.10/dist-packages/isaac_ros2_messages/isaac_ros2_messages_s__rosidl_typesupport_introspection_c.cpython-310-x86_64-linux-gnu.so
[1.150s] -- Up-to-date symlink: /home/robotdeveloper02/IsaacSim-ros_workspaces-main/humble_ws/install/isaac_ros2_messages/local/lib/python3.10/dist-packages/isaac_ros2_messages/libisaac_ros2_messages__rosidl_generator_py.so
[1.151s] -- Up-to-date symlink: /home/robotdeveloper02/IsaacSim-ros_workspaces-main/humble_ws/install/isaac_ros2_messages/local/lib/python3.10/dist-packages/isaac_ros2_messages/srv/__init__.py
[1.151s] -- Up-to-date symlink: /home/robotdeveloper02/IsaacSim-ros_workspaces-main/humble_ws/install/isaac_ros2_messages/local/lib/python3.10/dist-packages/isaac_ros2_messages/srv/_get_prim_attribute.py
[1.152s] -- Up-to-date symlink: /home/robotdeveloper02/IsaacSim-ros_workspaces-main/humble_ws/install/isaac_ros2_messages/local/lib/python3.10/dist-packages/isaac_ros2_messages/srv/_get_prim_attribute_s.c
[1.153s] -- Up-to-date symlink: /home/robotdeveloper02/IsaacSim-ros_workspaces-main/humble_ws/install/isaac_ros2_messages/local/lib/python3.10/dist-packages/isaac_ros2_messages/srv/_get_prim_attributes.py
[1.153s] -- Up-to-date symlink: /home/robotdeveloper02/IsaacSim-ros_workspaces-main/humble_ws/install/isaac_ros2_messages/local/lib/python3.10/dist-packages/isaac_ros2_messages/srv/_get_prim_attributes_s.c
[1.154s] -- Up-to-date symlink: /home/robotdeveloper02/IsaacSim-ros_workspaces-main/humble_ws/install/isaac_ros2_messages/local/lib/python3.10/dist-packages/isaac_ros2_messages/srv/_get_prims.py
[1.154s] -- Up-to-date symlink: /home/robotdeveloper02/IsaacSim-ros_workspaces-main/humble_ws/install/isaac_ros2_messages/local/lib/python3.10/dist-packages/isaac_ros2_messages/srv/_get_prims_s.c
[1.155s] -- Up-to-date symlink: /home/robotdeveloper02/IsaacSim-ros_workspaces-main/humble_ws/install/isaac_ros2_messages/local/lib/python3.10/dist-packages/isaac_ros2_messages/srv/_isaac_pose.py
[1.156s] -- Up-to-date symlink: /home/robotdeveloper02/IsaacSim-ros_workspaces-main/humble_ws/install/isaac_ros2_messages/local/lib/python3.10/dist-packages/isaac_ros2_messages/srv/_isaac_pose_s.c
[1.157s] -- Up-to-date symlink: /home/robotdeveloper02/IsaacSim-ros_workspaces-main/humble_ws/install/isaac_ros2_messages/local/lib/python3.10/dist-packages/isaac_ros2_messages/srv/_set_prim_attribute.py
[1.157s] -- Up-to-date symlink: /home/robotdeveloper02/IsaacSim-ros_workspaces-main/humble_ws/install/isaac_ros2_messages/local/lib/python3.10/dist-packages/isaac_ros2_messages/srv/_set_prim_attribute_s.c
[1.158s] -- Up-to-date symlink: /home/robotdeveloper02/IsaacSim-ros_workspaces-main/humble_ws/install/isaac_ros2_messages/local/lib/python3.10/dist-packages/isaac_ros2_messages/isaac_ros2_messages_s__rosidl_typesupport_fastrtps_c.cpython-310-x86_64-linux-gnu.so
[1.158s] -- Up-to-date symlink: /home/robotdeveloper02/IsaacSim-ros_workspaces-main/humble_ws/install/isaac_ros2_messages/local/lib/python3.10/dist-packages/isaac_ros2_messages/isaac_ros2_messages_s__rosidl_typesupport_introspection_c.cpython-310-x86_64-linux-gnu.so
[1.158s] -- Up-to-date symlink: /home/robotdeveloper02/IsaacSim-ros_workspaces-main/humble_ws/install/isaac_ros2_messages/local/lib/python3.10/dist-packages/isaac_ros2_messages/isaac_ros2_messages_s__rosidl_typesupport_c.cpython-310-x86_64-linux-gnu.so
[1.159s] -- Up-to-date symlink: /home/robotdeveloper02/IsaacSim-ros_workspaces-main/humble_ws/install/isaac_ros2_messages/share/isaac_ros2_messages/srv/IsaacPose.idl
[1.159s] -- Up-to-date symlink: /home/robotdeveloper02/IsaacSim-ros_workspaces-main/humble_ws/install/isaac_ros2_messages/share/isaac_ros2_messages/srv/GetPrims.idl
[1.159s] -- Up-to-date symlink: /home/robotdeveloper02/IsaacSim-ros_workspaces-main/humble_ws/install/isaac_ros2_messages/share/isaac_ros2_messages/srv/GetPrimAttributes.idl
[1.160s] -- Up-to-date symlink: /home/robotdeveloper02/IsaacSim-ros_workspaces-main/humble_ws/install/isaac_ros2_messages/share/isaac_ros2_messages/srv/GetPrimAttribute.idl
[1.160s] -- Up-to-date symlink: /home/robotdeveloper02/IsaacSim-ros_workspaces-main/humble_ws/install/isaac_ros2_messages/share/isaac_ros2_messages/srv/SetPrimAttribute.idl
[1.160s] -- Up-to-date symlink: /home/robotdeveloper02/IsaacSim-ros_workspaces-main/humble_ws/install/isaac_ros2_messages/share/isaac_ros2_messages/srv/IsaacPose.srv
[1.162s] -- Up-to-date symlink: /home/robotdeveloper02/IsaacSim-ros_workspaces-main/humble_ws/install/isaac_ros2_messages/share/isaac_ros2_messages/srv/IsaacPose_Request.msg
[1.162s] -- Up-to-date symlink: /home/robotdeveloper02/IsaacSim-ros_workspaces-main/humble_ws/install/isaac_ros2_messages/share/isaac_ros2_messages/srv/IsaacPose_Response.msg
[1.162s] -- Up-to-date symlink: /home/robotdeveloper02/IsaacSim-ros_workspaces-main/humble_ws/install/isaac_ros2_messages/share/isaac_ros2_messages/srv/GetPrims.srv
[1.163s] -- Up-to-date symlink: /home/robotdeveloper02/IsaacSim-ros_workspaces-main/humble_ws/install/isaac_ros2_messages/share/isaac_ros2_messages/srv/GetPrims_Request.msg
[1.163s] -- Up-to-date symlink: /home/robotdeveloper02/IsaacSim-ros_workspaces-main/humble_ws/install/isaac_ros2_messages/share/isaac_ros2_messages/srv/GetPrims_Response.msg
[1.164s] -- Up-to-date symlink: /home/robotdeveloper02/IsaacSim-ros_workspaces-main/humble_ws/install/isaac_ros2_messages/share/isaac_ros2_messages/srv/GetPrimAttributes.srv
[1.165s] -- Up-to-date symlink: /home/robotdeveloper02/IsaacSim-ros_workspaces-main/humble_ws/install/isaac_ros2_messages/share/isaac_ros2_messages/srv/GetPrimAttributes_Request.msg
[1.166s] -- Up-to-date symlink: /home/robotdeveloper02/IsaacSim-ros_workspaces-main/humble_ws/install/isaac_ros2_messages/share/isaac_ros2_messages/srv/GetPrimAttributes_Response.msg
[1.167s] -- Up-to-date symlink: /home/robotdeveloper02/IsaacSim-ros_workspaces-main/humble_ws/install/isaac_ros2_messages/share/isaac_ros2_messages/srv/GetPrimAttribute.srv
[1.167s] -- Up-to-date symlink: /home/robotdeveloper02/IsaacSim-ros_workspaces-main/humble_ws/install/isaac_ros2_messages/share/isaac_ros2_messages/srv/GetPrimAttribute_Request.msg
[1.167s] -- Up-to-date symlink: /home/robotdeveloper02/IsaacSim-ros_workspaces-main/humble_ws/install/isaac_ros2_messages/share/isaac_ros2_messages/srv/GetPrimAttribute_Response.msg
[1.168s] -- Up-to-date symlink: /home/robotdeveloper02/IsaacSim-ros_workspaces-main/humble_ws/install/isaac_ros2_messages/share/isaac_ros2_messages/srv/SetPrimAttribute.srv
[1.169s] -- Up-to-date symlink: /home/robotdeveloper02/IsaacSim-ros_workspaces-main/humble_ws/install/isaac_ros2_messages/share/isaac_ros2_messages/srv/SetPrimAttribute_Request.msg
[1.169s] -- Up-to-date symlink: /home/robotdeveloper02/IsaacSim-ros_workspaces-main/humble_ws/install/isaac_ros2_messages/share/isaac_ros2_messages/srv/SetPrimAttribute_Response.msg
[1.169s] -- Up-to-date symlink: /home/robotdeveloper02/IsaacSim-ros_workspaces-main/humble_ws/install/isaac_ros2_messages/share/ament_index/resource_index/package_run_dependencies/isaac_ros2_messages
[1.171s] -- Up-to-date symlink: /home/robotdeveloper02/IsaacSim-ros_workspaces-main/humble_ws/install/isaac_ros2_messages/share/ament_index/resource_index/parent_prefix_path/isaac_ros2_messages
[1.171s] -- Up-to-date symlink: /home/robotdeveloper02/IsaacSim-ros_workspaces-main/humble_ws/install/isaac_ros2_messages/share/isaac_ros2_messages/environment/ament_prefix_path.sh
[1.171s] -- Up-to-date symlink: /home/robotdeveloper02/IsaacSim-ros_workspaces-main/humble_ws/install/isaac_ros2_messages/share/isaac_ros2_messages/environment/ament_prefix_path.dsv
[1.172s] -- Up-to-date symlink: /home/robotdeveloper02/IsaacSim-ros_workspaces-main/humble_ws/install/isaac_ros2_messages/share/isaac_ros2_messages/environment/path.sh
[1.172s] -- Up-to-date symlink: /home/robotdeveloper02/IsaacSim-ros_workspaces-main/humble_ws/install/isaac_ros2_messages/share/isaac_ros2_messages/environment/path.dsv
[1.173s] -- Up-to-date symlink: /home/robotdeveloper02/IsaacSim-ros_workspaces-main/humble_ws/install/isaac_ros2_messages/share/isaac_ros2_messages/local_setup.bash
[1.173s] -- Up-to-date symlink: /home/robotdeveloper02/IsaacSim-ros_workspaces-main/humble_ws/install/isaac_ros2_messages/share/isaac_ros2_messages/local_setup.sh
[1.174s] -- Up-to-date symlink: /home/robotdeveloper02/IsaacSim-ros_workspaces-main/humble_ws/install/isaac_ros2_messages/share/isaac_ros2_messages/local_setup.zsh
[1.176s] -- Up-to-date symlink: /home/robotdeveloper02/IsaacSim-ros_workspaces-main/humble_ws/install/isaac_ros2_messages/share/isaac_ros2_messages/local_setup.dsv
[1.176s] -- Symlinking: /home/robotdeveloper02/IsaacSim-ros_workspaces-main/humble_ws/install/isaac_ros2_messages/share/isaac_ros2_messages/package.dsv
[1.183s] -- Up-to-date symlink: /home/robotdeveloper02/IsaacSim-ros_workspaces-main/humble_ws/install/isaac_ros2_messages/share/ament_index/resource_index/packages/isaac_ros2_messages
[1.184s] -- Up-to-date symlink: /home/robotdeveloper02/IsaacSim-ros_workspaces-main/humble_ws/install/isaac_ros2_messages/share/isaac_ros2_messages/cmake/rosidl_cmake-extras.cmake
[1.185s] -- Up-to-date symlink: /home/robotdeveloper02/IsaacSim-ros_workspaces-main/humble_ws/install/isaac_ros2_messages/share/isaac_ros2_messages/cmake/ament_cmake_export_dependencies-extras.cmake
[1.186s] -- Up-to-date symlink: /home/robotdeveloper02/IsaacSim-ros_workspaces-main/humble_ws/install/isaac_ros2_messages/share/isaac_ros2_messages/cmake/ament_cmake_export_include_directories-extras.cmake
[1.186s] -- Up-to-date symlink: /home/robotdeveloper02/IsaacSim-ros_workspaces-main/humble_ws/install/isaac_ros2_messages/share/isaac_ros2_messages/cmake/ament_cmake_export_libraries-extras.cmake
[1.186s] -- Up-to-date symlink: /home/robotdeveloper02/IsaacSim-ros_workspaces-main/humble_ws/install/isaac_ros2_messages/share/isaac_ros2_messages/cmake/ament_cmake_export_targets-extras.cmake
[1.187s] -- Up-to-date symlink: /home/robotdeveloper02/IsaacSim-ros_workspaces-main/humble_ws/install/isaac_ros2_messages/share/isaac_ros2_messages/cmake/rosidl_cmake_export_typesupport_targets-extras.cmake
[1.188s] -- Up-to-date symlink: /home/robotdeveloper02/IsaacSim-ros_workspaces-main/humble_ws/install/isaac_ros2_messages/share/isaac_ros2_messages/cmake/rosidl_cmake_export_typesupport_libraries-extras.cmake
[1.190s] -- Up-to-date symlink: /home/robotdeveloper02/IsaacSim-ros_workspaces-main/humble_ws/install/isaac_ros2_messages/share/isaac_ros2_messages/cmake/isaac_ros2_messagesConfig.cmake
[1.190s] -- Up-to-date symlink: /home/robotdeveloper02/IsaacSim-ros_workspaces-main/humble_ws/install/isaac_ros2_messages/share/isaac_ros2_messages/cmake/isaac_ros2_messagesConfig-version.cmake
[1.190s] -- Up-to-date symlink: /home/robotdeveloper02/IsaacSim-ros_workspaces-main/humble_ws/install/isaac_ros2_messages/share/isaac_ros2_messages/package.xml
[1.191s] -- Up-to-date: /home/robotdeveloper02/IsaacSim-ros_workspaces-main/humble_ws/install/isaac_ros2_messages/lib/libisaac_ros2_messages__rosidl_generator_c.so
[1.193s] -- Up-to-date: /home/robotdeveloper02/IsaacSim-ros_workspaces-main/humble_ws/install/isaac_ros2_messages/lib/libisaac_ros2_messages__rosidl_typesupport_fastrtps_c.so
[1.194s] -- Up-to-date: /home/robotdeveloper02/IsaacSim-ros_workspaces-main/humble_ws/install/isaac_ros2_messages/lib/libisaac_ros2_messages__rosidl_typesupport_fastrtps_cpp.so
[1.195s] -- Up-to-date: /home/robotdeveloper02/IsaacSim-ros_workspaces-main/humble_ws/install/isaac_ros2_messages/lib/libisaac_ros2_messages__rosidl_typesupport_introspection_c.so
[1.196s] -- Up-to-date: /home/robotdeveloper02/IsaacSim-ros_workspaces-main/humble_ws/install/isaac_ros2_messages/lib/libisaac_ros2_messages__rosidl_typesupport_c.so
[1.198s] -- Up-to-date: /home/robotdeveloper02/IsaacSim-ros_workspaces-main/humble_ws/install/isaac_ros2_messages/lib/libisaac_ros2_messages__rosidl_typesupport_introspection_cpp.so
[1.199s] -- Up-to-date: /home/robotdeveloper02/IsaacSim-ros_workspaces-main/humble_ws/install/isaac_ros2_messages/lib/libisaac_ros2_messages__rosidl_typesupport_cpp.so
[1.224s] Listing '/home/robotdeveloper02/IsaacSim-ros_workspaces-main/humble_ws/install/isaac_ros2_messages/local/lib/python3.10/dist-packages/isaac_ros2_messages'...
[1.224s] Listing '/home/robotdeveloper02/IsaacSim-ros_workspaces-main/humble_ws/install/isaac_ros2_messages/local/lib/python3.10/dist-packages/isaac_ros2_messages/srv'...
[1.229s] -- Up-to-date: /home/robotdeveloper02/IsaacSim-ros_workspaces-main/humble_ws/install/isaac_ros2_messages/lib/libisaac_ros2_messages__rosidl_generator_py.so
[1.231s] -- Up-to-date: /home/robotdeveloper02/IsaacSim-ros_workspaces-main/humble_ws/install/isaac_ros2_messages/share/isaac_ros2_messages/cmake/export_isaac_ros2_messages__rosidl_generator_cExport.cmake
[1.231s] -- Up-to-date: /home/robotdeveloper02/IsaacSim-ros_workspaces-main/humble_ws/install/isaac_ros2_messages/share/isaac_ros2_messages/cmake/export_isaac_ros2_messages__rosidl_generator_cExport-noconfig.cmake
[1.232s] -- Up-to-date: /home/robotdeveloper02/IsaacSim-ros_workspaces-main/humble_ws/install/isaac_ros2_messages/share/isaac_ros2_messages/cmake/export_isaac_ros2_messages__rosidl_typesupport_fastrtps_cExport.cmake
[1.232s] -- Up-to-date: /home/robotdeveloper02/IsaacSim-ros_workspaces-main/humble_ws/install/isaac_ros2_messages/share/isaac_ros2_messages/cmake/export_isaac_ros2_messages__rosidl_typesupport_fastrtps_cExport-noconfig.cmake
[1.232s] -- Up-to-date: /home/robotdeveloper02/IsaacSim-ros_workspaces-main/humble_ws/install/isaac_ros2_messages/share/isaac_ros2_messages/cmake/export_isaac_ros2_messages__rosidl_generator_cppExport.cmake
[1.233s] -- Up-to-date: /home/robotdeveloper02/IsaacSim-ros_workspaces-main/humble_ws/install/isaac_ros2_messages/share/isaac_ros2_messages/cmake/export_isaac_ros2_messages__rosidl_typesupport_fastrtps_cppExport.cmake
[1.233s] -- Up-to-date: /home/robotdeveloper02/IsaacSim-ros_workspaces-main/humble_ws/install/isaac_ros2_messages/share/isaac_ros2_messages/cmake/export_isaac_ros2_messages__rosidl_typesupport_fastrtps_cppExport-noconfig.cmake
[1.234s] -- Up-to-date: /home/robotdeveloper02/IsaacSim-ros_workspaces-main/humble_ws/install/isaac_ros2_messages/share/isaac_ros2_messages/cmake/isaac_ros2_messages__rosidl_typesupport_introspection_cExport.cmake
[1.234s] -- Up-to-date: /home/robotdeveloper02/IsaacSim-ros_workspaces-main/humble_ws/install/isaac_ros2_messages/share/isaac_ros2_messages/cmake/isaac_ros2_messages__rosidl_typesupport_introspection_cExport-noconfig.cmake
[1.234s] -- Up-to-date: /home/robotdeveloper02/IsaacSim-ros_workspaces-main/humble_ws/install/isaac_ros2_messages/share/isaac_ros2_messages/cmake/isaac_ros2_messages__rosidl_typesupport_cExport.cmake
[1.234s] -- Up-to-date: /home/robotdeveloper02/IsaacSim-ros_workspaces-main/humble_ws/install/isaac_ros2_messages/share/isaac_ros2_messages/cmake/isaac_ros2_messages__rosidl_typesupport_cExport-noconfig.cmake
[1.235s] -- Up-to-date: /home/robotdeveloper02/IsaacSim-ros_workspaces-main/humble_ws/install/isaac_ros2_messages/share/isaac_ros2_messages/cmake/isaac_ros2_messages__rosidl_typesupport_introspection_cppExport.cmake
[1.235s] -- Up-to-date: /home/robotdeveloper02/IsaacSim-ros_workspaces-main/humble_ws/install/isaac_ros2_messages/share/isaac_ros2_messages/cmake/isaac_ros2_messages__rosidl_typesupport_introspection_cppExport-noconfig.cmake
[1.236s] -- Up-to-date: /home/robotdeveloper02/IsaacSim-ros_workspaces-main/humble_ws/install/isaac_ros2_messages/share/isaac_ros2_messages/cmake/isaac_ros2_messages__rosidl_typesupport_cppExport.cmake
[1.236s] -- Up-to-date: /home/robotdeveloper02/IsaacSim-ros_workspaces-main/humble_ws/install/isaac_ros2_messages/share/isaac_ros2_messages/cmake/isaac_ros2_messages__rosidl_typesupport_cppExport-noconfig.cmake
[1.236s] -- Up-to-date: /home/robotdeveloper02/IsaacSim-ros_workspaces-main/humble_ws/install/isaac_ros2_messages/share/isaac_ros2_messages/cmake/export_isaac_ros2_messages__rosidl_generator_pyExport.cmake
[1.236s] -- Up-to-date: /home/robotdeveloper02/IsaacSim-ros_workspaces-main/humble_ws/install/isaac_ros2_messages/share/isaac_ros2_messages/cmake/export_isaac_ros2_messages__rosidl_generator_pyExport-noconfig.cmake
[1.243s] Invoked command in '/home/robotdeveloper02/IsaacSim-ros_workspaces-main/humble_ws/build/isaac_ros2_messages' returned '0': CMAKE_PREFIX_PATH=/opt/ros/humble /usr/bin/cmake --install /home/robotdeveloper02/IsaacSim-ros_workspaces-main/humble_ws/build/isaac_ros2_messages
