[0.024s] Invoking command in '/home/robotdeveloper02/IsaacSim-ros_workspaces-main/humble_ws/src/build/custom_message': CMAKE_PREFIX_PATH=/opt/ros/humble /usr/bin/cmake /home/robotdeveloper02/IsaacSim-ros_workspaces-main/humble_ws/src/custom_message -DCMAKE_INSTALL_PREFIX=/home/robotdeveloper02/IsaacSim-ros_workspaces-main/humble_ws/src/install/custom_message
[0.456s] -- The C compiler identification is GNU 12.3.0
[0.457s] -- The CXX compiler identification is GNU 11.4.0
[0.457s] -- Detecting C compiler ABI info
[0.457s] -- Detecting C compiler ABI info - done
[0.457s] -- Check for working C compiler: /usr/bin/cc - skipped
[0.457s] -- Detecting C compile features
[0.457s] -- Detecting C compile features - done
[0.457s] -- Detecting CXX compiler ABI info
[0.457s] -- Detecting CXX compiler ABI info - done
[0.458s] -- Check for working CXX compiler: /usr/bin/c++ - skipped
[0.458s] -- Detecting CXX compile features
[0.458s] -- Detecting CXX compile features - done
[0.458s] -- Found ament_cmake: 1.3.10 (/opt/ros/humble/share/ament_cmake/cmake)
[0.458s] -- Found Python3: /usr/bin/python3 (found version "3.10.12") found components: Interpreter 
[0.458s] -- Found std_msgs: 4.2.4 (/opt/ros/humble/share/std_msgs/cmake)
[0.461s] -- Found rosidl_generator_c: 3.1.5 (/opt/ros/humble/share/rosidl_generator_c/cmake)
[0.465s] -- Found rosidl_adapter: 3.1.5 (/opt/ros/humble/share/rosidl_adapter/cmake)
[0.471s] -- Found rosidl_generator_cpp: 3.1.5 (/opt/ros/humble/share/rosidl_generator_cpp/cmake)
[0.480s] -- Using all available rosidl_typesupport_c: rosidl_typesupport_fastrtps_c;rosidl_typesupport_introspection_c
[0.491s] -- Using all available rosidl_typesupport_cpp: rosidl_typesupport_fastrtps_cpp;rosidl_typesupport_introspection_cpp
[0.510s] -- Found rosidl_default_generators: 1.2.0 (/opt/ros/humble/share/rosidl_default_generators/cmake)
[0.519s] -- Found geometry_msgs: 4.2.4 (/opt/ros/humble/share/geometry_msgs/cmake)
[0.769s] -- Found ament_cmake_ros: 0.10.0 (/opt/ros/humble/share/ament_cmake_ros/cmake)
[1.097s] -- Using all available rosidl_typesupport_c: rosidl_typesupport_fastrtps_c;rosidl_typesupport_introspection_c
[1.219s] -- Using all available rosidl_typesupport_cpp: rosidl_typesupport_fastrtps_cpp;rosidl_typesupport_introspection_cpp
[1.238s] -- Found PythonInterp: /usr/bin/python3 (found suitable version "3.10.12", minimum required is "3.6") 
[1.240s] -- Found python_cmake_module: 0.10.0 (/opt/ros/humble/share/python_cmake_module/cmake)
[1.265s] -- Found PythonLibs: /usr/lib/x86_64-linux-gnu/libpython3.10.so (found suitable version "3.10.12", minimum required is "3.5") 
[1.265s] -- Using PYTHON_EXECUTABLE: /usr/bin/python3
[1.265s] -- Using PYTHON_INCLUDE_DIRS: /usr/include/python3.10
[1.265s] -- Using PYTHON_LIBRARIES: /usr/lib/x86_64-linux-gnu/libpython3.10.so
[1.280s] -- Found PythonExtra: .so  
[1.321s] -- Found ament_lint_auto: 0.12.11 (/opt/ros/humble/share/ament_lint_auto/cmake)
[1.337s] -- Added test 'copyright' to check source files copyright and LICENSE
[1.338s] -- Added test 'lint_cmake' to check CMake code style
[1.339s] -- Added test 'xmllint' to check XML markup files
[1.341s] -- Configuring done
[1.366s] -- Generating done
[1.368s] -- Build files have been written to: /home/robotdeveloper02/IsaacSim-ros_workspaces-main/humble_ws/src/build/custom_message
[1.375s] Invoked command in '/home/robotdeveloper02/IsaacSim-ros_workspaces-main/humble_ws/src/build/custom_message' returned '0': CMAKE_PREFIX_PATH=/opt/ros/humble /usr/bin/cmake /home/robotdeveloper02/IsaacSim-ros_workspaces-main/humble_ws/src/custom_message -DCMAKE_INSTALL_PREFIX=/home/robotdeveloper02/IsaacSim-ros_workspaces-main/humble_ws/src/install/custom_message
[1.376s] Invoking command in '/home/robotdeveloper02/IsaacSim-ros_workspaces-main/humble_ws/src/build/custom_message': CMAKE_PREFIX_PATH=/opt/ros/humble /usr/bin/cmake --build /home/robotdeveloper02/IsaacSim-ros_workspaces-main/humble_ws/src/build/custom_message -- -j16 -l16
[1.410s] [  2%] [34m[1mGenerating C code for ROS interfaces[0m
[1.420s] [  4%] [34m[1mGenerating C++ code for ROS interfaces[0m
[1.427s] [  4%] Built target ament_cmake_python_copy_custom_message
[1.621s] running egg_info
[1.621s] creating custom_message.egg-info
[1.621s] writing custom_message.egg-info/PKG-INFO
[1.622s] writing dependency_links to custom_message.egg-info/dependency_links.txt
[1.622s] writing top-level names to custom_message.egg-info/top_level.txt
[1.622s] writing manifest file 'custom_message.egg-info/SOURCES.txt'
[1.624s] reading manifest file 'custom_message.egg-info/SOURCES.txt'
[1.625s] writing manifest file 'custom_message.egg-info/SOURCES.txt'
[1.652s] [  4%] Built target ament_cmake_python_build_custom_message_egg
[1.720s] [  4%] Built target custom_message__cpp
[1.733s] [  6%] [34m[1mGenerating C++ type support dispatch for ROS interfaces[0m
[1.735s] [  8%] [34m[1mGenerating C++ type support for eProsima Fast-RTPS[0m
[1.737s] [ 10%] [34m[1mGenerating C++ introspection for ROS interfaces[0m
[1.748s] [ 12%] [32mBuilding C object CMakeFiles/custom_message__rosidl_generator_c.dir/rosidl_generator_c/custom_message/msg/detail/sample_msg__functions.c.o[0m
[1.751s] [ 14%] [32mBuilding C object CMakeFiles/custom_message__rosidl_generator_c.dir/rosidl_generator_c/custom_message/msg/detail/pose_stamped__functions.c.o[0m
[1.751s] [ 17%] [32mBuilding C object CMakeFiles/custom_message__rosidl_generator_c.dir/rosidl_generator_c/custom_message/msg/detail/imu_msg__functions.c.o[0m
[1.828s] [ 19%] [32m[1mLinking C shared library libcustom_message__rosidl_generator_c.so[0m
[1.871s] [ 19%] Built target custom_message__rosidl_generator_c
[1.887s] [ 21%] [34m[1mGenerating C type support dispatch for ROS interfaces[0m
[1.887s] [ 23%] [34m[1mGenerating C type support for eProsima Fast-RTPS[0m
[1.888s] [ 25%] [34m[1mGenerating C introspection for ROS interfaces[0m
[2.051s] [ 29%] [32mBuilding CXX object CMakeFiles/custom_message__rosidl_typesupport_cpp.dir/rosidl_typesupport_cpp/custom_message/msg/pose_stamped__type_support.cpp.o[0m
[2.051s] [ 29%] [32mBuilding CXX object CMakeFiles/custom_message__rosidl_typesupport_cpp.dir/rosidl_typesupport_cpp/custom_message/msg/sample_msg__type_support.cpp.o[0m
[2.051s] [ 31%] [32mBuilding CXX object CMakeFiles/custom_message__rosidl_typesupport_cpp.dir/rosidl_typesupport_cpp/custom_message/msg/imu_msg__type_support.cpp.o[0m
[2.113s] [ 34%] [32mBuilding CXX object CMakeFiles/custom_message__rosidl_typesupport_fastrtps_cpp.dir/rosidl_typesupport_fastrtps_cpp/custom_message/msg/detail/dds_fastrtps/sample_msg__type_support.cpp.o[0m
[2.113s] [ 36%] [32mBuilding CXX object CMakeFiles/custom_message__rosidl_typesupport_fastrtps_cpp.dir/rosidl_typesupport_fastrtps_cpp/custom_message/msg/detail/dds_fastrtps/pose_stamped__type_support.cpp.o[0m
[2.113s] [ 38%] [32mBuilding CXX object CMakeFiles/custom_message__rosidl_typesupport_fastrtps_cpp.dir/rosidl_typesupport_fastrtps_cpp/custom_message/msg/detail/dds_fastrtps/imu_msg__type_support.cpp.o[0m
[2.127s] [ 40%] [32mBuilding CXX object CMakeFiles/custom_message__rosidl_typesupport_introspection_cpp.dir/rosidl_typesupport_introspection_cpp/custom_message/msg/detail/sample_msg__type_support.cpp.o[0m
[2.129s] [ 42%] [32mBuilding CXX object CMakeFiles/custom_message__rosidl_typesupport_introspection_cpp.dir/rosidl_typesupport_introspection_cpp/custom_message/msg/detail/pose_stamped__type_support.cpp.o[0m
[2.131s] [ 44%] [32mBuilding CXX object CMakeFiles/custom_message__rosidl_typesupport_introspection_cpp.dir/rosidl_typesupport_introspection_cpp/custom_message/msg/detail/imu_msg__type_support.cpp.o[0m
[2.272s] [ 46%] [32mBuilding CXX object CMakeFiles/custom_message__rosidl_typesupport_c.dir/rosidl_typesupport_c/custom_message/msg/sample_msg__type_support.cpp.o[0m
[2.280s] [ 48%] [32mBuilding CXX object CMakeFiles/custom_message__rosidl_typesupport_c.dir/rosidl_typesupport_c/custom_message/msg/imu_msg__type_support.cpp.o[0m
[2.283s] [ 51%] [32mBuilding CXX object CMakeFiles/custom_message__rosidl_typesupport_c.dir/rosidl_typesupport_c/custom_message/msg/pose_stamped__type_support.cpp.o[0m
[2.434s] [ 53%] [32m[1mLinking CXX shared library libcustom_message__rosidl_typesupport_c.so[0m
[2.563s] [ 55%] [32mBuilding C object CMakeFiles/custom_message__rosidl_typesupport_introspection_c.dir/rosidl_typesupport_introspection_c/custom_message/msg/detail/imu_msg__type_support.c.o[0m
[2.574s] [ 57%] [32mBuilding C object CMakeFiles/custom_message__rosidl_typesupport_introspection_c.dir/rosidl_typesupport_introspection_c/custom_message/msg/detail/pose_stamped__type_support.c.o[0m
[2.583s] [ 59%] [32mBuilding C object CMakeFiles/custom_message__rosidl_typesupport_introspection_c.dir/rosidl_typesupport_introspection_c/custom_message/msg/detail/sample_msg__type_support.c.o[0m
[2.600s] [ 61%] [32m[1mLinking CXX shared library libcustom_message__rosidl_typesupport_cpp.so[0m
[2.623s] [ 63%] [32mBuilding CXX object CMakeFiles/custom_message__rosidl_typesupport_fastrtps_c.dir/rosidl_typesupport_fastrtps_c/custom_message/msg/detail/sample_msg__type_support_c.cpp.o[0m
[2.625s] [ 65%] [32mBuilding CXX object CMakeFiles/custom_message__rosidl_typesupport_fastrtps_c.dir/rosidl_typesupport_fastrtps_c/custom_message/msg/detail/imu_msg__type_support_c.cpp.o[0m
[2.639s] [ 68%] [32mBuilding CXX object CMakeFiles/custom_message__rosidl_typesupport_fastrtps_c.dir/rosidl_typesupport_fastrtps_c/custom_message/msg/detail/pose_stamped__type_support_c.cpp.o[0m
[2.666s] [ 68%] Built target custom_message__rosidl_typesupport_c
[2.711s] [ 70%] [32m[1mLinking C shared library libcustom_message__rosidl_typesupport_introspection_c.so[0m
[2.721s] [ 70%] Built target custom_message__rosidl_typesupport_cpp
[2.735s] [ 72%] [32m[1mLinking CXX shared library libcustom_message__rosidl_typesupport_fastrtps_cpp.so[0m
[2.749s] [ 74%] [32m[1mLinking CXX shared library libcustom_message__rosidl_typesupport_introspection_cpp.so[0m
[2.807s] [ 74%] Built target custom_message__rosidl_typesupport_introspection_c
[2.855s] [ 74%] Built target custom_message__rosidl_typesupport_fastrtps_cpp
[2.870s] [ 74%] Built target custom_message__rosidl_typesupport_introspection_cpp
[3.067s] [ 76%] [32m[1mLinking CXX shared library libcustom_message__rosidl_typesupport_fastrtps_c.so[0m
[3.153s] [ 76%] Built target custom_message__rosidl_typesupport_fastrtps_c
[3.182s] [ 76%] Built target custom_message
[3.208s] [ 78%] [34m[1mGenerating Python code for ROS interfaces[0m
[3.981s] [ 78%] Built target custom_message__py
[4.099s] [ 80%] [32mBuilding C object CMakeFiles/custom_message__rosidl_generator_py.dir/rosidl_generator_py/custom_message/msg/_sample_msg_s.c.o[0m
[4.109s] [ 82%] [32mBuilding C object CMakeFiles/custom_message__rosidl_generator_py.dir/rosidl_generator_py/custom_message/msg/_imu_msg_s.c.o[0m
[4.127s] [ 85%] [32mBuilding C object CMakeFiles/custom_message__rosidl_generator_py.dir/rosidl_generator_py/custom_message/msg/_pose_stamped_s.c.o[0m
[4.387s] [ 87%] [32m[1mLinking C shared library rosidl_generator_py/custom_message/libcustom_message__rosidl_generator_py.so[0m
[4.467s] [ 87%] Built target custom_message__rosidl_generator_py
[4.511s] [ 91%] [32mBuilding C object CMakeFiles/custom_message__rosidl_typesupport_fastrtps_c__pyext.dir/rosidl_generator_py/custom_message/_custom_message_s.ep.rosidl_typesupport_fastrtps_c.c.o[0m
[4.512s] [ 91%] [32mBuilding C object CMakeFiles/custom_message__rosidl_typesupport_introspection_c__pyext.dir/rosidl_generator_py/custom_message/_custom_message_s.ep.rosidl_typesupport_introspection_c.c.o[0m
[4.512s] [ 93%] [32mBuilding C object CMakeFiles/custom_message__rosidl_typesupport_c__pyext.dir/rosidl_generator_py/custom_message/_custom_message_s.ep.rosidl_typesupport_c.c.o[0m
[4.676s] [ 95%] [32m[1mLinking C shared library rosidl_generator_py/custom_message/custom_message_s__rosidl_typesupport_fastrtps_c.cpython-310-x86_64-linux-gnu.so[0m
[4.680s] [ 97%] [32m[1mLinking C shared library rosidl_generator_py/custom_message/custom_message_s__rosidl_typesupport_c.cpython-310-x86_64-linux-gnu.so[0m
[4.680s] [100%] [32m[1mLinking C shared library rosidl_generator_py/custom_message/custom_message_s__rosidl_typesupport_introspection_c.cpython-310-x86_64-linux-gnu.so[0m
[4.731s] [100%] Built target custom_message__rosidl_typesupport_introspection_c__pyext
[4.742s] [100%] Built target custom_message__rosidl_typesupport_fastrtps_c__pyext
[4.742s] [100%] Built target custom_message__rosidl_typesupport_c__pyext
[4.756s] Invoked command in '/home/robotdeveloper02/IsaacSim-ros_workspaces-main/humble_ws/src/build/custom_message' returned '0': CMAKE_PREFIX_PATH=/opt/ros/humble /usr/bin/cmake --build /home/robotdeveloper02/IsaacSim-ros_workspaces-main/humble_ws/src/build/custom_message -- -j16 -l16
[4.874s] Invoking command in '/home/robotdeveloper02/IsaacSim-ros_workspaces-main/humble_ws/src/build/custom_message': CMAKE_PREFIX_PATH=/opt/ros/humble /usr/bin/cmake --install /home/robotdeveloper02/IsaacSim-ros_workspaces-main/humble_ws/src/build/custom_message
[4.881s] -- Install configuration: ""
[4.881s] -- Installing: /home/robotdeveloper02/IsaacSim-ros_workspaces-main/humble_ws/src/install/custom_message/share/ament_index/resource_index/rosidl_interfaces/custom_message
[4.881s] -- Installing: /home/robotdeveloper02/IsaacSim-ros_workspaces-main/humble_ws/src/install/custom_message/include/custom_message/custom_message
[4.881s] -- Installing: /home/robotdeveloper02/IsaacSim-ros_workspaces-main/humble_ws/src/install/custom_message/include/custom_message/custom_message/msg
[4.882s] -- Installing: /home/robotdeveloper02/IsaacSim-ros_workspaces-main/humble_ws/src/install/custom_message/include/custom_message/custom_message/msg/detail
[4.882s] -- Installing: /home/robotdeveloper02/IsaacSim-ros_workspaces-main/humble_ws/src/install/custom_message/include/custom_message/custom_message/msg/detail/sample_msg__struct.h
[4.882s] -- Installing: /home/robotdeveloper02/IsaacSim-ros_workspaces-main/humble_ws/src/install/custom_message/include/custom_message/custom_message/msg/detail/imu_msg__type_support.h
[4.882s] -- Installing: /home/robotdeveloper02/IsaacSim-ros_workspaces-main/humble_ws/src/install/custom_message/include/custom_message/custom_message/msg/detail/sample_msg__functions.h
[4.882s] -- Installing: /home/robotdeveloper02/IsaacSim-ros_workspaces-main/humble_ws/src/install/custom_message/include/custom_message/custom_message/msg/detail/pose_stamped__type_support.h
[4.882s] -- Installing: /home/robotdeveloper02/IsaacSim-ros_workspaces-main/humble_ws/src/install/custom_message/include/custom_message/custom_message/msg/detail/sample_msg__type_support.h
[4.882s] -- Installing: /home/robotdeveloper02/IsaacSim-ros_workspaces-main/humble_ws/src/install/custom_message/include/custom_message/custom_message/msg/detail/imu_msg__functions.c
[4.882s] -- Installing: /home/robotdeveloper02/IsaacSim-ros_workspaces-main/humble_ws/src/install/custom_message/include/custom_message/custom_message/msg/detail/pose_stamped__functions.c
[4.882s] -- Installing: /home/robotdeveloper02/IsaacSim-ros_workspaces-main/humble_ws/src/install/custom_message/include/custom_message/custom_message/msg/detail/sample_msg__functions.c
[4.882s] -- Installing: /home/robotdeveloper02/IsaacSim-ros_workspaces-main/humble_ws/src/install/custom_message/include/custom_message/custom_message/msg/detail/imu_msg__struct.h
[4.882s] -- Installing: /home/robotdeveloper02/IsaacSim-ros_workspaces-main/humble_ws/src/install/custom_message/include/custom_message/custom_message/msg/detail/pose_stamped__struct.h
[4.882s] -- Installing: /home/robotdeveloper02/IsaacSim-ros_workspaces-main/humble_ws/src/install/custom_message/include/custom_message/custom_message/msg/detail/imu_msg__functions.h
[4.882s] -- Installing: /home/robotdeveloper02/IsaacSim-ros_workspaces-main/humble_ws/src/install/custom_message/include/custom_message/custom_message/msg/detail/pose_stamped__functions.h
[4.882s] -- Installing: /home/robotdeveloper02/IsaacSim-ros_workspaces-main/humble_ws/src/install/custom_message/include/custom_message/custom_message/msg/sample_msg.h
[4.883s] -- Installing: /home/robotdeveloper02/IsaacSim-ros_workspaces-main/humble_ws/src/install/custom_message/include/custom_message/custom_message/msg/rosidl_generator_c__visibility_control.h
[4.883s] -- Installing: /home/robotdeveloper02/IsaacSim-ros_workspaces-main/humble_ws/src/install/custom_message/include/custom_message/custom_message/msg/imu_msg.h
[4.883s] -- Installing: /home/robotdeveloper02/IsaacSim-ros_workspaces-main/humble_ws/src/install/custom_message/include/custom_message/custom_message/msg/pose_stamped.h
[4.883s] -- Installing: /home/robotdeveloper02/IsaacSim-ros_workspaces-main/humble_ws/src/install/custom_message/share/custom_message/environment/library_path.sh
[4.883s] -- Installing: /home/robotdeveloper02/IsaacSim-ros_workspaces-main/humble_ws/src/install/custom_message/share/custom_message/environment/library_path.dsv
[4.883s] -- Installing: /home/robotdeveloper02/IsaacSim-ros_workspaces-main/humble_ws/src/install/custom_message/lib/libcustom_message__rosidl_generator_c.so
[4.883s] -- Set runtime path of "/home/robotdeveloper02/IsaacSim-ros_workspaces-main/humble_ws/src/install/custom_message/lib/libcustom_message__rosidl_generator_c.so" to ""
[4.883s] -- Up-to-date: /home/robotdeveloper02/IsaacSim-ros_workspaces-main/humble_ws/src/install/custom_message/include/custom_message/custom_message
[4.883s] -- Up-to-date: /home/robotdeveloper02/IsaacSim-ros_workspaces-main/humble_ws/src/install/custom_message/include/custom_message/custom_message/msg
[4.883s] -- Up-to-date: /home/robotdeveloper02/IsaacSim-ros_workspaces-main/humble_ws/src/install/custom_message/include/custom_message/custom_message/msg/detail
[4.883s] -- Installing: /home/robotdeveloper02/IsaacSim-ros_workspaces-main/humble_ws/src/install/custom_message/include/custom_message/custom_message/msg/detail/imu_msg__rosidl_typesupport_fastrtps_c.h
[4.883s] -- Installing: /home/robotdeveloper02/IsaacSim-ros_workspaces-main/humble_ws/src/install/custom_message/include/custom_message/custom_message/msg/detail/sample_msg__rosidl_typesupport_fastrtps_c.h
[4.883s] -- Installing: /home/robotdeveloper02/IsaacSim-ros_workspaces-main/humble_ws/src/install/custom_message/include/custom_message/custom_message/msg/detail/pose_stamped__rosidl_typesupport_fastrtps_c.h
[4.884s] -- Installing: /home/robotdeveloper02/IsaacSim-ros_workspaces-main/humble_ws/src/install/custom_message/include/custom_message/custom_message/msg/rosidl_typesupport_fastrtps_c__visibility_control.h
[4.884s] -- Installing: /home/robotdeveloper02/IsaacSim-ros_workspaces-main/humble_ws/src/install/custom_message/lib/libcustom_message__rosidl_typesupport_fastrtps_c.so
[4.884s] -- Set runtime path of "/home/robotdeveloper02/IsaacSim-ros_workspaces-main/humble_ws/src/install/custom_message/lib/libcustom_message__rosidl_typesupport_fastrtps_c.so" to ""
[4.884s] -- Up-to-date: /home/robotdeveloper02/IsaacSim-ros_workspaces-main/humble_ws/src/install/custom_message/include/custom_message/custom_message
[4.884s] -- Up-to-date: /home/robotdeveloper02/IsaacSim-ros_workspaces-main/humble_ws/src/install/custom_message/include/custom_message/custom_message/msg
[4.884s] -- Up-to-date: /home/robotdeveloper02/IsaacSim-ros_workspaces-main/humble_ws/src/install/custom_message/include/custom_message/custom_message/msg/detail
[4.884s] -- Installing: /home/robotdeveloper02/IsaacSim-ros_workspaces-main/humble_ws/src/install/custom_message/include/custom_message/custom_message/msg/detail/imu_msg__builder.hpp
[4.884s] -- Installing: /home/robotdeveloper02/IsaacSim-ros_workspaces-main/humble_ws/src/install/custom_message/include/custom_message/custom_message/msg/detail/sample_msg__struct.hpp
[4.884s] -- Installing: /home/robotdeveloper02/IsaacSim-ros_workspaces-main/humble_ws/src/install/custom_message/include/custom_message/custom_message/msg/detail/imu_msg__struct.hpp
[4.884s] -- Installing: /home/robotdeveloper02/IsaacSim-ros_workspaces-main/humble_ws/src/install/custom_message/include/custom_message/custom_message/msg/detail/sample_msg__traits.hpp
[4.884s] -- Installing: /home/robotdeveloper02/IsaacSim-ros_workspaces-main/humble_ws/src/install/custom_message/include/custom_message/custom_message/msg/detail/pose_stamped__builder.hpp
[4.884s] -- Installing: /home/robotdeveloper02/IsaacSim-ros_workspaces-main/humble_ws/src/install/custom_message/include/custom_message/custom_message/msg/detail/pose_stamped__traits.hpp
[4.884s] -- Installing: /home/robotdeveloper02/IsaacSim-ros_workspaces-main/humble_ws/src/install/custom_message/include/custom_message/custom_message/msg/detail/imu_msg__traits.hpp
[4.884s] -- Installing: /home/robotdeveloper02/IsaacSim-ros_workspaces-main/humble_ws/src/install/custom_message/include/custom_message/custom_message/msg/detail/sample_msg__builder.hpp
[4.884s] -- Installing: /home/robotdeveloper02/IsaacSim-ros_workspaces-main/humble_ws/src/install/custom_message/include/custom_message/custom_message/msg/detail/pose_stamped__struct.hpp
[4.885s] -- Installing: /home/robotdeveloper02/IsaacSim-ros_workspaces-main/humble_ws/src/install/custom_message/include/custom_message/custom_message/msg/imu_msg.hpp
[4.885s] -- Installing: /home/robotdeveloper02/IsaacSim-ros_workspaces-main/humble_ws/src/install/custom_message/include/custom_message/custom_message/msg/sample_msg.hpp
[4.885s] -- Installing: /home/robotdeveloper02/IsaacSim-ros_workspaces-main/humble_ws/src/install/custom_message/include/custom_message/custom_message/msg/pose_stamped.hpp
[4.885s] -- Up-to-date: /home/robotdeveloper02/IsaacSim-ros_workspaces-main/humble_ws/src/install/custom_message/include/custom_message/custom_message
[4.885s] -- Up-to-date: /home/robotdeveloper02/IsaacSim-ros_workspaces-main/humble_ws/src/install/custom_message/include/custom_message/custom_message/msg
[4.885s] -- Up-to-date: /home/robotdeveloper02/IsaacSim-ros_workspaces-main/humble_ws/src/install/custom_message/include/custom_message/custom_message/msg/detail
[4.885s] -- Installing: /home/robotdeveloper02/IsaacSim-ros_workspaces-main/humble_ws/src/install/custom_message/include/custom_message/custom_message/msg/detail/imu_msg__rosidl_typesupport_fastrtps_cpp.hpp
[4.885s] -- Installing: /home/robotdeveloper02/IsaacSim-ros_workspaces-main/humble_ws/src/install/custom_message/include/custom_message/custom_message/msg/detail/dds_fastrtps
[4.885s] -- Installing: /home/robotdeveloper02/IsaacSim-ros_workspaces-main/humble_ws/src/install/custom_message/include/custom_message/custom_message/msg/detail/pose_stamped__rosidl_typesupport_fastrtps_cpp.hpp
[4.885s] -- Installing: /home/robotdeveloper02/IsaacSim-ros_workspaces-main/humble_ws/src/install/custom_message/include/custom_message/custom_message/msg/detail/sample_msg__rosidl_typesupport_fastrtps_cpp.hpp
[4.885s] -- Installing: /home/robotdeveloper02/IsaacSim-ros_workspaces-main/humble_ws/src/install/custom_message/include/custom_message/custom_message/msg/rosidl_typesupport_fastrtps_cpp__visibility_control.h
[4.885s] -- Installing: /home/robotdeveloper02/IsaacSim-ros_workspaces-main/humble_ws/src/install/custom_message/lib/libcustom_message__rosidl_typesupport_fastrtps_cpp.so
[4.885s] -- Set runtime path of "/home/robotdeveloper02/IsaacSim-ros_workspaces-main/humble_ws/src/install/custom_message/lib/libcustom_message__rosidl_typesupport_fastrtps_cpp.so" to ""
[4.885s] -- Up-to-date: /home/robotdeveloper02/IsaacSim-ros_workspaces-main/humble_ws/src/install/custom_message/include/custom_message/custom_message
[4.886s] -- Up-to-date: /home/robotdeveloper02/IsaacSim-ros_workspaces-main/humble_ws/src/install/custom_message/include/custom_message/custom_message/msg
[4.886s] -- Up-to-date: /home/robotdeveloper02/IsaacSim-ros_workspaces-main/humble_ws/src/install/custom_message/include/custom_message/custom_message/msg/detail
[4.886s] -- Installing: /home/robotdeveloper02/IsaacSim-ros_workspaces-main/humble_ws/src/install/custom_message/include/custom_message/custom_message/msg/detail/sample_msg__type_support.c
[4.886s] -- Installing: /home/robotdeveloper02/IsaacSim-ros_workspaces-main/humble_ws/src/install/custom_message/include/custom_message/custom_message/msg/detail/pose_stamped__rosidl_typesupport_introspection_c.h
[4.886s] -- Installing: /home/robotdeveloper02/IsaacSim-ros_workspaces-main/humble_ws/src/install/custom_message/include/custom_message/custom_message/msg/detail/imu_msg__type_support.c
[4.886s] -- Installing: /home/robotdeveloper02/IsaacSim-ros_workspaces-main/humble_ws/src/install/custom_message/include/custom_message/custom_message/msg/detail/imu_msg__rosidl_typesupport_introspection_c.h
[4.886s] -- Installing: /home/robotdeveloper02/IsaacSim-ros_workspaces-main/humble_ws/src/install/custom_message/include/custom_message/custom_message/msg/detail/pose_stamped__type_support.c
[4.886s] -- Installing: /home/robotdeveloper02/IsaacSim-ros_workspaces-main/humble_ws/src/install/custom_message/include/custom_message/custom_message/msg/detail/sample_msg__rosidl_typesupport_introspection_c.h
[4.886s] -- Installing: /home/robotdeveloper02/IsaacSim-ros_workspaces-main/humble_ws/src/install/custom_message/include/custom_message/custom_message/msg/rosidl_typesupport_introspection_c__visibility_control.h
[4.886s] -- Installing: /home/robotdeveloper02/IsaacSim-ros_workspaces-main/humble_ws/src/install/custom_message/lib/libcustom_message__rosidl_typesupport_introspection_c.so
[4.886s] -- Set runtime path of "/home/robotdeveloper02/IsaacSim-ros_workspaces-main/humble_ws/src/install/custom_message/lib/libcustom_message__rosidl_typesupport_introspection_c.so" to ""
[4.886s] -- Installing: /home/robotdeveloper02/IsaacSim-ros_workspaces-main/humble_ws/src/install/custom_message/lib/libcustom_message__rosidl_typesupport_c.so
[4.886s] -- Set runtime path of "/home/robotdeveloper02/IsaacSim-ros_workspaces-main/humble_ws/src/install/custom_message/lib/libcustom_message__rosidl_typesupport_c.so" to ""
[4.886s] -- Up-to-date: /home/robotdeveloper02/IsaacSim-ros_workspaces-main/humble_ws/src/install/custom_message/include/custom_message/custom_message
[4.886s] -- Up-to-date: /home/robotdeveloper02/IsaacSim-ros_workspaces-main/humble_ws/src/install/custom_message/include/custom_message/custom_message/msg
[4.886s] -- Up-to-date: /home/robotdeveloper02/IsaacSim-ros_workspaces-main/humble_ws/src/install/custom_message/include/custom_message/custom_message/msg/detail
[4.886s] -- Installing: /home/robotdeveloper02/IsaacSim-ros_workspaces-main/humble_ws/src/install/custom_message/include/custom_message/custom_message/msg/detail/sample_msg__type_support.cpp
[4.886s] -- Installing: /home/robotdeveloper02/IsaacSim-ros_workspaces-main/humble_ws/src/install/custom_message/include/custom_message/custom_message/msg/detail/imu_msg__rosidl_typesupport_introspection_cpp.hpp
[4.887s] -- Installing: /home/robotdeveloper02/IsaacSim-ros_workspaces-main/humble_ws/src/install/custom_message/include/custom_message/custom_message/msg/detail/pose_stamped__type_support.cpp
[4.887s] -- Installing: /home/robotdeveloper02/IsaacSim-ros_workspaces-main/humble_ws/src/install/custom_message/include/custom_message/custom_message/msg/detail/imu_msg__type_support.cpp
[4.887s] -- Installing: /home/robotdeveloper02/IsaacSim-ros_workspaces-main/humble_ws/src/install/custom_message/include/custom_message/custom_message/msg/detail/pose_stamped__rosidl_typesupport_introspection_cpp.hpp
[4.887s] -- Installing: /home/robotdeveloper02/IsaacSim-ros_workspaces-main/humble_ws/src/install/custom_message/include/custom_message/custom_message/msg/detail/sample_msg__rosidl_typesupport_introspection_cpp.hpp
[4.887s] -- Installing: /home/robotdeveloper02/IsaacSim-ros_workspaces-main/humble_ws/src/install/custom_message/lib/libcustom_message__rosidl_typesupport_introspection_cpp.so
[4.887s] -- Set runtime path of "/home/robotdeveloper02/IsaacSim-ros_workspaces-main/humble_ws/src/install/custom_message/lib/libcustom_message__rosidl_typesupport_introspection_cpp.so" to ""
[4.887s] -- Installing: /home/robotdeveloper02/IsaacSim-ros_workspaces-main/humble_ws/src/install/custom_message/lib/libcustom_message__rosidl_typesupport_cpp.so
[4.887s] -- Set runtime path of "/home/robotdeveloper02/IsaacSim-ros_workspaces-main/humble_ws/src/install/custom_message/lib/libcustom_message__rosidl_typesupport_cpp.so" to ""
[4.887s] -- Installing: /home/robotdeveloper02/IsaacSim-ros_workspaces-main/humble_ws/src/install/custom_message/share/custom_message/environment/pythonpath.sh
[4.887s] -- Installing: /home/robotdeveloper02/IsaacSim-ros_workspaces-main/humble_ws/src/install/custom_message/share/custom_message/environment/pythonpath.dsv
[4.887s] -- Installing: /home/robotdeveloper02/IsaacSim-ros_workspaces-main/humble_ws/src/install/custom_message/local/lib/python3.10/dist-packages/custom_message-0.0.0-py3.10.egg-info
[4.887s] -- Installing: /home/robotdeveloper02/IsaacSim-ros_workspaces-main/humble_ws/src/install/custom_message/local/lib/python3.10/dist-packages/custom_message-0.0.0-py3.10.egg-info/PKG-INFO
[4.887s] -- Installing: /home/robotdeveloper02/IsaacSim-ros_workspaces-main/humble_ws/src/install/custom_message/local/lib/python3.10/dist-packages/custom_message-0.0.0-py3.10.egg-info/dependency_links.txt
[4.888s] -- Installing: /home/robotdeveloper02/IsaacSim-ros_workspaces-main/humble_ws/src/install/custom_message/local/lib/python3.10/dist-packages/custom_message-0.0.0-py3.10.egg-info/top_level.txt
[4.888s] -- Installing: /home/robotdeveloper02/IsaacSim-ros_workspaces-main/humble_ws/src/install/custom_message/local/lib/python3.10/dist-packages/custom_message-0.0.0-py3.10.egg-info/SOURCES.txt
[4.888s] -- Installing: /home/robotdeveloper02/IsaacSim-ros_workspaces-main/humble_ws/src/install/custom_message/local/lib/python3.10/dist-packages/custom_message
[4.888s] -- Installing: /home/robotdeveloper02/IsaacSim-ros_workspaces-main/humble_ws/src/install/custom_message/local/lib/python3.10/dist-packages/custom_message/_custom_message_s.ep.rosidl_typesupport_introspection_c.c
[4.888s] -- Installing: /home/robotdeveloper02/IsaacSim-ros_workspaces-main/humble_ws/src/install/custom_message/local/lib/python3.10/dist-packages/custom_message/_custom_message_s.ep.rosidl_typesupport_fastrtps_c.c
[4.888s] -- Installing: /home/robotdeveloper02/IsaacSim-ros_workspaces-main/humble_ws/src/install/custom_message/local/lib/python3.10/dist-packages/custom_message/__init__.py
[4.888s] -- Installing: /home/robotdeveloper02/IsaacSim-ros_workspaces-main/humble_ws/src/install/custom_message/local/lib/python3.10/dist-packages/custom_message/_custom_message_s.ep.rosidl_typesupport_c.c
[4.888s] -- Installing: /home/robotdeveloper02/IsaacSim-ros_workspaces-main/humble_ws/src/install/custom_message/local/lib/python3.10/dist-packages/custom_message/custom_message_s__rosidl_typesupport_fastrtps_c.cpython-310-x86_64-linux-gnu.so
[4.888s] -- Installing: /home/robotdeveloper02/IsaacSim-ros_workspaces-main/humble_ws/src/install/custom_message/local/lib/python3.10/dist-packages/custom_message/msg
[4.888s] -- Installing: /home/robotdeveloper02/IsaacSim-ros_workspaces-main/humble_ws/src/install/custom_message/local/lib/python3.10/dist-packages/custom_message/msg/_sample_msg_s.c
[4.888s] -- Installing: /home/robotdeveloper02/IsaacSim-ros_workspaces-main/humble_ws/src/install/custom_message/local/lib/python3.10/dist-packages/custom_message/msg/_imu_msg.py
[4.888s] -- Installing: /home/robotdeveloper02/IsaacSim-ros_workspaces-main/humble_ws/src/install/custom_message/local/lib/python3.10/dist-packages/custom_message/msg/_pose_stamped_s.c
[4.888s] -- Installing: /home/robotdeveloper02/IsaacSim-ros_workspaces-main/humble_ws/src/install/custom_message/local/lib/python3.10/dist-packages/custom_message/msg/_pose_stamped.py
[4.888s] -- Installing: /home/robotdeveloper02/IsaacSim-ros_workspaces-main/humble_ws/src/install/custom_message/local/lib/python3.10/dist-packages/custom_message/msg/__init__.py
[4.888s] -- Installing: /home/robotdeveloper02/IsaacSim-ros_workspaces-main/humble_ws/src/install/custom_message/local/lib/python3.10/dist-packages/custom_message/msg/_sample_msg.py
[4.889s] -- Installing: /home/robotdeveloper02/IsaacSim-ros_workspaces-main/humble_ws/src/install/custom_message/local/lib/python3.10/dist-packages/custom_message/msg/_imu_msg_s.c
[4.889s] -- Installing: /home/robotdeveloper02/IsaacSim-ros_workspaces-main/humble_ws/src/install/custom_message/local/lib/python3.10/dist-packages/custom_message/custom_message_s__rosidl_typesupport_c.cpython-310-x86_64-linux-gnu.so
[4.889s] -- Installing: /home/robotdeveloper02/IsaacSim-ros_workspaces-main/humble_ws/src/install/custom_message/local/lib/python3.10/dist-packages/custom_message/custom_message_s__rosidl_typesupport_introspection_c.cpython-310-x86_64-linux-gnu.so
[4.889s] -- Installing: /home/robotdeveloper02/IsaacSim-ros_workspaces-main/humble_ws/src/install/custom_message/local/lib/python3.10/dist-packages/custom_message/libcustom_message__rosidl_generator_py.so
[4.918s] Listing '/home/robotdeveloper02/IsaacSim-ros_workspaces-main/humble_ws/src/install/custom_message/local/lib/python3.10/dist-packages/custom_message'...
[4.918s] Compiling '/home/robotdeveloper02/IsaacSim-ros_workspaces-main/humble_ws/src/install/custom_message/local/lib/python3.10/dist-packages/custom_message/__init__.py'...
[4.918s] Listing '/home/robotdeveloper02/IsaacSim-ros_workspaces-main/humble_ws/src/install/custom_message/local/lib/python3.10/dist-packages/custom_message/msg'...
[4.918s] Compiling '/home/robotdeveloper02/IsaacSim-ros_workspaces-main/humble_ws/src/install/custom_message/local/lib/python3.10/dist-packages/custom_message/msg/__init__.py'...
[4.918s] Compiling '/home/robotdeveloper02/IsaacSim-ros_workspaces-main/humble_ws/src/install/custom_message/local/lib/python3.10/dist-packages/custom_message/msg/_imu_msg.py'...
[4.918s] Compiling '/home/robotdeveloper02/IsaacSim-ros_workspaces-main/humble_ws/src/install/custom_message/local/lib/python3.10/dist-packages/custom_message/msg/_pose_stamped.py'...
[4.918s] Compiling '/home/robotdeveloper02/IsaacSim-ros_workspaces-main/humble_ws/src/install/custom_message/local/lib/python3.10/dist-packages/custom_message/msg/_sample_msg.py'...
[4.922s] -- Installing: /home/robotdeveloper02/IsaacSim-ros_workspaces-main/humble_ws/src/install/custom_message/local/lib/python3.10/dist-packages/custom_message/custom_message_s__rosidl_typesupport_fastrtps_c.cpython-310-x86_64-linux-gnu.so
[4.922s] -- Set runtime path of "/home/robotdeveloper02/IsaacSim-ros_workspaces-main/humble_ws/src/install/custom_message/local/lib/python3.10/dist-packages/custom_message/custom_message_s__rosidl_typesupport_fastrtps_c.cpython-310-x86_64-linux-gnu.so" to ""
[4.922s] -- Installing: /home/robotdeveloper02/IsaacSim-ros_workspaces-main/humble_ws/src/install/custom_message/local/lib/python3.10/dist-packages/custom_message/custom_message_s__rosidl_typesupport_introspection_c.cpython-310-x86_64-linux-gnu.so
[4.922s] -- Set runtime path of "/home/robotdeveloper02/IsaacSim-ros_workspaces-main/humble_ws/src/install/custom_message/local/lib/python3.10/dist-packages/custom_message/custom_message_s__rosidl_typesupport_introspection_c.cpython-310-x86_64-linux-gnu.so" to ""
[4.922s] -- Installing: /home/robotdeveloper02/IsaacSim-ros_workspaces-main/humble_ws/src/install/custom_message/local/lib/python3.10/dist-packages/custom_message/custom_message_s__rosidl_typesupport_c.cpython-310-x86_64-linux-gnu.so
[4.922s] -- Set runtime path of "/home/robotdeveloper02/IsaacSim-ros_workspaces-main/humble_ws/src/install/custom_message/local/lib/python3.10/dist-packages/custom_message/custom_message_s__rosidl_typesupport_c.cpython-310-x86_64-linux-gnu.so" to ""
[4.922s] -- Installing: /home/robotdeveloper02/IsaacSim-ros_workspaces-main/humble_ws/src/install/custom_message/lib/libcustom_message__rosidl_generator_py.so
[4.923s] -- Set runtime path of "/home/robotdeveloper02/IsaacSim-ros_workspaces-main/humble_ws/src/install/custom_message/lib/libcustom_message__rosidl_generator_py.so" to ""
[4.923s] -- Installing: /home/robotdeveloper02/IsaacSim-ros_workspaces-main/humble_ws/src/install/custom_message/share/custom_message/msg/SampleMsg.idl
[4.923s] -- Installing: /home/robotdeveloper02/IsaacSim-ros_workspaces-main/humble_ws/src/install/custom_message/share/custom_message/msg/PoseStamped.idl
[4.923s] -- Installing: /home/robotdeveloper02/IsaacSim-ros_workspaces-main/humble_ws/src/install/custom_message/share/custom_message/msg/ImuMsg.idl
[4.923s] -- Installing: /home/robotdeveloper02/IsaacSim-ros_workspaces-main/humble_ws/src/install/custom_message/share/custom_message/msg/SampleMsg.msg
[4.923s] -- Installing: /home/robotdeveloper02/IsaacSim-ros_workspaces-main/humble_ws/src/install/custom_message/share/custom_message/msg/PoseStamped.msg
[4.923s] -- Installing: /home/robotdeveloper02/IsaacSim-ros_workspaces-main/humble_ws/src/install/custom_message/share/custom_message/msg/ImuMsg.msg
[4.923s] -- Installing: /home/robotdeveloper02/IsaacSim-ros_workspaces-main/humble_ws/src/install/custom_message/share/ament_index/resource_index/package_run_dependencies/custom_message
[4.923s] -- Installing: /home/robotdeveloper02/IsaacSim-ros_workspaces-main/humble_ws/src/install/custom_message/share/ament_index/resource_index/parent_prefix_path/custom_message
[4.923s] -- Installing: /home/robotdeveloper02/IsaacSim-ros_workspaces-main/humble_ws/src/install/custom_message/share/custom_message/environment/ament_prefix_path.sh
[4.924s] -- Installing: /home/robotdeveloper02/IsaacSim-ros_workspaces-main/humble_ws/src/install/custom_message/share/custom_message/environment/ament_prefix_path.dsv
[4.924s] -- Installing: /home/robotdeveloper02/IsaacSim-ros_workspaces-main/humble_ws/src/install/custom_message/share/custom_message/environment/path.sh
[4.924s] -- Installing: /home/robotdeveloper02/IsaacSim-ros_workspaces-main/humble_ws/src/install/custom_message/share/custom_message/environment/path.dsv
[4.924s] -- Installing: /home/robotdeveloper02/IsaacSim-ros_workspaces-main/humble_ws/src/install/custom_message/share/custom_message/local_setup.bash
[4.924s] -- Installing: /home/robotdeveloper02/IsaacSim-ros_workspaces-main/humble_ws/src/install/custom_message/share/custom_message/local_setup.sh
[4.924s] -- Installing: /home/robotdeveloper02/IsaacSim-ros_workspaces-main/humble_ws/src/install/custom_message/share/custom_message/local_setup.zsh
[4.924s] -- Installing: /home/robotdeveloper02/IsaacSim-ros_workspaces-main/humble_ws/src/install/custom_message/share/custom_message/local_setup.dsv
[4.924s] -- Installing: /home/robotdeveloper02/IsaacSim-ros_workspaces-main/humble_ws/src/install/custom_message/share/custom_message/package.dsv
[4.924s] -- Installing: /home/robotdeveloper02/IsaacSim-ros_workspaces-main/humble_ws/src/install/custom_message/share/ament_index/resource_index/packages/custom_message
[4.924s] -- Installing: /home/robotdeveloper02/IsaacSim-ros_workspaces-main/humble_ws/src/install/custom_message/share/custom_message/cmake/export_custom_message__rosidl_generator_cExport.cmake
[4.924s] -- Installing: /home/robotdeveloper02/IsaacSim-ros_workspaces-main/humble_ws/src/install/custom_message/share/custom_message/cmake/export_custom_message__rosidl_generator_cExport-noconfig.cmake
[4.924s] -- Installing: /home/robotdeveloper02/IsaacSim-ros_workspaces-main/humble_ws/src/install/custom_message/share/custom_message/cmake/export_custom_message__rosidl_typesupport_fastrtps_cExport.cmake
[4.924s] -- Installing: /home/robotdeveloper02/IsaacSim-ros_workspaces-main/humble_ws/src/install/custom_message/share/custom_message/cmake/export_custom_message__rosidl_typesupport_fastrtps_cExport-noconfig.cmake
[4.925s] -- Installing: /home/robotdeveloper02/IsaacSim-ros_workspaces-main/humble_ws/src/install/custom_message/share/custom_message/cmake/export_custom_message__rosidl_generator_cppExport.cmake
[4.925s] -- Installing: /home/robotdeveloper02/IsaacSim-ros_workspaces-main/humble_ws/src/install/custom_message/share/custom_message/cmake/export_custom_message__rosidl_typesupport_fastrtps_cppExport.cmake
[4.925s] -- Installing: /home/robotdeveloper02/IsaacSim-ros_workspaces-main/humble_ws/src/install/custom_message/share/custom_message/cmake/export_custom_message__rosidl_typesupport_fastrtps_cppExport-noconfig.cmake
[4.925s] -- Installing: /home/robotdeveloper02/IsaacSim-ros_workspaces-main/humble_ws/src/install/custom_message/share/custom_message/cmake/custom_message__rosidl_typesupport_introspection_cExport.cmake
[4.925s] -- Installing: /home/robotdeveloper02/IsaacSim-ros_workspaces-main/humble_ws/src/install/custom_message/share/custom_message/cmake/custom_message__rosidl_typesupport_introspection_cExport-noconfig.cmake
[4.925s] -- Installing: /home/robotdeveloper02/IsaacSim-ros_workspaces-main/humble_ws/src/install/custom_message/share/custom_message/cmake/custom_message__rosidl_typesupport_cExport.cmake
[4.925s] -- Installing: /home/robotdeveloper02/IsaacSim-ros_workspaces-main/humble_ws/src/install/custom_message/share/custom_message/cmake/custom_message__rosidl_typesupport_cExport-noconfig.cmake
[4.925s] -- Installing: /home/robotdeveloper02/IsaacSim-ros_workspaces-main/humble_ws/src/install/custom_message/share/custom_message/cmake/custom_message__rosidl_typesupport_introspection_cppExport.cmake
[4.925s] -- Installing: /home/robotdeveloper02/IsaacSim-ros_workspaces-main/humble_ws/src/install/custom_message/share/custom_message/cmake/custom_message__rosidl_typesupport_introspection_cppExport-noconfig.cmake
[4.925s] -- Installing: /home/robotdeveloper02/IsaacSim-ros_workspaces-main/humble_ws/src/install/custom_message/share/custom_message/cmake/custom_message__rosidl_typesupport_cppExport.cmake
[4.925s] -- Installing: /home/robotdeveloper02/IsaacSim-ros_workspaces-main/humble_ws/src/install/custom_message/share/custom_message/cmake/custom_message__rosidl_typesupport_cppExport-noconfig.cmake
[4.926s] -- Installing: /home/robotdeveloper02/IsaacSim-ros_workspaces-main/humble_ws/src/install/custom_message/share/custom_message/cmake/export_custom_message__rosidl_generator_pyExport.cmake
[4.926s] -- Installing: /home/robotdeveloper02/IsaacSim-ros_workspaces-main/humble_ws/src/install/custom_message/share/custom_message/cmake/export_custom_message__rosidl_generator_pyExport-noconfig.cmake
[4.926s] -- Installing: /home/robotdeveloper02/IsaacSim-ros_workspaces-main/humble_ws/src/install/custom_message/share/custom_message/cmake/rosidl_cmake-extras.cmake
[4.926s] -- Installing: /home/robotdeveloper02/IsaacSim-ros_workspaces-main/humble_ws/src/install/custom_message/share/custom_message/cmake/ament_cmake_export_dependencies-extras.cmake
[4.926s] -- Installing: /home/robotdeveloper02/IsaacSim-ros_workspaces-main/humble_ws/src/install/custom_message/share/custom_message/cmake/ament_cmake_export_include_directories-extras.cmake
[4.926s] -- Installing: /home/robotdeveloper02/IsaacSim-ros_workspaces-main/humble_ws/src/install/custom_message/share/custom_message/cmake/ament_cmake_export_libraries-extras.cmake
[4.926s] -- Installing: /home/robotdeveloper02/IsaacSim-ros_workspaces-main/humble_ws/src/install/custom_message/share/custom_message/cmake/ament_cmake_export_targets-extras.cmake
[4.926s] -- Installing: /home/robotdeveloper02/IsaacSim-ros_workspaces-main/humble_ws/src/install/custom_message/share/custom_message/cmake/rosidl_cmake_export_typesupport_targets-extras.cmake
[4.926s] -- Installing: /home/robotdeveloper02/IsaacSim-ros_workspaces-main/humble_ws/src/install/custom_message/share/custom_message/cmake/rosidl_cmake_export_typesupport_libraries-extras.cmake
[4.926s] -- Installing: /home/robotdeveloper02/IsaacSim-ros_workspaces-main/humble_ws/src/install/custom_message/share/custom_message/cmake/custom_messageConfig.cmake
[4.926s] -- Installing: /home/robotdeveloper02/IsaacSim-ros_workspaces-main/humble_ws/src/install/custom_message/share/custom_message/cmake/custom_messageConfig-version.cmake
[4.926s] -- Installing: /home/robotdeveloper02/IsaacSim-ros_workspaces-main/humble_ws/src/install/custom_message/share/custom_message/package.xml
[4.929s] Invoked command in '/home/robotdeveloper02/IsaacSim-ros_workspaces-main/humble_ws/src/build/custom_message' returned '0': CMAKE_PREFIX_PATH=/opt/ros/humble /usr/bin/cmake --install /home/robotdeveloper02/IsaacSim-ros_workspaces-main/humble_ws/src/build/custom_message
