[1.636s] Invoking command in '/home/robotdeveloper02/IsaacSim-ros_workspaces-main/humble_ws/build/jetbot_controller': PYTHONPATH=/home/robotdeveloper02/IsaacSim-ros_workspaces-main/humble_ws/build/jetbot_controller/prefix_override:/usr/lib/python3/dist-packages/colcon_core/task/python/colcon_distutils_commands:/home/robotdeveloper02/IsaacSim-ros_workspaces-main/humble_ws/install/jetbot_controller/lib/python3.10/site-packages:${PYTHONPATH} /usr/bin/python3 -W ignore:setup.py install is deprecated setup.py develop --editable --build-directory /home/robotdeveloper02/IsaacSim-ros_workspaces-main/humble_ws/build/jetbot_controller/build --no-deps symlink_data --force
[1.961s] running develop
[1.961s] /usr/lib/python3/dist-packages/setuptools/command/easy_install.py:158: EasyInstallDeprecationWarning: easy_install command is deprecated. Use build and pip and other standards-based tools.
[1.961s]   warnings.warn(
[2.153s] running egg_info
[2.153s] writing jetbot_controller.egg-info/PKG-INFO
[2.154s] writing dependency_links to jetbot_controller.egg-info/dependency_links.txt
[2.154s] writing entry points to jetbot_controller.egg-info/entry_points.txt
[2.154s] writing requirements to jetbot_controller.egg-info/requires.txt
[2.154s] writing top-level names to jetbot_controller.egg-info/top_level.txt
[2.156s] reading manifest file 'jetbot_controller.egg-info/SOURCES.txt'
[2.157s] writing manifest file 'jetbot_controller.egg-info/SOURCES.txt'
[2.214s] running build_ext
[2.214s] Creating /home/robotdeveloper02/IsaacSim-ros_workspaces-main/humble_ws/install/jetbot_controller/lib/python3.10/site-packages/jetbot-controller.egg-link (link to .)
[2.215s] Installing jetbot_controller script to /home/robotdeveloper02/IsaacSim-ros_workspaces-main/humble_ws/install/jetbot_controller/lib/jetbot_controller
[2.215s] 
[2.215s] Installed /home/robotdeveloper02/IsaacSim-ros_workspaces-main/humble_ws/build/jetbot_controller
[2.215s] running symlink_data
[2.215s] symbolically linking /home/robotdeveloper02/IsaacSim-ros_workspaces-main/humble_ws/build/jetbot_controller/resource/jetbot_controller -> /home/robotdeveloper02/IsaacSim-ros_workspaces-main/humble_ws/install/jetbot_controller/share/ament_index/resource_index/packages
[2.216s] symbolically linking /home/robotdeveloper02/IsaacSim-ros_workspaces-main/humble_ws/build/jetbot_controller/package.xml -> /home/robotdeveloper02/IsaacSim-ros_workspaces-main/humble_ws/install/jetbot_controller/share/jetbot_controller
