[1.673s] Invoking command in '/home/robotdeveloper02/IsaacSim-ros_workspaces-main/humble_ws/build/jetbot_controller': PYTHONPATH=/home/robotdeveloper02/IsaacSim-ros_workspaces-main/humble_ws/build/jetbot_controller/prefix_override:/usr/lib/python3/dist-packages/colcon_core/task/python/colcon_distutils_commands:/home/robotdeveloper02/IsaacSim-ros_workspaces-main/humble_ws/install/jetbot_controller/lib/python3.10/site-packages:${PYTHONPATH} /usr/bin/python3 -W ignore:setup.py install is deprecated setup.py develop --editable --build-directory /home/robotdeveloper02/IsaacSim-ros_workspaces-main/humble_ws/build/jetbot_controller/build --no-deps symlink_data --force
[2.008s] running develop
[2.008s] /usr/lib/python3/dist-packages/setuptools/command/easy_install.py:158: EasyInstallDeprecationWarning: easy_install command is deprecated. Use build and pip and other standards-based tools.
[2.008s]   warnings.warn(
[2.195s] running egg_info
[2.195s] writing jetbot_controller.egg-info/PKG-INFO
[2.195s] writing dependency_links to jetbot_controller.egg-info/dependency_links.txt
[2.195s] writing entry points to jetbot_controller.egg-info/entry_points.txt
[2.196s] writing requirements to jetbot_controller.egg-info/requires.txt
[2.196s] writing top-level names to jetbot_controller.egg-info/top_level.txt
[2.198s] reading manifest file 'jetbot_controller.egg-info/SOURCES.txt'
[2.198s] writing manifest file 'jetbot_controller.egg-info/SOURCES.txt'
[2.260s] running build_ext
[2.260s] Creating /home/robotdeveloper02/IsaacSim-ros_workspaces-main/humble_ws/install/jetbot_controller/lib/python3.10/site-packages/jetbot-controller.egg-link (link to .)
[2.261s] Installing jetbot_controller script to /home/robotdeveloper02/IsaacSim-ros_workspaces-main/humble_ws/install/jetbot_controller/lib/jetbot_controller
[2.261s] 
[2.261s] Installed /home/robotdeveloper02/IsaacSim-ros_workspaces-main/humble_ws/build/jetbot_controller
[2.261s] running symlink_data
[2.261s] symbolically linking /home/robotdeveloper02/IsaacSim-ros_workspaces-main/humble_ws/build/jetbot_controller/resource/jetbot_controller -> /home/robotdeveloper02/IsaacSim-ros_workspaces-main/humble_ws/install/jetbot_controller/share/ament_index/resource_index/packages
[2.261s] symbolically linking /home/robotdeveloper02/IsaacSim-ros_workspaces-main/humble_ws/build/jetbot_controller/package.xml -> /home/robotdeveloper02/IsaacSim-ros_workspaces-main/humble_ws/install/jetbot_controller/share/jetbot_controller
[2.302s] Invoked command in '/home/robotdeveloper02/IsaacSim-ros_workspaces-main/humble_ws/build/jetbot_controller' returned '0': PYTHONPATH=/home/robotdeveloper02/IsaacSim-ros_workspaces-main/humble_ws/build/jetbot_controller/prefix_override:/usr/lib/python3/dist-packages/colcon_core/task/python/colcon_distutils_commands:/home/robotdeveloper02/IsaacSim-ros_workspaces-main/humble_ws/install/jetbot_controller/lib/python3.10/site-packages:${PYTHONPATH} /usr/bin/python3 -W ignore:setup.py install is deprecated setup.py develop --editable --build-directory /home/robotdeveloper02/IsaacSim-ros_workspaces-main/humble_ws/build/jetbot_controller/build --no-deps symlink_data --force
