-- Install configuration: ""
-- Up-to-date: /home/robotdeveloper02/IsaacSim-ros_workspaces-main/humble_ws/src/install/isaac_tutorials/share/isaac_tutorials/rviz2
-- Up-to-date: /home/robotdeveloper02/IsaacSim-ros_workspaces-main/humble_ws/src/install/isaac_tutorials/share/isaac_tutorials/rviz2/camera_manual.rviz
-- Up-to-date: /home/robotdeveloper02/IsaacSim-ros_workspaces-main/humble_ws/src/install/isaac_tutorials/share/isaac_tutorials/rviz2/carter_stereo.rviz
-- Up-to-date: /home/robotdeveloper02/IsaacSim-ros_workspaces-main/humble_ws/src/install/isaac_tutorials/share/isaac_tutorials/rviz2/rtx_lidar.rviz
-- Up-to-date: /home/robotdeveloper02/IsaacSim-ros_workspaces-main/humble_ws/src/install/isaac_tutorials/share/isaac_tutorials/rviz2/turtle_stereo.rviz
-- Up-to-date: /home/robotdeveloper02/IsaacSim-ros_workspaces-main/humble_ws/src/install/isaac_tutorials/share/isaac_tutorials/rviz2/camera_lidar.rviz
-- Up-to-date: /home/robotdeveloper02/IsaacSim-ros_workspaces-main/humble_ws/src/install/isaac_tutorials/share/isaac_tutorials/scripts
-- Up-to-date: /home/robotdeveloper02/IsaacSim-ros_workspaces-main/humble_ws/src/install/isaac_tutorials/share/isaac_tutorials/scripts/ros2_publisher.py
-- Up-to-date: /home/robotdeveloper02/IsaacSim-ros_workspaces-main/humble_ws/src/install/isaac_tutorials/share/isaac_tutorials/scripts/ros2_ackermann_publisher.py
-- Up-to-date: /home/robotdeveloper02/IsaacSim-ros_workspaces-main/humble_ws/src/install/isaac_tutorials/lib/isaac_tutorials/ros2_publisher.py
-- Up-to-date: /home/robotdeveloper02/IsaacSim-ros_workspaces-main/humble_ws/src/install/isaac_tutorials/lib/isaac_tutorials/ros2_ackermann_publisher.py
-- Up-to-date: /home/robotdeveloper02/IsaacSim-ros_workspaces-main/humble_ws/src/install/isaac_tutorials/share/ament_index/resource_index/package_run_dependencies/isaac_tutorials
-- Up-to-date: /home/robotdeveloper02/IsaacSim-ros_workspaces-main/humble_ws/src/install/isaac_tutorials/share/ament_index/resource_index/parent_prefix_path/isaac_tutorials
-- Up-to-date: /home/robotdeveloper02/IsaacSim-ros_workspaces-main/humble_ws/src/install/isaac_tutorials/share/isaac_tutorials/environment/ament_prefix_path.sh
-- Up-to-date: /home/robotdeveloper02/IsaacSim-ros_workspaces-main/humble_ws/src/install/isaac_tutorials/share/isaac_tutorials/environment/ament_prefix_path.dsv
-- Up-to-date: /home/robotdeveloper02/IsaacSim-ros_workspaces-main/humble_ws/src/install/isaac_tutorials/share/isaac_tutorials/environment/path.sh
-- Up-to-date: /home/robotdeveloper02/IsaacSim-ros_workspaces-main/humble_ws/src/install/isaac_tutorials/share/isaac_tutorials/environment/path.dsv
-- Up-to-date: /home/robotdeveloper02/IsaacSim-ros_workspaces-main/humble_ws/src/install/isaac_tutorials/share/isaac_tutorials/local_setup.bash
-- Up-to-date: /home/robotdeveloper02/IsaacSim-ros_workspaces-main/humble_ws/src/install/isaac_tutorials/share/isaac_tutorials/local_setup.sh
-- Up-to-date: /home/robotdeveloper02/IsaacSim-ros_workspaces-main/humble_ws/src/install/isaac_tutorials/share/isaac_tutorials/local_setup.zsh
-- Up-to-date: /home/robotdeveloper02/IsaacSim-ros_workspaces-main/humble_ws/src/install/isaac_tutorials/share/isaac_tutorials/local_setup.dsv
-- Installing: /home/robotdeveloper02/IsaacSim-ros_workspaces-main/humble_ws/src/install/isaac_tutorials/share/isaac_tutorials/package.dsv
-- Up-to-date: /home/robotdeveloper02/IsaacSim-ros_workspaces-main/humble_ws/src/install/isaac_tutorials/share/ament_index/resource_index/packages/isaac_tutorials
-- Up-to-date: /home/robotdeveloper02/IsaacSim-ros_workspaces-main/humble_ws/src/install/isaac_tutorials/share/isaac_tutorials/cmake/isaac_tutorialsConfig.cmake
-- Up-to-date: /home/robotdeveloper02/IsaacSim-ros_workspaces-main/humble_ws/src/install/isaac_tutorials/share/isaac_tutorials/cmake/isaac_tutorialsConfig-version.cmake
-- Up-to-date: /home/robotdeveloper02/IsaacSim-ros_workspaces-main/humble_ws/src/install/isaac_tutorials/share/isaac_tutorials/package.xml
