[0.022s] Invoking command in '/home/robotdeveloper02/IsaacSim-ros_workspaces-main/humble_ws/build/custom_message': CMAKE_PREFIX_PATH=/opt/ros/humble /usr/bin/cmake --build /home/robotdeveloper02/IsaacSim-ros_workspaces-main/humble_ws/build/custom_message -- -j16 -l16
[0.392s] -- Found ament_cmake: 1.3.10 (/opt/ros/humble/share/ament_cmake/cmake)
[0.392s] -- Override CMake install command with custom implementation using symlinks instead of copying resources
[0.392s] -- Found std_msgs: 4.2.4 (/opt/ros/humble/share/std_msgs/cmake)
[0.392s] -- Found rosidl_generator_c: 3.1.5 (/opt/ros/humble/share/rosidl_generator_c/cmake)
[0.392s] -- Found rosidl_adapter: 3.1.5 (/opt/ros/humble/share/rosidl_adapter/cmake)
[0.392s] -- Found rosidl_generator_cpp: 3.1.5 (/opt/ros/humble/share/rosidl_generator_cpp/cmake)
[0.392s] -- Using all available rosidl_typesupport_c: rosidl_typesupport_fastrtps_c;rosidl_typesupport_introspection_c
[0.392s] -- Using all available rosidl_typesupport_cpp: rosidl_typesupport_fastrtps_cpp;rosidl_typesupport_introspection_cpp
[0.392s] -- Found rosidl_default_generators: 1.2.0 (/opt/ros/humble/share/rosidl_default_generators/cmake)
[0.392s] -- Found geometry_msgs: 4.2.4 (/opt/ros/humble/share/geometry_msgs/cmake)
[0.392s] -- Found ament_cmake_ros: 0.10.0 (/opt/ros/humble/share/ament_cmake_ros/cmake)
[0.675s] -- Using all available rosidl_typesupport_c: rosidl_typesupport_fastrtps_c;rosidl_typesupport_introspection_c
[0.789s] -- Using all available rosidl_typesupport_cpp: rosidl_typesupport_fastrtps_cpp;rosidl_typesupport_introspection_cpp
[0.805s] -- Found python_cmake_module: 0.10.0 (/opt/ros/humble/share/python_cmake_module/cmake)
[0.820s] -- Using PYTHON_EXECUTABLE: /usr/bin/python3
[0.821s] -- Using PYTHON_INCLUDE_DIRS: /usr/include/python3.10
[0.821s] -- Using PYTHON_LIBRARIES: /usr/lib/x86_64-linux-gnu/libpython3.10.so
[0.849s] -- Found ament_lint_auto: 0.12.11 (/opt/ros/humble/share/ament_lint_auto/cmake)
[0.856s] -- Added test 'copyright' to check source files copyright and LICENSE
[0.857s] -- Added test 'lint_cmake' to check CMake code style
[0.857s] -- Added test 'xmllint' to check XML markup files
[0.859s] -- Configuring done
[0.889s] -- Generating done
[0.891s] -- Build files have been written to: /home/robotdeveloper02/IsaacSim-ros_workspaces-main/humble_ws/build/custom_message
[0.915s] [  1%] [34m[1mGenerating C code for ROS interfaces[0m
[0.924s] [  3%] [34m[1mGenerating C++ code for ROS interfaces[0m
[0.932s] [  3%] Built target ament_cmake_python_symlink_custom_message
[1.112s] running egg_info
[1.113s] writing custom_message.egg-info/PKG-INFO
[1.113s] writing dependency_links to custom_message.egg-info/dependency_links.txt
[1.113s] writing top-level names to custom_message.egg-info/top_level.txt
[1.115s] reading manifest file 'custom_message.egg-info/SOURCES.txt'
[1.115s] writing manifest file 'custom_message.egg-info/SOURCES.txt'
[1.133s] [  3%] Built target ament_cmake_python_build_custom_message_egg
[1.198s] [  3%] Built target custom_message__cpp
[1.207s] [35m[1mConsolidate compiler generated dependencies of target custom_message__rosidl_generator_c[0m
[1.207s] [  5%] [34m[1mGenerating C++ type support dispatch for ROS interfaces[0m
[1.207s] [  7%] [34m[1mGenerating C++ type support for eProsima Fast-RTPS[0m
[1.207s] [  9%] [34m[1mGenerating C++ introspection for ROS interfaces[0m
[1.218s] [ 14%] [32mBuilding C object CMakeFiles/custom_message__rosidl_generator_c.dir/rosidl_generator_c/custom_message/msg/detail/position__functions.c.o[0m
[1.219s] [ 14%] [32mBuilding C object CMakeFiles/custom_message__rosidl_generator_c.dir/rosidl_generator_c/custom_message/msg/detail/sample_msg__functions.c.o[0m
[1.219s] [ 14%] [32mBuilding C object CMakeFiles/custom_message__rosidl_generator_c.dir/rosidl_generator_c/custom_message/msg/detail/imu_msg__functions.c.o[0m
[1.219s] [ 16%] [32mBuilding C object CMakeFiles/custom_message__rosidl_generator_c.dir/rosidl_generator_c/custom_message/msg/detail/pose_stamped__functions.c.o[0m
[1.270s] [ 18%] [32m[1mLinking C shared library libcustom_message__rosidl_generator_c.so[0m
[1.298s] [ 18%] Built target custom_message__rosidl_generator_c
[1.307s] [ 21%] [34m[1mGenerating C type support for eProsima Fast-RTPS[0m
[1.307s] [ 21%] [34m[1mGenerating C type support dispatch for ROS interfaces[0m
[1.307s] [ 23%] [34m[1mGenerating C introspection for ROS interfaces[0m
[1.396s] [35m[1mConsolidate compiler generated dependencies of target custom_message__rosidl_typesupport_cpp[0m
[1.410s] [ 30%] [32mBuilding CXX object CMakeFiles/custom_message__rosidl_typesupport_cpp.dir/rosidl_typesupport_cpp/custom_message/msg/sample_msg__type_support.cpp.o[0m
[1.410s] [ 30%] [32mBuilding CXX object CMakeFiles/custom_message__rosidl_typesupport_cpp.dir/rosidl_typesupport_cpp/custom_message/msg/pose_stamped__type_support.cpp.o[0m
[1.410s] [ 30%] [32mBuilding CXX object CMakeFiles/custom_message__rosidl_typesupport_cpp.dir/rosidl_typesupport_cpp/custom_message/msg/position__type_support.cpp.o[0m
[1.410s] [ 30%] [32mBuilding CXX object CMakeFiles/custom_message__rosidl_typesupport_cpp.dir/rosidl_typesupport_cpp/custom_message/msg/imu_msg__type_support.cpp.o[0m
[1.425s] [35m[1mConsolidate compiler generated dependencies of target custom_message__rosidl_typesupport_introspection_cpp[0m
[1.440s] [ 32%] [32mBuilding CXX object CMakeFiles/custom_message__rosidl_typesupport_introspection_cpp.dir/rosidl_typesupport_introspection_cpp/custom_message/msg/detail/pose_stamped__type_support.cpp.o[0m
[1.440s] [ 34%] [32mBuilding CXX object CMakeFiles/custom_message__rosidl_typesupport_introspection_cpp.dir/rosidl_typesupport_introspection_cpp/custom_message/msg/detail/position__type_support.cpp.o[0m
[1.440s] [ 38%] [32mBuilding CXX object CMakeFiles/custom_message__rosidl_typesupport_introspection_cpp.dir/rosidl_typesupport_introspection_cpp/custom_message/msg/detail/sample_msg__type_support.cpp.o[0m
[1.440s] [ 38%] [32mBuilding CXX object CMakeFiles/custom_message__rosidl_typesupport_introspection_cpp.dir/rosidl_typesupport_introspection_cpp/custom_message/msg/detail/imu_msg__type_support.cpp.o[0m
[1.472s] [35m[1mConsolidate compiler generated dependencies of target custom_message__rosidl_typesupport_fastrtps_cpp[0m
[1.495s] [ 40%] [32mBuilding CXX object CMakeFiles/custom_message__rosidl_typesupport_fastrtps_cpp.dir/rosidl_typesupport_fastrtps_cpp/custom_message/msg/detail/dds_fastrtps/sample_msg__type_support.cpp.o[0m
[1.495s] [ 41%] [32mBuilding CXX object CMakeFiles/custom_message__rosidl_typesupport_fastrtps_cpp.dir/rosidl_typesupport_fastrtps_cpp/custom_message/msg/detail/dds_fastrtps/pose_stamped__type_support.cpp.o[0m
[1.501s] [ 43%] [32mBuilding CXX object CMakeFiles/custom_message__rosidl_typesupport_fastrtps_cpp.dir/rosidl_typesupport_fastrtps_cpp/custom_message/msg/detail/dds_fastrtps/position__type_support.cpp.o[0m
[1.501s] [ 45%] [32mBuilding CXX object CMakeFiles/custom_message__rosidl_typesupport_fastrtps_cpp.dir/rosidl_typesupport_fastrtps_cpp/custom_message/msg/detail/dds_fastrtps/imu_msg__type_support.cpp.o[0m
[1.571s] [35m[1mConsolidate compiler generated dependencies of target custom_message__rosidl_typesupport_c[0m
[1.594s] [ 47%] [32mBuilding CXX object CMakeFiles/custom_message__rosidl_typesupport_c.dir/rosidl_typesupport_c/custom_message/msg/sample_msg__type_support.cpp.o[0m
[1.599s] [ 49%] [32mBuilding CXX object CMakeFiles/custom_message__rosidl_typesupport_c.dir/rosidl_typesupport_c/custom_message/msg/pose_stamped__type_support.cpp.o[0m
[1.649s] [ 50%] [32mBuilding CXX object CMakeFiles/custom_message__rosidl_typesupport_c.dir/rosidl_typesupport_c/custom_message/msg/imu_msg__type_support.cpp.o[0m
[1.687s] [ 52%] [32mBuilding CXX object CMakeFiles/custom_message__rosidl_typesupport_c.dir/rosidl_typesupport_c/custom_message/msg/position__type_support.cpp.o[0m
[1.698s] [35m[1mConsolidate compiler generated dependencies of target custom_message__rosidl_typesupport_introspection_c[0m
[1.699s] [35m[1mConsolidate compiler generated dependencies of target custom_message__rosidl_typesupport_fastrtps_c[0m
[1.712s] [ 54%] [32m[1mLinking CXX shared library libcustom_message__rosidl_typesupport_cpp.so[0m
[1.722s] [ 56%] [32mBuilding C object CMakeFiles/custom_message__rosidl_typesupport_introspection_c.dir/rosidl_typesupport_introspection_c/custom_message/msg/detail/sample_msg__type_support.c.o[0m
[1.724s] [ 58%] [32mBuilding C object CMakeFiles/custom_message__rosidl_typesupport_introspection_c.dir/rosidl_typesupport_introspection_c/custom_message/msg/detail/imu_msg__type_support.c.o[0m
[1.727s] [ 60%] [32mBuilding C object CMakeFiles/custom_message__rosidl_typesupport_introspection_c.dir/rosidl_typesupport_introspection_c/custom_message/msg/detail/pose_stamped__type_support.c.o[0m
[1.733s] [ 61%] [32mBuilding C object CMakeFiles/custom_message__rosidl_typesupport_introspection_c.dir/rosidl_typesupport_introspection_c/custom_message/msg/detail/position__type_support.c.o[0m
[1.740s] [ 65%] [32mBuilding CXX object CMakeFiles/custom_message__rosidl_typesupport_fastrtps_c.dir/rosidl_typesupport_fastrtps_c/custom_message/msg/detail/sample_msg__type_support_c.cpp.o[0m
[1.741s] [ 65%] [32mBuilding CXX object CMakeFiles/custom_message__rosidl_typesupport_fastrtps_c.dir/rosidl_typesupport_fastrtps_c/custom_message/msg/detail/pose_stamped__type_support_c.cpp.o[0m
[1.748s] [ 67%] [32m[1mLinking CXX shared library libcustom_message__rosidl_typesupport_c.so[0m
[1.789s] [ 69%] [32mBuilding CXX object CMakeFiles/custom_message__rosidl_typesupport_fastrtps_c.dir/rosidl_typesupport_fastrtps_c/custom_message/msg/detail/imu_msg__type_support_c.cpp.o[0m
[1.794s] [ 70%] [32mBuilding CXX object CMakeFiles/custom_message__rosidl_typesupport_fastrtps_c.dir/rosidl_typesupport_fastrtps_c/custom_message/msg/detail/position__type_support_c.cpp.o[0m
[1.801s] [ 72%] [32m[1mLinking C shared library libcustom_message__rosidl_typesupport_introspection_c.so[0m
[1.808s] [ 72%] Built target custom_message__rosidl_typesupport_cpp
[1.812s] [ 72%] Built target custom_message__rosidl_typesupport_c
[1.842s] [ 72%] Built target custom_message__rosidl_typesupport_introspection_c
[1.861s] [ 74%] [32m[1mLinking CXX shared library libcustom_message__rosidl_typesupport_introspection_cpp.so[0m
[1.895s] [ 76%] [32m[1mLinking CXX shared library libcustom_message__rosidl_typesupport_fastrtps_cpp.so[0m
[1.914s] [ 76%] Built target custom_message__rosidl_typesupport_introspection_cpp
[1.955s] [ 76%] Built target custom_message__rosidl_typesupport_fastrtps_cpp
[2.033s] [ 78%] [32m[1mLinking CXX shared library libcustom_message__rosidl_typesupport_fastrtps_c.so[0m
[2.081s] [ 78%] Built target custom_message__rosidl_typesupport_fastrtps_c
[2.095s] [ 78%] Built target custom_message
[2.110s] [ 80%] [34m[1mGenerating Python code for ROS interfaces[0m
[2.445s] [ 80%] Built target custom_message__py
[2.452s] [35m[1mConsolidate compiler generated dependencies of target custom_message__rosidl_generator_py[0m
[2.463s] [ 85%] [32mBuilding C object CMakeFiles/custom_message__rosidl_generator_py.dir/rosidl_generator_py/custom_message/msg/_sample_msg_s.c.o[0m
[2.463s] [ 85%] [32mBuilding C object CMakeFiles/custom_message__rosidl_generator_py.dir/rosidl_generator_py/custom_message/msg/_pose_stamped_s.c.o[0m
[2.463s] [ 85%] [32mBuilding C object CMakeFiles/custom_message__rosidl_generator_py.dir/rosidl_generator_py/custom_message/msg/_imu_msg_s.c.o[0m
[2.463s] [ 87%] [32mBuilding C object CMakeFiles/custom_message__rosidl_generator_py.dir/rosidl_generator_py/custom_message/msg/_position_s.c.o[0m
[2.560s] [ 89%] [32m[1mLinking C shared library rosidl_generator_py/custom_message/libcustom_message__rosidl_generator_py.so[0m
[2.590s] [ 89%] Built target custom_message__rosidl_generator_py
[2.598s] [35m[1mConsolidate compiler generated dependencies of target custom_message__rosidl_typesupport_introspection_c__pyext[0m
[2.598s] [35m[1mConsolidate compiler generated dependencies of target custom_message__rosidl_typesupport_fastrtps_c__pyext[0m
[2.598s] [35m[1mConsolidate compiler generated dependencies of target custom_message__rosidl_typesupport_c__pyext[0m
[2.608s] [ 94%] [32mBuilding C object CMakeFiles/custom_message__rosidl_typesupport_c__pyext.dir/rosidl_generator_py/custom_message/_custom_message_s.ep.rosidl_typesupport_c.c.o[0m
[2.608s] [ 94%] [32mBuilding C object CMakeFiles/custom_message__rosidl_typesupport_introspection_c__pyext.dir/rosidl_generator_py/custom_message/_custom_message_s.ep.rosidl_typesupport_introspection_c.c.o[0m
[2.608s] [ 94%] [32mBuilding C object CMakeFiles/custom_message__rosidl_typesupport_fastrtps_c__pyext.dir/rosidl_generator_py/custom_message/_custom_message_s.ep.rosidl_typesupport_fastrtps_c.c.o[0m
[2.685s] [100%] [32m[1mLinking C shared library rosidl_generator_py/custom_message/custom_message_s__rosidl_typesupport_introspection_c.cpython-310-x86_64-linux-gnu.so[0m
[2.685s] [100%] [32m[1mLinking C shared library rosidl_generator_py/custom_message/custom_message_s__rosidl_typesupport_fastrtps_c.cpython-310-x86_64-linux-gnu.so[0m
[2.685s] [100%] [32m[1mLinking C shared library rosidl_generator_py/custom_message/custom_message_s__rosidl_typesupport_c.cpython-310-x86_64-linux-gnu.so[0m
[2.716s] [100%] Built target custom_message__rosidl_typesupport_c__pyext
[2.716s] [100%] Built target custom_message__rosidl_typesupport_fastrtps_c__pyext
[2.717s] [100%] Built target custom_message__rosidl_typesupport_introspection_c__pyext
[2.725s] Invoked command in '/home/robotdeveloper02/IsaacSim-ros_workspaces-main/humble_ws/build/custom_message' returned '0': CMAKE_PREFIX_PATH=/opt/ros/humble /usr/bin/cmake --build /home/robotdeveloper02/IsaacSim-ros_workspaces-main/humble_ws/build/custom_message -- -j16 -l16
[2.826s] Invoking command in '/home/robotdeveloper02/IsaacSim-ros_workspaces-main/humble_ws/build/custom_message': CMAKE_PREFIX_PATH=/opt/ros/humble /usr/bin/cmake --install /home/robotdeveloper02/IsaacSim-ros_workspaces-main/humble_ws/build/custom_message
[2.831s] -- Install configuration: ""
[2.832s] -- Execute custom install script
[2.832s] -- Up-to-date symlink: /home/robotdeveloper02/IsaacSim-ros_workspaces-main/humble_ws/install/custom_message/share/ament_index/resource_index/rosidl_interfaces/custom_message
[2.832s] -- Up-to-date symlink: /home/robotdeveloper02/IsaacSim-ros_workspaces-main/humble_ws/install/custom_message/include/custom_message/custom_message/msg/PoseStamped.h
[2.832s] -- Up-to-date symlink: /home/robotdeveloper02/IsaacSim-ros_workspaces-main/humble_ws/install/custom_message/include/custom_message/custom_message/msg/detail/PoseStamped__functions.h
[2.832s] -- Up-to-date symlink: /home/robotdeveloper02/IsaacSim-ros_workspaces-main/humble_ws/install/custom_message/include/custom_message/custom_message/msg/detail/PoseStamped__struct.h
[2.832s] -- Up-to-date symlink: /home/robotdeveloper02/IsaacSim-ros_workspaces-main/humble_ws/install/custom_message/include/custom_message/custom_message/msg/detail/PoseStamped__type_support.h
[2.832s] -- Up-to-date symlink: /home/robotdeveloper02/IsaacSim-ros_workspaces-main/humble_ws/install/custom_message/include/custom_message/custom_message/msg/detail/imu_msg__functions.h
[2.833s] -- Up-to-date symlink: /home/robotdeveloper02/IsaacSim-ros_workspaces-main/humble_ws/install/custom_message/include/custom_message/custom_message/msg/detail/imu_msg__struct.h
[2.833s] -- Up-to-date symlink: /home/robotdeveloper02/IsaacSim-ros_workspaces-main/humble_ws/install/custom_message/include/custom_message/custom_message/msg/detail/imu_msg__type_support.h
[2.833s] -- Up-to-date symlink: /home/robotdeveloper02/IsaacSim-ros_workspaces-main/humble_ws/install/custom_message/include/custom_message/custom_message/msg/detail/pose_stamped__functions.h
[2.833s] -- Up-to-date symlink: /home/robotdeveloper02/IsaacSim-ros_workspaces-main/humble_ws/install/custom_message/include/custom_message/custom_message/msg/detail/pose_stamped__struct.h
[2.833s] -- Up-to-date symlink: /home/robotdeveloper02/IsaacSim-ros_workspaces-main/humble_ws/install/custom_message/include/custom_message/custom_message/msg/detail/pose_stamped__type_support.h
[2.833s] -- Symlinking: /home/robotdeveloper02/IsaacSim-ros_workspaces-main/humble_ws/install/custom_message/include/custom_message/custom_message/msg/detail/position__functions.h
[2.839s] -- Symlinking: /home/robotdeveloper02/IsaacSim-ros_workspaces-main/humble_ws/install/custom_message/include/custom_message/custom_message/msg/detail/position__struct.h
[2.845s] -- Symlinking: /home/robotdeveloper02/IsaacSim-ros_workspaces-main/humble_ws/install/custom_message/include/custom_message/custom_message/msg/detail/position__type_support.h
[2.851s] -- Up-to-date symlink: /home/robotdeveloper02/IsaacSim-ros_workspaces-main/humble_ws/install/custom_message/include/custom_message/custom_message/msg/detail/sample_msg__functions.h
[2.851s] -- Up-to-date symlink: /home/robotdeveloper02/IsaacSim-ros_workspaces-main/humble_ws/install/custom_message/include/custom_message/custom_message/msg/detail/sample_msg__struct.h
[2.851s] -- Up-to-date symlink: /home/robotdeveloper02/IsaacSim-ros_workspaces-main/humble_ws/install/custom_message/include/custom_message/custom_message/msg/detail/sample_msg__type_support.h
[2.851s] -- Up-to-date symlink: /home/robotdeveloper02/IsaacSim-ros_workspaces-main/humble_ws/install/custom_message/include/custom_message/custom_message/msg/imu_msg.h
[2.851s] -- Up-to-date symlink: /home/robotdeveloper02/IsaacSim-ros_workspaces-main/humble_ws/install/custom_message/include/custom_message/custom_message/msg/pose_stamped.h
[2.851s] -- Symlinking: /home/robotdeveloper02/IsaacSim-ros_workspaces-main/humble_ws/install/custom_message/include/custom_message/custom_message/msg/position.h
[2.857s] -- Up-to-date symlink: /home/robotdeveloper02/IsaacSim-ros_workspaces-main/humble_ws/install/custom_message/include/custom_message/custom_message/msg/rosidl_generator_c__visibility_control.h
[2.857s] -- Up-to-date symlink: /home/robotdeveloper02/IsaacSim-ros_workspaces-main/humble_ws/install/custom_message/include/custom_message/custom_message/msg/sample_msg.h
[2.858s] -- Up-to-date symlink: /home/robotdeveloper02/IsaacSim-ros_workspaces-main/humble_ws/install/custom_message/share/custom_message/environment/library_path.sh
[2.858s] -- Up-to-date symlink: /home/robotdeveloper02/IsaacSim-ros_workspaces-main/humble_ws/install/custom_message/share/custom_message/environment/library_path.dsv
[2.858s] -- Up-to-date symlink: /home/robotdeveloper02/IsaacSim-ros_workspaces-main/humble_ws/install/custom_message/include/custom_message/custom_message/msg/detail/imu_msg__rosidl_typesupport_fastrtps_c.h
[2.858s] -- Up-to-date symlink: /home/robotdeveloper02/IsaacSim-ros_workspaces-main/humble_ws/install/custom_message/include/custom_message/custom_message/msg/detail/pose_stamped__rosidl_typesupport_fastrtps_c.h
[2.858s] -- Symlinking: /home/robotdeveloper02/IsaacSim-ros_workspaces-main/humble_ws/install/custom_message/include/custom_message/custom_message/msg/detail/position__rosidl_typesupport_fastrtps_c.h
[2.864s] -- Up-to-date symlink: /home/robotdeveloper02/IsaacSim-ros_workspaces-main/humble_ws/install/custom_message/include/custom_message/custom_message/msg/detail/sample_msg__rosidl_typesupport_fastrtps_c.h
[2.864s] -- Up-to-date symlink: /home/robotdeveloper02/IsaacSim-ros_workspaces-main/humble_ws/install/custom_message/include/custom_message/custom_message/msg/rosidl_typesupport_fastrtps_c__visibility_control.h
[2.865s] -- Up-to-date symlink: /home/robotdeveloper02/IsaacSim-ros_workspaces-main/humble_ws/install/custom_message/include/custom_message/custom_message/msg/detail/imu_msg__builder.hpp
[2.865s] -- Up-to-date symlink: /home/robotdeveloper02/IsaacSim-ros_workspaces-main/humble_ws/install/custom_message/include/custom_message/custom_message/msg/detail/imu_msg__struct.hpp
[2.865s] -- Up-to-date symlink: /home/robotdeveloper02/IsaacSim-ros_workspaces-main/humble_ws/install/custom_message/include/custom_message/custom_message/msg/detail/imu_msg__traits.hpp
[2.865s] -- Up-to-date symlink: /home/robotdeveloper02/IsaacSim-ros_workspaces-main/humble_ws/install/custom_message/include/custom_message/custom_message/msg/detail/pose_stamped__builder.hpp
[2.865s] -- Up-to-date symlink: /home/robotdeveloper02/IsaacSim-ros_workspaces-main/humble_ws/install/custom_message/include/custom_message/custom_message/msg/detail/pose_stamped__struct.hpp
[2.865s] -- Up-to-date symlink: /home/robotdeveloper02/IsaacSim-ros_workspaces-main/humble_ws/install/custom_message/include/custom_message/custom_message/msg/detail/pose_stamped__traits.hpp
[2.865s] -- Symlinking: /home/robotdeveloper02/IsaacSim-ros_workspaces-main/humble_ws/install/custom_message/include/custom_message/custom_message/msg/detail/position__builder.hpp
[2.871s] -- Symlinking: /home/robotdeveloper02/IsaacSim-ros_workspaces-main/humble_ws/install/custom_message/include/custom_message/custom_message/msg/detail/position__struct.hpp
[2.876s] -- Symlinking: /home/robotdeveloper02/IsaacSim-ros_workspaces-main/humble_ws/install/custom_message/include/custom_message/custom_message/msg/detail/position__traits.hpp
[2.883s] -- Up-to-date symlink: /home/robotdeveloper02/IsaacSim-ros_workspaces-main/humble_ws/install/custom_message/include/custom_message/custom_message/msg/detail/sample_msg__builder.hpp
[2.883s] -- Up-to-date symlink: /home/robotdeveloper02/IsaacSim-ros_workspaces-main/humble_ws/install/custom_message/include/custom_message/custom_message/msg/detail/sample_msg__struct.hpp
[2.883s] -- Up-to-date symlink: /home/robotdeveloper02/IsaacSim-ros_workspaces-main/humble_ws/install/custom_message/include/custom_message/custom_message/msg/detail/sample_msg__traits.hpp
[2.883s] -- Up-to-date symlink: /home/robotdeveloper02/IsaacSim-ros_workspaces-main/humble_ws/install/custom_message/include/custom_message/custom_message/msg/imu_msg.hpp
[2.883s] -- Up-to-date symlink: /home/robotdeveloper02/IsaacSim-ros_workspaces-main/humble_ws/install/custom_message/include/custom_message/custom_message/msg/pose_stamped.hpp
[2.883s] -- Symlinking: /home/robotdeveloper02/IsaacSim-ros_workspaces-main/humble_ws/install/custom_message/include/custom_message/custom_message/msg/position.hpp
[2.889s] -- Up-to-date symlink: /home/robotdeveloper02/IsaacSim-ros_workspaces-main/humble_ws/install/custom_message/include/custom_message/custom_message/msg/sample_msg.hpp
[2.889s] -- Up-to-date symlink: /home/robotdeveloper02/IsaacSim-ros_workspaces-main/humble_ws/install/custom_message/include/custom_message/custom_message/msg/detail/PoseStamped__rosidl_typesupport_fastrtps_cpp.hpp
[2.889s] -- Up-to-date symlink: /home/robotdeveloper02/IsaacSim-ros_workspaces-main/humble_ws/install/custom_message/include/custom_message/custom_message/msg/detail/imu_msg__rosidl_typesupport_fastrtps_cpp.hpp
[2.889s] -- Up-to-date symlink: /home/robotdeveloper02/IsaacSim-ros_workspaces-main/humble_ws/install/custom_message/include/custom_message/custom_message/msg/detail/pose_stamped__rosidl_typesupport_fastrtps_cpp.hpp
[2.889s] -- Symlinking: /home/robotdeveloper02/IsaacSim-ros_workspaces-main/humble_ws/install/custom_message/include/custom_message/custom_message/msg/detail/position__rosidl_typesupport_fastrtps_cpp.hpp
[2.895s] -- Up-to-date symlink: /home/robotdeveloper02/IsaacSim-ros_workspaces-main/humble_ws/install/custom_message/include/custom_message/custom_message/msg/detail/sample_msg__rosidl_typesupport_fastrtps_cpp.hpp
[2.895s] -- Up-to-date symlink: /home/robotdeveloper02/IsaacSim-ros_workspaces-main/humble_ws/install/custom_message/include/custom_message/custom_message/msg/rosidl_typesupport_fastrtps_cpp__visibility_control.h
[2.895s] -- Up-to-date symlink: /home/robotdeveloper02/IsaacSim-ros_workspaces-main/humble_ws/install/custom_message/include/custom_message/custom_message/msg/detail/imu_msg__rosidl_typesupport_introspection_c.h
[2.896s] -- Up-to-date symlink: /home/robotdeveloper02/IsaacSim-ros_workspaces-main/humble_ws/install/custom_message/include/custom_message/custom_message/msg/detail/pose_stamped__rosidl_typesupport_introspection_c.h
[2.896s] -- Symlinking: /home/robotdeveloper02/IsaacSim-ros_workspaces-main/humble_ws/install/custom_message/include/custom_message/custom_message/msg/detail/position__rosidl_typesupport_introspection_c.h
[2.902s] -- Up-to-date symlink: /home/robotdeveloper02/IsaacSim-ros_workspaces-main/humble_ws/install/custom_message/include/custom_message/custom_message/msg/detail/sample_msg__rosidl_typesupport_introspection_c.h
[2.902s] -- Up-to-date symlink: /home/robotdeveloper02/IsaacSim-ros_workspaces-main/humble_ws/install/custom_message/include/custom_message/custom_message/msg/rosidl_typesupport_introspection_c__visibility_control.h
[2.902s] -- Up-to-date symlink: /home/robotdeveloper02/IsaacSim-ros_workspaces-main/humble_ws/install/custom_message/include/custom_message/custom_message/msg/detail/imu_msg__rosidl_typesupport_introspection_cpp.hpp
[2.902s] -- Up-to-date symlink: /home/robotdeveloper02/IsaacSim-ros_workspaces-main/humble_ws/install/custom_message/include/custom_message/custom_message/msg/detail/pose_stamped__rosidl_typesupport_introspection_cpp.hpp
[2.902s] -- Symlinking: /home/robotdeveloper02/IsaacSim-ros_workspaces-main/humble_ws/install/custom_message/include/custom_message/custom_message/msg/detail/position__rosidl_typesupport_introspection_cpp.hpp
[2.909s] -- Up-to-date symlink: /home/robotdeveloper02/IsaacSim-ros_workspaces-main/humble_ws/install/custom_message/include/custom_message/custom_message/msg/detail/sample_msg__rosidl_typesupport_introspection_cpp.hpp
[2.909s] -- Up-to-date symlink: /home/robotdeveloper02/IsaacSim-ros_workspaces-main/humble_ws/install/custom_message/share/custom_message/environment/pythonpath.sh
[2.909s] -- Up-to-date symlink: /home/robotdeveloper02/IsaacSim-ros_workspaces-main/humble_ws/install/custom_message/share/custom_message/environment/pythonpath.dsv
[2.909s] -- Up-to-date symlink: /home/robotdeveloper02/IsaacSim-ros_workspaces-main/humble_ws/install/custom_message/local/lib/python3.10/dist-packages/custom_message-0.0.0-py3.10.egg-info/PKG-INFO
[2.909s] -- Up-to-date symlink: /home/robotdeveloper02/IsaacSim-ros_workspaces-main/humble_ws/install/custom_message/local/lib/python3.10/dist-packages/custom_message-0.0.0-py3.10.egg-info/SOURCES.txt
[2.909s] -- Up-to-date symlink: /home/robotdeveloper02/IsaacSim-ros_workspaces-main/humble_ws/install/custom_message/local/lib/python3.10/dist-packages/custom_message-0.0.0-py3.10.egg-info/dependency_links.txt
[2.909s] -- Up-to-date symlink: /home/robotdeveloper02/IsaacSim-ros_workspaces-main/humble_ws/install/custom_message/local/lib/python3.10/dist-packages/custom_message-0.0.0-py3.10.egg-info/top_level.txt
[2.909s] -- Up-to-date symlink: /home/robotdeveloper02/IsaacSim-ros_workspaces-main/humble_ws/install/custom_message/local/lib/python3.10/dist-packages/custom_message/__init__.py
[2.909s] -- Up-to-date symlink: /home/robotdeveloper02/IsaacSim-ros_workspaces-main/humble_ws/install/custom_message/local/lib/python3.10/dist-packages/custom_message/_custom_message_s.ep.rosidl_typesupport_c.c
[2.910s] -- Up-to-date symlink: /home/robotdeveloper02/IsaacSim-ros_workspaces-main/humble_ws/install/custom_message/local/lib/python3.10/dist-packages/custom_message/_custom_message_s.ep.rosidl_typesupport_fastrtps_c.c
[2.910s] -- Up-to-date symlink: /home/robotdeveloper02/IsaacSim-ros_workspaces-main/humble_ws/install/custom_message/local/lib/python3.10/dist-packages/custom_message/_custom_message_s.ep.rosidl_typesupport_introspection_c.c
[2.910s] -- Up-to-date symlink: /home/robotdeveloper02/IsaacSim-ros_workspaces-main/humble_ws/install/custom_message/local/lib/python3.10/dist-packages/custom_message/custom_message_s__rosidl_typesupport_c.cpython-310-x86_64-linux-gnu.so
[2.910s] -- Up-to-date symlink: /home/robotdeveloper02/IsaacSim-ros_workspaces-main/humble_ws/install/custom_message/local/lib/python3.10/dist-packages/custom_message/custom_message_s__rosidl_typesupport_fastrtps_c.cpython-310-x86_64-linux-gnu.so
[2.910s] -- Up-to-date symlink: /home/robotdeveloper02/IsaacSim-ros_workspaces-main/humble_ws/install/custom_message/local/lib/python3.10/dist-packages/custom_message/custom_message_s__rosidl_typesupport_introspection_c.cpython-310-x86_64-linux-gnu.so
[2.910s] -- Up-to-date symlink: /home/robotdeveloper02/IsaacSim-ros_workspaces-main/humble_ws/install/custom_message/local/lib/python3.10/dist-packages/custom_message/libcustom_message__rosidl_generator_py.so
[2.910s] -- Up-to-date symlink: /home/robotdeveloper02/IsaacSim-ros_workspaces-main/humble_ws/install/custom_message/local/lib/python3.10/dist-packages/custom_message/msg/__init__.py
[2.910s] -- Up-to-date symlink: /home/robotdeveloper02/IsaacSim-ros_workspaces-main/humble_ws/install/custom_message/local/lib/python3.10/dist-packages/custom_message/msg/_imu_msg.py
[2.910s] -- Up-to-date symlink: /home/robotdeveloper02/IsaacSim-ros_workspaces-main/humble_ws/install/custom_message/local/lib/python3.10/dist-packages/custom_message/msg/_imu_msg_s.c
[2.910s] -- Up-to-date symlink: /home/robotdeveloper02/IsaacSim-ros_workspaces-main/humble_ws/install/custom_message/local/lib/python3.10/dist-packages/custom_message/msg/_pose_stamped.py
[2.910s] -- Up-to-date symlink: /home/robotdeveloper02/IsaacSim-ros_workspaces-main/humble_ws/install/custom_message/local/lib/python3.10/dist-packages/custom_message/msg/_pose_stamped_s.c
[2.910s] -- Symlinking: /home/robotdeveloper02/IsaacSim-ros_workspaces-main/humble_ws/install/custom_message/local/lib/python3.10/dist-packages/custom_message/msg/_position.py
[2.916s] -- Symlinking: /home/robotdeveloper02/IsaacSim-ros_workspaces-main/humble_ws/install/custom_message/local/lib/python3.10/dist-packages/custom_message/msg/_position_s.c
[2.922s] -- Up-to-date symlink: /home/robotdeveloper02/IsaacSim-ros_workspaces-main/humble_ws/install/custom_message/local/lib/python3.10/dist-packages/custom_message/msg/_sample_msg.py
[2.923s] -- Up-to-date symlink: /home/robotdeveloper02/IsaacSim-ros_workspaces-main/humble_ws/install/custom_message/local/lib/python3.10/dist-packages/custom_message/msg/_sample_msg_s.c
[2.923s] -- Up-to-date symlink: /home/robotdeveloper02/IsaacSim-ros_workspaces-main/humble_ws/install/custom_message/local/lib/python3.10/dist-packages/custom_message/custom_message_s__rosidl_typesupport_fastrtps_c.cpython-310-x86_64-linux-gnu.so
[2.923s] -- Up-to-date symlink: /home/robotdeveloper02/IsaacSim-ros_workspaces-main/humble_ws/install/custom_message/local/lib/python3.10/dist-packages/custom_message/custom_message_s__rosidl_typesupport_introspection_c.cpython-310-x86_64-linux-gnu.so
[2.923s] -- Up-to-date symlink: /home/robotdeveloper02/IsaacSim-ros_workspaces-main/humble_ws/install/custom_message/local/lib/python3.10/dist-packages/custom_message/custom_message_s__rosidl_typesupport_c.cpython-310-x86_64-linux-gnu.so
[2.923s] -- Up-to-date symlink: /home/robotdeveloper02/IsaacSim-ros_workspaces-main/humble_ws/install/custom_message/share/custom_message/msg/SampleMsg.idl
[2.923s] -- Up-to-date symlink: /home/robotdeveloper02/IsaacSim-ros_workspaces-main/humble_ws/install/custom_message/share/custom_message/msg/PoseStamped.idl
[2.923s] -- Up-to-date symlink: /home/robotdeveloper02/IsaacSim-ros_workspaces-main/humble_ws/install/custom_message/share/custom_message/msg/ImuMsg.idl
[2.923s] -- Symlinking: /home/robotdeveloper02/IsaacSim-ros_workspaces-main/humble_ws/install/custom_message/share/custom_message/msg/Position.idl
[2.929s] -- Up-to-date symlink: /home/robotdeveloper02/IsaacSim-ros_workspaces-main/humble_ws/install/custom_message/share/custom_message/msg/SampleMsg.msg
[2.929s] -- Up-to-date symlink: /home/robotdeveloper02/IsaacSim-ros_workspaces-main/humble_ws/install/custom_message/share/custom_message/msg/PoseStamped.msg
[2.930s] -- Up-to-date symlink: /home/robotdeveloper02/IsaacSim-ros_workspaces-main/humble_ws/install/custom_message/share/custom_message/msg/ImuMsg.msg
[2.930s] -- Symlinking: /home/robotdeveloper02/IsaacSim-ros_workspaces-main/humble_ws/install/custom_message/share/custom_message/msg/Position.msg
[2.936s] -- Up-to-date symlink: /home/robotdeveloper02/IsaacSim-ros_workspaces-main/humble_ws/install/custom_message/share/ament_index/resource_index/package_run_dependencies/custom_message
[2.936s] -- Up-to-date symlink: /home/robotdeveloper02/IsaacSim-ros_workspaces-main/humble_ws/install/custom_message/share/ament_index/resource_index/parent_prefix_path/custom_message
[2.936s] -- Up-to-date symlink: /home/robotdeveloper02/IsaacSim-ros_workspaces-main/humble_ws/install/custom_message/share/custom_message/environment/ament_prefix_path.sh
[2.936s] -- Up-to-date symlink: /home/robotdeveloper02/IsaacSim-ros_workspaces-main/humble_ws/install/custom_message/share/custom_message/environment/ament_prefix_path.dsv
[2.936s] -- Up-to-date symlink: /home/robotdeveloper02/IsaacSim-ros_workspaces-main/humble_ws/install/custom_message/share/custom_message/environment/path.sh
[2.936s] -- Up-to-date symlink: /home/robotdeveloper02/IsaacSim-ros_workspaces-main/humble_ws/install/custom_message/share/custom_message/environment/path.dsv
[2.936s] -- Up-to-date symlink: /home/robotdeveloper02/IsaacSim-ros_workspaces-main/humble_ws/install/custom_message/share/custom_message/local_setup.bash
[2.937s] -- Up-to-date symlink: /home/robotdeveloper02/IsaacSim-ros_workspaces-main/humble_ws/install/custom_message/share/custom_message/local_setup.sh
[2.937s] -- Up-to-date symlink: /home/robotdeveloper02/IsaacSim-ros_workspaces-main/humble_ws/install/custom_message/share/custom_message/local_setup.zsh
[2.937s] -- Up-to-date symlink: /home/robotdeveloper02/IsaacSim-ros_workspaces-main/humble_ws/install/custom_message/share/custom_message/local_setup.dsv
[2.937s] -- Symlinking: /home/robotdeveloper02/IsaacSim-ros_workspaces-main/humble_ws/install/custom_message/share/custom_message/package.dsv
[2.943s] -- Up-to-date symlink: /home/robotdeveloper02/IsaacSim-ros_workspaces-main/humble_ws/install/custom_message/share/ament_index/resource_index/packages/custom_message
[2.943s] -- Up-to-date symlink: /home/robotdeveloper02/IsaacSim-ros_workspaces-main/humble_ws/install/custom_message/share/custom_message/cmake/rosidl_cmake-extras.cmake
[2.943s] -- Up-to-date symlink: /home/robotdeveloper02/IsaacSim-ros_workspaces-main/humble_ws/install/custom_message/share/custom_message/cmake/ament_cmake_export_dependencies-extras.cmake
[2.943s] -- Up-to-date symlink: /home/robotdeveloper02/IsaacSim-ros_workspaces-main/humble_ws/install/custom_message/share/custom_message/cmake/ament_cmake_export_include_directories-extras.cmake
[2.943s] -- Up-to-date symlink: /home/robotdeveloper02/IsaacSim-ros_workspaces-main/humble_ws/install/custom_message/share/custom_message/cmake/ament_cmake_export_libraries-extras.cmake
[2.943s] -- Up-to-date symlink: /home/robotdeveloper02/IsaacSim-ros_workspaces-main/humble_ws/install/custom_message/share/custom_message/cmake/ament_cmake_export_targets-extras.cmake
[2.944s] -- Up-to-date symlink: /home/robotdeveloper02/IsaacSim-ros_workspaces-main/humble_ws/install/custom_message/share/custom_message/cmake/rosidl_cmake_export_typesupport_targets-extras.cmake
[2.944s] -- Up-to-date symlink: /home/robotdeveloper02/IsaacSim-ros_workspaces-main/humble_ws/install/custom_message/share/custom_message/cmake/rosidl_cmake_export_typesupport_libraries-extras.cmake
[2.944s] -- Up-to-date symlink: /home/robotdeveloper02/IsaacSim-ros_workspaces-main/humble_ws/install/custom_message/share/custom_message/cmake/custom_messageConfig.cmake
[2.944s] -- Up-to-date symlink: /home/robotdeveloper02/IsaacSim-ros_workspaces-main/humble_ws/install/custom_message/share/custom_message/cmake/custom_messageConfig-version.cmake
[2.944s] -- Up-to-date symlink: /home/robotdeveloper02/IsaacSim-ros_workspaces-main/humble_ws/install/custom_message/share/custom_message/package.xml
[2.944s] -- Installing: /home/robotdeveloper02/IsaacSim-ros_workspaces-main/humble_ws/install/custom_message/lib/libcustom_message__rosidl_generator_c.so
[2.944s] -- Set runtime path of "/home/robotdeveloper02/IsaacSim-ros_workspaces-main/humble_ws/install/custom_message/lib/libcustom_message__rosidl_generator_c.so" to ""
[2.944s] -- Installing: /home/robotdeveloper02/IsaacSim-ros_workspaces-main/humble_ws/install/custom_message/lib/libcustom_message__rosidl_typesupport_fastrtps_c.so
[2.944s] -- Set runtime path of "/home/robotdeveloper02/IsaacSim-ros_workspaces-main/humble_ws/install/custom_message/lib/libcustom_message__rosidl_typesupport_fastrtps_c.so" to ""
[2.944s] -- Installing: /home/robotdeveloper02/IsaacSim-ros_workspaces-main/humble_ws/install/custom_message/lib/libcustom_message__rosidl_typesupport_fastrtps_cpp.so
[2.945s] -- Set runtime path of "/home/robotdeveloper02/IsaacSim-ros_workspaces-main/humble_ws/install/custom_message/lib/libcustom_message__rosidl_typesupport_fastrtps_cpp.so" to ""
[2.945s] -- Installing: /home/robotdeveloper02/IsaacSim-ros_workspaces-main/humble_ws/install/custom_message/lib/libcustom_message__rosidl_typesupport_introspection_c.so
[2.945s] -- Set runtime path of "/home/robotdeveloper02/IsaacSim-ros_workspaces-main/humble_ws/install/custom_message/lib/libcustom_message__rosidl_typesupport_introspection_c.so" to ""
[2.945s] -- Installing: /home/robotdeveloper02/IsaacSim-ros_workspaces-main/humble_ws/install/custom_message/lib/libcustom_message__rosidl_typesupport_c.so
[2.945s] -- Set runtime path of "/home/robotdeveloper02/IsaacSim-ros_workspaces-main/humble_ws/install/custom_message/lib/libcustom_message__rosidl_typesupport_c.so" to ""
[2.945s] -- Installing: /home/robotdeveloper02/IsaacSim-ros_workspaces-main/humble_ws/install/custom_message/lib/libcustom_message__rosidl_typesupport_introspection_cpp.so
[2.945s] -- Set runtime path of "/home/robotdeveloper02/IsaacSim-ros_workspaces-main/humble_ws/install/custom_message/lib/libcustom_message__rosidl_typesupport_introspection_cpp.so" to ""
[2.945s] -- Installing: /home/robotdeveloper02/IsaacSim-ros_workspaces-main/humble_ws/install/custom_message/lib/libcustom_message__rosidl_typesupport_cpp.so
[2.946s] -- Set runtime path of "/home/robotdeveloper02/IsaacSim-ros_workspaces-main/humble_ws/install/custom_message/lib/libcustom_message__rosidl_typesupport_cpp.so" to ""
[2.968s] Listing '/home/robotdeveloper02/IsaacSim-ros_workspaces-main/humble_ws/install/custom_message/local/lib/python3.10/dist-packages/custom_message'...
[2.968s] Compiling '/home/robotdeveloper02/IsaacSim-ros_workspaces-main/humble_ws/install/custom_message/local/lib/python3.10/dist-packages/custom_message/__init__.py'...
[2.968s] Listing '/home/robotdeveloper02/IsaacSim-ros_workspaces-main/humble_ws/install/custom_message/local/lib/python3.10/dist-packages/custom_message/msg'...
[2.968s] Compiling '/home/robotdeveloper02/IsaacSim-ros_workspaces-main/humble_ws/install/custom_message/local/lib/python3.10/dist-packages/custom_message/msg/__init__.py'...
[2.968s] Compiling '/home/robotdeveloper02/IsaacSim-ros_workspaces-main/humble_ws/install/custom_message/local/lib/python3.10/dist-packages/custom_message/msg/_imu_msg.py'...
[2.968s] Compiling '/home/robotdeveloper02/IsaacSim-ros_workspaces-main/humble_ws/install/custom_message/local/lib/python3.10/dist-packages/custom_message/msg/_pose_stamped.py'...
[2.968s] Compiling '/home/robotdeveloper02/IsaacSim-ros_workspaces-main/humble_ws/install/custom_message/local/lib/python3.10/dist-packages/custom_message/msg/_position.py'...
[2.969s] Compiling '/home/robotdeveloper02/IsaacSim-ros_workspaces-main/humble_ws/install/custom_message/local/lib/python3.10/dist-packages/custom_message/msg/_sample_msg.py'...
[2.971s] -- Installing: /home/robotdeveloper02/IsaacSim-ros_workspaces-main/humble_ws/install/custom_message/lib/libcustom_message__rosidl_generator_py.so
[2.971s] -- Set runtime path of "/home/robotdeveloper02/IsaacSim-ros_workspaces-main/humble_ws/install/custom_message/lib/libcustom_message__rosidl_generator_py.so" to ""
[2.972s] -- Up-to-date: /home/robotdeveloper02/IsaacSim-ros_workspaces-main/humble_ws/install/custom_message/share/custom_message/cmake/export_custom_message__rosidl_generator_cExport.cmake
[2.972s] -- Up-to-date: /home/robotdeveloper02/IsaacSim-ros_workspaces-main/humble_ws/install/custom_message/share/custom_message/cmake/export_custom_message__rosidl_generator_cExport-noconfig.cmake
[2.972s] -- Up-to-date: /home/robotdeveloper02/IsaacSim-ros_workspaces-main/humble_ws/install/custom_message/share/custom_message/cmake/export_custom_message__rosidl_typesupport_fastrtps_cExport.cmake
[2.972s] -- Up-to-date: /home/robotdeveloper02/IsaacSim-ros_workspaces-main/humble_ws/install/custom_message/share/custom_message/cmake/export_custom_message__rosidl_typesupport_fastrtps_cExport-noconfig.cmake
[2.972s] -- Up-to-date: /home/robotdeveloper02/IsaacSim-ros_workspaces-main/humble_ws/install/custom_message/share/custom_message/cmake/export_custom_message__rosidl_generator_cppExport.cmake
[2.972s] -- Up-to-date: /home/robotdeveloper02/IsaacSim-ros_workspaces-main/humble_ws/install/custom_message/share/custom_message/cmake/export_custom_message__rosidl_typesupport_fastrtps_cppExport.cmake
[2.972s] -- Up-to-date: /home/robotdeveloper02/IsaacSim-ros_workspaces-main/humble_ws/install/custom_message/share/custom_message/cmake/export_custom_message__rosidl_typesupport_fastrtps_cppExport-noconfig.cmake
[2.972s] -- Up-to-date: /home/robotdeveloper02/IsaacSim-ros_workspaces-main/humble_ws/install/custom_message/share/custom_message/cmake/custom_message__rosidl_typesupport_introspection_cExport.cmake
[2.972s] -- Up-to-date: /home/robotdeveloper02/IsaacSim-ros_workspaces-main/humble_ws/install/custom_message/share/custom_message/cmake/custom_message__rosidl_typesupport_introspection_cExport-noconfig.cmake
[2.972s] -- Up-to-date: /home/robotdeveloper02/IsaacSim-ros_workspaces-main/humble_ws/install/custom_message/share/custom_message/cmake/custom_message__rosidl_typesupport_cExport.cmake
[2.972s] -- Up-to-date: /home/robotdeveloper02/IsaacSim-ros_workspaces-main/humble_ws/install/custom_message/share/custom_message/cmake/custom_message__rosidl_typesupport_cExport-noconfig.cmake
[2.972s] -- Up-to-date: /home/robotdeveloper02/IsaacSim-ros_workspaces-main/humble_ws/install/custom_message/share/custom_message/cmake/custom_message__rosidl_typesupport_introspection_cppExport.cmake
[2.972s] -- Up-to-date: /home/robotdeveloper02/IsaacSim-ros_workspaces-main/humble_ws/install/custom_message/share/custom_message/cmake/custom_message__rosidl_typesupport_introspection_cppExport-noconfig.cmake
[2.972s] -- Up-to-date: /home/robotdeveloper02/IsaacSim-ros_workspaces-main/humble_ws/install/custom_message/share/custom_message/cmake/custom_message__rosidl_typesupport_cppExport.cmake
[2.972s] -- Up-to-date: /home/robotdeveloper02/IsaacSim-ros_workspaces-main/humble_ws/install/custom_message/share/custom_message/cmake/custom_message__rosidl_typesupport_cppExport-noconfig.cmake
[2.972s] -- Up-to-date: /home/robotdeveloper02/IsaacSim-ros_workspaces-main/humble_ws/install/custom_message/share/custom_message/cmake/export_custom_message__rosidl_generator_pyExport.cmake
[2.972s] -- Up-to-date: /home/robotdeveloper02/IsaacSim-ros_workspaces-main/humble_ws/install/custom_message/share/custom_message/cmake/export_custom_message__rosidl_generator_pyExport-noconfig.cmake
[2.974s] Invoked command in '/home/robotdeveloper02/IsaacSim-ros_workspaces-main/humble_ws/build/custom_message' returned '0': CMAKE_PREFIX_PATH=/opt/ros/humble /usr/bin/cmake --install /home/robotdeveloper02/IsaacSim-ros_workspaces-main/humble_ws/build/custom_message
